18:12:36.762 [main                     ] DEBUG Logger               - Configured Logger
18:12:36.781 [main                     ] DEBUG GameApplication      - Logging settings
Title: Untitled
Version: 0.0
Width: 1066
Height: 600
Fullscreen: false
Intro: false
Profiling: false
Single step:false
App Mode: DEBUG
Menu Key: ESCAPE
Stage Style: DECORATED
Scene Factory: class com.almasb.fxgl.app.scene.SceneFactory

18:12:37.165 [JavaFX Application Thread] DEBUG FXGLApplication      - Initializing FXGL
18:12:37.171 [JavaFX Application Thread] INFO  Engine               - FXGL-17.1 (24.03.2022 17.34) on WINDOWS (J:19.0.1 FX:18)
18:12:37.171 [JavaFX Application Thread] DEBUG Engine               - JRE Vendor Name: Oracle Corporation
18:12:37.171 [JavaFX Application Thread] DEBUG Engine               - Running on OS: Windows 10 version 10.0
18:12:37.171 [JavaFX Application Thread] DEBUG Engine               - Architecture: amd64
18:12:37.171 [JavaFX Application Thread] INFO  Engine               - Source code and latest versions at: https://github.com/AlmasB/FXGL
18:12:37.172 [JavaFX Application Thread] INFO  Engine               -       Ask questions and discuss at: https://github.com/AlmasB/FXGL/discussions
18:12:37.172 [JavaFX Application Thread] INFO  Engine               -              Join the FXGL chat at: https://gitter.im/AlmasB/FXGL
18:12:37.290 [JavaFX Application Thread] DEBUG PrimaryStageWindow   - Creating a JavaFX scene
18:12:37.336 [JavaFX Application Thread] DEBUG PrimaryStageWindow   - Target settings size: 1066.0 x 600.0
18:12:37.336 [JavaFX Application Thread] DEBUG PrimaryStageWindow   - Scaled scene size:    1066.0 x 600.0
18:12:37.336 [JavaFX Application Thread] DEBUG PrimaryStageWindow   - Scaled ratio: (1.0, 1.0)
18:12:37.337 [JavaFX Application Thread] DEBUG PrimaryStageWindow   - Set initial scene to FXGLStartupScene
18:12:37.343 [JavaFX Application Thread] DEBUG PrimaryStageWindow   - Opening main window
18:12:37.459 [JavaFX Application Thread] DEBUG PrimaryStageWindow   - Window border size: (14.800048828125, 37.5999755859375)
18:12:37.460 [JavaFX Application Thread] DEBUG PrimaryStageWindow   - Scaled size: 1066.0 x 600.0
18:12:37.460 [JavaFX Application Thread] DEBUG PrimaryStageWindow   - Scaled ratio: (1.0, 1.0)
18:12:37.461 [JavaFX Application Thread] DEBUG PrimaryStageWindow   - Scene size: 1066.0 x 600.0
18:12:37.461 [JavaFX Application Thread] DEBUG PrimaryStageWindow   - Stage size: 1080.800048828125 x 637.5999755859375
18:12:37.471 [FXGL Background Thread 1 ] DEBUG Engine               - Initializing environment variables
18:12:37.523 [FXGL Background Thread 1 ] DEBUG FXGLAssetLoaderServi - User app class for loading assets: class org.platformer.MiniGameApp
18:12:37.524 [FXGL Background Thread 1 ] DEBUG GameApplicationServi - Applying CSS: fxgl_dark.css
18:12:37.524 [FXGL Background Thread 1 ] DEBUG FXGLAssetLoaderServi - Loading from file system: jar:file:///C:/Users/sande/.m2/repository/com/github/almasb/fxgl/17.1/fxgl-17.1.jar!/fxglassets/ui/css/fxgl_dark.css
18:12:37.568 [FXGL Background Thread 1 ] DEBUG GameApplicationServi - Initializing application scenes
18:12:37.606 [FXGL Background Thread 1 ] DEBUG GameWorld            - Game world initialized
18:12:37.678 [FXGL Background Thread 1 ] DEBUG PhysicsWorld         - Physics world initialized: appHeight=600, physics.ppm=50.0
18:12:37.678 [FXGL Background Thread 1 ] DEBUG PhysicsWorld         - Using strategy: BRUTE_FORCE
18:12:37.686 [FXGL Background Thread 1 ] DEBUG GameScene            - Game scene initialized: 1066x600
18:12:37.699 [FXGL Background Thread 1 ] DEBUG FXGL.DefaultMenu     - createMenuBodyGameMenu()
18:12:37.714 [FXGL Background Thread 1 ] DEBUG FXGL.DefaultMenu     - createOptionsMenu()
18:12:37.727 [FXGL Background Thread 1 ] DEBUG FXGLAssetLoaderServi - Loading from file system: jar:file:///C:/Users/sande/.m2/repository/com/github/almasb/fxgl/17.1/fxgl-17.1.jar!/fxglassets/textures/particles/smoke.png
18:12:37.827 [FXGL Background Thread 1 ] DEBUG FXGLAssetLoaderServi - Loading from file system: jar:file:///C:/Users/sande/.m2/repository/com/github/almasb/fxgl/17.1/fxgl-17.1.jar!/fxglassets/textures/particles/trace_horizontal.png
18:12:37.863 [FXGL Background Thread 1 ] DEBUG GameApplicationServi - Application scenes initialized
18:12:37.875 [FXGL Background Thread 1 ] DEBUG SystemBundleService  - Loading FXGL system data
18:12:37.881 [FXGL Background Thread 1 ] DEBUG FileSystemAccess     - Reading from: C:\Users\sande\IdeaProjects\Java Advanced\ShortburstProject\Short_platformer_game\system\fxgl.bundle
18:12:37.892 [FXGL Background Thread 1 ] DEBUG SystemBundleService  - Bundle FXGL: {}
18:12:37.892 [FXGL Background Thread 1 ] DEBUG UpdaterService       - Checking for updates
18:12:37.899 [FXGL Background Thread 1 ] DEBUG FXGLApplication      - Loading default localization
18:12:37.899 [FXGL Background Thread 4 ] DEBUG FXGLApplication      - Loading fonts
18:12:37.900 [FXGL Background Thread 1 ] DEBUG FXGLAssetLoaderServi - Loading from file system: jar:file:///C:/Users/sande/.m2/repository/com/github/almasb/fxgl/17.1/fxgl-17.1.jar!/fxglassets/languages/english.lang
18:12:37.901 [FXGL Background Thread 4 ] DEBUG FXGLAssetLoaderServi - Loading from file system: jar:file:///C:/Users/sande/.m2/repository/com/github/almasb/fxgl/17.1/fxgl-17.1.jar!/fxglassets/ui/fonts/VarelaRound-Regular.ttf
18:12:37.929 [FXGL Background Thread 1 ] INFO  FXGLApplication      - FXGL initialization took: 0.458 sec
18:12:37.944 [JavaFX Application Thread] DEBUG Input                - Registered new binding: Hello - F
18:12:37.945 [JavaFX Application Thread] DEBUG Input                - Registered new binding: Hello2 - G
18:12:37.945 [JavaFX Application Thread] DEBUG Input                - Registered new binding: Hello3 - H
18:12:37.946 [JavaFX Application Thread] DEBUG FXGLAssetLoaderServi - Loading from file system: jar:file:///C:/Users/sande/.m2/repository/com/github/almasb/fxgl/17.1/fxgl-17.1.jar!/fxglassets/textures/fxgl_icon.png
18:12:37.971 [JavaFX Application Thread] DEBUG FXGLAssetLoaderServi - Loading from file system: jar:file:///C:/Users/sande/.m2/repository/com/github/almasb/fxgl/17.1/fxgl-17.1.jar!/fxglassets/textures/fxgl_default_cursor.png
18:12:37.973 [JavaFX Application Thread] DEBUG Input                - Registered new binding: Screenshot - CTRL+8
18:12:37.974 [JavaFX Application Thread] DEBUG Input                - Registered new binding: System info dump - CTRL+9
18:12:37.974 [JavaFX Application Thread] DEBUG Input                - Registered new binding: Restart - CTRL+R
18:12:37.975 [JavaFX Application Thread] DEBUG Input                - Registered new binding: Toggle Debug Camera - CTRL+7
18:12:37.978 [JavaFX Application Thread] DEBUG LoopRunner           - Starting loop
18:12:37.978 [JavaFX Application Thread] DEBUG LoopRunner           - Initializing JavaFX AnimationTimerLoop
18:12:37.979 [JavaFX Application Thread] DEBUG GameApplicationServi - Starting new game
18:12:37.980 [JavaFX Application Thread] DEBUG Input                - Clearing active input actions
18:12:37.991 [FXGL Background Thread 4 ] DEBUG FXGLAssetLoaderServi - Loading from file system: jar:file:///C:/Users/sande/.m2/repository/com/github/almasb/fxgl/17.1/fxgl-17.1.jar!/fxglassets/ui/fonts/Abel-Regular.ttf
18:12:37.993 [JavaFX Application Thread] DEBUG GameApplicationServi - Removing overlay from FXGLStartupScene and adding to FXGLLoadingScene
18:12:37.994 [JavaFX Application Thread] DEBUG PrimaryStageWindow   - FXGLStartupScene -> FXGLLoadingScene
18:12:37.994 [JavaFX Application Thread] DEBUG GameApplicationServi - Clearing previous game
18:12:37.994 [JavaFX Application Thread] DEBUG GameScene            - Clearing game scene
18:12:37.994 [JavaFX Application Thread] DEBUG GameWorld            - Clearing game world
18:12:37.994 [JavaFX Application Thread] DEBUG PhysicsWorld         - Clearing physics world
18:12:37.996 [FXGL Background Thread 1 ] DEBUG FXGLApplication      - Initializing game
18:12:38.004 [FXGL Background Thread 4 ] DEBUG FXGLAssetLoaderServi - Loading from file system: jar:file:///C:/Users/sande/.m2/repository/com/github/almasb/fxgl/17.1/fxgl-17.1.jar!/fxglassets/ui/fonts/TerminalLandMono-Regular.otf
18:12:38.005 [FXGL Background Thread 1 ] INFO  FXGLApplication      - Game initialization took: 0.010 sec
18:12:38.015 [FXGL Background Thread 4 ] DEBUG FXGLAssetLoaderServi - Loading from file system: jar:file:///C:/Users/sande/.m2/repository/com/github/almasb/fxgl/17.1/fxgl-17.1.jar!/fxglassets/ui/fonts/Courier-Prime.ttf
18:12:38.033 [JavaFX Application Thread] DEBUG Input                - Clearing active input actions
18:12:38.041 [JavaFX Application Thread] DEBUG GameApplicationServi - Removing overlay from FXGLLoadingScene and adding to GameScene
18:12:38.041 [JavaFX Application Thread] DEBUG PrimaryStageWindow   - FXGLLoadingScene -> GameScene
18:12:38.042 [JavaFX Application Thread] DEBUG FXGLApplication      - Registering font factories with UI factory
18:12:38.664 [FXGL Background Thread 2 ] INFO  UpdaterService       - Your current version:  17.1
18:12:38.665 [FXGL Background Thread 2 ] INFO  UpdaterService       - Latest stable version: 17.2
18:12:40.737 [JavaFX Application Thread] DEBUG FXGLApplication      - Exiting FXGL
18:12:40.737 [JavaFX Application Thread] DEBUG LoopRunner           - Stopping loop
18:12:40.738 [JavaFX Application Thread] DEBUG SystemBundleService  - Saving FXGL system data
18:12:40.742 [JavaFX Application Thread] DEBUG FileSystemAccess     - Writing to: C:\Users\sande\IdeaProjects\Java Advanced\ShortburstProject\Short_platformer_game\system\fxgl.bundle
18:12:40.748 [JavaFX Application Thread] DEBUG Async                - Shutting down background threads
18:12:40.749 [JavaFX Application Thread] DEBUG PrimaryStageWindow   - Closing main window
18:12:40.791 [JavaFX Application Thread] DEBUG Logger               - Closing Logger
