17:42:36.006 [main                     ] DEBUG Logger               - Configured Logger
17:42:36.032 [main                     ] DEBUG GameApplication      - Logging settings
Title: Basic Game App
Version: 0.0
Width: 800
Height: 608
Fullscreen: false
Intro: false
Profiling: false
Single step:false
App Mode: DEVELOPER
Menu Key: ESCAPE
Stage Style: DECORATED
Scene Factory: class com.almasb.fxgl.app.scene.SceneFactory

17:42:36.379 [JavaFX Application Thread] DEBUG FXGLApplication      - Initializing FXGL
17:42:36.388 [JavaFX Application Thread] INFO  Engine               - FXGL-17.1 (24.03.2022 17.34) on WINDOWS (J:19.0.1 FX:18)
17:42:36.389 [JavaFX Application Thread] DEBUG Engine               - JRE Vendor Name: Oracle Corporation
17:42:36.389 [JavaFX Application Thread] DEBUG Engine               - Running on OS: Windows 10 version 10.0
17:42:36.390 [JavaFX Application Thread] DEBUG Engine               - Architecture: amd64
17:42:36.390 [JavaFX Application Thread] INFO  Engine               - Source code and latest versions at: https://github.com/AlmasB/FXGL
17:42:36.390 [JavaFX Application Thread] INFO  Engine               -       Ask questions and discuss at: https://github.com/AlmasB/FXGL/discussions
17:42:36.390 [JavaFX Application Thread] INFO  Engine               -              Join the FXGL chat at: https://gitter.im/AlmasB/FXGL
17:42:36.487 [JavaFX Application Thread] DEBUG PrimaryStageWindow   - Creating a JavaFX scene
17:42:36.564 [JavaFX Application Thread] DEBUG PrimaryStageWindow   - Target settings size: 800.0 x 608.0
17:42:36.565 [JavaFX Application Thread] DEBUG PrimaryStageWindow   - Scaled scene size:    800.0 x 608.0
17:42:36.565 [JavaFX Application Thread] DEBUG PrimaryStageWindow   - Scaled ratio: (1.0, 1.0)
17:42:36.566 [JavaFX Application Thread] DEBUG PrimaryStageWindow   - Set initial scene to FXGLStartupScene
17:42:36.575 [JavaFX Application Thread] DEBUG PrimaryStageWindow   - Opening main window
17:42:36.683 [JavaFX Application Thread] DEBUG PrimaryStageWindow   - Window border size: (14.4000244140625, 37.5999755859375)
17:42:36.684 [JavaFX Application Thread] DEBUG PrimaryStageWindow   - Scaled size: 800.0 x 608.0
17:42:36.684 [JavaFX Application Thread] DEBUG PrimaryStageWindow   - Scaled ratio: (1.0, 1.0)
17:42:36.684 [JavaFX Application Thread] DEBUG PrimaryStageWindow   - Scene size: 800.0 x 608.0
17:42:36.685 [JavaFX Application Thread] DEBUG PrimaryStageWindow   - Stage size: 814.4000244140625 x 645.5999755859375
17:42:36.695 [FXGL Background Thread 1 ] DEBUG Engine               - Initializing environment variables
17:42:36.775 [FXGL Background Thread 1 ] DEBUG FXGLAssetLoaderServi - User app class for loading assets: class org.platformer.PlatformerApp
17:42:36.775 [FXGL Background Thread 1 ] DEBUG GameApplicationServi - Applying CSS: fxgl_dark.css
17:42:36.776 [FXGL Background Thread 1 ] DEBUG FXGLAssetLoaderServi - Loading from file system: jar:file:///C:/Users/sande/.m2/repository/com/github/almasb/fxgl/17.1/fxgl-17.1.jar!/fxglassets/ui/css/fxgl_dark.css
17:42:36.817 [FXGL Background Thread 1 ] DEBUG GameApplicationServi - Initializing application scenes
17:42:36.851 [FXGL Background Thread 1 ] DEBUG GameWorld            - Game world initialized
17:42:36.922 [FXGL Background Thread 1 ] DEBUG PhysicsWorld         - Physics world initialized: appHeight=608, physics.ppm=50.0
17:42:36.922 [FXGL Background Thread 1 ] DEBUG PhysicsWorld         - Using strategy: BRUTE_FORCE
17:42:36.927 [FXGL Background Thread 1 ] DEBUG GameScene            - Game scene initialized: 800x608
17:42:36.937 [FXGL Background Thread 1 ] DEBUG FXGL.DefaultMenu     - createMenuBodyGameMenu()
17:42:36.948 [FXGL Background Thread 1 ] DEBUG FXGL.DefaultMenu     - createOptionsMenu()
17:42:36.960 [FXGL Background Thread 1 ] DEBUG FXGLAssetLoaderServi - Loading from file system: jar:file:///C:/Users/sande/.m2/repository/com/github/almasb/fxgl/17.1/fxgl-17.1.jar!/fxglassets/textures/particles/smoke.png
17:42:37.064 [FXGL Background Thread 1 ] DEBUG FXGLAssetLoaderServi - Loading from file system: jar:file:///C:/Users/sande/.m2/repository/com/github/almasb/fxgl/17.1/fxgl-17.1.jar!/fxglassets/textures/particles/trace_horizontal.png
17:42:37.101 [FXGL Background Thread 1 ] DEBUG GameApplicationServi - Application scenes initialized
17:42:37.114 [FXGL Background Thread 1 ] DEBUG SystemBundleService  - Loading FXGL system data
17:42:37.120 [FXGL Background Thread 1 ] DEBUG FileSystemAccess     - Reading from: C:\Users\sande\IdeaProjects\Java Advanced\ShortburstProject\Short_platformer_game\system\fxgl.bundle
17:42:37.131 [FXGL Background Thread 1 ] DEBUG SystemBundleService  - Bundle FXGL: {}
17:42:37.131 [FXGL Background Thread 1 ] DEBUG UpdaterService       - Checking for updates
17:42:37.136 [FXGL Background Thread 4 ] DEBUG FXGLApplication      - Loading fonts
17:42:37.137 [FXGL Background Thread 1 ] DEBUG FXGLApplication      - Loading default localization
17:42:37.137 [FXGL Background Thread 4 ] DEBUG FXGLAssetLoaderServi - Loading from file system: jar:file:///C:/Users/sande/.m2/repository/com/github/almasb/fxgl/17.1/fxgl-17.1.jar!/fxglassets/ui/fonts/VarelaRound-Regular.ttf
17:42:37.137 [FXGL Background Thread 1 ] DEBUG FXGLAssetLoaderServi - Loading from file system: jar:file:///C:/Users/sande/.m2/repository/com/github/almasb/fxgl/17.1/fxgl-17.1.jar!/fxglassets/languages/english.lang
17:42:37.158 [FXGL Background Thread 1 ] INFO  FXGLApplication      - FXGL initialization took: 0.463 sec
17:42:37.159 [JavaFX Application Thread] DEBUG FXGLAssetLoaderServi - Loading from file system: jar:file:///C:/Users/sande/.m2/repository/com/github/almasb/fxgl/17.1/fxgl-17.1.jar!/fxglassets/textures/fxgl_icon.png
17:42:37.179 [JavaFX Application Thread] DEBUG FXGLAssetLoaderServi - Loading from file system: jar:file:///C:/Users/sande/.m2/repository/com/github/almasb/fxgl/17.1/fxgl-17.1.jar!/fxglassets/textures/fxgl_default_cursor.png
17:42:37.190 [JavaFX Application Thread] DEBUG Input                - Registered new binding: Screenshot - CTRL+8
17:42:37.191 [JavaFX Application Thread] DEBUG Input                - Registered new binding: System info dump - CTRL+9
17:42:37.191 [JavaFX Application Thread] DEBUG Input                - Registered new binding: Restart - CTRL+R
17:42:37.191 [JavaFX Application Thread] DEBUG Input                - Registered new binding: Toggle Debug Camera - CTRL+7
17:42:37.193 [JavaFX Application Thread] DEBUG LoopRunner           - Starting loop
17:42:37.194 [JavaFX Application Thread] DEBUG LoopRunner           - Initializing JavaFX AnimationTimerLoop
17:42:37.195 [JavaFX Application Thread] DEBUG GameApplicationServi - Starting new game
17:42:37.195 [JavaFX Application Thread] DEBUG Input                - Clearing active input actions
17:42:37.205 [JavaFX Application Thread] DEBUG GameApplicationServi - Removing overlay from FXGLStartupScene and adding to FXGLLoadingScene
17:42:37.206 [JavaFX Application Thread] DEBUG PrimaryStageWindow   - FXGLStartupScene -> FXGLLoadingScene
17:42:37.206 [JavaFX Application Thread] DEBUG GameApplicationServi - Clearing previous game
17:42:37.206 [JavaFX Application Thread] DEBUG GameScene            - Clearing game scene
17:42:37.206 [JavaFX Application Thread] DEBUG GameWorld            - Clearing game world
17:42:37.206 [JavaFX Application Thread] DEBUG PhysicsWorld         - Clearing physics world
17:42:37.207 [FXGL Background Thread 1 ] DEBUG FXGLApplication      - Initializing game
17:42:37.226 [FXGL Background Thread 4 ] DEBUG FXGLAssetLoaderServi - Loading from file system: jar:file:///C:/Users/sande/.m2/repository/com/github/almasb/fxgl/17.1/fxgl-17.1.jar!/fxglassets/ui/fonts/Abel-Regular.ttf
17:42:37.237 [FXGL Background Thread 4 ] DEBUG FXGLAssetLoaderServi - Loading from file system: jar:file:///C:/Users/sande/.m2/repository/com/github/almasb/fxgl/17.1/fxgl-17.1.jar!/fxglassets/ui/fonts/TerminalLandMono-Regular.otf
17:42:37.242 [FXGL Background Thread 1 ] WARN  TMXLevelLoader       - TiledMap generated from 1.0.1. Supported version: 1.4.2. Some features may not be parsed fully.
17:42:37.247 [FXGL Background Thread 4 ] DEBUG FXGLAssetLoaderServi - Loading from file system: jar:file:///C:/Users/sande/.m2/repository/com/github/almasb/fxgl/17.1/fxgl-17.1.jar!/fxglassets/ui/fonts/Courier-Prime.ttf
17:42:37.254 [FXGL Background Thread 1 ] DEBUG TMXLevelLoader       - Parsed TiledMap: file:/C:/Users/sande/IdeaProjects/Java%20Advanced/ShortburstProject/Short_platformer_game/target/classes/assets/levels/tmx/platformer.tmx
17:42:37.255 [FXGL Background Thread 1 ] DEBUG TMXLevelLoader       - Creating tile layer entities
17:42:37.257 [FXGL Background Thread 1 ] DEBUG TilesetLoader        - Loading view for layer Tile Layer 1
17:42:37.258 [FXGL Background Thread 1 ] DEBUG TilesetLoader        - Created buffer with size 800.0x608.0
17:42:37.281 [FXGL Background Thread 1 ] DEBUG TMXLevelLoader       - Creating object layer entities
17:42:37.443 [FXGL Background Thread 1 ] DEBUG GameWorld            - Clearing removable entities
17:42:37.444 [FXGL Background Thread 1 ] DEBUG GameWorld            - Setting level: com.almasb.fxgl.entity.level.Level@7c68006d
17:42:37.451 [FXGL Background Thread 1 ] DEBUG GameWorld            - Clearing removable entities
17:42:37.455 [FXGL Background Thread 1 ] DEBUG GameWorld            - Setting level: com.almasb.fxgl.entity.level.Level@7c68006d
17:42:37.456 [FXGL Background Thread 1 ] INFO  FXGLApplication      - Game initialization took: 0.249 sec
17:42:37.489 [JavaFX Application Thread] DEBUG FXGLApplication      - Registering font factories with UI factory
17:42:37.492 [JavaFX Application Thread] DEBUG Input                - Clearing active input actions
17:42:37.513 [JavaFX Application Thread] DEBUG GameApplicationServi - Removing overlay from FXGLLoadingScene and adding to GameScene
17:42:37.513 [JavaFX Application Thread] DEBUG PrimaryStageWindow   - FXGLLoadingScene -> GameScene
17:42:37.686 [FXGL Background Thread 2 ] INFO  UpdaterService       - Your current version:  17.1
17:42:37.686 [FXGL Background Thread 2 ] INFO  UpdaterService       - Latest stable version: 17.2
17:42:40.136 [FXGL Background Thread 3 ] DEBUG Engine               - Logging environment variables
17:42:40.137 [FXGL Background Thread 3 ] DEBUG Engine               - achievements: []
17:42:40.137 [FXGL Background Thread 3 ] DEBUG Engine               - actualHeight: 608.0
17:42:40.137 [FXGL Background Thread 3 ] DEBUG Engine               - actualHeightProperty: ReadOnlyDoubleProperty [value: 608.0]
17:42:40.137 [FXGL Background Thread 3 ] DEBUG Engine               - actualWidth: 800.0
17:42:40.138 [FXGL Background Thread 3 ] DEBUG Engine               - actualWidthProperty: ReadOnlyDoubleProperty [value: 800.0]
17:42:40.138 [FXGL Background Thread 3 ] DEBUG Engine               - appIcon: fxgl_icon.png
17:42:40.138 [FXGL Background Thread 3 ] DEBUG Engine               - applicationMode: DEVELOPER
17:42:40.138 [FXGL Background Thread 3 ] DEBUG Engine               - cSSList: [fxgl_dark.css]
17:42:40.138 [FXGL Background Thread 3 ] DEBUG Engine               - collisionDetectionStrategy: BRUTE_FORCE
17:42:40.139 [FXGL Background Thread 3 ] DEBUG Engine               - configClass: Optional.empty
17:42:40.139 [FXGL Background Thread 3 ] DEBUG Engine               - credits: []
17:42:40.140 [FXGL Background Thread 3 ] DEBUG Engine               - defaultCursor: CursorInfo(imageName=fxgl_default_cursor.png, hotspotX=7.0, hotspotY=6.0)
17:42:40.140 [FXGL Background Thread 3 ] DEBUG Engine               - devBBoxColorProperty: ObjectProperty [value: 0xff0000ff]
17:42:40.140 [FXGL Background Thread 3 ] DEBUG Engine               - devEnableDebugCameraProperty: BooleanProperty [value: false]
17:42:40.141 [FXGL Background Thread 3 ] DEBUG Engine               - devSensorColorProperty: ObjectProperty [value: 0xffff00ff]
17:42:40.141 [FXGL Background Thread 3 ] DEBUG Engine               - devShowBBoxProperty: BooleanProperty [value: false]
17:42:40.141 [FXGL Background Thread 3 ] DEBUG Engine               - devShowPositionProperty: BooleanProperty [value: false]
17:42:40.141 [FXGL Background Thread 3 ] DEBUG Engine               - enabledMenuItems: []
17:42:40.141 [FXGL Background Thread 3 ] DEBUG Engine               - engineServices: [class com.almasb.fxgl.app.services.FXGLAssetLoaderService, class com.almasb.fxgl.app.FXGLApplication$GameApplicationService, class com.almasb.fxgl.app.services.FXGLDialogService, class com.almasb.fxgl.app.services.IOTaskExecutorService, class com.almasb.fxgl.io.FileSystemService, class com.almasb.fxgl.localization.LocalizationService, class com.almasb.fxgl.app.services.SystemBundleService, class com.almasb.fxgl.profile.SaveLoadService, class com.almasb.fxgl.ui.FXGLUIFactoryServiceProvider, class com.almasb.fxgl.ui.FXGLDialogFactoryServiceProvider, class com.almasb.fxgl.audio.AudioPlayer, class com.almasb.fxgl.notification.impl.NotificationServiceProvider, class com.almasb.fxgl.achievement.AchievementService, class com.almasb.fxgl.cutscene.CutsceneService, class com.almasb.fxgl.minigames.MiniGameService, class com.almasb.fxgl.net.NetService, class com.almasb.fxgl.app.services.UpdaterService, class com.almasb.fxgl.dev.DevService]
17:42:40.141 [FXGL Background Thread 3 ] DEBUG Engine               - fontGame: Abel-Regular.ttf
17:42:40.141 [FXGL Background Thread 3 ] DEBUG Engine               - fontMono: TerminalLandMono-Regular.otf
17:42:40.142 [FXGL Background Thread 3 ] DEBUG Engine               - fontText: Courier-Prime.ttf
17:42:40.142 [FXGL Background Thread 3 ] DEBUG Engine               - fontUI: VarelaRound-Regular.ttf
17:42:40.142 [FXGL Background Thread 3 ] DEBUG Engine               - fullScreen: BooleanProperty [value: false]
17:42:40.142 [FXGL Background Thread 3 ] DEBUG Engine               - gameDifficulty: MEDIUM
17:42:40.142 [FXGL Background Thread 3 ] DEBUG Engine               - gameDifficultyProperty: ObjectProperty [value: MEDIUM]
17:42:40.142 [FXGL Background Thread 3 ] DEBUG Engine               - globalMusicVolume: 0.5
17:42:40.142 [FXGL Background Thread 3 ] DEBUG Engine               - globalMusicVolumeProperty: DoubleProperty [value: 0.5]
17:42:40.142 [FXGL Background Thread 3 ] DEBUG Engine               - globalSoundVolume: 0.5
17:42:40.143 [FXGL Background Thread 3 ] DEBUG Engine               - globalSoundVolumeProperty: DoubleProperty [value: 0.5]
17:42:40.143 [FXGL Background Thread 3 ] DEBUG Engine               - height: 608
17:42:40.143 [FXGL Background Thread 3 ] DEBUG Engine               - is3D: false
17:42:40.143 [FXGL Background Thread 3 ] DEBUG Engine               - isAndroid: false
17:42:40.143 [FXGL Background Thread 3 ] DEBUG Engine               - isBrowser: false
17:42:40.143 [FXGL Background Thread 3 ] DEBUG Engine               - isClickFeedbackEnabled: false
17:42:40.143 [FXGL Background Thread 3 ] DEBUG Engine               - isCloseConfirmation: false
17:42:40.143 [FXGL Background Thread 3 ] DEBUG Engine               - isDesktop: true
17:42:40.143 [FXGL Background Thread 3 ] DEBUG Engine               - isDeveloperMenuEnabled: false
17:42:40.144 [FXGL Background Thread 3 ] DEBUG Engine               - isEmbedded: false
17:42:40.144 [FXGL Background Thread 3 ] DEBUG Engine               - isEntityPreloadEnabled: true
17:42:40.144 [FXGL Background Thread 3 ] DEBUG Engine               - isExperimentalTiledLargeMap: false
17:42:40.144 [FXGL Background Thread 3 ] DEBUG Engine               - isFileSystemWriteAllowed: true
17:42:40.144 [FXGL Background Thread 3 ] DEBUG Engine               - isFullScreenAllowed: false
17:42:40.144 [FXGL Background Thread 3 ] DEBUG Engine               - isFullScreenFromStart: false
17:42:40.144 [FXGL Background Thread 3 ] DEBUG Engine               - isGameMenuEnabled: true
17:42:40.144 [FXGL Background Thread 3 ] DEBUG Engine               - isIOS: false
17:42:40.145 [FXGL Background Thread 3 ] DEBUG Engine               - isIntroEnabled: false
17:42:40.145 [FXGL Background Thread 3 ] DEBUG Engine               - isLinux: false
17:42:40.145 [FXGL Background Thread 3 ] DEBUG Engine               - isMac: false
17:42:40.145 [FXGL Background Thread 3 ] DEBUG Engine               - isMainMenuEnabled: false
17:42:40.145 [FXGL Background Thread 3 ] DEBUG Engine               - isManualResizeEnabled: false
17:42:40.145 [FXGL Background Thread 3 ] DEBUG Engine               - isMobile: false
17:42:40.145 [FXGL Background Thread 3 ] DEBUG Engine               - isNative: false
17:42:40.145 [FXGL Background Thread 3 ] DEBUG Engine               - isPauseMusicWhenMinimized: true
17:42:40.145 [FXGL Background Thread 3 ] DEBUG Engine               - isPreserveResizeRatio: false
17:42:40.146 [FXGL Background Thread 3 ] DEBUG Engine               - isProfilingEnabled: false
17:42:40.146 [FXGL Background Thread 3 ] DEBUG Engine               - isScaleAffectedOnResize: true
17:42:40.146 [FXGL Background Thread 3 ] DEBUG Engine               - isSingleStep: false
17:42:40.146 [FXGL Background Thread 3 ] DEBUG Engine               - isUserProfileEnabled: false
17:42:40.146 [FXGL Background Thread 3 ] DEBUG Engine               - isWindows: true
17:42:40.146 [FXGL Background Thread 3 ] DEBUG Engine               - language: ObjectProperty [value: ENGLISH]
17:42:40.146 [FXGL Background Thread 3 ] DEBUG Engine               - menuKey: ESCAPE
17:42:40.146 [FXGL Background Thread 3 ] DEBUG Engine               - mouseSensitivity: 0.2
17:42:40.146 [FXGL Background Thread 3 ] DEBUG Engine               - notificationViewClass: class com.almasb.fxgl.notification.view.XboxNotificationView
17:42:40.147 [FXGL Background Thread 3 ] DEBUG Engine               - pixelsPerMeter: 50.0
17:42:40.147 [FXGL Background Thread 3 ] DEBUG Engine               - platform: WINDOWS
17:42:40.147 [FXGL Background Thread 3 ] DEBUG Engine               - prefHeightProperty: ReadOnlyDoubleProperty [value: 608.0]
17:42:40.147 [FXGL Background Thread 3 ] DEBUG Engine               - prefWidthProperty: ReadOnlyDoubleProperty [value: 800.0]
17:42:40.147 [FXGL Background Thread 3 ] DEBUG Engine               - profileDir: profiles/
17:42:40.147 [FXGL Background Thread 3 ] DEBUG Engine               - profileName: StringProperty [value: DEFAULT]
17:42:40.147 [FXGL Background Thread 3 ] DEBUG Engine               - randomSeed: -1
17:42:40.148 [FXGL Background Thread 3 ] DEBUG Engine               - runtimeInfo: RuntimeInfo(platform=WINDOWS, version=17.1, build=24.03.2022 17.34)
17:42:40.148 [FXGL Background Thread 3 ] DEBUG Engine               - saveFileExt: sav
17:42:40.148 [FXGL Background Thread 3 ] DEBUG Engine               - scaledHeightProp$fxgl: DoubleProperty [bound, value: 608.0]
17:42:40.148 [FXGL Background Thread 3 ] DEBUG Engine               - scaledWidthProp$fxgl: DoubleProperty [bound, value: 800.0]
17:42:40.148 [FXGL Background Thread 3 ] DEBUG Engine               - sceneFactory: com.almasb.fxgl.app.scene.SceneFactory@291da622
17:42:40.148 [FXGL Background Thread 3 ] DEBUG Engine               - secondsIn24h: 60
17:42:40.150 [FXGL Background Thread 3 ] DEBUG Engine               - soundMenuBack: menu/back.wav
17:42:40.150 [FXGL Background Thread 3 ] DEBUG Engine               - soundMenuPress: menu/press.wav
17:42:40.150 [FXGL Background Thread 3 ] DEBUG Engine               - soundMenuSelect: menu/select.wav
17:42:40.150 [FXGL Background Thread 3 ] DEBUG Engine               - soundNotification: core/notification.wav
17:42:40.150 [FXGL Background Thread 3 ] DEBUG Engine               - stageStyle: DECORATED
17:42:40.150 [FXGL Background Thread 3 ] DEBUG Engine               - supportedLanguages: [ENGLISH, FRENCH, GERMAN, HUNGARIAN, RUSSIAN]
17:42:40.150 [FXGL Background Thread 3 ] DEBUG Engine               - ticksPerSecond: -1
17:42:40.150 [FXGL Background Thread 3 ] DEBUG Engine               - title: Basic Game App
17:42:40.150 [FXGL Background Thread 3 ] DEBUG Engine               - urlGithub: https://github.com/AlmasB/FXGL
17:42:40.150 [FXGL Background Thread 3 ] DEBUG Engine               - urlLeaderboard: http://fxgl-top.herokuapp.com/
17:42:40.150 [FXGL Background Thread 3 ] DEBUG Engine               - urlPOM: https://raw.githubusercontent.com/AlmasB/FXGL/release/README.md
17:42:40.150 [FXGL Background Thread 3 ] DEBUG Engine               - userAppClass: class org.platformer.PlatformerApp
17:42:40.150 [FXGL Background Thread 3 ] DEBUG Engine               - version: 0.0
17:42:40.150 [FXGL Background Thread 3 ] DEBUG Engine               - versionCheckDays: 7
17:42:40.150 [FXGL Background Thread 3 ] DEBUG Engine               - width: 800
17:42:40.150 [FXGL Background Thread 3 ] DEBUG Engine               - Logging services
17:42:40.150 [FXGL Background Thread 3 ] DEBUG Engine               - class com.almasb.fxgl.app.services.FXGLAssetLoaderService
17:42:40.150 [FXGL Background Thread 3 ] DEBUG Engine               - class com.almasb.fxgl.app.FXGLApplication$GameApplicationService
17:42:40.151 [FXGL Background Thread 3 ] DEBUG Engine               - class com.almasb.fxgl.app.services.FXGLDialogService
17:42:40.151 [FXGL Background Thread 3 ] DEBUG Engine               - class com.almasb.fxgl.app.services.IOTaskExecutorService
17:42:40.151 [FXGL Background Thread 3 ] DEBUG Engine               - class com.almasb.fxgl.io.FileSystemService
17:42:40.151 [FXGL Background Thread 3 ] DEBUG Engine               - class com.almasb.fxgl.localization.LocalizationService
17:42:40.151 [FXGL Background Thread 3 ] DEBUG Engine               - class com.almasb.fxgl.app.services.SystemBundleService
17:42:40.151 [FXGL Background Thread 3 ] DEBUG Engine               - class com.almasb.fxgl.profile.SaveLoadService
17:42:40.151 [FXGL Background Thread 3 ] DEBUG Engine               - class com.almasb.fxgl.ui.FXGLUIFactoryServiceProvider
17:42:40.151 [FXGL Background Thread 3 ] DEBUG Engine               - class com.almasb.fxgl.ui.FXGLDialogFactoryServiceProvider
17:42:40.151 [FXGL Background Thread 3 ] DEBUG Engine               - class com.almasb.fxgl.audio.AudioPlayer
17:42:40.151 [FXGL Background Thread 3 ] DEBUG Engine               - class com.almasb.fxgl.notification.impl.NotificationServiceProvider
17:42:40.151 [FXGL Background Thread 3 ] DEBUG Engine               - class com.almasb.fxgl.achievement.AchievementService
17:42:40.152 [FXGL Background Thread 3 ] DEBUG Engine               - class com.almasb.fxgl.cutscene.CutsceneService
17:42:40.152 [FXGL Background Thread 3 ] DEBUG Engine               - class com.almasb.fxgl.minigames.MiniGameService
17:42:40.152 [FXGL Background Thread 3 ] DEBUG Engine               - class com.almasb.fxgl.net.NetService
17:42:40.152 [FXGL Background Thread 3 ] DEBUG Engine               - class com.almasb.fxgl.app.services.UpdaterService
17:42:40.152 [FXGL Background Thread 3 ] DEBUG Engine               - class com.almasb.fxgl.dev.DevService
17:42:41.296 [JavaFX Application Thread] DEBUG FXGLApplication      - Exiting FXGL
17:42:41.296 [JavaFX Application Thread] DEBUG LoopRunner           - Stopping loop
17:42:41.296 [JavaFX Application Thread] DEBUG SystemBundleService  - Saving FXGL system data
17:42:41.300 [JavaFX Application Thread] DEBUG FileSystemAccess     - Writing to: C:\Users\sande\IdeaProjects\Java Advanced\ShortburstProject\Short_platformer_game\system\fxgl.bundle
17:42:41.305 [JavaFX Application Thread] DEBUG Async                - Shutting down background threads
17:42:41.305 [JavaFX Application Thread] DEBUG PrimaryStageWindow   - Closing main window
17:42:41.333 [JavaFX Application Thread] DEBUG Logger               - Closing Logger
