03:52:45.944 [main                     ] DEBUG Logger               - Configured Logger
03:52:45.965 [main                     ] DEBUG GameApplication      - Logging settings
Title: Short platformer game
Version: 0.1
Width: 1024
Height: 640
Fullscreen: false
Intro: false
Profiling: false
Single step:false
App Mode: DEVELOPER
Menu Key: ESCAPE
Stage Style: DECORATED
Scene Factory: class com.almasb.fxgl.app.scene.SceneFactory

03:52:46.285 [JavaFX Application Thread] DEBUG FXGLApplication      - Initializing FXGL
03:52:46.293 [JavaFX Application Thread] INFO  Engine               - FXGL-17.1 (24.03.2022 17.34) on WINDOWS (J:19.0.1 FX:18)
03:52:46.294 [JavaFX Application Thread] DEBUG Engine               - JRE Vendor Name: Oracle Corporation
03:52:46.294 [JavaFX Application Thread] DEBUG Engine               - Running on OS: Windows 10 version 10.0
03:52:46.294 [JavaFX Application Thread] DEBUG Engine               - Architecture: amd64
03:52:46.294 [JavaFX Application Thread] INFO  Engine               - Source code and latest versions at: https://github.com/AlmasB/FXGL
03:52:46.294 [JavaFX Application Thread] INFO  Engine               -       Ask questions and discuss at: https://github.com/AlmasB/FXGL/discussions
03:52:46.294 [JavaFX Application Thread] INFO  Engine               -              Join the FXGL chat at: https://gitter.im/AlmasB/FXGL
03:52:46.396 [JavaFX Application Thread] DEBUG PrimaryStageWindow   - Creating a JavaFX scene
03:52:46.440 [JavaFX Application Thread] DEBUG PrimaryStageWindow   - Target settings size: 1024.0 x 640.0
03:52:46.440 [JavaFX Application Thread] DEBUG PrimaryStageWindow   - Scaled scene size:    1024.0 x 640.0
03:52:46.440 [JavaFX Application Thread] DEBUG PrimaryStageWindow   - Scaled ratio: (1.0, 1.0)
03:52:46.441 [JavaFX Application Thread] DEBUG PrimaryStageWindow   - Set initial scene to FXGLStartupScene
03:52:46.451 [JavaFX Application Thread] DEBUG PrimaryStageWindow   - Opening main window
03:52:46.586 [JavaFX Application Thread] DEBUG PrimaryStageWindow   - Window border size: (14.4000244140625, 37.5999755859375)
03:52:46.587 [JavaFX Application Thread] DEBUG PrimaryStageWindow   - Scaled size: 1024.0 x 640.0
03:52:46.588 [JavaFX Application Thread] DEBUG PrimaryStageWindow   - Scaled ratio: (1.0, 1.0)
03:52:46.588 [JavaFX Application Thread] DEBUG PrimaryStageWindow   - Scene size: 1024.0 x 640.0
03:52:46.589 [JavaFX Application Thread] DEBUG PrimaryStageWindow   - Stage size: 1038.4000244140625 x 677.5999755859375
03:52:46.603 [FXGL Background Thread 1 ] DEBUG Engine               - Initializing environment variables
03:52:46.662 [FXGL Background Thread 1 ] DEBUG FXGLAssetLoaderServi - User app class for loading assets: class org.platformer.PlatformerApp
03:52:46.662 [FXGL Background Thread 1 ] DEBUG GameApplicationServi - Applying CSS: fxgl_dark.css
03:52:46.664 [FXGL Background Thread 1 ] DEBUG FXGLAssetLoaderServi - Loading from file system: jar:file:///C:/Users/sande/.m2/repository/com/github/almasb/fxgl/17.1/fxgl-17.1.jar!/fxglassets/ui/css/fxgl_dark.css
03:52:46.700 [FXGL Background Thread 1 ] DEBUG GameApplicationServi - Initializing application scenes
03:52:46.731 [FXGL Background Thread 1 ] DEBUG GameWorld            - Game world initialized
03:52:46.789 [FXGL Background Thread 1 ] DEBUG PhysicsWorld         - Physics world initialized: appHeight=640, physics.ppm=50.0
03:52:46.789 [FXGL Background Thread 1 ] DEBUG PhysicsWorld         - Using strategy: BRUTE_FORCE
03:52:46.793 [FXGL Background Thread 1 ] DEBUG GameScene            - Game scene initialized: 1024x640
03:52:46.806 [FXGL Background Thread 1 ] DEBUG FXGL.DefaultMenu     - createMenuBodyGameMenu()
03:52:46.818 [FXGL Background Thread 1 ] DEBUG FXGL.DefaultMenu     - createOptionsMenu()
03:52:46.827 [FXGL Background Thread 1 ] DEBUG FXGLAssetLoaderServi - Loading from file system: jar:file:///C:/Users/sande/.m2/repository/com/github/almasb/fxgl/17.1/fxgl-17.1.jar!/fxglassets/textures/particles/smoke.png
03:52:46.915 [FXGL Background Thread 1 ] DEBUG FXGLAssetLoaderServi - Loading from file system: jar:file:///C:/Users/sande/.m2/repository/com/github/almasb/fxgl/17.1/fxgl-17.1.jar!/fxglassets/textures/particles/trace_horizontal.png
03:52:46.952 [FXGL Background Thread 1 ] DEBUG GameApplicationServi - Application scenes initialized
03:52:46.963 [FXGL Background Thread 1 ] DEBUG SystemBundleService  - Loading FXGL system data
03:52:46.966 [FXGL Background Thread 1 ] DEBUG FileSystemAccess     - Reading from: C:\Users\sande\IdeaProjects\Java Advanced\ShortburstProject\Short_platformer_game\system\fxgl.bundle
03:52:46.976 [FXGL Background Thread 1 ] DEBUG SystemBundleService  - Bundle FXGL: {}
03:52:46.976 [FXGL Background Thread 1 ] DEBUG UpdaterService       - Checking for updates
03:52:47.000 [FXGL Background Thread 4 ] DEBUG FXGLApplication      - Loading fonts
03:52:47.001 [FXGL Background Thread 1 ] DEBUG FXGLApplication      - Loading default localization
03:52:47.001 [FXGL Background Thread 4 ] DEBUG FXGLAssetLoaderServi - Loading from file system: jar:file:///C:/Users/sande/.m2/repository/com/github/almasb/fxgl/17.1/fxgl-17.1.jar!/fxglassets/ui/fonts/VarelaRound-Regular.ttf
03:52:47.001 [FXGL Background Thread 1 ] DEBUG FXGLAssetLoaderServi - Loading from file system: jar:file:///C:/Users/sande/.m2/repository/com/github/almasb/fxgl/17.1/fxgl-17.1.jar!/fxglassets/languages/english.lang
03:52:47.025 [FXGL Background Thread 1 ] INFO  FXGLApplication      - FXGL initialization took: 0.422 sec
03:52:47.036 [JavaFX Application Thread] DEBUG Input                - Registered new binding: Left - Left
03:52:47.036 [JavaFX Application Thread] DEBUG Input                - Registered new binding: Right - Right
03:52:47.036 [JavaFX Application Thread] DEBUG Input                - Registered new binding: Jump - Up
03:52:47.036 [JavaFX Application Thread] DEBUG Input                - Registered new binding: Stomp - Down
03:52:47.036 [JavaFX Application Thread] DEBUG Input                - Registered new binding: Shoot - Z
03:52:47.036 [JavaFX Application Thread] DEBUG Input                - Registered new binding: getCoordinates - C
03:52:47.037 [JavaFX Application Thread] DEBUG FXGLAssetLoaderServi - Loading from file system: jar:file:///C:/Users/sande/.m2/repository/com/github/almasb/fxgl/17.1/fxgl-17.1.jar!/fxglassets/textures/fxgl_icon.png
03:52:47.061 [JavaFX Application Thread] DEBUG FXGLAssetLoaderServi - Loading from file system: jar:file:///C:/Users/sande/.m2/repository/com/github/almasb/fxgl/17.1/fxgl-17.1.jar!/fxglassets/textures/fxgl_default_cursor.png
03:52:47.064 [JavaFX Application Thread] DEBUG Input                - Registered new binding: Screenshot - CTRL+8
03:52:47.064 [JavaFX Application Thread] DEBUG Input                - Registered new binding: Dev Options - 1
03:52:47.065 [JavaFX Application Thread] DEBUG Input                - Registered new binding: Dev Console - 2
03:52:47.065 [JavaFX Application Thread] DEBUG Input                - Registered new binding: System info dump - CTRL+9
03:52:47.065 [JavaFX Application Thread] DEBUG Input                - Registered new binding: Restart - CTRL+R
03:52:47.066 [JavaFX Application Thread] DEBUG Input                - Registered new binding: Toggle Debug Camera - CTRL+7
03:52:47.068 [FXGL Background Thread 4 ] DEBUG FXGLAssetLoaderServi - Loading from file system: jar:file:///C:/Users/sande/.m2/repository/com/github/almasb/fxgl/17.1/fxgl-17.1.jar!/fxglassets/ui/fonts/Abel-Regular.ttf
03:52:47.070 [JavaFX Application Thread] DEBUG LoopRunner           - Starting loop
03:52:47.082 [FXGL Background Thread 4 ] DEBUG FXGLAssetLoaderServi - Loading from file system: jar:file:///C:/Users/sande/.m2/repository/com/github/almasb/fxgl/17.1/fxgl-17.1.jar!/fxglassets/ui/fonts/TerminalLandMono-Regular.otf
03:52:47.087 [JavaFX Application Thread] DEBUG LoopRunner           - Initializing JavaFX AnimationTimerLoop
03:52:47.088 [JavaFX Application Thread] DEBUG GameApplicationServi - Starting new game
03:52:47.088 [JavaFX Application Thread] DEBUG Input                - Clearing active input actions
03:52:47.100 [FXGL Background Thread 4 ] DEBUG FXGLAssetLoaderServi - Loading from file system: jar:file:///C:/Users/sande/.m2/repository/com/github/almasb/fxgl/17.1/fxgl-17.1.jar!/fxglassets/ui/fonts/Courier-Prime.ttf
03:52:47.102 [JavaFX Application Thread] DEBUG GameApplicationServi - Removing overlay from FXGLStartupScene and adding to FXGLLoadingScene
03:52:47.105 [JavaFX Application Thread] DEBUG PrimaryStageWindow   - FXGLStartupScene -> FXGLLoadingScene
03:52:47.105 [JavaFX Application Thread] DEBUG GameApplicationServi - Clearing previous game
03:52:47.105 [JavaFX Application Thread] DEBUG GameScene            - Clearing game scene
03:52:47.105 [JavaFX Application Thread] DEBUG GameWorld            - Clearing game world
03:52:47.105 [JavaFX Application Thread] DEBUG PhysicsWorld         - Clearing physics world
03:52:47.107 [FXGL Background Thread 1 ] DEBUG FXGLApplication      - Initializing game
03:52:47.163 [FXGL Background Thread 1 ] DEBUG TMXLevelLoader       - Parsed TiledMap: file:/C:/Users/sande/IdeaProjects/Java%20Advanced/ShortburstProject/Short_platformer_game/target/classes/assets/levels/tmx/platformer.tmx
03:52:47.163 [FXGL Background Thread 1 ] DEBUG TMXLevelLoader       - Creating tile layer entities
03:52:47.165 [FXGL Background Thread 1 ] DEBUG TilesetLoader        - Loading view for layer Tile Layer 1
03:52:47.166 [FXGL Background Thread 1 ] DEBUG TilesetLoader        - Created buffer with size 1024.0x640.0
03:52:47.183 [FXGL Background Thread 1 ] DEBUG TMXLevelLoader       - Creating object layer entities
03:52:47.203 [FXGL Background Thread 1 ] DEBUG FXGLAssetLoaderServi - Loading from file system: file:/C:/Users/sande/IdeaProjects/Java%20Advanced/ShortburstProject/Short_platformer_game/target/classes/assets/textures/Items/Checkpoints/End/End%20(Idle).png
03:52:47.223 [FXGL Background Thread 1 ] DEBUG FXGLAssetLoaderServi - Loading from file system: file:/C:/Users/sande/IdeaProjects/Java%20Advanced/ShortburstProject/Short_platformer_game/target/classes/assets/textures/Items/Boxes/Box1/Idle.png
03:52:47.225 [FXGL Background Thread 1 ] DEBUG FXGLAssetLoaderServi - Loading from file system: file:/C:/Users/sande/IdeaProjects/Java%20Advanced/ShortburstProject/Short_platformer_game/target/classes/assets/textures/Items/Boxes/Box1/Hit%20(28x24).png
03:52:47.234 [FXGL Background Thread 1 ] DEBUG FXGLAssetLoaderServi - Loading from file system: file:/C:/Users/sande/IdeaProjects/Java%20Advanced/ShortburstProject/Short_platformer_game/target/classes/assets/textures/Items/Fruits/Apple.png
03:52:47.237 [FXGL Background Thread 1 ] DEBUG FXGLAssetLoaderServi - Loading from file system: file:/C:/Users/sande/IdeaProjects/Java%20Advanced/ShortburstProject/Short_platformer_game/target/classes/assets/textures/Items/Fruits/Strawberry.png
03:52:47.241 [FXGL Background Thread 1 ] DEBUG FXGLAssetLoaderServi - Loading from file system: file:/C:/Users/sande/IdeaProjects/Java%20Advanced/ShortburstProject/Short_platformer_game/target/classes/assets/textures/Items/Fruits/Pineapple.png
03:52:47.246 [FXGL Background Thread 1 ] DEBUG FXGLAssetLoaderServi - Loading from file system: file:/C:/Users/sande/IdeaProjects/Java%20Advanced/ShortburstProject/Short_platformer_game/target/classes/assets/textures/Items/Fruits/Bananas.png
03:52:47.251 [FXGL Background Thread 1 ] DEBUG FXGLAssetLoaderServi - Loading from file system: file:/C:/Users/sande/IdeaProjects/Java%20Advanced/ShortburstProject/Short_platformer_game/target/classes/assets/textures/Items/Fruits/Orange.png
03:52:47.256 [FXGL Background Thread 1 ] DEBUG FXGLAssetLoaderServi - Loading from file system: file:/C:/Users/sande/IdeaProjects/Java%20Advanced/ShortburstProject/Short_platformer_game/target/classes/assets/textures/Items/Fruits/Melon.png
03:52:47.258 [FXGL Background Thread 1 ] DEBUG GameWorld            - Clearing removable entities
03:52:47.259 [FXGL Background Thread 1 ] DEBUG GameWorld            - Setting level: com.almasb.fxgl.entity.level.Level@5550db96
03:52:47.267 [FXGL Background Thread 1 ] DEBUG FXGLAssetLoaderServi - Loading from file system: file:/C:/Users/sande/IdeaProjects/Java%20Advanced/ShortburstProject/Short_platformer_game/target/classes/assets/textures/Virtual%20Guy/Idle%20(32x32).png
03:52:47.269 [FXGL Background Thread 1 ] DEBUG FXGLAssetLoaderServi - Loading from file system: file:/C:/Users/sande/IdeaProjects/Java%20Advanced/ShortburstProject/Short_platformer_game/target/classes/assets/textures/Virtual%20Guy/Run%20(32x32).png
03:52:47.270 [FXGL Background Thread 1 ] DEBUG FXGLAssetLoaderServi - Loading from file system: file:/C:/Users/sande/IdeaProjects/Java%20Advanced/ShortburstProject/Short_platformer_game/target/classes/assets/textures/Virtual%20Guy/Jump%20(32x32).png
03:52:47.272 [FXGL Background Thread 1 ] DEBUG FXGLAssetLoaderServi - Loading from file system: file:/C:/Users/sande/IdeaProjects/Java%20Advanced/ShortburstProject/Short_platformer_game/target/classes/assets/textures/Virtual%20Guy/Double%20Jump%20(32x32).png
03:52:47.273 [FXGL Background Thread 1 ] DEBUG FXGLAssetLoaderServi - Loading from file system: file:/C:/Users/sande/IdeaProjects/Java%20Advanced/ShortburstProject/Short_platformer_game/target/classes/assets/textures/Virtual%20Guy/Fall%20(32x32).png
03:52:47.277 [FXGL Background Thread 1 ] DEBUG FXGLAssetLoaderServi - Loading from file system: file:/C:/Users/sande/IdeaProjects/Java%20Advanced/ShortburstProject/Short_platformer_game/target/classes/assets/textures/Background/Blue.png
03:52:47.281 [FXGL Background Thread 1 ] DEBUG FXGLAssetLoaderServi - Loading from file system: file:/C:/Users/sande/IdeaProjects/Java%20Advanced/ShortburstProject/Short_platformer_game/target/classes/assets/textures/Items/Other/Heart%20(64x64).png
03:52:47.283 [FXGL Background Thread 1 ] DEBUG FXGLAssetLoaderServi - Loading from file system: file:/C:/Users/sande/IdeaProjects/Java%20Advanced/ShortburstProject/Short_platformer_game/target/classes/assets/textures/Items/Fruits/Apple%20(64x64).png
03:52:47.286 [FXGL Background Thread 1 ] INFO  FXGLApplication      - Game initialization took: 0.179 sec
03:52:47.304 [JavaFX Application Thread] DEBUG FXGLApplication      - Registering font factories with UI factory
03:52:47.320 [JavaFX Application Thread] DEBUG Input                - Clearing active input actions
03:52:47.343 [JavaFX Application Thread] DEBUG GameApplicationServi - Removing overlay from FXGLLoadingScene and adding to GameScene
03:52:47.347 [JavaFX Application Thread] DEBUG PrimaryStageWindow   - FXGLLoadingScene -> GameScene
03:52:47.382 [FXGL Background Thread 2 ] INFO  UpdaterService       - Your current version:  17.1
03:52:47.382 [FXGL Background Thread 2 ] INFO  UpdaterService       - Latest stable version: 17.2
03:52:50.000 [FXGL Background Thread 3 ] DEBUG Engine               - Logging environment variables
03:52:50.001 [FXGL Background Thread 3 ] DEBUG Engine               - achievements: []
03:52:50.002 [FXGL Background Thread 3 ] DEBUG Engine               - actualHeight: 640.0
03:52:50.002 [FXGL Background Thread 3 ] DEBUG Engine               - actualHeightProperty: ReadOnlyDoubleProperty [value: 640.0]
03:52:50.002 [FXGL Background Thread 3 ] DEBUG Engine               - actualWidth: 1024.0
03:52:50.003 [FXGL Background Thread 3 ] DEBUG Engine               - actualWidthProperty: ReadOnlyDoubleProperty [value: 1024.0]
03:52:50.003 [FXGL Background Thread 3 ] DEBUG Engine               - appIcon: fxgl_icon.png
03:52:50.003 [FXGL Background Thread 3 ] DEBUG Engine               - applicationMode: DEVELOPER
03:52:50.003 [FXGL Background Thread 3 ] DEBUG Engine               - cSSList: [fxgl_dark.css]
03:52:50.003 [FXGL Background Thread 3 ] DEBUG Engine               - collisionDetectionStrategy: BRUTE_FORCE
03:52:50.003 [FXGL Background Thread 3 ] DEBUG Engine               - configClass: Optional.empty
03:52:50.003 [FXGL Background Thread 3 ] DEBUG Engine               - credits: []
03:52:50.004 [FXGL Background Thread 3 ] DEBUG Engine               - defaultCursor: CursorInfo(imageName=fxgl_default_cursor.png, hotspotX=7.0, hotspotY=6.0)
03:52:50.004 [FXGL Background Thread 3 ] DEBUG Engine               - devBBoxColorProperty: ObjectProperty [value: 0xff0000ff]
03:52:50.005 [FXGL Background Thread 3 ] DEBUG Engine               - devEnableDebugCameraProperty: BooleanProperty [value: false]
03:52:50.005 [FXGL Background Thread 3 ] DEBUG Engine               - devSensorColorProperty: ObjectProperty [value: 0xffff00ff]
03:52:50.005 [FXGL Background Thread 3 ] DEBUG Engine               - devShowBBoxProperty: BooleanProperty [value: false]
03:52:50.005 [FXGL Background Thread 3 ] DEBUG Engine               - devShowPositionProperty: BooleanProperty [value: false]
03:52:50.006 [FXGL Background Thread 3 ] DEBUG Engine               - enabledMenuItems: []
03:52:50.006 [FXGL Background Thread 3 ] DEBUG Engine               - engineServices: [class com.almasb.fxgl.app.services.FXGLAssetLoaderService, class com.almasb.fxgl.app.FXGLApplication$GameApplicationService, class com.almasb.fxgl.app.services.FXGLDialogService, class com.almasb.fxgl.app.services.IOTaskExecutorService, class com.almasb.fxgl.io.FileSystemService, class com.almasb.fxgl.localization.LocalizationService, class com.almasb.fxgl.app.services.SystemBundleService, class com.almasb.fxgl.profile.SaveLoadService, class com.almasb.fxgl.ui.FXGLUIFactoryServiceProvider, class com.almasb.fxgl.ui.FXGLDialogFactoryServiceProvider, class com.almasb.fxgl.audio.AudioPlayer, class com.almasb.fxgl.notification.impl.NotificationServiceProvider, class com.almasb.fxgl.achievement.AchievementService, class com.almasb.fxgl.cutscene.CutsceneService, class com.almasb.fxgl.minigames.MiniGameService, class com.almasb.fxgl.net.NetService, class com.almasb.fxgl.app.services.UpdaterService, class com.almasb.fxgl.dev.DevService]
03:52:50.006 [FXGL Background Thread 3 ] DEBUG Engine               - fontGame: Abel-Regular.ttf
03:52:50.006 [FXGL Background Thread 3 ] DEBUG Engine               - fontMono: TerminalLandMono-Regular.otf
03:52:50.006 [FXGL Background Thread 3 ] DEBUG Engine               - fontText: Courier-Prime.ttf
03:52:50.007 [FXGL Background Thread 3 ] DEBUG Engine               - fontUI: VarelaRound-Regular.ttf
03:52:50.007 [FXGL Background Thread 3 ] DEBUG Engine               - fullScreen: BooleanProperty [value: false]
03:52:50.007 [FXGL Background Thread 3 ] DEBUG Engine               - gameDifficulty: MEDIUM
03:52:50.007 [FXGL Background Thread 3 ] DEBUG Engine               - gameDifficultyProperty: ObjectProperty [value: MEDIUM]
03:52:50.007 [FXGL Background Thread 3 ] DEBUG Engine               - globalMusicVolume: 0.5
03:52:50.008 [FXGL Background Thread 3 ] DEBUG Engine               - globalMusicVolumeProperty: DoubleProperty [value: 0.5]
03:52:50.008 [FXGL Background Thread 3 ] DEBUG Engine               - globalSoundVolume: 0.5
03:52:50.008 [FXGL Background Thread 3 ] DEBUG Engine               - globalSoundVolumeProperty: DoubleProperty [value: 0.5]
03:52:50.008 [FXGL Background Thread 3 ] DEBUG Engine               - height: 640
03:52:50.008 [FXGL Background Thread 3 ] DEBUG Engine               - is3D: false
03:52:50.008 [FXGL Background Thread 3 ] DEBUG Engine               - isAndroid: false
03:52:50.009 [FXGL Background Thread 3 ] DEBUG Engine               - isBrowser: false
03:52:50.009 [FXGL Background Thread 3 ] DEBUG Engine               - isClickFeedbackEnabled: false
03:52:50.009 [FXGL Background Thread 3 ] DEBUG Engine               - isCloseConfirmation: false
03:52:50.009 [FXGL Background Thread 3 ] DEBUG Engine               - isDesktop: true
03:52:50.009 [FXGL Background Thread 3 ] DEBUG Engine               - isDeveloperMenuEnabled: true
03:52:50.009 [FXGL Background Thread 3 ] DEBUG Engine               - isEmbedded: false
03:52:50.009 [FXGL Background Thread 3 ] DEBUG Engine               - isEntityPreloadEnabled: true
03:52:50.010 [FXGL Background Thread 3 ] DEBUG Engine               - isExperimentalTiledLargeMap: false
03:52:50.010 [FXGL Background Thread 3 ] DEBUG Engine               - isFileSystemWriteAllowed: true
03:52:50.010 [FXGL Background Thread 3 ] DEBUG Engine               - isFullScreenAllowed: false
03:52:50.010 [FXGL Background Thread 3 ] DEBUG Engine               - isFullScreenFromStart: false
03:52:50.011 [FXGL Background Thread 3 ] DEBUG Engine               - isGameMenuEnabled: true
03:52:50.011 [FXGL Background Thread 3 ] DEBUG Engine               - isIOS: false
03:52:50.011 [FXGL Background Thread 3 ] DEBUG Engine               - isIntroEnabled: false
03:52:50.011 [FXGL Background Thread 3 ] DEBUG Engine               - isLinux: false
03:52:50.011 [FXGL Background Thread 3 ] DEBUG Engine               - isMac: false
03:52:50.011 [FXGL Background Thread 3 ] DEBUG Engine               - isMainMenuEnabled: false
03:52:50.011 [FXGL Background Thread 3 ] DEBUG Engine               - isManualResizeEnabled: false
03:52:50.012 [FXGL Background Thread 3 ] DEBUG Engine               - isMobile: false
03:52:50.012 [FXGL Background Thread 3 ] DEBUG Engine               - isNative: false
03:52:50.012 [FXGL Background Thread 3 ] DEBUG Engine               - isPauseMusicWhenMinimized: true
03:52:50.012 [FXGL Background Thread 3 ] DEBUG Engine               - isPreserveResizeRatio: false
03:52:50.012 [FXGL Background Thread 3 ] DEBUG Engine               - isProfilingEnabled: false
03:52:50.012 [FXGL Background Thread 3 ] DEBUG Engine               - isScaleAffectedOnResize: true
03:52:50.012 [FXGL Background Thread 3 ] DEBUG Engine               - isSingleStep: false
03:52:50.012 [FXGL Background Thread 3 ] DEBUG Engine               - isUserProfileEnabled: false
03:52:50.013 [FXGL Background Thread 3 ] DEBUG Engine               - isWindows: true
03:52:50.013 [FXGL Background Thread 3 ] DEBUG Engine               - language: ObjectProperty [value: ENGLISH]
03:52:50.013 [FXGL Background Thread 3 ] DEBUG Engine               - menuKey: ESCAPE
03:52:50.013 [FXGL Background Thread 3 ] DEBUG Engine               - mouseSensitivity: 0.2
03:52:50.014 [FXGL Background Thread 3 ] DEBUG Engine               - notificationViewClass: class com.almasb.fxgl.notification.view.XboxNotificationView
03:52:50.014 [FXGL Background Thread 3 ] DEBUG Engine               - pixelsPerMeter: 50.0
03:52:50.014 [FXGL Background Thread 3 ] DEBUG Engine               - platform: WINDOWS
03:52:50.014 [FXGL Background Thread 3 ] DEBUG Engine               - prefHeightProperty: ReadOnlyDoubleProperty [value: 640.0]
03:52:50.014 [FXGL Background Thread 3 ] DEBUG Engine               - prefWidthProperty: ReadOnlyDoubleProperty [value: 1024.0]
03:52:50.014 [FXGL Background Thread 3 ] DEBUG Engine               - profileDir: profiles/
03:52:50.014 [FXGL Background Thread 3 ] DEBUG Engine               - profileName: StringProperty [value: DEFAULT]
03:52:50.014 [FXGL Background Thread 3 ] DEBUG Engine               - randomSeed: -1
03:52:50.016 [FXGL Background Thread 3 ] DEBUG Engine               - runtimeInfo: RuntimeInfo(platform=WINDOWS, version=17.1, build=24.03.2022 17.34)
03:52:50.016 [FXGL Background Thread 3 ] DEBUG Engine               - saveFileExt: sav
03:52:50.016 [FXGL Background Thread 3 ] DEBUG Engine               - scaledHeightProp$fxgl: DoubleProperty [bound, value: 640.0]
03:52:50.016 [FXGL Background Thread 3 ] DEBUG Engine               - scaledWidthProp$fxgl: DoubleProperty [bound, value: 1024.0]
03:52:50.016 [FXGL Background Thread 3 ] DEBUG Engine               - sceneFactory: com.almasb.fxgl.app.scene.SceneFactory@5a802b0c
03:52:50.017 [FXGL Background Thread 3 ] DEBUG Engine               - secondsIn24h: 60
03:52:50.017 [FXGL Background Thread 3 ] DEBUG Engine               - soundMenuBack: menu/back.wav
03:52:50.017 [FXGL Background Thread 3 ] DEBUG Engine               - soundMenuPress: menu/press.wav
03:52:50.017 [FXGL Background Thread 3 ] DEBUG Engine               - soundMenuSelect: menu/select.wav
03:52:50.017 [FXGL Background Thread 3 ] DEBUG Engine               - soundNotification: core/notification.wav
03:52:50.017 [FXGL Background Thread 3 ] DEBUG Engine               - stageStyle: DECORATED
03:52:50.017 [FXGL Background Thread 3 ] DEBUG Engine               - supportedLanguages: [ENGLISH, FRENCH, GERMAN, HUNGARIAN, RUSSIAN]
03:52:50.018 [FXGL Background Thread 3 ] DEBUG Engine               - ticksPerSecond: -1
03:52:50.018 [FXGL Background Thread 3 ] DEBUG Engine               - title: Short platformer game
03:52:50.018 [FXGL Background Thread 3 ] DEBUG Engine               - urlGithub: https://github.com/AlmasB/FXGL
03:52:50.018 [FXGL Background Thread 3 ] DEBUG Engine               - urlLeaderboard: http://fxgl-top.herokuapp.com/
03:52:50.018 [FXGL Background Thread 3 ] DEBUG Engine               - urlPOM: https://raw.githubusercontent.com/AlmasB/FXGL/release/README.md
03:52:50.018 [FXGL Background Thread 3 ] DEBUG Engine               - userAppClass: class org.platformer.PlatformerApp
03:52:50.018 [FXGL Background Thread 3 ] DEBUG Engine               - version: 0.1
03:52:50.018 [FXGL Background Thread 3 ] DEBUG Engine               - versionCheckDays: 7
03:52:50.019 [FXGL Background Thread 3 ] DEBUG Engine               - width: 1024
03:52:50.019 [FXGL Background Thread 3 ] DEBUG Engine               - Logging services
03:52:50.019 [FXGL Background Thread 3 ] DEBUG Engine               - class com.almasb.fxgl.app.services.FXGLAssetLoaderService
03:52:50.019 [FXGL Background Thread 3 ] DEBUG Engine               - class com.almasb.fxgl.app.FXGLApplication$GameApplicationService
03:52:50.019 [FXGL Background Thread 3 ] DEBUG Engine               - class com.almasb.fxgl.app.services.FXGLDialogService
03:52:50.019 [FXGL Background Thread 3 ] DEBUG Engine               - class com.almasb.fxgl.app.services.IOTaskExecutorService
03:52:50.020 [FXGL Background Thread 3 ] DEBUG Engine               - class com.almasb.fxgl.io.FileSystemService
03:52:50.020 [FXGL Background Thread 3 ] DEBUG Engine               - class com.almasb.fxgl.localization.LocalizationService
03:52:50.020 [FXGL Background Thread 3 ] DEBUG Engine               - class com.almasb.fxgl.app.services.SystemBundleService
03:52:50.020 [FXGL Background Thread 3 ] DEBUG Engine               - class com.almasb.fxgl.profile.SaveLoadService
03:52:50.020 [FXGL Background Thread 3 ] DEBUG Engine               - class com.almasb.fxgl.ui.FXGLUIFactoryServiceProvider
03:52:50.020 [FXGL Background Thread 3 ] DEBUG Engine               - class com.almasb.fxgl.ui.FXGLDialogFactoryServiceProvider
03:52:50.020 [FXGL Background Thread 3 ] DEBUG Engine               - class com.almasb.fxgl.audio.AudioPlayer
03:52:50.020 [FXGL Background Thread 3 ] DEBUG Engine               - class com.almasb.fxgl.notification.impl.NotificationServiceProvider
03:52:50.020 [FXGL Background Thread 3 ] DEBUG Engine               - class com.almasb.fxgl.achievement.AchievementService
03:52:50.020 [FXGL Background Thread 3 ] DEBUG Engine               - class com.almasb.fxgl.cutscene.CutsceneService
03:52:50.021 [FXGL Background Thread 3 ] DEBUG Engine               - class com.almasb.fxgl.minigames.MiniGameService
03:52:50.021 [FXGL Background Thread 3 ] DEBUG Engine               - class com.almasb.fxgl.net.NetService
03:52:50.021 [FXGL Background Thread 3 ] DEBUG Engine               - class com.almasb.fxgl.app.services.UpdaterService
03:52:50.021 [FXGL Background Thread 3 ] DEBUG Engine               - class com.almasb.fxgl.dev.DevService
03:52:50.489 [JavaFX Application Thread] DEBUG Input                - Registered new binding: Up - Up
03:52:50.490 [JavaFX Application Thread] DEBUG Input                - Registered new binding: DOWN - Down
03:52:50.490 [JavaFX Application Thread] DEBUG Input                - Registered new binding: RIGHT - Right
03:52:50.490 [JavaFX Application Thread] DEBUG Input                - Registered new binding: LEFT - Left
03:52:50.490 [JavaFX Application Thread] DEBUG PrimaryStageWindow   - Push state: MiniGameSubScene
03:52:50.490 [JavaFX Application Thread] DEBUG Input                - Clearing active input actions
03:52:50.491 [JavaFX Application Thread] DEBUG GameApplicationServi - Removing overlay from GameScene and adding to MiniGameSubScene
03:52:50.497 [JavaFX Application Thread] DEBUG PrimaryStageWindow   - GameScene -> MiniGameSubScene
03:52:52.479 [JavaFX Application Thread] DEBUG PrimaryStageWindow   - Pop state: MiniGameSubScene
03:52:52.480 [JavaFX Application Thread] DEBUG Input                - Clearing active input actions
03:52:52.481 [JavaFX Application Thread] DEBUG GameApplicationServi - Removing overlay from MiniGameSubScene and adding to GameScene
03:52:52.484 [JavaFX Application Thread] DEBUG PrimaryStageWindow   - GameScene <- MiniGameSubScene
03:53:00.706 [JavaFX Application Thread] DEBUG FXGLApplication      - Exiting FXGL
03:53:00.706 [JavaFX Application Thread] DEBUG LoopRunner           - Stopping loop
03:53:00.706 [JavaFX Application Thread] DEBUG SystemBundleService  - Saving FXGL system data
03:53:00.710 [JavaFX Application Thread] DEBUG FileSystemAccess     - Writing to: C:\Users\sande\IdeaProjects\Java Advanced\ShortburstProject\Short_platformer_game\system\fxgl.bundle
03:53:00.714 [JavaFX Application Thread] DEBUG Async                - Shutting down background threads
03:53:00.714 [JavaFX Application Thread] DEBUG PrimaryStageWindow   - Closing main window
03:53:00.734 [JavaFX Application Thread] DEBUG Logger               - Closing Logger
