19:00:23.655 [main                     ] DEBUG Logger               - Configured Logger
19:00:23.680 [main                     ] DEBUG GameApplication      - Logging settings
Title: Short platformer game
Version: 0.1
Width: 1024
Height: 640
Fullscreen: false
Intro: false
Profiling: false
Single step:false
App Mode: DEVELOPER
Menu Key: ESCAPE
Stage Style: DECORATED
Scene Factory: class com.almasb.fxgl.app.scene.SceneFactory

19:00:24.020 [JavaFX Application Thread] DEBUG FXGLApplication      - Initializing FXGL
19:00:24.025 [JavaFX Application Thread] INFO  Engine               - FXGL-17.1 (24.03.2022 17.34) on WINDOWS (J:19.0.1 FX:18)
19:00:24.026 [JavaFX Application Thread] DEBUG Engine               - JRE Vendor Name: Oracle Corporation
19:00:24.026 [JavaFX Application Thread] DEBUG Engine               - Running on OS: Windows 10 version 10.0
19:00:24.026 [JavaFX Application Thread] DEBUG Engine               - Architecture: amd64
19:00:24.026 [JavaFX Application Thread] INFO  Engine               - Source code and latest versions at: https://github.com/AlmasB/FXGL
19:00:24.027 [JavaFX Application Thread] INFO  Engine               -       Ask questions and discuss at: https://github.com/AlmasB/FXGL/discussions
19:00:24.027 [JavaFX Application Thread] INFO  Engine               -              Join the FXGL chat at: https://gitter.im/AlmasB/FXGL
19:00:24.120 [JavaFX Application Thread] DEBUG PrimaryStageWindow   - Creating a JavaFX scene
19:00:24.162 [JavaFX Application Thread] DEBUG PrimaryStageWindow   - Target settings size: 1024.0 x 640.0
19:00:24.162 [JavaFX Application Thread] DEBUG PrimaryStageWindow   - Scaled scene size:    1024.0 x 640.0
19:00:24.163 [JavaFX Application Thread] DEBUG PrimaryStageWindow   - Scaled ratio: (1.0, 1.0)
19:00:24.164 [JavaFX Application Thread] DEBUG PrimaryStageWindow   - Set initial scene to FXGLStartupScene
19:00:24.171 [JavaFX Application Thread] DEBUG PrimaryStageWindow   - Opening main window
19:00:24.290 [JavaFX Application Thread] DEBUG PrimaryStageWindow   - Window border size: (14.4000244140625, 37.5999755859375)
19:00:24.291 [JavaFX Application Thread] DEBUG PrimaryStageWindow   - Scaled size: 1024.0 x 640.0
19:00:24.292 [JavaFX Application Thread] DEBUG PrimaryStageWindow   - Scaled ratio: (1.0, 1.0)
19:00:24.292 [JavaFX Application Thread] DEBUG PrimaryStageWindow   - Scene size: 1024.0 x 640.0
19:00:24.292 [JavaFX Application Thread] DEBUG PrimaryStageWindow   - Stage size: 1038.4000244140625 x 677.5999755859375
19:00:24.306 [FXGL Background Thread 1 ] DEBUG Engine               - Initializing environment variables
19:00:24.387 [FXGL Background Thread 1 ] DEBUG FXGLAssetLoaderServi - User app class for loading assets: class org.platformer.PlatformerApp
19:00:24.388 [FXGL Background Thread 1 ] DEBUG GameApplicationServi - Applying CSS: fxgl_dark.css
19:00:24.388 [FXGL Background Thread 1 ] DEBUG FXGLAssetLoaderServi - Loading from file system: jar:file:///C:/Users/sande/.m2/repository/com/github/almasb/fxgl/17.1/fxgl-17.1.jar!/fxglassets/ui/css/fxgl_dark.css
19:00:24.448 [FXGL Background Thread 1 ] DEBUG GameApplicationServi - Initializing application scenes
19:00:24.489 [FXGL Background Thread 1 ] DEBUG GameWorld            - Game world initialized
19:00:24.579 [FXGL Background Thread 1 ] DEBUG PhysicsWorld         - Physics world initialized: appHeight=640, physics.ppm=50.0
19:00:24.580 [FXGL Background Thread 1 ] DEBUG PhysicsWorld         - Using strategy: BRUTE_FORCE
19:00:24.588 [FXGL Background Thread 1 ] DEBUG GameScene            - Game scene initialized: 1024x640
19:00:24.606 [FXGL Background Thread 1 ] DEBUG FXGL.DefaultMenu     - createMenuBodyMainMenu()
19:00:24.626 [FXGL Background Thread 1 ] DEBUG FXGL.DefaultMenu     - createOptionsMenu()
19:00:24.639 [FXGL Background Thread 1 ] DEBUG FXGLAssetLoaderServi - Loading from file system: jar:file:///C:/Users/sande/.m2/repository/com/github/almasb/fxgl/17.1/fxgl-17.1.jar!/fxglassets/textures/particles/smoke.png
19:00:24.736 [FXGL Background Thread 1 ] DEBUG FXGLAssetLoaderServi - Loading from file system: jar:file:///C:/Users/sande/.m2/repository/com/github/almasb/fxgl/17.1/fxgl-17.1.jar!/fxglassets/textures/particles/trace_horizontal.png
19:00:24.777 [FXGL Background Thread 1 ] DEBUG FXGL.DefaultMenu     - createMenuBodyGameMenu()
19:00:24.779 [FXGL Background Thread 1 ] DEBUG FXGL.DefaultMenu     - createOptionsMenu()
19:00:24.798 [FXGL Background Thread 1 ] DEBUG GameApplicationServi - Application scenes initialized
19:00:24.813 [FXGL Background Thread 1 ] DEBUG SystemBundleService  - Loading FXGL system data
19:00:24.819 [FXGL Background Thread 1 ] DEBUG FileSystemAccess     - Reading from: C:\Users\sande\IdeaProjects\Java Advanced\ShortburstProject\Short_platformer_game\system\fxgl.bundle
19:00:24.832 [FXGL Background Thread 1 ] DEBUG SystemBundleService  - Bundle FXGL: {}
19:00:24.832 [FXGL Background Thread 1 ] DEBUG UpdaterService       - Checking for updates
19:00:24.860 [FXGL Background Thread 1 ] DEBUG FXGLApplication      - Loading default localization
19:00:24.861 [FXGL Background Thread 1 ] DEBUG FXGLAssetLoaderServi - Loading from file system: jar:file:///C:/Users/sande/.m2/repository/com/github/almasb/fxgl/17.1/fxgl-17.1.jar!/fxglassets/languages/english.lang
19:00:24.878 [FXGL Background Thread 1 ] INFO  FXGLApplication      - FXGL initialization took: 0.571 sec
19:00:24.888 [JavaFX Application Thread] DEBUG Input                - Registered new binding: Left - Left
19:00:24.888 [JavaFX Application Thread] DEBUG Input                - Registered new binding: Right - Right
19:00:24.889 [JavaFX Application Thread] DEBUG Input                - Registered new binding: Jump - Up
19:00:24.889 [JavaFX Application Thread] DEBUG Input                - Registered new binding: Stomp - Down
19:00:24.889 [JavaFX Application Thread] DEBUG Input                - Registered new binding: Shoot - Z
19:00:24.889 [JavaFX Application Thread] DEBUG FXGLAssetLoaderServi - Loading from file system: jar:file:///C:/Users/sande/.m2/repository/com/github/almasb/fxgl/17.1/fxgl-17.1.jar!/fxglassets/textures/fxgl_icon.png
19:00:24.908 [FXGL Background Thread 4 ] DEBUG FXGLApplication      - Loading fonts
19:00:24.909 [FXGL Background Thread 4 ] DEBUG FXGLAssetLoaderServi - Loading from file system: jar:file:///C:/Users/sande/.m2/repository/com/github/almasb/fxgl/17.1/fxgl-17.1.jar!/fxglassets/ui/fonts/VarelaRound-Regular.ttf
19:00:24.919 [JavaFX Application Thread] DEBUG FXGLAssetLoaderServi - Loading from file system: jar:file:///C:/Users/sande/.m2/repository/com/github/almasb/fxgl/17.1/fxgl-17.1.jar!/fxglassets/textures/fxgl_default_cursor.png
19:00:24.921 [JavaFX Application Thread] DEBUG Input                - Registered new binding: Screenshot - CTRL+8
19:00:24.921 [JavaFX Application Thread] DEBUG Input                - Registered new binding: Dev Options - 1
19:00:24.922 [JavaFX Application Thread] DEBUG Input                - Registered new binding: Dev Console - 2
19:00:24.922 [JavaFX Application Thread] DEBUG Input                - Registered new binding: System info dump - CTRL+9
19:00:24.923 [JavaFX Application Thread] DEBUG Input                - Registered new binding: Restart - CTRL+R
19:00:24.927 [JavaFX Application Thread] DEBUG Input                - Registered new binding: Toggle Debug Camera - CTRL+7
19:00:24.932 [JavaFX Application Thread] DEBUG LoopRunner           - Starting loop
19:00:24.946 [JavaFX Application Thread] DEBUG LoopRunner           - Initializing JavaFX AnimationTimerLoop
19:00:24.948 [JavaFX Application Thread] DEBUG Input                - Clearing active input actions
19:00:24.959 [JavaFX Application Thread] DEBUG GameApplicationServi - Removing overlay from FXGLStartupScene and adding to FXGLMainMenuDummyScene
19:00:24.964 [JavaFX Application Thread] DEBUG PrimaryStageWindow   - FXGLStartupScene -> FXGLMainMenuDummyScene
19:00:24.964 [JavaFX Application Thread] DEBUG PrimaryStageWindow   - Push state: FXGLDefaultMenu
19:00:24.969 [JavaFX Application Thread] DEBUG Input                - Clearing active input actions
19:00:24.977 [JavaFX Application Thread] DEBUG GameApplicationServi - Removing overlay from FXGLMainMenuDummyScene and adding to FXGLDefaultMenu
19:00:24.978 [JavaFX Application Thread] DEBUG PrimaryStageWindow   - FXGLMainMenuDummyScene -> FXGLDefaultMenu
19:00:25.219 [FXGL Background Thread 4 ] DEBUG FXGLAssetLoaderServi - Loading from file system: jar:file:///C:/Users/sande/.m2/repository/com/github/almasb/fxgl/17.1/fxgl-17.1.jar!/fxglassets/ui/fonts/Abel-Regular.ttf
19:00:25.237 [FXGL Background Thread 4 ] DEBUG FXGLAssetLoaderServi - Loading from file system: jar:file:///C:/Users/sande/.m2/repository/com/github/almasb/fxgl/17.1/fxgl-17.1.jar!/fxglassets/ui/fonts/TerminalLandMono-Regular.otf
19:00:25.254 [FXGL Background Thread 4 ] DEBUG FXGLAssetLoaderServi - Loading from file system: jar:file:///C:/Users/sande/.m2/repository/com/github/almasb/fxgl/17.1/fxgl-17.1.jar!/fxglassets/ui/fonts/Courier-Prime.ttf
19:00:25.404 [JavaFX Application Thread] DEBUG FXGLApplication      - Registering font factories with UI factory
19:00:25.873 [FXGL Background Thread 2 ] INFO  UpdaterService       - Your current version:  17.1
19:00:25.873 [FXGL Background Thread 2 ] INFO  UpdaterService       - Latest stable version: 17.2
19:00:27.860 [FXGL Background Thread 3 ] DEBUG Engine               - Logging environment variables
19:00:27.861 [FXGL Background Thread 3 ] DEBUG Engine               - achievements: []
19:00:27.861 [FXGL Background Thread 3 ] DEBUG Engine               - actualHeight: 640.0
19:00:27.862 [FXGL Background Thread 3 ] DEBUG Engine               - actualHeightProperty: ReadOnlyDoubleProperty [value: 640.0]
19:00:27.862 [FXGL Background Thread 3 ] DEBUG Engine               - actualWidth: 1024.0
19:00:27.862 [FXGL Background Thread 3 ] DEBUG Engine               - actualWidthProperty: ReadOnlyDoubleProperty [value: 1024.0]
19:00:27.863 [FXGL Background Thread 3 ] DEBUG Engine               - appIcon: fxgl_icon.png
19:00:27.863 [FXGL Background Thread 3 ] DEBUG Engine               - applicationMode: DEVELOPER
19:00:27.863 [FXGL Background Thread 3 ] DEBUG Engine               - cSSList: [fxgl_dark.css]
19:00:27.863 [FXGL Background Thread 3 ] DEBUG Engine               - collisionDetectionStrategy: BRUTE_FORCE
19:00:27.863 [FXGL Background Thread 3 ] DEBUG Engine               - configClass: Optional.empty
19:00:27.864 [FXGL Background Thread 3 ] DEBUG Engine               - credits: []
19:00:27.864 [FXGL Background Thread 3 ] DEBUG Engine               - defaultCursor: CursorInfo(imageName=fxgl_default_cursor.png, hotspotX=7.0, hotspotY=6.0)
19:00:27.865 [FXGL Background Thread 3 ] DEBUG Engine               - devBBoxColorProperty: ObjectProperty [value: 0xff0000ff]
19:00:27.865 [FXGL Background Thread 3 ] DEBUG Engine               - devEnableDebugCameraProperty: BooleanProperty [value: false]
19:00:27.865 [FXGL Background Thread 3 ] DEBUG Engine               - devSensorColorProperty: ObjectProperty [value: 0xffff00ff]
19:00:27.865 [FXGL Background Thread 3 ] DEBUG Engine               - devShowBBoxProperty: BooleanProperty [value: false]
19:00:27.865 [FXGL Background Thread 3 ] DEBUG Engine               - devShowPositionProperty: BooleanProperty [value: false]
19:00:27.865 [FXGL Background Thread 3 ] DEBUG Engine               - enabledMenuItems: []
19:00:27.865 [FXGL Background Thread 3 ] DEBUG Engine               - engineServices: [class com.almasb.fxgl.app.services.FXGLAssetLoaderService, class com.almasb.fxgl.app.FXGLApplication$GameApplicationService, class com.almasb.fxgl.app.services.FXGLDialogService, class com.almasb.fxgl.app.services.IOTaskExecutorService, class com.almasb.fxgl.io.FileSystemService, class com.almasb.fxgl.localization.LocalizationService, class com.almasb.fxgl.app.services.SystemBundleService, class com.almasb.fxgl.profile.SaveLoadService, class com.almasb.fxgl.ui.FXGLUIFactoryServiceProvider, class com.almasb.fxgl.ui.FXGLDialogFactoryServiceProvider, class com.almasb.fxgl.audio.AudioPlayer, class com.almasb.fxgl.notification.impl.NotificationServiceProvider, class com.almasb.fxgl.achievement.AchievementService, class com.almasb.fxgl.cutscene.CutsceneService, class com.almasb.fxgl.minigames.MiniGameService, class com.almasb.fxgl.net.NetService, class com.almasb.fxgl.app.services.UpdaterService, class com.almasb.fxgl.dev.DevService]
19:00:27.865 [FXGL Background Thread 3 ] DEBUG Engine               - fontGame: Abel-Regular.ttf
19:00:27.866 [FXGL Background Thread 3 ] DEBUG Engine               - fontMono: TerminalLandMono-Regular.otf
19:00:27.866 [FXGL Background Thread 3 ] DEBUG Engine               - fontText: Courier-Prime.ttf
19:00:27.866 [FXGL Background Thread 3 ] DEBUG Engine               - fontUI: VarelaRound-Regular.ttf
19:00:27.866 [FXGL Background Thread 3 ] DEBUG Engine               - fullScreen: BooleanProperty [value: false]
19:00:27.866 [FXGL Background Thread 3 ] DEBUG Engine               - gameDifficulty: MEDIUM
19:00:27.866 [FXGL Background Thread 3 ] DEBUG Engine               - gameDifficultyProperty: ObjectProperty [value: MEDIUM]
19:00:27.866 [FXGL Background Thread 3 ] DEBUG Engine               - globalMusicVolume: 0.5
19:00:27.866 [FXGL Background Thread 3 ] DEBUG Engine               - globalMusicVolumeProperty: DoubleProperty [value: 0.5]
19:00:27.866 [FXGL Background Thread 3 ] DEBUG Engine               - globalSoundVolume: 0.5
19:00:27.866 [FXGL Background Thread 3 ] DEBUG Engine               - globalSoundVolumeProperty: DoubleProperty [value: 0.5]
19:00:27.867 [FXGL Background Thread 3 ] DEBUG Engine               - height: 640
19:00:27.867 [FXGL Background Thread 3 ] DEBUG Engine               - is3D: false
19:00:27.867 [FXGL Background Thread 3 ] DEBUG Engine               - isAndroid: false
19:00:27.867 [FXGL Background Thread 3 ] DEBUG Engine               - isBrowser: false
19:00:27.867 [FXGL Background Thread 3 ] DEBUG Engine               - isClickFeedbackEnabled: false
19:00:27.867 [FXGL Background Thread 3 ] DEBUG Engine               - isCloseConfirmation: false
19:00:27.867 [FXGL Background Thread 3 ] DEBUG Engine               - isDesktop: true
19:00:27.867 [FXGL Background Thread 3 ] DEBUG Engine               - isDeveloperMenuEnabled: true
19:00:27.867 [FXGL Background Thread 3 ] DEBUG Engine               - isEmbedded: false
19:00:27.867 [FXGL Background Thread 3 ] DEBUG Engine               - isEntityPreloadEnabled: true
19:00:27.868 [FXGL Background Thread 3 ] DEBUG Engine               - isExperimentalTiledLargeMap: false
19:00:27.868 [FXGL Background Thread 3 ] DEBUG Engine               - isFileSystemWriteAllowed: true
19:00:27.868 [FXGL Background Thread 3 ] DEBUG Engine               - isFullScreenAllowed: false
19:00:27.868 [FXGL Background Thread 3 ] DEBUG Engine               - isFullScreenFromStart: false
19:00:27.868 [FXGL Background Thread 3 ] DEBUG Engine               - isGameMenuEnabled: true
19:00:27.868 [FXGL Background Thread 3 ] DEBUG Engine               - isIOS: false
19:00:27.868 [FXGL Background Thread 3 ] DEBUG Engine               - isIntroEnabled: false
19:00:27.868 [FXGL Background Thread 3 ] DEBUG Engine               - isLinux: false
19:00:27.868 [FXGL Background Thread 3 ] DEBUG Engine               - isMac: false
19:00:27.868 [FXGL Background Thread 3 ] DEBUG Engine               - isMainMenuEnabled: true
19:00:27.868 [FXGL Background Thread 3 ] DEBUG Engine               - isManualResizeEnabled: false
19:00:27.869 [FXGL Background Thread 3 ] DEBUG Engine               - isMobile: false
19:00:27.869 [FXGL Background Thread 3 ] DEBUG Engine               - isNative: false
19:00:27.869 [FXGL Background Thread 3 ] DEBUG Engine               - isPauseMusicWhenMinimized: true
19:00:27.869 [FXGL Background Thread 3 ] DEBUG Engine               - isPreserveResizeRatio: false
19:00:27.869 [FXGL Background Thread 3 ] DEBUG Engine               - isProfilingEnabled: false
19:00:27.869 [FXGL Background Thread 3 ] DEBUG Engine               - isScaleAffectedOnResize: true
19:00:27.869 [FXGL Background Thread 3 ] DEBUG Engine               - isSingleStep: false
19:00:27.869 [FXGL Background Thread 3 ] DEBUG Engine               - isUserProfileEnabled: false
19:00:27.869 [FXGL Background Thread 3 ] DEBUG Engine               - isWindows: true
19:00:27.869 [FXGL Background Thread 3 ] DEBUG Engine               - language: ObjectProperty [value: ENGLISH]
19:00:27.869 [FXGL Background Thread 3 ] DEBUG Engine               - menuKey: ESCAPE
19:00:27.869 [FXGL Background Thread 3 ] DEBUG Engine               - mouseSensitivity: 0.2
19:00:27.869 [FXGL Background Thread 3 ] DEBUG Engine               - notificationViewClass: class com.almasb.fxgl.notification.view.XboxNotificationView
19:00:27.869 [FXGL Background Thread 3 ] DEBUG Engine               - pixelsPerMeter: 50.0
19:00:27.869 [FXGL Background Thread 3 ] DEBUG Engine               - platform: WINDOWS
19:00:27.869 [FXGL Background Thread 3 ] DEBUG Engine               - prefHeightProperty: ReadOnlyDoubleProperty [value: 640.0]
19:00:27.869 [FXGL Background Thread 3 ] DEBUG Engine               - prefWidthProperty: ReadOnlyDoubleProperty [value: 1024.0]
19:00:27.869 [FXGL Background Thread 3 ] DEBUG Engine               - profileDir: profiles/
19:00:27.869 [FXGL Background Thread 3 ] DEBUG Engine               - profileName: StringProperty [value: DEFAULT]
19:00:27.869 [FXGL Background Thread 3 ] DEBUG Engine               - randomSeed: -1
19:00:27.871 [FXGL Background Thread 3 ] DEBUG Engine               - runtimeInfo: RuntimeInfo(platform=WINDOWS, version=17.1, build=24.03.2022 17.34)
19:00:27.871 [FXGL Background Thread 3 ] DEBUG Engine               - saveFileExt: sav
19:00:27.871 [FXGL Background Thread 3 ] DEBUG Engine               - scaledHeightProp$fxgl: DoubleProperty [bound, value: 640.0]
19:00:27.871 [FXGL Background Thread 3 ] DEBUG Engine               - scaledWidthProp$fxgl: DoubleProperty [bound, value: 1024.0]
19:00:27.871 [FXGL Background Thread 3 ] DEBUG Engine               - sceneFactory: com.almasb.fxgl.app.scene.SceneFactory@731ab981
19:00:27.872 [FXGL Background Thread 3 ] DEBUG Engine               - secondsIn24h: 60
19:00:27.872 [FXGL Background Thread 3 ] DEBUG Engine               - soundMenuBack: menu/back.wav
19:00:27.872 [FXGL Background Thread 3 ] DEBUG Engine               - soundMenuPress: menu/press.wav
19:00:27.872 [FXGL Background Thread 3 ] DEBUG Engine               - soundMenuSelect: menu/select.wav
19:00:27.872 [FXGL Background Thread 3 ] DEBUG Engine               - soundNotification: core/notification.wav
19:00:27.872 [FXGL Background Thread 3 ] DEBUG Engine               - stageStyle: DECORATED
19:00:27.872 [FXGL Background Thread 3 ] DEBUG Engine               - supportedLanguages: [ENGLISH, FRENCH, GERMAN, HUNGARIAN, RUSSIAN]
19:00:27.872 [FXGL Background Thread 3 ] DEBUG Engine               - ticksPerSecond: -1
19:00:27.872 [FXGL Background Thread 3 ] DEBUG Engine               - title: Short platformer game
19:00:27.872 [FXGL Background Thread 3 ] DEBUG Engine               - urlGithub: https://github.com/AlmasB/FXGL
19:00:27.872 [FXGL Background Thread 3 ] DEBUG Engine               - urlLeaderboard: http://fxgl-top.herokuapp.com/
19:00:27.873 [FXGL Background Thread 3 ] DEBUG Engine               - urlPOM: https://raw.githubusercontent.com/AlmasB/FXGL/release/README.md
19:00:27.873 [FXGL Background Thread 3 ] DEBUG Engine               - userAppClass: class org.platformer.PlatformerApp
19:00:27.873 [FXGL Background Thread 3 ] DEBUG Engine               - version: 0.1
19:00:27.873 [FXGL Background Thread 3 ] DEBUG Engine               - versionCheckDays: 7
19:00:27.873 [FXGL Background Thread 3 ] DEBUG Engine               - width: 1024
19:00:27.873 [FXGL Background Thread 3 ] DEBUG Engine               - Logging services
19:00:27.873 [FXGL Background Thread 3 ] DEBUG Engine               - class com.almasb.fxgl.app.services.FXGLAssetLoaderService
19:00:27.873 [FXGL Background Thread 3 ] DEBUG Engine               - class com.almasb.fxgl.app.FXGLApplication$GameApplicationService
19:00:27.873 [FXGL Background Thread 3 ] DEBUG Engine               - class com.almasb.fxgl.app.services.FXGLDialogService
19:00:27.874 [FXGL Background Thread 3 ] DEBUG Engine               - class com.almasb.fxgl.app.services.IOTaskExecutorService
19:00:27.874 [FXGL Background Thread 3 ] DEBUG Engine               - class com.almasb.fxgl.io.FileSystemService
19:00:27.874 [FXGL Background Thread 3 ] DEBUG Engine               - class com.almasb.fxgl.localization.LocalizationService
19:00:27.874 [FXGL Background Thread 3 ] DEBUG Engine               - class com.almasb.fxgl.app.services.SystemBundleService
19:00:27.874 [FXGL Background Thread 3 ] DEBUG Engine               - class com.almasb.fxgl.profile.SaveLoadService
19:00:27.874 [FXGL Background Thread 3 ] DEBUG Engine               - class com.almasb.fxgl.ui.FXGLUIFactoryServiceProvider
19:00:27.874 [FXGL Background Thread 3 ] DEBUG Engine               - class com.almasb.fxgl.ui.FXGLDialogFactoryServiceProvider
19:00:27.875 [FXGL Background Thread 3 ] DEBUG Engine               - class com.almasb.fxgl.audio.AudioPlayer
19:00:27.875 [FXGL Background Thread 3 ] DEBUG Engine               - class com.almasb.fxgl.notification.impl.NotificationServiceProvider
19:00:27.875 [FXGL Background Thread 3 ] DEBUG Engine               - class com.almasb.fxgl.achievement.AchievementService
19:00:27.875 [FXGL Background Thread 3 ] DEBUG Engine               - class com.almasb.fxgl.cutscene.CutsceneService
19:00:27.875 [FXGL Background Thread 3 ] DEBUG Engine               - class com.almasb.fxgl.minigames.MiniGameService
19:00:27.875 [FXGL Background Thread 3 ] DEBUG Engine               - class com.almasb.fxgl.net.NetService
19:00:27.875 [FXGL Background Thread 3 ] DEBUG Engine               - class com.almasb.fxgl.app.services.UpdaterService
19:00:27.875 [FXGL Background Thread 3 ] DEBUG Engine               - class com.almasb.fxgl.dev.DevService
19:00:33.995 [JavaFX Application Thread] DEBUG FXGL.DefaultMenu     - createContentVideo()
19:00:37.152 [JavaFX Application Thread] DEBUG FXGL.DefaultMenu     - createContentControls()
19:00:43.146 [JavaFX Application Thread] DEBUG Menu                 - fireNewGame()
19:00:43.147 [JavaFX Application Thread] DEBUG GameApplicationServi - Starting new game
19:00:43.148 [JavaFX Application Thread] DEBUG PrimaryStageWindow   - Pop state: FXGLDefaultMenu
19:00:43.148 [JavaFX Application Thread] DEBUG Input                - Clearing active input actions
19:00:43.149 [JavaFX Application Thread] DEBUG GameApplicationServi - Removing overlay from FXGLDefaultMenu and adding to FXGLMainMenuDummyScene
19:00:43.151 [JavaFX Application Thread] DEBUG PrimaryStageWindow   - FXGLMainMenuDummyScene <- FXGLDefaultMenu
19:00:43.152 [JavaFX Application Thread] DEBUG Input                - Clearing active input actions
19:00:43.175 [JavaFX Application Thread] DEBUG GameApplicationServi - Removing overlay from FXGLMainMenuDummyScene and adding to FXGLLoadingScene
19:00:43.176 [JavaFX Application Thread] DEBUG PrimaryStageWindow   - FXGLMainMenuDummyScene -> FXGLLoadingScene
19:00:43.176 [JavaFX Application Thread] DEBUG GameApplicationServi - Clearing previous game
19:00:43.176 [JavaFX Application Thread] DEBUG GameScene            - Clearing game scene
19:00:43.177 [JavaFX Application Thread] DEBUG GameWorld            - Clearing game world
19:00:43.177 [JavaFX Application Thread] DEBUG PhysicsWorld         - Clearing physics world
19:00:43.181 [FXGL Background Thread 2 ] DEBUG FXGLApplication      - Initializing game
19:00:43.196 [FXGL Background Thread 2 ] DEBUG FXGLAssetLoaderServi - Loading from file system: file:/C:/Users/sande/IdeaProjects/Java%20Advanced/ShortburstProject/Short_platformer_game/target/classes/assets/music/POL-lone-wolf-short.wav
19:00:43.380 [FXGL Background Thread 2 ] DEBUG AudioPlayer          - Playing music com.almasb.fxgl.audio.Music@2be0c028
19:00:43.461 [FXGL Background Thread 2 ] DEBUG TMXLevelLoader       - Parsed TiledMap: file:/C:/Users/sande/IdeaProjects/Java%20Advanced/ShortburstProject/Short_platformer_game/target/classes/assets/levels/level1.tmx
19:00:43.463 [FXGL Background Thread 2 ] DEBUG TMXLevelLoader       - Creating tile layer entities
19:00:43.465 [FXGL Background Thread 2 ] DEBUG TilesetLoader        - Loading view for layer Tile Layer 1
19:00:43.476 [FXGL Background Thread 2 ] DEBUG TilesetLoader        - Created buffer with size 8000.0x640.0
19:00:43.498 [FXGL Background Thread 2 ] DEBUG TMXLevelLoader       - Creating object layer entities
19:00:43.506 [FXGL Background Thread 2 ] DEBUG FXGLAssetLoaderServi - Loading from file system: file:/C:/Users/sande/IdeaProjects/Java%20Advanced/ShortburstProject/Short_platformer_game/target/classes/assets/textures/Items/Fruits/Bananas.png
19:00:43.521 [FXGL Background Thread 2 ] DEBUG FXGLAssetLoaderServi - Loading from file system: file:/C:/Users/sande/IdeaProjects/Java%20Advanced/ShortburstProject/Short_platformer_game/target/classes/assets/textures/Items/Checkpoints/End/End%20(Idle).png
19:00:43.523 [FXGL Background Thread 2 ] DEBUG FXGLAssetLoaderServi - Loading from file system: file:/C:/Users/sande/IdeaProjects/Java%20Advanced/ShortburstProject/Short_platformer_game/target/classes/assets/textures/Items/Fruits/Orange.png
19:00:43.524 [FXGL Background Thread 2 ] DEBUG FXGLAssetLoaderServi - Loading from file system: file:/C:/Users/sande/IdeaProjects/Java%20Advanced/ShortburstProject/Short_platformer_game/target/classes/assets/textures/Items/Fruits/Melon.png
19:00:43.525 [FXGL Background Thread 2 ] DEBUG FXGLAssetLoaderServi - Loading from file system: file:/C:/Users/sande/IdeaProjects/Java%20Advanced/ShortburstProject/Short_platformer_game/target/classes/assets/textures/Enemies/Mushroom/Idle%20(32x32).png
19:00:43.527 [FXGL Background Thread 2 ] DEBUG FXGLAssetLoaderServi - Loading from file system: file:/C:/Users/sande/IdeaProjects/Java%20Advanced/ShortburstProject/Short_platformer_game/target/classes/assets/textures/Enemies/Mushroom/Run%20(32x32).png
19:00:43.529 [FXGL Background Thread 2 ] DEBUG FXGLAssetLoaderServi - Loading from file system: file:/C:/Users/sande/IdeaProjects/Java%20Advanced/ShortburstProject/Short_platformer_game/target/classes/assets/textures/Enemies/Mushroom/Hit.png
19:00:43.571 [FXGL Background Thread 2 ] DEBUG FXGLAssetLoaderServi - Loading from file system: file:/C:/Users/sande/IdeaProjects/Java%20Advanced/ShortburstProject/Short_platformer_game/target/classes/assets/textures/Items/Boxes/Box1/Idle.png
19:00:43.572 [FXGL Background Thread 2 ] DEBUG FXGLAssetLoaderServi - Loading from file system: file:/C:/Users/sande/IdeaProjects/Java%20Advanced/ShortburstProject/Short_platformer_game/target/classes/assets/textures/Items/Boxes/Box1/Hit%20(28x24).png
19:00:43.574 [FXGL Background Thread 2 ] DEBUG FXGLAssetLoaderServi - Loading from file system: file:/C:/Users/sande/IdeaProjects/Java%20Advanced/ShortburstProject/Short_platformer_game/target/classes/assets/textures/Items/Other/Heart%20(16x16).png
19:00:43.576 [FXGL Background Thread 2 ] DEBUG FXGLAssetLoaderServi - Loading from file system: file:/C:/Users/sande/IdeaProjects/Java%20Advanced/ShortburstProject/Short_platformer_game/target/classes/assets/textures/Items/Fruits/Pineapple.png
19:00:43.579 [FXGL Background Thread 2 ] DEBUG FXGLAssetLoaderServi - Loading from file system: file:/C:/Users/sande/IdeaProjects/Java%20Advanced/ShortburstProject/Short_platformer_game/target/classes/assets/textures/Items/Fruits/Kiwi.png
19:00:43.584 [FXGL Background Thread 2 ] DEBUG FXGLAssetLoaderServi - Loading from file system: file:/C:/Users/sande/IdeaProjects/Java%20Advanced/ShortburstProject/Short_platformer_game/target/classes/assets/textures/Items/Fruits/Cherries.png
19:00:43.587 [FXGL Background Thread 2 ] DEBUG FXGLAssetLoaderServi - Loading from file system: file:/C:/Users/sande/IdeaProjects/Java%20Advanced/ShortburstProject/Short_platformer_game/target/classes/assets/textures/Items/Fruits/Apple.png
19:00:43.589 [FXGL Background Thread 2 ] DEBUG FXGLAssetLoaderServi - Loading from file system: file:/C:/Users/sande/IdeaProjects/Java%20Advanced/ShortburstProject/Short_platformer_game/target/classes/assets/textures/Items/Fruits/Strawberry.png
19:00:43.672 [FXGL Background Thread 2 ] DEBUG FXGLAssetLoaderServi - Loading from file system: file:/C:/Users/sande/IdeaProjects/Java%20Advanced/ShortburstProject/Short_platformer_game/target/classes/assets/textures/Items/Checkpoints/Checkpoint/Checkpoint%20(Flag%20Out)%20(64x64).png
19:00:43.674 [FXGL Background Thread 2 ] DEBUG FXGLAssetLoaderServi - Loading from file system: file:/C:/Users/sande/IdeaProjects/Java%20Advanced/ShortburstProject/Short_platformer_game/target/classes/assets/textures/Items/Checkpoints/Checkpoint/Checkpoint%20(Flag%20Idle)%20(64x64).png
19:00:43.686 [FXGL Background Thread 2 ] DEBUG FXGLAssetLoaderServi - Loading from file system: file:/C:/Users/sande/IdeaProjects/Java%20Advanced/ShortburstProject/Short_platformer_game/target/classes/assets/textures/Items/Checkpoints/Checkpoint/Checkpoint%20(No%20Flag).png
19:00:43.691 [FXGL Background Thread 2 ] DEBUG FXGLAssetLoaderServi - Loading from file system: file:/C:/Users/sande/IdeaProjects/Java%20Advanced/ShortburstProject/Short_platformer_game/target/classes/assets/textures/Items/Checkpoints/Start/Start%20(Moving)%20(64x64).png
19:00:43.706 [FXGL Background Thread 2 ] DEBUG GameWorld            - Clearing removable entities
19:00:43.706 [FXGL Background Thread 2 ] DEBUG GameWorld            - Setting level: com.almasb.fxgl.entity.level.Level@7018e6ee
19:00:43.726 [FXGL Background Thread 2 ] DEBUG FXGLAssetLoaderServi - Loading from file system: file:/C:/Users/sande/IdeaProjects/Java%20Advanced/ShortburstProject/Short_platformer_game/target/classes/assets/textures/Virtual%20Guy/Idle%20(32x32).png
19:00:43.729 [FXGL Background Thread 2 ] DEBUG FXGLAssetLoaderServi - Loading from file system: file:/C:/Users/sande/IdeaProjects/Java%20Advanced/ShortburstProject/Short_platformer_game/target/classes/assets/textures/Virtual%20Guy/Run%20(32x32).png
19:00:43.731 [FXGL Background Thread 2 ] DEBUG FXGLAssetLoaderServi - Loading from file system: file:/C:/Users/sande/IdeaProjects/Java%20Advanced/ShortburstProject/Short_platformer_game/target/classes/assets/textures/Virtual%20Guy/Jump%20(32x32).png
19:00:43.732 [FXGL Background Thread 2 ] DEBUG FXGLAssetLoaderServi - Loading from file system: file:/C:/Users/sande/IdeaProjects/Java%20Advanced/ShortburstProject/Short_platformer_game/target/classes/assets/textures/Virtual%20Guy/Double%20Jump%20(32x32).png
19:00:43.733 [FXGL Background Thread 2 ] DEBUG FXGLAssetLoaderServi - Loading from file system: file:/C:/Users/sande/IdeaProjects/Java%20Advanced/ShortburstProject/Short_platformer_game/target/classes/assets/textures/Virtual%20Guy/Fall%20(32x32).png
19:00:43.733 [FXGL Background Thread 2 ] DEBUG FXGLAssetLoaderServi - Loading from file system: file:/C:/Users/sande/IdeaProjects/Java%20Advanced/ShortburstProject/Short_platformer_game/target/classes/assets/textures/Virtual%20Guy/Disappearing%20(32x32).png
19:00:43.736 [FXGL Background Thread 2 ] DEBUG FXGLAssetLoaderServi - Loading from file system: file:/C:/Users/sande/IdeaProjects/Java%20Advanced/ShortburstProject/Short_platformer_game/target/classes/assets/textures/Virtual%20Guy/Appearing%20(32x32).png
19:00:43.737 [FXGL Background Thread 2 ] DEBUG FXGLAssetLoaderServi - Loading from file system: file:/C:/Users/sande/IdeaProjects/Java%20Advanced/ShortburstProject/Short_platformer_game/target/classes/assets/textures/Virtual%20Guy/Hit%20(32x32).png
19:00:43.750 [FXGL Background Thread 2 ] DEBUG FXGLAssetLoaderServi - Loading from file system: file:/C:/Users/sande/IdeaProjects/Java%20Advanced/ShortburstProject/Short_platformer_game/target/classes/assets/textures/Background/Blue.png
19:00:43.754 [FXGL Background Thread 2 ] DEBUG FXGLAssetLoaderServi - Loading from file system: file:/C:/Users/sande/IdeaProjects/Java%20Advanced/ShortburstProject/Short_platformer_game/target/classes/assets/textures/Items/Other/Heart%20(64x64).png
19:00:43.757 [FXGL Background Thread 2 ] DEBUG FXGLAssetLoaderServi - Loading from file system: file:/C:/Users/sande/IdeaProjects/Java%20Advanced/ShortburstProject/Short_platformer_game/target/classes/assets/textures/Items/Fruits/Apple%20(64x64).png
19:00:43.763 [FXGL Background Thread 2 ] INFO  FXGLApplication      - Game initialization took: 0.581 sec
19:00:43.783 [JavaFX Application Thread] DEBUG Input                - Clearing active input actions
19:00:43.789 [JavaFX Application Thread] DEBUG GameApplicationServi - Removing overlay from FXGLLoadingScene and adding to GameScene
19:00:43.791 [JavaFX Application Thread] DEBUG PrimaryStageWindow   - FXGLLoadingScene -> GameScene
19:00:45.231 [JavaFX Application Thread] DEBUG FXGLAssetLoaderServi - Loading from file system: file:/C:/Users/sande/IdeaProjects/Java%20Advanced/ShortburstProject/Short_platformer_game/target/classes/assets/sounds/player/jump.wav
19:00:50.135 [JavaFX Application Thread] DEBUG FXGLAssetLoaderServi - Loading from file system: file:/C:/Users/sande/IdeaProjects/Java%20Advanced/ShortburstProject/Short_platformer_game/target/classes/assets/sounds/items/powerupbox/powerupboxhit.wav
19:00:50.665 [JavaFX Application Thread] DEBUG Input                - Registered new binding: Up - Up
19:00:50.666 [JavaFX Application Thread] DEBUG Input                - Registered new binding: Down - Down
19:00:50.666 [JavaFX Application Thread] DEBUG Input                - Registered new binding: Right - Right
19:00:50.666 [JavaFX Application Thread] DEBUG Input                - Registered new binding: Left - Left
19:00:50.666 [JavaFX Application Thread] DEBUG PrimaryStageWindow   - Push state: MiniGameSubScene
19:00:50.666 [JavaFX Application Thread] DEBUG Input                - Clearing active input actions
19:00:50.666 [JavaFX Application Thread] DEBUG GameApplicationServi - Removing overlay from GameScene and adding to MiniGameSubScene
19:00:50.667 [JavaFX Application Thread] DEBUG PrimaryStageWindow   - GameScene -> MiniGameSubScene
19:01:07.846 [JavaFX Application Thread] DEBUG PrimaryStageWindow   - Pop state: MiniGameSubScene
19:01:07.846 [JavaFX Application Thread] DEBUG Input                - Clearing active input actions
19:01:07.848 [JavaFX Application Thread] DEBUG GameApplicationServi - Removing overlay from MiniGameSubScene and adding to GameScene
19:01:07.850 [JavaFX Application Thread] DEBUG PrimaryStageWindow   - GameScene <- MiniGameSubScene
19:01:11.862 [JavaFX Application Thread] DEBUG FXGLAssetLoaderServi - Loading from file system: file:/C:/Users/sande/IdeaProjects/Java%20Advanced/ShortburstProject/Short_platformer_game/target/classes/assets/sounds/items/fruit/fruitget.wav
19:01:15.096 [JavaFX Application Thread] DEBUG FXGLAssetLoaderServi - Loading from file system: file:/C:/Users/sande/IdeaProjects/Java%20Advanced/ShortburstProject/Short_platformer_game/target/classes/assets/sounds/enemy/enemyhit.wav
19:01:47.943 [JavaFX Application Thread] DEBUG FXGLAssetLoaderServi - Loading from file system: file:/C:/Users/sande/IdeaProjects/Java%20Advanced/ShortburstProject/Short_platformer_game/target/classes/assets/sounds/items/checkpoint/checkpointget.wav
19:01:50.347 [JavaFX Application Thread] DEBUG FXGLAssetLoaderServi - Loading from file system: file:/C:/Users/sande/IdeaProjects/Java%20Advanced/ShortburstProject/Short_platformer_game/target/classes/assets/sounds/player/died.wav
19:01:50.356 [JavaFX Application Thread] DEBUG FXGLAssetLoaderServi - Loading from file system: file:/C:/Users/sande/IdeaProjects/Java%20Advanced/ShortburstProject/Short_platformer_game/target/classes/assets/textures/Items/Other/Heart%20Empty%20(64x64).png
19:01:55.253 [JavaFX Application Thread] DEBUG Input                - Registered new binding: Up - Up
19:01:55.254 [JavaFX Application Thread] DEBUG Input                - Registered new binding: Down - Down
19:01:55.254 [JavaFX Application Thread] DEBUG Input                - Registered new binding: Right - Right
19:01:55.254 [JavaFX Application Thread] DEBUG Input                - Registered new binding: Left - Left
19:01:55.254 [JavaFX Application Thread] DEBUG PrimaryStageWindow   - Push state: MiniGameSubScene
19:01:55.254 [JavaFX Application Thread] DEBUG Input                - Clearing active input actions
19:01:55.254 [JavaFX Application Thread] DEBUG GameApplicationServi - Removing overlay from GameScene and adding to MiniGameSubScene
19:01:55.255 [JavaFX Application Thread] DEBUG PrimaryStageWindow   - GameScene -> MiniGameSubScene
19:02:19.478 [JavaFX Application Thread] DEBUG PrimaryStageWindow   - Pop state: MiniGameSubScene
19:02:19.479 [JavaFX Application Thread] DEBUG Input                - Clearing active input actions
19:02:19.479 [JavaFX Application Thread] DEBUG GameApplicationServi - Removing overlay from MiniGameSubScene and adding to GameScene
19:02:19.481 [JavaFX Application Thread] DEBUG PrimaryStageWindow   - GameScene <- MiniGameSubScene
19:02:22.213 [JavaFX Application Thread] DEBUG FXGLAssetLoaderServi - Loading from file system: file:/C:/Users/sande/IdeaProjects/Java%20Advanced/ShortburstProject/Short_platformer_game/target/classes/assets/sounds/player/shoot.wav
19:02:41.530 [JavaFX Application Thread] DEBUG FXGLAssetLoaderServi - Loading from file system: file:/C:/Users/sande/IdeaProjects/Java%20Advanced/ShortburstProject/Short_platformer_game/target/classes/assets/sounds/extralife.wav
19:02:47.385 [JavaFX Application Thread] DEBUG FXGLAssetLoaderServi - Loading from file system: file:/C:/Users/sande/IdeaProjects/Java%20Advanced/ShortburstProject/Short_platformer_game/target/classes/assets/textures/Items/Other/Heart%20Blue%20(64x64).png
19:03:06.711 [JavaFX Application Thread] DEBUG FXGLApplication      - Exiting FXGL
19:03:06.712 [JavaFX Application Thread] DEBUG LoopRunner           - Stopping loop
19:03:06.712 [JavaFX Application Thread] DEBUG SystemBundleService  - Saving FXGL system data
19:03:06.716 [JavaFX Application Thread] DEBUG FileSystemAccess     - Writing to: C:\Users\sande\IdeaProjects\Java Advanced\ShortburstProject\Short_platformer_game\system\fxgl.bundle
19:03:06.721 [JavaFX Application Thread] DEBUG Async                - Shutting down background threads
19:03:06.721 [JavaFX Application Thread] DEBUG PrimaryStageWindow   - Closing main window
19:03:06.762 [JavaFX Application Thread] DEBUG Logger               - Closing Logger
