01:39:02.297 [main                     ] DEBUG Logger               - Configured Logger
01:39:02.320 [main                     ] DEBUG GameApplication      - Logging settings
Title: Short platformer game
Version: 0.1
Width: 1024
Height: 640
Fullscreen: false
Intro: false
Profiling: false
Single step:false
App Mode: DEVELOPER
Menu Key: ESCAPE
Stage Style: DECORATED
Scene Factory: class com.almasb.fxgl.app.scene.SceneFactory

01:39:02.637 [JavaFX Application Thread] DEBUG FXGLApplication      - Initializing FXGL
01:39:02.647 [JavaFX Application Thread] INFO  Engine               - FXGL-17.1 (24.03.2022 17.34) on WINDOWS (J:19.0.1 FX:18)
01:39:02.648 [JavaFX Application Thread] DEBUG Engine               - JRE Vendor Name: Oracle Corporation
01:39:02.648 [JavaFX Application Thread] DEBUG Engine               - Running on OS: Windows 10 version 10.0
01:39:02.649 [JavaFX Application Thread] DEBUG Engine               - Architecture: amd64
01:39:02.649 [JavaFX Application Thread] INFO  Engine               - Source code and latest versions at: https://github.com/AlmasB/FXGL
01:39:02.649 [JavaFX Application Thread] INFO  Engine               -       Ask questions and discuss at: https://github.com/AlmasB/FXGL/discussions
01:39:02.649 [JavaFX Application Thread] INFO  Engine               -              Join the FXGL chat at: https://gitter.im/AlmasB/FXGL
01:39:02.754 [JavaFX Application Thread] DEBUG PrimaryStageWindow   - Creating a JavaFX scene
01:39:02.830 [JavaFX Application Thread] DEBUG PrimaryStageWindow   - Target settings size: 1024.0 x 640.0
01:39:02.831 [JavaFX Application Thread] DEBUG PrimaryStageWindow   - Scaled scene size:    1024.0 x 640.0
01:39:02.831 [JavaFX Application Thread] DEBUG PrimaryStageWindow   - Scaled ratio: (1.0, 1.0)
01:39:02.833 [JavaFX Application Thread] DEBUG PrimaryStageWindow   - Set initial scene to FXGLStartupScene
01:39:02.844 [JavaFX Application Thread] DEBUG PrimaryStageWindow   - Opening main window
01:39:02.962 [JavaFX Application Thread] DEBUG PrimaryStageWindow   - Window border size: (14.4000244140625, 37.5999755859375)
01:39:02.964 [JavaFX Application Thread] DEBUG PrimaryStageWindow   - Scaled size: 1024.0 x 640.0
01:39:02.964 [JavaFX Application Thread] DEBUG PrimaryStageWindow   - Scaled ratio: (1.0, 1.0)
01:39:02.964 [JavaFX Application Thread] DEBUG PrimaryStageWindow   - Scene size: 1024.0 x 640.0
01:39:02.965 [JavaFX Application Thread] DEBUG PrimaryStageWindow   - Stage size: 1038.4000244140625 x 677.5999755859375
01:39:02.976 [FXGL Background Thread 1 ] DEBUG Engine               - Initializing environment variables
01:39:03.034 [FXGL Background Thread 1 ] DEBUG FXGLAssetLoaderServi - User app class for loading assets: class org.platformer.PlatformerApp
01:39:03.036 [FXGL Background Thread 1 ] DEBUG GameApplicationServi - Applying CSS: fxgl_dark.css
01:39:03.036 [FXGL Background Thread 1 ] DEBUG FXGLAssetLoaderServi - Loading from file system: jar:file:///C:/Users/sande/.m2/repository/com/github/almasb/fxgl/17.1/fxgl-17.1.jar!/fxglassets/ui/css/fxgl_dark.css
01:39:03.089 [FXGL Background Thread 1 ] DEBUG GameApplicationServi - Initializing application scenes
01:39:03.133 [FXGL Background Thread 1 ] DEBUG GameWorld            - Game world initialized
01:39:03.200 [FXGL Background Thread 1 ] DEBUG PhysicsWorld         - Physics world initialized: appHeight=640, physics.ppm=50.0
01:39:03.201 [FXGL Background Thread 1 ] DEBUG PhysicsWorld         - Using strategy: BRUTE_FORCE
01:39:03.205 [FXGL Background Thread 1 ] DEBUG GameScene            - Game scene initialized: 1024x640
01:39:03.217 [FXGL Background Thread 1 ] DEBUG FXGL.DefaultMenu     - createMenuBodyGameMenu()
01:39:03.231 [FXGL Background Thread 1 ] DEBUG FXGL.DefaultMenu     - createOptionsMenu()
01:39:03.246 [FXGL Background Thread 1 ] DEBUG FXGLAssetLoaderServi - Loading from file system: jar:file:///C:/Users/sande/.m2/repository/com/github/almasb/fxgl/17.1/fxgl-17.1.jar!/fxglassets/textures/particles/smoke.png
01:39:03.335 [FXGL Background Thread 1 ] DEBUG FXGLAssetLoaderServi - Loading from file system: jar:file:///C:/Users/sande/.m2/repository/com/github/almasb/fxgl/17.1/fxgl-17.1.jar!/fxglassets/textures/particles/trace_horizontal.png
01:39:03.372 [FXGL Background Thread 1 ] DEBUG GameApplicationServi - Application scenes initialized
01:39:03.383 [FXGL Background Thread 1 ] DEBUG SystemBundleService  - Loading FXGL system data
01:39:03.388 [FXGL Background Thread 1 ] DEBUG FileSystemAccess     - Reading from: C:\Users\sande\IdeaProjects\Java Advanced\ShortburstProject\Short_platformer_game\system\fxgl.bundle
01:39:03.396 [FXGL Background Thread 1 ] DEBUG SystemBundleService  - Bundle FXGL: {}
01:39:03.397 [FXGL Background Thread 1 ] DEBUG UpdaterService       - Checking for updates
01:39:03.424 [FXGL Background Thread 4 ] DEBUG FXGLApplication      - Loading fonts
01:39:03.425 [FXGL Background Thread 1 ] DEBUG FXGLApplication      - Loading default localization
01:39:03.425 [FXGL Background Thread 4 ] DEBUG FXGLAssetLoaderServi - Loading from file system: jar:file:///C:/Users/sande/.m2/repository/com/github/almasb/fxgl/17.1/fxgl-17.1.jar!/fxglassets/ui/fonts/VarelaRound-Regular.ttf
01:39:03.425 [FXGL Background Thread 1 ] DEBUG FXGLAssetLoaderServi - Loading from file system: jar:file:///C:/Users/sande/.m2/repository/com/github/almasb/fxgl/17.1/fxgl-17.1.jar!/fxglassets/languages/english.lang
01:39:03.450 [FXGL Background Thread 1 ] INFO  FXGLApplication      - FXGL initialization took: 0.475 sec
01:39:03.461 [JavaFX Application Thread] DEBUG Input                - Registered new binding: Left - Left
01:39:03.461 [JavaFX Application Thread] DEBUG Input                - Registered new binding: Right - Right
01:39:03.461 [JavaFX Application Thread] DEBUG Input                - Registered new binding: Jump - Up
01:39:03.462 [JavaFX Application Thread] DEBUG Input                - Registered new binding: Stomp - Down
01:39:03.462 [JavaFX Application Thread] DEBUG Input                - Registered new binding: Shoot - Z
01:39:03.462 [JavaFX Application Thread] DEBUG Input                - Registered new binding: getCoordinates - C
01:39:03.463 [JavaFX Application Thread] DEBUG FXGLAssetLoaderServi - Loading from file system: jar:file:///C:/Users/sande/.m2/repository/com/github/almasb/fxgl/17.1/fxgl-17.1.jar!/fxglassets/textures/fxgl_icon.png
01:39:03.487 [FXGL Background Thread 4 ] DEBUG FXGLAssetLoaderServi - Loading from file system: jar:file:///C:/Users/sande/.m2/repository/com/github/almasb/fxgl/17.1/fxgl-17.1.jar!/fxglassets/ui/fonts/Abel-Regular.ttf
01:39:03.490 [JavaFX Application Thread] DEBUG FXGLAssetLoaderServi - Loading from file system: jar:file:///C:/Users/sande/.m2/repository/com/github/almasb/fxgl/17.1/fxgl-17.1.jar!/fxglassets/textures/fxgl_default_cursor.png
01:39:03.494 [JavaFX Application Thread] DEBUG Input                - Registered new binding: Screenshot - CTRL+8
01:39:03.494 [JavaFX Application Thread] DEBUG Input                - Registered new binding: Dev Options - 1
01:39:03.494 [JavaFX Application Thread] DEBUG Input                - Registered new binding: Dev Console - 2
01:39:03.495 [JavaFX Application Thread] DEBUG Input                - Registered new binding: System info dump - CTRL+9
01:39:03.495 [JavaFX Application Thread] DEBUG Input                - Registered new binding: Restart - CTRL+R
01:39:03.496 [JavaFX Application Thread] DEBUG Input                - Registered new binding: Toggle Debug Camera - CTRL+7
01:39:03.498 [JavaFX Application Thread] DEBUG LoopRunner           - Starting loop
01:39:03.499 [FXGL Background Thread 4 ] DEBUG FXGLAssetLoaderServi - Loading from file system: jar:file:///C:/Users/sande/.m2/repository/com/github/almasb/fxgl/17.1/fxgl-17.1.jar!/fxglassets/ui/fonts/TerminalLandMono-Regular.otf
01:39:03.511 [JavaFX Application Thread] DEBUG LoopRunner           - Initializing JavaFX AnimationTimerLoop
01:39:03.512 [JavaFX Application Thread] DEBUG GameApplicationServi - Starting new game
01:39:03.512 [JavaFX Application Thread] DEBUG Input                - Clearing active input actions
01:39:03.522 [FXGL Background Thread 4 ] DEBUG FXGLAssetLoaderServi - Loading from file system: jar:file:///C:/Users/sande/.m2/repository/com/github/almasb/fxgl/17.1/fxgl-17.1.jar!/fxglassets/ui/fonts/Courier-Prime.ttf
01:39:03.529 [JavaFX Application Thread] DEBUG GameApplicationServi - Removing overlay from FXGLStartupScene and adding to FXGLLoadingScene
01:39:03.532 [JavaFX Application Thread] DEBUG PrimaryStageWindow   - FXGLStartupScene -> FXGLLoadingScene
01:39:03.532 [JavaFX Application Thread] DEBUG GameApplicationServi - Clearing previous game
01:39:03.532 [JavaFX Application Thread] DEBUG GameScene            - Clearing game scene
01:39:03.532 [JavaFX Application Thread] DEBUG GameWorld            - Clearing game world
01:39:03.533 [JavaFX Application Thread] DEBUG PhysicsWorld         - Clearing physics world
01:39:03.535 [FXGL Background Thread 1 ] DEBUG FXGLApplication      - Initializing game
01:39:03.614 [FXGL Background Thread 1 ] DEBUG TMXLevelLoader       - Parsed TiledMap: file:/C:/Users/sande/IdeaProjects/Java%20Advanced/ShortburstProject/Short_platformer_game/target/classes/assets/levels/tmx/platformer.tmx
01:39:03.615 [FXGL Background Thread 1 ] DEBUG TMXLevelLoader       - Creating tile layer entities
01:39:03.617 [FXGL Background Thread 1 ] DEBUG TilesetLoader        - Loading view for layer Tile Layer 1
01:39:03.617 [FXGL Background Thread 1 ] DEBUG TilesetLoader        - Created buffer with size 1024.0x640.0
01:39:03.635 [FXGL Background Thread 1 ] DEBUG TMXLevelLoader       - Creating object layer entities
01:39:03.660 [FXGL Background Thread 1 ] DEBUG FXGLAssetLoaderServi - Loading from file system: file:/C:/Users/sande/IdeaProjects/Java%20Advanced/ShortburstProject/Short_platformer_game/target/classes/assets/textures/Items/Checkpoints/End/End%20(Idle).png
01:39:03.665 [FXGL Background Thread 1 ] DEBUG FXGLAssetLoaderServi - Loading from file system: file:/C:/Users/sande/IdeaProjects/Java%20Advanced/ShortburstProject/Short_platformer_game/target/classes/assets/textures/Items/Boxes/Box1/Idle.png
01:39:03.702 [FXGL Background Thread 1 ] DEBUG GameWorld            - Clearing removable entities
01:39:03.702 [FXGL Background Thread 1 ] DEBUG GameWorld            - Setting level: com.almasb.fxgl.entity.level.Level@3b73801e
01:39:03.713 [FXGL Background Thread 1 ] DEBUG FXGLAssetLoaderServi - Loading from file system: file:/C:/Users/sande/IdeaProjects/Java%20Advanced/ShortburstProject/Short_platformer_game/target/classes/assets/textures/Virtual%20Guy/Idle%20(32x32).png
01:39:03.715 [FXGL Background Thread 1 ] DEBUG FXGLAssetLoaderServi - Loading from file system: file:/C:/Users/sande/IdeaProjects/Java%20Advanced/ShortburstProject/Short_platformer_game/target/classes/assets/textures/Virtual%20Guy/Run%20(32x32).png
01:39:03.717 [FXGL Background Thread 1 ] DEBUG FXGLAssetLoaderServi - Loading from file system: file:/C:/Users/sande/IdeaProjects/Java%20Advanced/ShortburstProject/Short_platformer_game/target/classes/assets/textures/Virtual%20Guy/Jump%20(32x32).png
01:39:03.718 [FXGL Background Thread 1 ] DEBUG FXGLAssetLoaderServi - Loading from file system: file:/C:/Users/sande/IdeaProjects/Java%20Advanced/ShortburstProject/Short_platformer_game/target/classes/assets/textures/Virtual%20Guy/Double%20Jump%20(32x32).png
01:39:03.719 [FXGL Background Thread 1 ] DEBUG FXGLAssetLoaderServi - Loading from file system: file:/C:/Users/sande/IdeaProjects/Java%20Advanced/ShortburstProject/Short_platformer_game/target/classes/assets/textures/Virtual%20Guy/Fall%20(32x32).png
01:39:03.746 [FXGL Background Thread 1 ] DEBUG FXGLAssetLoaderServi - Loading from file system: file:/C:/Users/sande/IdeaProjects/Java%20Advanced/ShortburstProject/Short_platformer_game/target/classes/assets/textures/Background/Blue.png
01:39:03.754 [FXGL Background Thread 1 ] DEBUG FXGLAssetLoaderServi - Loading from file system: file:/C:/Users/sande/IdeaProjects/Java%20Advanced/ShortburstProject/Short_platformer_game/target/classes/assets/textures/Items/Fruits/Apple%20(64x64).png
01:39:03.755 [FXGL Background Thread 1 ] DEBUG FXGLAssetLoaderServi - Loading from file system: file:/C:/Users/sande/IdeaProjects/Java%20Advanced/ShortburstProject/Short_platformer_game/target/classes/assets/textures/Items/Other/Heart%20(64x64).png
01:39:03.760 [FXGL Background Thread 1 ] INFO  FXGLApplication      - Game initialization took: 0.225 sec
01:39:03.833 [JavaFX Application Thread] DEBUG FXGLApplication      - Registering font factories with UI factory
01:39:03.855 [JavaFX Application Thread] DEBUG Input                - Clearing active input actions
01:39:03.866 [JavaFX Application Thread] DEBUG GameApplicationServi - Removing overlay from FXGLLoadingScene and adding to GameScene
01:39:03.870 [JavaFX Application Thread] DEBUG PrimaryStageWindow   - FXGLLoadingScene -> GameScene
01:39:04.042 [FXGL Background Thread 2 ] INFO  UpdaterService       - Your current version:  17.1
01:39:04.043 [FXGL Background Thread 2 ] INFO  UpdaterService       - Latest stable version: 17.2
01:39:05.691 [JavaFX Application Thread] DEBUG FXGLAssetLoaderServi - Loading from file system: file:/C:/Users/sande/IdeaProjects/Java%20Advanced/ShortburstProject/Short_platformer_game/target/classes/assets/textures/Items/Other/Heart%20Empty%20(64x64).png
01:39:06.425 [FXGL Background Thread 3 ] DEBUG Engine               - Logging environment variables
01:39:06.426 [FXGL Background Thread 3 ] DEBUG Engine               - achievements: []
01:39:06.426 [FXGL Background Thread 3 ] DEBUG Engine               - actualHeight: 640.0
01:39:06.427 [FXGL Background Thread 3 ] DEBUG Engine               - actualHeightProperty: ReadOnlyDoubleProperty [value: 640.0]
01:39:06.427 [FXGL Background Thread 3 ] DEBUG Engine               - actualWidth: 1024.0
01:39:06.427 [FXGL Background Thread 3 ] DEBUG Engine               - actualWidthProperty: ReadOnlyDoubleProperty [value: 1024.0]
01:39:06.427 [FXGL Background Thread 3 ] DEBUG Engine               - appIcon: fxgl_icon.png
01:39:06.428 [FXGL Background Thread 3 ] DEBUG Engine               - applicationMode: DEVELOPER
01:39:06.428 [FXGL Background Thread 3 ] DEBUG Engine               - cSSList: [fxgl_dark.css]
01:39:06.428 [FXGL Background Thread 3 ] DEBUG Engine               - collisionDetectionStrategy: BRUTE_FORCE
01:39:06.428 [FXGL Background Thread 3 ] DEBUG Engine               - configClass: Optional.empty
01:39:06.428 [FXGL Background Thread 3 ] DEBUG Engine               - credits: []
01:39:06.429 [FXGL Background Thread 3 ] DEBUG Engine               - defaultCursor: CursorInfo(imageName=fxgl_default_cursor.png, hotspotX=7.0, hotspotY=6.0)
01:39:06.429 [FXGL Background Thread 3 ] DEBUG Engine               - devBBoxColorProperty: ObjectProperty [value: 0xff0000ff]
01:39:06.429 [FXGL Background Thread 3 ] DEBUG Engine               - devEnableDebugCameraProperty: BooleanProperty [value: false]
01:39:06.430 [FXGL Background Thread 3 ] DEBUG Engine               - devSensorColorProperty: ObjectProperty [value: 0xffff00ff]
01:39:06.430 [FXGL Background Thread 3 ] DEBUG Engine               - devShowBBoxProperty: BooleanProperty [value: false]
01:39:06.430 [FXGL Background Thread 3 ] DEBUG Engine               - devShowPositionProperty: BooleanProperty [value: false]
01:39:06.430 [FXGL Background Thread 3 ] DEBUG Engine               - enabledMenuItems: []
01:39:06.431 [FXGL Background Thread 3 ] DEBUG Engine               - engineServices: [class com.almasb.fxgl.app.services.FXGLAssetLoaderService, class com.almasb.fxgl.app.FXGLApplication$GameApplicationService, class com.almasb.fxgl.app.services.FXGLDialogService, class com.almasb.fxgl.app.services.IOTaskExecutorService, class com.almasb.fxgl.io.FileSystemService, class com.almasb.fxgl.localization.LocalizationService, class com.almasb.fxgl.app.services.SystemBundleService, class com.almasb.fxgl.profile.SaveLoadService, class com.almasb.fxgl.ui.FXGLUIFactoryServiceProvider, class com.almasb.fxgl.ui.FXGLDialogFactoryServiceProvider, class com.almasb.fxgl.audio.AudioPlayer, class com.almasb.fxgl.notification.impl.NotificationServiceProvider, class com.almasb.fxgl.achievement.AchievementService, class com.almasb.fxgl.cutscene.CutsceneService, class com.almasb.fxgl.minigames.MiniGameService, class com.almasb.fxgl.net.NetService, class com.almasb.fxgl.app.services.UpdaterService, class com.almasb.fxgl.dev.DevService]
01:39:06.431 [FXGL Background Thread 3 ] DEBUG Engine               - fontGame: Abel-Regular.ttf
01:39:06.431 [FXGL Background Thread 3 ] DEBUG Engine               - fontMono: TerminalLandMono-Regular.otf
01:39:06.431 [FXGL Background Thread 3 ] DEBUG Engine               - fontText: Courier-Prime.ttf
01:39:06.431 [FXGL Background Thread 3 ] DEBUG Engine               - fontUI: VarelaRound-Regular.ttf
01:39:06.432 [FXGL Background Thread 3 ] DEBUG Engine               - fullScreen: BooleanProperty [value: false]
01:39:06.432 [FXGL Background Thread 3 ] DEBUG Engine               - gameDifficulty: MEDIUM
01:39:06.432 [FXGL Background Thread 3 ] DEBUG Engine               - gameDifficultyProperty: ObjectProperty [value: MEDIUM]
01:39:06.432 [FXGL Background Thread 3 ] DEBUG Engine               - globalMusicVolume: 0.5
01:39:06.433 [FXGL Background Thread 3 ] DEBUG Engine               - globalMusicVolumeProperty: DoubleProperty [value: 0.5]
01:39:06.433 [FXGL Background Thread 3 ] DEBUG Engine               - globalSoundVolume: 0.5
01:39:06.433 [FXGL Background Thread 3 ] DEBUG Engine               - globalSoundVolumeProperty: DoubleProperty [value: 0.5]
01:39:06.433 [FXGL Background Thread 3 ] DEBUG Engine               - height: 640
01:39:06.433 [FXGL Background Thread 3 ] DEBUG Engine               - is3D: false
01:39:06.434 [FXGL Background Thread 3 ] DEBUG Engine               - isAndroid: false
01:39:06.434 [FXGL Background Thread 3 ] DEBUG Engine               - isBrowser: false
01:39:06.434 [FXGL Background Thread 3 ] DEBUG Engine               - isClickFeedbackEnabled: false
01:39:06.434 [FXGL Background Thread 3 ] DEBUG Engine               - isCloseConfirmation: false
01:39:06.434 [FXGL Background Thread 3 ] DEBUG Engine               - isDesktop: true
01:39:06.434 [FXGL Background Thread 3 ] DEBUG Engine               - isDeveloperMenuEnabled: true
01:39:06.434 [FXGL Background Thread 3 ] DEBUG Engine               - isEmbedded: false
01:39:06.435 [FXGL Background Thread 3 ] DEBUG Engine               - isEntityPreloadEnabled: true
01:39:06.435 [FXGL Background Thread 3 ] DEBUG Engine               - isExperimentalTiledLargeMap: false
01:39:06.435 [FXGL Background Thread 3 ] DEBUG Engine               - isFileSystemWriteAllowed: true
01:39:06.435 [FXGL Background Thread 3 ] DEBUG Engine               - isFullScreenAllowed: false
01:39:06.435 [FXGL Background Thread 3 ] DEBUG Engine               - isFullScreenFromStart: false
01:39:06.435 [FXGL Background Thread 3 ] DEBUG Engine               - isGameMenuEnabled: true
01:39:06.436 [FXGL Background Thread 3 ] DEBUG Engine               - isIOS: false
01:39:06.436 [FXGL Background Thread 3 ] DEBUG Engine               - isIntroEnabled: false
01:39:06.436 [FXGL Background Thread 3 ] DEBUG Engine               - isLinux: false
01:39:06.436 [FXGL Background Thread 3 ] DEBUG Engine               - isMac: false
01:39:06.436 [FXGL Background Thread 3 ] DEBUG Engine               - isMainMenuEnabled: false
01:39:06.437 [FXGL Background Thread 3 ] DEBUG Engine               - isManualResizeEnabled: false
01:39:06.437 [FXGL Background Thread 3 ] DEBUG Engine               - isMobile: false
01:39:06.437 [FXGL Background Thread 3 ] DEBUG Engine               - isNative: false
01:39:06.437 [FXGL Background Thread 3 ] DEBUG Engine               - isPauseMusicWhenMinimized: true
01:39:06.437 [FXGL Background Thread 3 ] DEBUG Engine               - isPreserveResizeRatio: false
01:39:06.438 [FXGL Background Thread 3 ] DEBUG Engine               - isProfilingEnabled: false
01:39:06.438 [FXGL Background Thread 3 ] DEBUG Engine               - isScaleAffectedOnResize: true
01:39:06.438 [FXGL Background Thread 3 ] DEBUG Engine               - isSingleStep: false
01:39:06.439 [FXGL Background Thread 3 ] DEBUG Engine               - isUserProfileEnabled: false
01:39:06.439 [FXGL Background Thread 3 ] DEBUG Engine               - isWindows: true
01:39:06.439 [FXGL Background Thread 3 ] DEBUG Engine               - language: ObjectProperty [value: ENGLISH]
01:39:06.439 [FXGL Background Thread 3 ] DEBUG Engine               - menuKey: ESCAPE
01:39:06.439 [FXGL Background Thread 3 ] DEBUG Engine               - mouseSensitivity: 0.2
01:39:06.439 [FXGL Background Thread 3 ] DEBUG Engine               - notificationViewClass: class com.almasb.fxgl.notification.view.XboxNotificationView
01:39:06.440 [FXGL Background Thread 3 ] DEBUG Engine               - pixelsPerMeter: 50.0
01:39:06.440 [FXGL Background Thread 3 ] DEBUG Engine               - platform: WINDOWS
01:39:06.440 [FXGL Background Thread 3 ] DEBUG Engine               - prefHeightProperty: ReadOnlyDoubleProperty [value: 640.0]
01:39:06.440 [FXGL Background Thread 3 ] DEBUG Engine               - prefWidthProperty: ReadOnlyDoubleProperty [value: 1024.0]
01:39:06.441 [FXGL Background Thread 3 ] DEBUG Engine               - profileDir: profiles/
01:39:06.441 [FXGL Background Thread 3 ] DEBUG Engine               - profileName: StringProperty [value: DEFAULT]
01:39:06.441 [FXGL Background Thread 3 ] DEBUG Engine               - randomSeed: -1
01:39:06.442 [FXGL Background Thread 3 ] DEBUG Engine               - runtimeInfo: RuntimeInfo(platform=WINDOWS, version=17.1, build=24.03.2022 17.34)
01:39:06.442 [FXGL Background Thread 3 ] DEBUG Engine               - saveFileExt: sav
01:39:06.443 [FXGL Background Thread 3 ] DEBUG Engine               - scaledHeightProp$fxgl: DoubleProperty [bound, value: 640.0]
01:39:06.443 [FXGL Background Thread 3 ] DEBUG Engine               - scaledWidthProp$fxgl: DoubleProperty [bound, value: 1024.0]
01:39:06.443 [FXGL Background Thread 3 ] DEBUG Engine               - sceneFactory: com.almasb.fxgl.app.scene.SceneFactory@7ed2730d
01:39:06.443 [FXGL Background Thread 3 ] DEBUG Engine               - secondsIn24h: 60
01:39:06.443 [FXGL Background Thread 3 ] DEBUG Engine               - soundMenuBack: menu/back.wav
01:39:06.443 [FXGL Background Thread 3 ] DEBUG Engine               - soundMenuPress: menu/press.wav
01:39:06.444 [FXGL Background Thread 3 ] DEBUG Engine               - soundMenuSelect: menu/select.wav
01:39:06.444 [FXGL Background Thread 3 ] DEBUG Engine               - soundNotification: core/notification.wav
01:39:06.444 [FXGL Background Thread 3 ] DEBUG Engine               - stageStyle: DECORATED
01:39:06.444 [FXGL Background Thread 3 ] DEBUG Engine               - supportedLanguages: [ENGLISH, FRENCH, GERMAN, HUNGARIAN, RUSSIAN]
01:39:06.444 [FXGL Background Thread 3 ] DEBUG Engine               - ticksPerSecond: -1
01:39:06.444 [FXGL Background Thread 3 ] DEBUG Engine               - title: Short platformer game
01:39:06.445 [FXGL Background Thread 3 ] DEBUG Engine               - urlGithub: https://github.com/AlmasB/FXGL
01:39:06.445 [FXGL Background Thread 3 ] DEBUG Engine               - urlLeaderboard: http://fxgl-top.herokuapp.com/
01:39:06.445 [FXGL Background Thread 3 ] DEBUG Engine               - urlPOM: https://raw.githubusercontent.com/AlmasB/FXGL/release/README.md
01:39:06.445 [FXGL Background Thread 3 ] DEBUG Engine               - userAppClass: class org.platformer.PlatformerApp
01:39:06.445 [FXGL Background Thread 3 ] DEBUG Engine               - version: 0.1
01:39:06.445 [FXGL Background Thread 3 ] DEBUG Engine               - versionCheckDays: 7
01:39:06.446 [FXGL Background Thread 3 ] DEBUG Engine               - width: 1024
01:39:06.446 [FXGL Background Thread 3 ] DEBUG Engine               - Logging services
01:39:06.446 [FXGL Background Thread 3 ] DEBUG Engine               - class com.almasb.fxgl.app.services.FXGLAssetLoaderService
01:39:06.446 [FXGL Background Thread 3 ] DEBUG Engine               - class com.almasb.fxgl.app.FXGLApplication$GameApplicationService
01:39:06.446 [FXGL Background Thread 3 ] DEBUG Engine               - class com.almasb.fxgl.app.services.FXGLDialogService
01:39:06.446 [FXGL Background Thread 3 ] DEBUG Engine               - class com.almasb.fxgl.app.services.IOTaskExecutorService
01:39:06.447 [FXGL Background Thread 3 ] DEBUG Engine               - class com.almasb.fxgl.io.FileSystemService
01:39:06.447 [FXGL Background Thread 3 ] DEBUG Engine               - class com.almasb.fxgl.localization.LocalizationService
01:39:06.447 [FXGL Background Thread 3 ] DEBUG Engine               - class com.almasb.fxgl.app.services.SystemBundleService
01:39:06.447 [FXGL Background Thread 3 ] DEBUG Engine               - class com.almasb.fxgl.profile.SaveLoadService
01:39:06.447 [FXGL Background Thread 3 ] DEBUG Engine               - class com.almasb.fxgl.ui.FXGLUIFactoryServiceProvider
01:39:06.447 [FXGL Background Thread 3 ] DEBUG Engine               - class com.almasb.fxgl.ui.FXGLDialogFactoryServiceProvider
01:39:06.448 [FXGL Background Thread 3 ] DEBUG Engine               - class com.almasb.fxgl.audio.AudioPlayer
01:39:06.448 [FXGL Background Thread 3 ] DEBUG Engine               - class com.almasb.fxgl.notification.impl.NotificationServiceProvider
01:39:06.448 [FXGL Background Thread 3 ] DEBUG Engine               - class com.almasb.fxgl.achievement.AchievementService
01:39:06.448 [FXGL Background Thread 3 ] DEBUG Engine               - class com.almasb.fxgl.cutscene.CutsceneService
01:39:06.448 [FXGL Background Thread 3 ] DEBUG Engine               - class com.almasb.fxgl.minigames.MiniGameService
01:39:06.448 [FXGL Background Thread 3 ] DEBUG Engine               - class com.almasb.fxgl.net.NetService
01:39:06.448 [FXGL Background Thread 3 ] DEBUG Engine               - class com.almasb.fxgl.app.services.UpdaterService
01:39:06.449 [FXGL Background Thread 3 ] DEBUG Engine               - class com.almasb.fxgl.dev.DevService
01:39:08.910 [JavaFX Application Thread] DEBUG PrimaryStageWindow   - Push state: DialogSubScene
01:39:08.911 [JavaFX Application Thread] DEBUG Input                - Clearing active input actions
01:39:08.912 [JavaFX Application Thread] DEBUG GameApplicationServi - Removing overlay from GameScene and adding to DialogSubScene
01:39:08.917 [JavaFX Application Thread] DEBUG PrimaryStageWindow   - GameScene -> DialogSubScene
01:39:10.577 [JavaFX Application Thread] DEBUG PrimaryStageWindow   - Pop state: DialogSubScene
01:39:10.577 [JavaFX Application Thread] DEBUG Input                - Clearing active input actions
01:39:10.579 [JavaFX Application Thread] DEBUG GameApplicationServi - Removing overlay from DialogSubScene and adding to GameScene
01:39:10.581 [JavaFX Application Thread] DEBUG PrimaryStageWindow   - GameScene <- DialogSubScene
01:39:10.581 [JavaFX Application Thread] DEBUG FXGLApplication      - Exiting FXGL
01:39:10.581 [JavaFX Application Thread] DEBUG LoopRunner           - Stopping loop
01:39:10.582 [JavaFX Application Thread] DEBUG SystemBundleService  - Saving FXGL system data
01:39:10.585 [JavaFX Application Thread] DEBUG FileSystemAccess     - Writing to: C:\Users\sande\IdeaProjects\Java Advanced\ShortburstProject\Short_platformer_game\system\fxgl.bundle
01:39:10.589 [JavaFX Application Thread] DEBUG Async                - Shutting down background threads
01:39:10.589 [JavaFX Application Thread] DEBUG PrimaryStageWindow   - Closing main window
01:39:10.636 [JavaFX Application Thread] DEBUG Logger               - Closing Logger
