14:08:28.705 [main                     ] DEBUG Logger               - Configured Logger
14:08:28.721 [main                     ] DEBUG GameApplication      - Logging settings
Title: Short platformer game
Version: 0.1
Width: 1024
Height: 640
Fullscreen: false
Intro: false
Profiling: false
Single step:false
App Mode: DEVELOPER
Menu Key: ESCAPE
Stage Style: DECORATED
Scene Factory: class com.almasb.fxgl.app.scene.SceneFactory

14:08:28.932 [JavaFX Application Thread] DEBUG FXGLApplication      - Initializing FXGL
14:08:28.935 [JavaFX Application Thread] INFO  Engine               - FXGL-17.1 (24.03.2022 17.34) on WINDOWS (J:19.0.1 FX:18)
14:08:28.936 [JavaFX Application Thread] DEBUG Engine               - JRE Vendor Name: Oracle Corporation
14:08:28.936 [JavaFX Application Thread] DEBUG Engine               - Running on OS: Windows 10 version 10.0
14:08:28.936 [JavaFX Application Thread] DEBUG Engine               - Architecture: amd64
14:08:28.936 [JavaFX Application Thread] INFO  Engine               - Source code and latest versions at: https://github.com/AlmasB/FXGL
14:08:28.936 [JavaFX Application Thread] INFO  Engine               -       Ask questions and discuss at: https://github.com/AlmasB/FXGL/discussions
14:08:28.936 [JavaFX Application Thread] INFO  Engine               -              Join the FXGL chat at: https://gitter.im/AlmasB/FXGL
14:08:28.994 [JavaFX Application Thread] DEBUG PrimaryStageWindow   - Creating a JavaFX scene
14:08:29.023 [JavaFX Application Thread] DEBUG PrimaryStageWindow   - Target settings size: 1024.0 x 640.0
14:08:29.023 [JavaFX Application Thread] DEBUG PrimaryStageWindow   - Scaled scene size:    1024.0 x 640.0
14:08:29.023 [JavaFX Application Thread] DEBUG PrimaryStageWindow   - Scaled ratio: (1.0, 1.0)
14:08:29.024 [JavaFX Application Thread] DEBUG PrimaryStageWindow   - Set initial scene to FXGLStartupScene
14:08:29.028 [JavaFX Application Thread] DEBUG PrimaryStageWindow   - Opening main window
14:08:29.085 [JavaFX Application Thread] DEBUG PrimaryStageWindow   - Window border size: (14.4000244140625, 37.5999755859375)
14:08:29.086 [JavaFX Application Thread] DEBUG PrimaryStageWindow   - Scaled size: 1024.0 x 640.0
14:08:29.086 [JavaFX Application Thread] DEBUG PrimaryStageWindow   - Scaled ratio: (1.0, 1.0)
14:08:29.086 [JavaFX Application Thread] DEBUG PrimaryStageWindow   - Scene size: 1024.0 x 640.0
14:08:29.086 [JavaFX Application Thread] DEBUG PrimaryStageWindow   - Stage size: 1038.4000244140625 x 677.5999755859375
14:08:29.090 [FXGL Background Thread 1 ] DEBUG Engine               - Initializing environment variables
14:08:29.137 [FXGL Background Thread 1 ] DEBUG FXGLAssetLoaderServi - User app class for loading assets: class org.platformer.PlatformerApp
14:08:29.137 [FXGL Background Thread 1 ] DEBUG GameApplicationServi - Applying CSS: fxgl_dark.css
14:08:29.138 [FXGL Background Thread 1 ] DEBUG FXGLAssetLoaderServi - Loading from file system: jar:file:///C:/Users/sande/.m2/repository/com/github/almasb/fxgl/17.1/fxgl-17.1.jar!/fxglassets/ui/css/fxgl_dark.css
14:08:29.172 [FXGL Background Thread 1 ] DEBUG GameApplicationServi - Initializing application scenes
14:08:29.200 [FXGL Background Thread 1 ] DEBUG GameWorld            - Game world initialized
14:08:29.264 [FXGL Background Thread 1 ] DEBUG PhysicsWorld         - Physics world initialized: appHeight=640, physics.ppm=50.0
14:08:29.265 [FXGL Background Thread 1 ] DEBUG PhysicsWorld         - Using strategy: BRUTE_FORCE
14:08:29.270 [FXGL Background Thread 1 ] DEBUG GameScene            - Game scene initialized: 1024x640
14:08:29.280 [FXGL Background Thread 1 ] DEBUG FXGL.DefaultMenu     - createMenuBodyGameMenu()
14:08:29.290 [FXGL Background Thread 1 ] DEBUG FXGL.DefaultMenu     - createOptionsMenu()
14:08:29.299 [FXGL Background Thread 1 ] DEBUG FXGLAssetLoaderServi - Loading from file system: jar:file:///C:/Users/sande/.m2/repository/com/github/almasb/fxgl/17.1/fxgl-17.1.jar!/fxglassets/textures/particles/smoke.png
14:08:29.363 [FXGL Background Thread 1 ] DEBUG FXGLAssetLoaderServi - Loading from file system: jar:file:///C:/Users/sande/.m2/repository/com/github/almasb/fxgl/17.1/fxgl-17.1.jar!/fxglassets/textures/particles/trace_horizontal.png
14:08:29.394 [FXGL Background Thread 1 ] DEBUG GameApplicationServi - Application scenes initialized
14:08:29.408 [FXGL Background Thread 1 ] DEBUG SystemBundleService  - Loading FXGL system data
14:08:29.414 [FXGL Background Thread 1 ] DEBUG FileSystemAccess     - Reading from: C:\Users\sande\IdeaProjects\Java Advanced\ShortburstProject\Short_platformer_game\system\fxgl.bundle
14:08:29.422 [FXGL Background Thread 1 ] DEBUG SystemBundleService  - Bundle FXGL: {}
14:08:29.423 [FXGL Background Thread 1 ] DEBUG UpdaterService       - Checking for updates
14:08:29.441 [FXGL Background Thread 4 ] DEBUG FXGLApplication      - Loading fonts
14:08:29.442 [FXGL Background Thread 1 ] DEBUG FXGLApplication      - Loading default localization
14:08:29.442 [FXGL Background Thread 4 ] DEBUG FXGLAssetLoaderServi - Loading from file system: jar:file:///C:/Users/sande/.m2/repository/com/github/almasb/fxgl/17.1/fxgl-17.1.jar!/fxglassets/ui/fonts/VarelaRound-Regular.ttf
14:08:29.442 [FXGL Background Thread 1 ] DEBUG FXGLAssetLoaderServi - Loading from file system: jar:file:///C:/Users/sande/.m2/repository/com/github/almasb/fxgl/17.1/fxgl-17.1.jar!/fxglassets/languages/english.lang
14:08:29.459 [FXGL Background Thread 1 ] INFO  FXGLApplication      - FXGL initialization took: 0.369 sec
14:08:29.469 [JavaFX Application Thread] DEBUG Input                - Registered new binding: Left - Left
14:08:29.469 [JavaFX Application Thread] DEBUG Input                - Registered new binding: Right - Right
14:08:29.469 [JavaFX Application Thread] DEBUG Input                - Registered new binding: Jump - Up
14:08:29.469 [JavaFX Application Thread] DEBUG Input                - Registered new binding: Stomp - Down
14:08:29.470 [JavaFX Application Thread] DEBUG Input                - Registered new binding: Shoot - Z
14:08:29.470 [JavaFX Application Thread] DEBUG Input                - Registered new binding: getCoordinates - C
14:08:29.470 [JavaFX Application Thread] DEBUG FXGLAssetLoaderServi - Loading from file system: jar:file:///C:/Users/sande/.m2/repository/com/github/almasb/fxgl/17.1/fxgl-17.1.jar!/fxglassets/textures/fxgl_icon.png
14:08:29.492 [JavaFX Application Thread] DEBUG FXGLAssetLoaderServi - Loading from file system: jar:file:///C:/Users/sande/.m2/repository/com/github/almasb/fxgl/17.1/fxgl-17.1.jar!/fxglassets/textures/fxgl_default_cursor.png
14:08:29.494 [JavaFX Application Thread] DEBUG Input                - Registered new binding: Screenshot - CTRL+8
14:08:29.494 [JavaFX Application Thread] DEBUG Input                - Registered new binding: Dev Options - 1
14:08:29.495 [JavaFX Application Thread] DEBUG Input                - Registered new binding: Dev Console - 2
14:08:29.495 [JavaFX Application Thread] DEBUG Input                - Registered new binding: System info dump - CTRL+9
14:08:29.495 [JavaFX Application Thread] DEBUG Input                - Registered new binding: Restart - CTRL+R
14:08:29.495 [JavaFX Application Thread] DEBUG Input                - Registered new binding: Toggle Debug Camera - CTRL+7
14:08:29.497 [FXGL Background Thread 4 ] DEBUG FXGLAssetLoaderServi - Loading from file system: jar:file:///C:/Users/sande/.m2/repository/com/github/almasb/fxgl/17.1/fxgl-17.1.jar!/fxglassets/ui/fonts/Abel-Regular.ttf
14:08:29.501 [JavaFX Application Thread] DEBUG LoopRunner           - Starting loop
14:08:29.508 [FXGL Background Thread 4 ] DEBUG FXGLAssetLoaderServi - Loading from file system: jar:file:///C:/Users/sande/.m2/repository/com/github/almasb/fxgl/17.1/fxgl-17.1.jar!/fxglassets/ui/fonts/TerminalLandMono-Regular.otf
14:08:29.513 [JavaFX Application Thread] DEBUG LoopRunner           - Initializing JavaFX AnimationTimerLoop
14:08:29.515 [JavaFX Application Thread] DEBUG GameApplicationServi - Starting new game
14:08:29.515 [JavaFX Application Thread] DEBUG Input                - Clearing active input actions
14:08:29.521 [FXGL Background Thread 4 ] DEBUG FXGLAssetLoaderServi - Loading from file system: jar:file:///C:/Users/sande/.m2/repository/com/github/almasb/fxgl/17.1/fxgl-17.1.jar!/fxglassets/ui/fonts/Courier-Prime.ttf
14:08:29.524 [JavaFX Application Thread] DEBUG GameApplicationServi - Removing overlay from FXGLStartupScene and adding to FXGLLoadingScene
14:08:29.526 [JavaFX Application Thread] DEBUG PrimaryStageWindow   - FXGLStartupScene -> FXGLLoadingScene
14:08:29.527 [JavaFX Application Thread] DEBUG GameApplicationServi - Clearing previous game
14:08:29.527 [JavaFX Application Thread] DEBUG GameScene            - Clearing game scene
14:08:29.527 [JavaFX Application Thread] DEBUG GameWorld            - Clearing game world
14:08:29.527 [JavaFX Application Thread] DEBUG PhysicsWorld         - Clearing physics world
14:08:29.528 [FXGL Background Thread 1 ] DEBUG FXGLApplication      - Initializing game
14:08:29.580 [FXGL Background Thread 1 ] DEBUG TMXLevelLoader       - Parsed TiledMap: file:/C:/Users/sande/IdeaProjects/Java%20Advanced/ShortburstProject/Short_platformer_game/target/classes/assets/levels/tmx/platformer.tmx
14:08:29.582 [FXGL Background Thread 1 ] DEBUG TMXLevelLoader       - Creating tile layer entities
14:08:29.582 [FXGL Background Thread 1 ] DEBUG TilesetLoader        - Loading view for layer Tile Layer 1
14:08:29.584 [FXGL Background Thread 1 ] DEBUG TilesetLoader        - Created buffer with size 1024.0x640.0
14:08:29.597 [FXGL Background Thread 1 ] DEBUG TMXLevelLoader       - Creating object layer entities
14:08:29.618 [FXGL Background Thread 1 ] DEBUG FXGLAssetLoaderServi - Loading from file system: file:/C:/Users/sande/IdeaProjects/Java%20Advanced/ShortburstProject/Short_platformer_game/target/classes/assets/textures/Items/Checkpoints/End/End%20(Idle).png
14:08:29.633 [FXGL Background Thread 1 ] DEBUG FXGLAssetLoaderServi - Loading from file system: file:/C:/Users/sande/IdeaProjects/Java%20Advanced/ShortburstProject/Short_platformer_game/target/classes/assets/textures/Items/Boxes/Box1/Idle.png
14:08:29.636 [FXGL Background Thread 1 ] DEBUG FXGLAssetLoaderServi - Loading from file system: file:/C:/Users/sande/IdeaProjects/Java%20Advanced/ShortburstProject/Short_platformer_game/target/classes/assets/textures/Items/Boxes/Box1/Hit%20(28x24).png
14:08:29.643 [FXGL Background Thread 1 ] DEBUG FXGLAssetLoaderServi - Loading from file system: file:/C:/Users/sande/IdeaProjects/Java%20Advanced/ShortburstProject/Short_platformer_game/target/classes/assets/textures/Items/Fruits/Pineapple.png
14:08:29.646 [FXGL Background Thread 1 ] DEBUG FXGLAssetLoaderServi - Loading from file system: file:/C:/Users/sande/IdeaProjects/Java%20Advanced/ShortburstProject/Short_platformer_game/target/classes/assets/textures/Items/Fruits/Orange.png
14:08:29.648 [FXGL Background Thread 1 ] DEBUG FXGLAssetLoaderServi - Loading from file system: file:/C:/Users/sande/IdeaProjects/Java%20Advanced/ShortburstProject/Short_platformer_game/target/classes/assets/textures/Items/Fruits/Strawberry.png
14:08:29.652 [FXGL Background Thread 1 ] DEBUG FXGLAssetLoaderServi - Loading from file system: file:/C:/Users/sande/IdeaProjects/Java%20Advanced/ShortburstProject/Short_platformer_game/target/classes/assets/textures/Items/Fruits/Kiwi.png
14:08:29.657 [FXGL Background Thread 1 ] DEBUG FXGLAssetLoaderServi - Loading from file system: file:/C:/Users/sande/IdeaProjects/Java%20Advanced/ShortburstProject/Short_platformer_game/target/classes/assets/textures/Items/Fruits/Bananas.png
14:08:29.660 [FXGL Background Thread 1 ] DEBUG FXGLAssetLoaderServi - Loading from file system: file:/C:/Users/sande/IdeaProjects/Java%20Advanced/ShortburstProject/Short_platformer_game/target/classes/assets/textures/Items/Fruits/Cherries.png
14:08:29.665 [FXGL Background Thread 1 ] DEBUG FXGLAssetLoaderServi - Loading from file system: file:/C:/Users/sande/IdeaProjects/Java%20Advanced/ShortburstProject/Short_platformer_game/target/classes/assets/textures/Items/Fruits/Melon.png
14:08:29.667 [FXGL Background Thread 1 ] DEBUG GameWorld            - Clearing removable entities
14:08:29.668 [FXGL Background Thread 1 ] DEBUG GameWorld            - Setting level: com.almasb.fxgl.entity.level.Level@292f2f28
14:08:29.679 [FXGL Background Thread 1 ] DEBUG FXGLAssetLoaderServi - Loading from file system: file:/C:/Users/sande/IdeaProjects/Java%20Advanced/ShortburstProject/Short_platformer_game/target/classes/assets/textures/Virtual%20Guy/Idle%20(32x32).png
14:08:29.680 [FXGL Background Thread 1 ] DEBUG FXGLAssetLoaderServi - Loading from file system: file:/C:/Users/sande/IdeaProjects/Java%20Advanced/ShortburstProject/Short_platformer_game/target/classes/assets/textures/Virtual%20Guy/Run%20(32x32).png
14:08:29.682 [FXGL Background Thread 1 ] DEBUG FXGLAssetLoaderServi - Loading from file system: file:/C:/Users/sande/IdeaProjects/Java%20Advanced/ShortburstProject/Short_platformer_game/target/classes/assets/textures/Virtual%20Guy/Jump%20(32x32).png
14:08:29.683 [FXGL Background Thread 1 ] DEBUG FXGLAssetLoaderServi - Loading from file system: file:/C:/Users/sande/IdeaProjects/Java%20Advanced/ShortburstProject/Short_platformer_game/target/classes/assets/textures/Virtual%20Guy/Double%20Jump%20(32x32).png
14:08:29.685 [FXGL Background Thread 1 ] DEBUG FXGLAssetLoaderServi - Loading from file system: file:/C:/Users/sande/IdeaProjects/Java%20Advanced/ShortburstProject/Short_platformer_game/target/classes/assets/textures/Virtual%20Guy/Fall%20(32x32).png
14:08:29.699 [FXGL Background Thread 1 ] DEBUG FXGLAssetLoaderServi - Loading from file system: file:/C:/Users/sande/IdeaProjects/Java%20Advanced/ShortburstProject/Short_platformer_game/target/classes/assets/textures/Background/Blue.png
14:08:29.702 [FXGL Background Thread 1 ] DEBUG FXGLAssetLoaderServi - Loading from file system: file:/C:/Users/sande/IdeaProjects/Java%20Advanced/ShortburstProject/Short_platformer_game/target/classes/assets/textures/Items/Other/Heart%20(64x64).png
14:08:29.706 [FXGL Background Thread 1 ] DEBUG FXGLAssetLoaderServi - Loading from file system: file:/C:/Users/sande/IdeaProjects/Java%20Advanced/ShortburstProject/Short_platformer_game/target/classes/assets/textures/Items/Fruits/Apple%20(64x64).png
14:08:29.709 [FXGL Background Thread 1 ] INFO  FXGLApplication      - Game initialization took: 0.181 sec
14:08:29.736 [JavaFX Application Thread] DEBUG FXGLApplication      - Registering font factories with UI factory
14:08:29.754 [JavaFX Application Thread] DEBUG Input                - Clearing active input actions
14:08:29.766 [JavaFX Application Thread] DEBUG GameApplicationServi - Removing overlay from FXGLLoadingScene and adding to GameScene
14:08:29.770 [JavaFX Application Thread] DEBUG PrimaryStageWindow   - FXGLLoadingScene -> GameScene
14:08:29.790 [FXGL Background Thread 2 ] INFO  UpdaterService       - Your current version:  17.1
14:08:29.791 [FXGL Background Thread 2 ] INFO  UpdaterService       - Latest stable version: 17.2
14:08:31.754 [JavaFX Application Thread] DEBUG Input                - Registered new binding: Up - W
14:08:31.754 [JavaFX Application Thread] DEBUG Input                - Registered new binding: Down - S
14:08:31.754 [JavaFX Application Thread] DEBUG Input                - Registered new binding: Left - A
14:08:31.754 [JavaFX Application Thread] DEBUG Input                - Registered new binding: Right - D
14:08:31.754 [JavaFX Application Thread] DEBUG PrimaryStageWindow   - Push state: MiniGameSubScene
14:08:31.754 [JavaFX Application Thread] DEBUG Input                - Clearing active input actions
14:08:31.755 [JavaFX Application Thread] DEBUG GameApplicationServi - Removing overlay from GameScene and adding to MiniGameSubScene
14:08:31.757 [JavaFX Application Thread] DEBUG PrimaryStageWindow   - GameScene -> MiniGameSubScene
14:08:32.441 [FXGL Background Thread 3 ] DEBUG Engine               - Logging environment variables
14:08:32.442 [FXGL Background Thread 3 ] DEBUG Engine               - achievements: []
14:08:32.442 [FXGL Background Thread 3 ] DEBUG Engine               - actualHeight: 640.0
14:08:32.442 [FXGL Background Thread 3 ] DEBUG Engine               - actualHeightProperty: ReadOnlyDoubleProperty [value: 640.0]
14:08:32.442 [FXGL Background Thread 3 ] DEBUG Engine               - actualWidth: 1024.0
14:08:32.442 [FXGL Background Thread 3 ] DEBUG Engine               - actualWidthProperty: ReadOnlyDoubleProperty [value: 1024.0]
14:08:32.442 [FXGL Background Thread 3 ] DEBUG Engine               - appIcon: fxgl_icon.png
14:08:32.442 [FXGL Background Thread 3 ] DEBUG Engine               - applicationMode: DEVELOPER
14:08:32.442 [FXGL Background Thread 3 ] DEBUG Engine               - cSSList: [fxgl_dark.css]
14:08:32.442 [FXGL Background Thread 3 ] DEBUG Engine               - collisionDetectionStrategy: BRUTE_FORCE
14:08:32.443 [FXGL Background Thread 3 ] DEBUG Engine               - configClass: Optional.empty
14:08:32.443 [FXGL Background Thread 3 ] DEBUG Engine               - credits: []
14:08:32.443 [FXGL Background Thread 3 ] DEBUG Engine               - defaultCursor: CursorInfo(imageName=fxgl_default_cursor.png, hotspotX=7.0, hotspotY=6.0)
14:08:32.443 [FXGL Background Thread 3 ] DEBUG Engine               - devBBoxColorProperty: ObjectProperty [value: 0xff0000ff]
14:08:32.443 [FXGL Background Thread 3 ] DEBUG Engine               - devEnableDebugCameraProperty: BooleanProperty [value: false]
14:08:32.443 [FXGL Background Thread 3 ] DEBUG Engine               - devSensorColorProperty: ObjectProperty [value: 0xffff00ff]
14:08:32.443 [FXGL Background Thread 3 ] DEBUG Engine               - devShowBBoxProperty: BooleanProperty [value: false]
14:08:32.444 [FXGL Background Thread 3 ] DEBUG Engine               - devShowPositionProperty: BooleanProperty [value: false]
14:08:32.444 [FXGL Background Thread 3 ] DEBUG Engine               - enabledMenuItems: []
14:08:32.444 [FXGL Background Thread 3 ] DEBUG Engine               - engineServices: [class com.almasb.fxgl.app.services.FXGLAssetLoaderService, class com.almasb.fxgl.app.FXGLApplication$GameApplicationService, class com.almasb.fxgl.app.services.FXGLDialogService, class com.almasb.fxgl.app.services.IOTaskExecutorService, class com.almasb.fxgl.io.FileSystemService, class com.almasb.fxgl.localization.LocalizationService, class com.almasb.fxgl.app.services.SystemBundleService, class com.almasb.fxgl.profile.SaveLoadService, class com.almasb.fxgl.ui.FXGLUIFactoryServiceProvider, class com.almasb.fxgl.ui.FXGLDialogFactoryServiceProvider, class com.almasb.fxgl.audio.AudioPlayer, class com.almasb.fxgl.notification.impl.NotificationServiceProvider, class com.almasb.fxgl.achievement.AchievementService, class com.almasb.fxgl.cutscene.CutsceneService, class com.almasb.fxgl.minigames.MiniGameService, class com.almasb.fxgl.net.NetService, class com.almasb.fxgl.app.services.UpdaterService, class com.almasb.fxgl.dev.DevService]
14:08:32.444 [FXGL Background Thread 3 ] DEBUG Engine               - fontGame: Abel-Regular.ttf
14:08:32.444 [FXGL Background Thread 3 ] DEBUG Engine               - fontMono: TerminalLandMono-Regular.otf
14:08:32.444 [FXGL Background Thread 3 ] DEBUG Engine               - fontText: Courier-Prime.ttf
14:08:32.444 [FXGL Background Thread 3 ] DEBUG Engine               - fontUI: VarelaRound-Regular.ttf
14:08:32.444 [FXGL Background Thread 3 ] DEBUG Engine               - fullScreen: BooleanProperty [value: false]
14:08:32.444 [FXGL Background Thread 3 ] DEBUG Engine               - gameDifficulty: MEDIUM
14:08:32.445 [FXGL Background Thread 3 ] DEBUG Engine               - gameDifficultyProperty: ObjectProperty [value: MEDIUM]
14:08:32.445 [FXGL Background Thread 3 ] DEBUG Engine               - globalMusicVolume: 0.5
14:08:32.445 [FXGL Background Thread 3 ] DEBUG Engine               - globalMusicVolumeProperty: DoubleProperty [value: 0.5]
14:08:32.445 [FXGL Background Thread 3 ] DEBUG Engine               - globalSoundVolume: 0.5
14:08:32.445 [FXGL Background Thread 3 ] DEBUG Engine               - globalSoundVolumeProperty: DoubleProperty [value: 0.5]
14:08:32.445 [FXGL Background Thread 3 ] DEBUG Engine               - height: 640
14:08:32.445 [FXGL Background Thread 3 ] DEBUG Engine               - is3D: false
14:08:32.445 [FXGL Background Thread 3 ] DEBUG Engine               - isAndroid: false
14:08:32.445 [FXGL Background Thread 3 ] DEBUG Engine               - isBrowser: false
14:08:32.445 [FXGL Background Thread 3 ] DEBUG Engine               - isClickFeedbackEnabled: false
14:08:32.445 [FXGL Background Thread 3 ] DEBUG Engine               - isCloseConfirmation: false
14:08:32.445 [FXGL Background Thread 3 ] DEBUG Engine               - isDesktop: true
14:08:32.445 [FXGL Background Thread 3 ] DEBUG Engine               - isDeveloperMenuEnabled: true
14:08:32.445 [FXGL Background Thread 3 ] DEBUG Engine               - isEmbedded: false
14:08:32.445 [FXGL Background Thread 3 ] DEBUG Engine               - isEntityPreloadEnabled: true
14:08:32.445 [FXGL Background Thread 3 ] DEBUG Engine               - isExperimentalTiledLargeMap: false
14:08:32.445 [FXGL Background Thread 3 ] DEBUG Engine               - isFileSystemWriteAllowed: true
14:08:32.445 [FXGL Background Thread 3 ] DEBUG Engine               - isFullScreenAllowed: false
14:08:32.445 [FXGL Background Thread 3 ] DEBUG Engine               - isFullScreenFromStart: false
14:08:32.445 [FXGL Background Thread 3 ] DEBUG Engine               - isGameMenuEnabled: true
14:08:32.446 [FXGL Background Thread 3 ] DEBUG Engine               - isIOS: false
14:08:32.446 [FXGL Background Thread 3 ] DEBUG Engine               - isIntroEnabled: false
14:08:32.446 [FXGL Background Thread 3 ] DEBUG Engine               - isLinux: false
14:08:32.446 [FXGL Background Thread 3 ] DEBUG Engine               - isMac: false
14:08:32.446 [FXGL Background Thread 3 ] DEBUG Engine               - isMainMenuEnabled: false
14:08:32.446 [FXGL Background Thread 3 ] DEBUG Engine               - isManualResizeEnabled: false
14:08:32.446 [FXGL Background Thread 3 ] DEBUG Engine               - isMobile: false
14:08:32.446 [FXGL Background Thread 3 ] DEBUG Engine               - isNative: false
14:08:32.446 [FXGL Background Thread 3 ] DEBUG Engine               - isPauseMusicWhenMinimized: true
14:08:32.446 [FXGL Background Thread 3 ] DEBUG Engine               - isPreserveResizeRatio: false
14:08:32.446 [FXGL Background Thread 3 ] DEBUG Engine               - isProfilingEnabled: false
14:08:32.446 [FXGL Background Thread 3 ] DEBUG Engine               - isScaleAffectedOnResize: true
14:08:32.446 [FXGL Background Thread 3 ] DEBUG Engine               - isSingleStep: false
14:08:32.446 [FXGL Background Thread 3 ] DEBUG Engine               - isUserProfileEnabled: false
14:08:32.446 [FXGL Background Thread 3 ] DEBUG Engine               - isWindows: true
14:08:32.447 [FXGL Background Thread 3 ] DEBUG Engine               - language: ObjectProperty [value: ENGLISH]
14:08:32.447 [FXGL Background Thread 3 ] DEBUG Engine               - menuKey: ESCAPE
14:08:32.447 [FXGL Background Thread 3 ] DEBUG Engine               - mouseSensitivity: 0.2
14:08:32.447 [FXGL Background Thread 3 ] DEBUG Engine               - notificationViewClass: class com.almasb.fxgl.notification.view.XboxNotificationView
14:08:32.447 [FXGL Background Thread 3 ] DEBUG Engine               - pixelsPerMeter: 50.0
14:08:32.447 [FXGL Background Thread 3 ] DEBUG Engine               - platform: WINDOWS
14:08:32.447 [FXGL Background Thread 3 ] DEBUG Engine               - prefHeightProperty: ReadOnlyDoubleProperty [value: 640.0]
14:08:32.447 [FXGL Background Thread 3 ] DEBUG Engine               - prefWidthProperty: ReadOnlyDoubleProperty [value: 1024.0]
14:08:32.447 [FXGL Background Thread 3 ] DEBUG Engine               - profileDir: profiles/
14:08:32.447 [FXGL Background Thread 3 ] DEBUG Engine               - profileName: StringProperty [value: DEFAULT]
14:08:32.447 [FXGL Background Thread 3 ] DEBUG Engine               - randomSeed: -1
14:08:32.447 [FXGL Background Thread 3 ] DEBUG Engine               - runtimeInfo: RuntimeInfo(platform=WINDOWS, version=17.1, build=24.03.2022 17.34)
14:08:32.447 [FXGL Background Thread 3 ] DEBUG Engine               - saveFileExt: sav
14:08:32.447 [FXGL Background Thread 3 ] DEBUG Engine               - scaledHeightProp$fxgl: DoubleProperty [bound, value: 640.0]
14:08:32.447 [FXGL Background Thread 3 ] DEBUG Engine               - scaledWidthProp$fxgl: DoubleProperty [bound, value: 1024.0]
14:08:32.447 [FXGL Background Thread 3 ] DEBUG Engine               - sceneFactory: com.almasb.fxgl.app.scene.SceneFactory@11550fe4
14:08:32.447 [FXGL Background Thread 3 ] DEBUG Engine               - secondsIn24h: 60
14:08:32.447 [FXGL Background Thread 3 ] DEBUG Engine               - soundMenuBack: menu/back.wav
14:08:32.447 [FXGL Background Thread 3 ] DEBUG Engine               - soundMenuPress: menu/press.wav
14:08:32.447 [FXGL Background Thread 3 ] DEBUG Engine               - soundMenuSelect: menu/select.wav
14:08:32.447 [FXGL Background Thread 3 ] DEBUG Engine               - soundNotification: core/notification.wav
14:08:32.447 [FXGL Background Thread 3 ] DEBUG Engine               - stageStyle: DECORATED
14:08:32.447 [FXGL Background Thread 3 ] DEBUG Engine               - supportedLanguages: [ENGLISH, FRENCH, GERMAN, HUNGARIAN, RUSSIAN]
14:08:32.447 [FXGL Background Thread 3 ] DEBUG Engine               - ticksPerSecond: -1
14:08:32.447 [FXGL Background Thread 3 ] DEBUG Engine               - title: Short platformer game
14:08:32.447 [FXGL Background Thread 3 ] DEBUG Engine               - urlGithub: https://github.com/AlmasB/FXGL
14:08:32.447 [FXGL Background Thread 3 ] DEBUG Engine               - urlLeaderboard: http://fxgl-top.herokuapp.com/
14:08:32.448 [FXGL Background Thread 3 ] DEBUG Engine               - urlPOM: https://raw.githubusercontent.com/AlmasB/FXGL/release/README.md
14:08:32.448 [FXGL Background Thread 3 ] DEBUG Engine               - userAppClass: class org.platformer.PlatformerApp
14:08:32.448 [FXGL Background Thread 3 ] DEBUG Engine               - version: 0.1
14:08:32.448 [FXGL Background Thread 3 ] DEBUG Engine               - versionCheckDays: 7
14:08:32.448 [FXGL Background Thread 3 ] DEBUG Engine               - width: 1024
14:08:32.448 [FXGL Background Thread 3 ] DEBUG Engine               - Logging services
14:08:32.449 [FXGL Background Thread 3 ] DEBUG Engine               - class com.almasb.fxgl.app.services.FXGLAssetLoaderService
14:08:32.449 [FXGL Background Thread 3 ] DEBUG Engine               - class com.almasb.fxgl.app.FXGLApplication$GameApplicationService
14:08:32.449 [FXGL Background Thread 3 ] DEBUG Engine               - class com.almasb.fxgl.app.services.FXGLDialogService
14:08:32.449 [FXGL Background Thread 3 ] DEBUG Engine               - class com.almasb.fxgl.app.services.IOTaskExecutorService
14:08:32.449 [FXGL Background Thread 3 ] DEBUG Engine               - class com.almasb.fxgl.io.FileSystemService
14:08:32.449 [FXGL Background Thread 3 ] DEBUG Engine               - class com.almasb.fxgl.localization.LocalizationService
14:08:32.449 [FXGL Background Thread 3 ] DEBUG Engine               - class com.almasb.fxgl.app.services.SystemBundleService
14:08:32.449 [FXGL Background Thread 3 ] DEBUG Engine               - class com.almasb.fxgl.profile.SaveLoadService
14:08:32.449 [FXGL Background Thread 3 ] DEBUG Engine               - class com.almasb.fxgl.ui.FXGLUIFactoryServiceProvider
14:08:32.449 [FXGL Background Thread 3 ] DEBUG Engine               - class com.almasb.fxgl.ui.FXGLDialogFactoryServiceProvider
14:08:32.449 [FXGL Background Thread 3 ] DEBUG Engine               - class com.almasb.fxgl.audio.AudioPlayer
14:08:32.449 [FXGL Background Thread 3 ] DEBUG Engine               - class com.almasb.fxgl.notification.impl.NotificationServiceProvider
14:08:32.449 [FXGL Background Thread 3 ] DEBUG Engine               - class com.almasb.fxgl.achievement.AchievementService
14:08:32.449 [FXGL Background Thread 3 ] DEBUG Engine               - class com.almasb.fxgl.cutscene.CutsceneService
14:08:32.449 [FXGL Background Thread 3 ] DEBUG Engine               - class com.almasb.fxgl.minigames.MiniGameService
14:08:32.449 [FXGL Background Thread 3 ] DEBUG Engine               - class com.almasb.fxgl.net.NetService
14:08:32.449 [FXGL Background Thread 3 ] DEBUG Engine               - class com.almasb.fxgl.app.services.UpdaterService
14:08:32.449 [FXGL Background Thread 3 ] DEBUG Engine               - class com.almasb.fxgl.dev.DevService
14:08:36.395 [JavaFX Application Thread] DEBUG PrimaryStageWindow   - Pop state: MiniGameSubScene
14:08:36.396 [JavaFX Application Thread] DEBUG Input                - Clearing active input actions
14:08:36.397 [JavaFX Application Thread] DEBUG GameApplicationServi - Removing overlay from MiniGameSubScene and adding to GameScene
14:08:36.399 [JavaFX Application Thread] DEBUG PrimaryStageWindow   - GameScene <- MiniGameSubScene
14:08:38.975 [JavaFX Application Thread] DEBUG FXGLApplication      - Exiting FXGL
14:08:38.975 [JavaFX Application Thread] DEBUG LoopRunner           - Stopping loop
14:08:38.975 [JavaFX Application Thread] DEBUG SystemBundleService  - Saving FXGL system data
14:08:38.976 [JavaFX Application Thread] DEBUG FileSystemAccess     - Writing to: C:\Users\sande\IdeaProjects\Java Advanced\ShortburstProject\Short_platformer_game\system\fxgl.bundle
14:08:38.977 [JavaFX Application Thread] DEBUG Async                - Shutting down background threads
14:08:38.978 [JavaFX Application Thread] DEBUG PrimaryStageWindow   - Closing main window
14:08:38.991 [JavaFX Application Thread] DEBUG Logger               - Closing Logger
