14:48:00.549 [main                     ] DEBUG Logger               - Configured Logger
14:48:00.568 [main                     ] DEBUG GameApplication      - Logging settings
Title: Short platformer game
Version: 0.1
Width: 1024
Height: 640
Fullscreen: false
Intro: false
Profiling: false
Single step:false
App Mode: DEVELOPER
Menu Key: ESCAPE
Stage Style: DECORATED
Scene Factory: class com.almasb.fxgl.app.scene.SceneFactory

14:48:00.770 [JavaFX Application Thread] DEBUG FXGLApplication      - Initializing FXGL
14:48:00.773 [JavaFX Application Thread] INFO  Engine               - FXGL-17.1 (24.03.2022 17.34) on WINDOWS (J:19.0.1 FX:18)
14:48:00.773 [JavaFX Application Thread] DEBUG Engine               - JRE Vendor Name: Oracle Corporation
14:48:00.773 [JavaFX Application Thread] DEBUG Engine               - Running on OS: Windows 10 version 10.0
14:48:00.773 [JavaFX Application Thread] DEBUG Engine               - Architecture: amd64
14:48:00.773 [JavaFX Application Thread] INFO  Engine               - Source code and latest versions at: https://github.com/AlmasB/FXGL
14:48:00.773 [JavaFX Application Thread] INFO  Engine               -       Ask questions and discuss at: https://github.com/AlmasB/FXGL/discussions
14:48:00.775 [JavaFX Application Thread] INFO  Engine               -              Join the FXGL chat at: https://gitter.im/AlmasB/FXGL
14:48:00.830 [JavaFX Application Thread] DEBUG PrimaryStageWindow   - Creating a JavaFX scene
14:48:00.861 [JavaFX Application Thread] DEBUG PrimaryStageWindow   - Target settings size: 1024.0 x 640.0
14:48:00.862 [JavaFX Application Thread] DEBUG PrimaryStageWindow   - Scaled scene size:    1024.0 x 640.0
14:48:00.862 [JavaFX Application Thread] DEBUG PrimaryStageWindow   - Scaled ratio: (1.0, 1.0)
14:48:00.862 [JavaFX Application Thread] DEBUG PrimaryStageWindow   - Set initial scene to FXGLStartupScene
14:48:00.866 [JavaFX Application Thread] DEBUG PrimaryStageWindow   - Opening main window
14:48:00.921 [JavaFX Application Thread] DEBUG PrimaryStageWindow   - Window border size: (14.4000244140625, 37.5999755859375)
14:48:00.921 [JavaFX Application Thread] DEBUG PrimaryStageWindow   - Scaled size: 1024.0 x 640.0
14:48:00.921 [JavaFX Application Thread] DEBUG PrimaryStageWindow   - Scaled ratio: (1.0, 1.0)
14:48:00.921 [JavaFX Application Thread] DEBUG PrimaryStageWindow   - Scene size: 1024.0 x 640.0
14:48:00.921 [JavaFX Application Thread] DEBUG PrimaryStageWindow   - Stage size: 1038.4000244140625 x 677.5999755859375
14:48:00.926 [FXGL Background Thread 1 ] DEBUG Engine               - Initializing environment variables
14:48:00.970 [FXGL Background Thread 1 ] DEBUG FXGLAssetLoaderServi - User app class for loading assets: class org.platformer.PlatformerApp
14:48:00.971 [FXGL Background Thread 1 ] DEBUG GameApplicationServi - Applying CSS: fxgl_dark.css
14:48:00.971 [FXGL Background Thread 1 ] DEBUG FXGLAssetLoaderServi - Loading from file system: jar:file:///C:/Users/sande/.m2/repository/com/github/almasb/fxgl/17.1/fxgl-17.1.jar!/fxglassets/ui/css/fxgl_dark.css
14:48:01.008 [FXGL Background Thread 1 ] DEBUG GameApplicationServi - Initializing application scenes
14:48:01.039 [FXGL Background Thread 1 ] DEBUG GameWorld            - Game world initialized
14:48:01.102 [FXGL Background Thread 1 ] DEBUG PhysicsWorld         - Physics world initialized: appHeight=640, physics.ppm=50.0
14:48:01.102 [FXGL Background Thread 1 ] DEBUG PhysicsWorld         - Using strategy: BRUTE_FORCE
14:48:01.105 [FXGL Background Thread 1 ] DEBUG GameScene            - Game scene initialized: 1024x640
14:48:01.116 [FXGL Background Thread 1 ] DEBUG FXGL.DefaultMenu     - createMenuBodyGameMenu()
14:48:01.126 [FXGL Background Thread 1 ] DEBUG FXGL.DefaultMenu     - createOptionsMenu()
14:48:01.133 [FXGL Background Thread 1 ] DEBUG FXGLAssetLoaderServi - Loading from file system: jar:file:///C:/Users/sande/.m2/repository/com/github/almasb/fxgl/17.1/fxgl-17.1.jar!/fxglassets/textures/particles/smoke.png
14:48:01.202 [FXGL Background Thread 1 ] DEBUG FXGLAssetLoaderServi - Loading from file system: jar:file:///C:/Users/sande/.m2/repository/com/github/almasb/fxgl/17.1/fxgl-17.1.jar!/fxglassets/textures/particles/trace_horizontal.png
14:48:01.232 [FXGL Background Thread 1 ] DEBUG GameApplicationServi - Application scenes initialized
14:48:01.244 [FXGL Background Thread 1 ] DEBUG SystemBundleService  - Loading FXGL system data
14:48:01.251 [FXGL Background Thread 1 ] DEBUG FileSystemAccess     - Reading from: C:\Users\sande\IdeaProjects\Java Advanced\ShortburstProject\Short_platformer_game\system\fxgl.bundle
14:48:01.258 [FXGL Background Thread 1 ] DEBUG SystemBundleService  - Bundle FXGL: {}
14:48:01.258 [FXGL Background Thread 1 ] DEBUG UpdaterService       - Checking for updates
14:48:01.278 [FXGL Background Thread 4 ] DEBUG FXGLApplication      - Loading fonts
14:48:01.278 [FXGL Background Thread 1 ] DEBUG FXGLApplication      - Loading default localization
14:48:01.278 [FXGL Background Thread 1 ] DEBUG FXGLAssetLoaderServi - Loading from file system: jar:file:///C:/Users/sande/.m2/repository/com/github/almasb/fxgl/17.1/fxgl-17.1.jar!/fxglassets/languages/english.lang
14:48:01.278 [FXGL Background Thread 4 ] DEBUG FXGLAssetLoaderServi - Loading from file system: jar:file:///C:/Users/sande/.m2/repository/com/github/almasb/fxgl/17.1/fxgl-17.1.jar!/fxglassets/ui/fonts/VarelaRound-Regular.ttf
14:48:01.292 [FXGL Background Thread 1 ] INFO  FXGLApplication      - FXGL initialization took: 0.366 sec
14:48:01.302 [JavaFX Application Thread] DEBUG Input                - Registered new binding: Left - Left
14:48:01.302 [JavaFX Application Thread] DEBUG Input                - Registered new binding: Right - Right
14:48:01.303 [JavaFX Application Thread] DEBUG Input                - Registered new binding: Jump - Up
14:48:01.303 [JavaFX Application Thread] DEBUG Input                - Registered new binding: Stomp - Down
14:48:01.303 [JavaFX Application Thread] DEBUG Input                - Registered new binding: Shoot - Z
14:48:01.303 [JavaFX Application Thread] DEBUG Input                - Registered new binding: getCoordinates - C
14:48:01.303 [JavaFX Application Thread] DEBUG FXGLAssetLoaderServi - Loading from file system: jar:file:///C:/Users/sande/.m2/repository/com/github/almasb/fxgl/17.1/fxgl-17.1.jar!/fxglassets/textures/fxgl_icon.png
14:48:01.324 [JavaFX Application Thread] DEBUG FXGLAssetLoaderServi - Loading from file system: jar:file:///C:/Users/sande/.m2/repository/com/github/almasb/fxgl/17.1/fxgl-17.1.jar!/fxglassets/textures/fxgl_default_cursor.png
14:48:01.326 [JavaFX Application Thread] DEBUG Input                - Registered new binding: Screenshot - CTRL+8
14:48:01.327 [JavaFX Application Thread] DEBUG Input                - Registered new binding: Dev Options - 1
14:48:01.327 [JavaFX Application Thread] DEBUG Input                - Registered new binding: Dev Console - 2
14:48:01.327 [JavaFX Application Thread] DEBUG Input                - Registered new binding: System info dump - CTRL+9
14:48:01.330 [JavaFX Application Thread] DEBUG Input                - Registered new binding: Restart - CTRL+R
14:48:01.331 [JavaFX Application Thread] DEBUG Input                - Registered new binding: Toggle Debug Camera - CTRL+7
14:48:01.335 [JavaFX Application Thread] DEBUG LoopRunner           - Starting loop
14:48:01.341 [FXGL Background Thread 4 ] DEBUG FXGLAssetLoaderServi - Loading from file system: jar:file:///C:/Users/sande/.m2/repository/com/github/almasb/fxgl/17.1/fxgl-17.1.jar!/fxglassets/ui/fonts/Abel-Regular.ttf
14:48:01.348 [JavaFX Application Thread] DEBUG LoopRunner           - Initializing JavaFX AnimationTimerLoop
14:48:01.349 [JavaFX Application Thread] DEBUG GameApplicationServi - Starting new game
14:48:01.350 [JavaFX Application Thread] DEBUG Input                - Clearing active input actions
14:48:01.359 [FXGL Background Thread 4 ] DEBUG FXGLAssetLoaderServi - Loading from file system: jar:file:///C:/Users/sande/.m2/repository/com/github/almasb/fxgl/17.1/fxgl-17.1.jar!/fxglassets/ui/fonts/TerminalLandMono-Regular.otf
14:48:01.361 [JavaFX Application Thread] DEBUG GameApplicationServi - Removing overlay from FXGLStartupScene and adding to FXGLLoadingScene
14:48:01.365 [JavaFX Application Thread] DEBUG PrimaryStageWindow   - FXGLStartupScene -> FXGLLoadingScene
14:48:01.366 [JavaFX Application Thread] DEBUG GameApplicationServi - Clearing previous game
14:48:01.366 [JavaFX Application Thread] DEBUG GameScene            - Clearing game scene
14:48:01.366 [JavaFX Application Thread] DEBUG GameWorld            - Clearing game world
14:48:01.366 [JavaFX Application Thread] DEBUG PhysicsWorld         - Clearing physics world
14:48:01.368 [FXGL Background Thread 1 ] DEBUG FXGLApplication      - Initializing game
14:48:01.369 [FXGL Background Thread 4 ] DEBUG FXGLAssetLoaderServi - Loading from file system: jar:file:///C:/Users/sande/.m2/repository/com/github/almasb/fxgl/17.1/fxgl-17.1.jar!/fxglassets/ui/fonts/Courier-Prime.ttf
14:48:01.428 [FXGL Background Thread 1 ] DEBUG TMXLevelLoader       - Parsed TiledMap: file:/C:/Users/sande/IdeaProjects/Java%20Advanced/ShortburstProject/Short_platformer_game/target/classes/assets/levels/tmx/platformer.tmx
14:48:01.429 [FXGL Background Thread 1 ] DEBUG TMXLevelLoader       - Creating tile layer entities
14:48:01.430 [FXGL Background Thread 1 ] DEBUG TilesetLoader        - Loading view for layer Tile Layer 1
14:48:01.432 [FXGL Background Thread 1 ] DEBUG TilesetLoader        - Created buffer with size 1024.0x640.0
14:48:01.445 [FXGL Background Thread 1 ] DEBUG TMXLevelLoader       - Creating object layer entities
14:48:01.465 [FXGL Background Thread 1 ] DEBUG FXGLAssetLoaderServi - Loading from file system: file:/C:/Users/sande/IdeaProjects/Java%20Advanced/ShortburstProject/Short_platformer_game/target/classes/assets/textures/Items/Checkpoints/End/End%20(Idle).png
14:48:01.473 [FXGL Background Thread 1 ] DEBUG FXGLAssetLoaderServi - Loading from file system: file:/C:/Users/sande/IdeaProjects/Java%20Advanced/ShortburstProject/Short_platformer_game/target/classes/assets/textures/Items/Boxes/Box1/Idle.png
14:48:01.476 [FXGL Background Thread 1 ] DEBUG FXGLAssetLoaderServi - Loading from file system: file:/C:/Users/sande/IdeaProjects/Java%20Advanced/ShortburstProject/Short_platformer_game/target/classes/assets/textures/Items/Boxes/Box1/Hit%20(28x24).png
14:48:01.486 [FXGL Background Thread 1 ] DEBUG FXGLAssetLoaderServi - Loading from file system: file:/C:/Users/sande/IdeaProjects/Java%20Advanced/ShortburstProject/Short_platformer_game/target/classes/assets/textures/Items/Fruits/Orange.png
14:48:01.492 [FXGL Background Thread 1 ] DEBUG FXGLAssetLoaderServi - Loading from file system: file:/C:/Users/sande/IdeaProjects/Java%20Advanced/ShortburstProject/Short_platformer_game/target/classes/assets/textures/Items/Fruits/Apple.png
14:48:01.495 [FXGL Background Thread 1 ] DEBUG FXGLAssetLoaderServi - Loading from file system: file:/C:/Users/sande/IdeaProjects/Java%20Advanced/ShortburstProject/Short_platformer_game/target/classes/assets/textures/Items/Fruits/Kiwi.png
14:48:01.499 [FXGL Background Thread 1 ] DEBUG FXGLAssetLoaderServi - Loading from file system: file:/C:/Users/sande/IdeaProjects/Java%20Advanced/ShortburstProject/Short_platformer_game/target/classes/assets/textures/Items/Fruits/Strawberry.png
14:48:01.501 [FXGL Background Thread 1 ] DEBUG FXGLAssetLoaderServi - Loading from file system: file:/C:/Users/sande/IdeaProjects/Java%20Advanced/ShortburstProject/Short_platformer_game/target/classes/assets/textures/Items/Fruits/Pineapple.png
14:48:01.506 [FXGL Background Thread 1 ] DEBUG FXGLAssetLoaderServi - Loading from file system: file:/C:/Users/sande/IdeaProjects/Java%20Advanced/ShortburstProject/Short_platformer_game/target/classes/assets/textures/Items/Fruits/Cherries.png
14:48:01.509 [FXGL Background Thread 1 ] DEBUG FXGLAssetLoaderServi - Loading from file system: file:/C:/Users/sande/IdeaProjects/Java%20Advanced/ShortburstProject/Short_platformer_game/target/classes/assets/textures/Items/Fruits/Bananas.png
14:48:01.521 [FXGL Background Thread 1 ] DEBUG GameWorld            - Clearing removable entities
14:48:01.522 [FXGL Background Thread 1 ] DEBUG GameWorld            - Setting level: com.almasb.fxgl.entity.level.Level@57f668fe
14:48:01.543 [FXGL Background Thread 1 ] DEBUG FXGLAssetLoaderServi - Loading from file system: file:/C:/Users/sande/IdeaProjects/Java%20Advanced/ShortburstProject/Short_platformer_game/target/classes/assets/textures/Virtual%20Guy/Idle%20(32x32).png
14:48:01.549 [FXGL Background Thread 1 ] DEBUG FXGLAssetLoaderServi - Loading from file system: file:/C:/Users/sande/IdeaProjects/Java%20Advanced/ShortburstProject/Short_platformer_game/target/classes/assets/textures/Virtual%20Guy/Run%20(32x32).png
14:48:01.551 [FXGL Background Thread 1 ] DEBUG FXGLAssetLoaderServi - Loading from file system: file:/C:/Users/sande/IdeaProjects/Java%20Advanced/ShortburstProject/Short_platformer_game/target/classes/assets/textures/Virtual%20Guy/Jump%20(32x32).png
14:48:01.553 [FXGL Background Thread 1 ] DEBUG FXGLAssetLoaderServi - Loading from file system: file:/C:/Users/sande/IdeaProjects/Java%20Advanced/ShortburstProject/Short_platformer_game/target/classes/assets/textures/Virtual%20Guy/Double%20Jump%20(32x32).png
14:48:01.558 [FXGL Background Thread 1 ] DEBUG FXGLAssetLoaderServi - Loading from file system: file:/C:/Users/sande/IdeaProjects/Java%20Advanced/ShortburstProject/Short_platformer_game/target/classes/assets/textures/Virtual%20Guy/Fall%20(32x32).png
14:48:01.578 [FXGL Background Thread 1 ] DEBUG FXGLAssetLoaderServi - Loading from file system: file:/C:/Users/sande/IdeaProjects/Java%20Advanced/ShortburstProject/Short_platformer_game/target/classes/assets/textures/Background/Blue.png
14:48:01.582 [FXGL Background Thread 1 ] DEBUG FXGLAssetLoaderServi - Loading from file system: file:/C:/Users/sande/IdeaProjects/Java%20Advanced/ShortburstProject/Short_platformer_game/target/classes/assets/textures/Items/Other/Heart%20(64x64).png
14:48:01.584 [FXGL Background Thread 1 ] DEBUG FXGLAssetLoaderServi - Loading from file system: file:/C:/Users/sande/IdeaProjects/Java%20Advanced/ShortburstProject/Short_platformer_game/target/classes/assets/textures/Items/Fruits/Apple%20(64x64).png
14:48:01.586 [FXGL Background Thread 1 ] INFO  FXGLApplication      - Game initialization took: 0.218 sec
14:48:01.613 [JavaFX Application Thread] DEBUG FXGLApplication      - Registering font factories with UI factory
14:48:01.634 [JavaFX Application Thread] DEBUG Input                - Clearing active input actions
14:48:01.634 [FXGL Background Thread 2 ] INFO  UpdaterService       - Your current version:  17.1
14:48:01.634 [FXGL Background Thread 2 ] INFO  UpdaterService       - Latest stable version: 17.2
14:48:01.646 [JavaFX Application Thread] DEBUG GameApplicationServi - Removing overlay from FXGLLoadingScene and adding to GameScene
14:48:01.650 [JavaFX Application Thread] DEBUG PrimaryStageWindow   - FXGLLoadingScene -> GameScene
14:48:03.737 [JavaFX Application Thread] DEBUG Input                - Registered new binding: Up - Up
14:48:03.737 [JavaFX Application Thread] DEBUG Input                - Registered new binding: Down - Down
14:48:03.737 [JavaFX Application Thread] DEBUG Input                - Registered new binding: Right - Right
14:48:03.737 [JavaFX Application Thread] DEBUG Input                - Registered new binding: Left - Left
14:48:03.737 [JavaFX Application Thread] DEBUG PrimaryStageWindow   - Push state: MiniGameSubScene
14:48:03.737 [JavaFX Application Thread] DEBUG Input                - Clearing active input actions
14:48:03.738 [JavaFX Application Thread] DEBUG GameApplicationServi - Removing overlay from GameScene and adding to MiniGameSubScene
14:48:03.740 [JavaFX Application Thread] DEBUG PrimaryStageWindow   - GameScene -> MiniGameSubScene
14:48:04.277 [FXGL Background Thread 3 ] DEBUG Engine               - Logging environment variables
14:48:04.278 [FXGL Background Thread 3 ] DEBUG Engine               - achievements: []
14:48:04.279 [FXGL Background Thread 3 ] DEBUG Engine               - actualHeight: 640.0
14:48:04.279 [FXGL Background Thread 3 ] DEBUG Engine               - actualHeightProperty: ReadOnlyDoubleProperty [value: 640.0]
14:48:04.279 [FXGL Background Thread 3 ] DEBUG Engine               - actualWidth: 1024.0
14:48:04.279 [FXGL Background Thread 3 ] DEBUG Engine               - actualWidthProperty: ReadOnlyDoubleProperty [value: 1024.0]
14:48:04.279 [FXGL Background Thread 3 ] DEBUG Engine               - appIcon: fxgl_icon.png
14:48:04.279 [FXGL Background Thread 3 ] DEBUG Engine               - applicationMode: DEVELOPER
14:48:04.279 [FXGL Background Thread 3 ] DEBUG Engine               - cSSList: [fxgl_dark.css]
14:48:04.279 [FXGL Background Thread 3 ] DEBUG Engine               - collisionDetectionStrategy: BRUTE_FORCE
14:48:04.279 [FXGL Background Thread 3 ] DEBUG Engine               - configClass: Optional.empty
14:48:04.279 [FXGL Background Thread 3 ] DEBUG Engine               - credits: []
14:48:04.281 [FXGL Background Thread 3 ] DEBUG Engine               - defaultCursor: CursorInfo(imageName=fxgl_default_cursor.png, hotspotX=7.0, hotspotY=6.0)
14:48:04.282 [FXGL Background Thread 3 ] DEBUG Engine               - devBBoxColorProperty: ObjectProperty [value: 0xff0000ff]
14:48:04.282 [FXGL Background Thread 3 ] DEBUG Engine               - devEnableDebugCameraProperty: BooleanProperty [value: false]
14:48:04.282 [FXGL Background Thread 3 ] DEBUG Engine               - devSensorColorProperty: ObjectProperty [value: 0xffff00ff]
14:48:04.282 [FXGL Background Thread 3 ] DEBUG Engine               - devShowBBoxProperty: BooleanProperty [value: false]
14:48:04.282 [FXGL Background Thread 3 ] DEBUG Engine               - devShowPositionProperty: BooleanProperty [value: false]
14:48:04.282 [FXGL Background Thread 3 ] DEBUG Engine               - enabledMenuItems: []
14:48:04.283 [FXGL Background Thread 3 ] DEBUG Engine               - engineServices: [class com.almasb.fxgl.app.services.FXGLAssetLoaderService, class com.almasb.fxgl.app.FXGLApplication$GameApplicationService, class com.almasb.fxgl.app.services.FXGLDialogService, class com.almasb.fxgl.app.services.IOTaskExecutorService, class com.almasb.fxgl.io.FileSystemService, class com.almasb.fxgl.localization.LocalizationService, class com.almasb.fxgl.app.services.SystemBundleService, class com.almasb.fxgl.profile.SaveLoadService, class com.almasb.fxgl.ui.FXGLUIFactoryServiceProvider, class com.almasb.fxgl.ui.FXGLDialogFactoryServiceProvider, class com.almasb.fxgl.audio.AudioPlayer, class com.almasb.fxgl.notification.impl.NotificationServiceProvider, class com.almasb.fxgl.achievement.AchievementService, class com.almasb.fxgl.cutscene.CutsceneService, class com.almasb.fxgl.minigames.MiniGameService, class com.almasb.fxgl.net.NetService, class com.almasb.fxgl.app.services.UpdaterService, class com.almasb.fxgl.dev.DevService]
14:48:04.283 [FXGL Background Thread 3 ] DEBUG Engine               - fontGame: Abel-Regular.ttf
14:48:04.283 [FXGL Background Thread 3 ] DEBUG Engine               - fontMono: TerminalLandMono-Regular.otf
14:48:04.283 [FXGL Background Thread 3 ] DEBUG Engine               - fontText: Courier-Prime.ttf
14:48:04.283 [FXGL Background Thread 3 ] DEBUG Engine               - fontUI: VarelaRound-Regular.ttf
14:48:04.283 [FXGL Background Thread 3 ] DEBUG Engine               - fullScreen: BooleanProperty [value: false]
14:48:04.283 [FXGL Background Thread 3 ] DEBUG Engine               - gameDifficulty: MEDIUM
14:48:04.283 [FXGL Background Thread 3 ] DEBUG Engine               - gameDifficultyProperty: ObjectProperty [value: MEDIUM]
14:48:04.284 [FXGL Background Thread 3 ] DEBUG Engine               - globalMusicVolume: 0.5
14:48:04.284 [FXGL Background Thread 3 ] DEBUG Engine               - globalMusicVolumeProperty: DoubleProperty [value: 0.5]
14:48:04.284 [FXGL Background Thread 3 ] DEBUG Engine               - globalSoundVolume: 0.5
14:48:04.284 [FXGL Background Thread 3 ] DEBUG Engine               - globalSoundVolumeProperty: DoubleProperty [value: 0.5]
14:48:04.284 [FXGL Background Thread 3 ] DEBUG Engine               - height: 640
14:48:04.284 [FXGL Background Thread 3 ] DEBUG Engine               - is3D: false
14:48:04.284 [FXGL Background Thread 3 ] DEBUG Engine               - isAndroid: false
14:48:04.284 [FXGL Background Thread 3 ] DEBUG Engine               - isBrowser: false
14:48:04.285 [FXGL Background Thread 3 ] DEBUG Engine               - isClickFeedbackEnabled: false
14:48:04.285 [FXGL Background Thread 3 ] DEBUG Engine               - isCloseConfirmation: false
14:48:04.285 [FXGL Background Thread 3 ] DEBUG Engine               - isDesktop: true
14:48:04.285 [FXGL Background Thread 3 ] DEBUG Engine               - isDeveloperMenuEnabled: true
14:48:04.285 [FXGL Background Thread 3 ] DEBUG Engine               - isEmbedded: false
14:48:04.285 [FXGL Background Thread 3 ] DEBUG Engine               - isEntityPreloadEnabled: true
14:48:04.285 [FXGL Background Thread 3 ] DEBUG Engine               - isExperimentalTiledLargeMap: false
14:48:04.285 [FXGL Background Thread 3 ] DEBUG Engine               - isFileSystemWriteAllowed: true
14:48:04.285 [FXGL Background Thread 3 ] DEBUG Engine               - isFullScreenAllowed: false
14:48:04.285 [FXGL Background Thread 3 ] DEBUG Engine               - isFullScreenFromStart: false
14:48:04.285 [FXGL Background Thread 3 ] DEBUG Engine               - isGameMenuEnabled: true
14:48:04.285 [FXGL Background Thread 3 ] DEBUG Engine               - isIOS: false
14:48:04.286 [FXGL Background Thread 3 ] DEBUG Engine               - isIntroEnabled: false
14:48:04.286 [FXGL Background Thread 3 ] DEBUG Engine               - isLinux: false
14:48:04.286 [FXGL Background Thread 3 ] DEBUG Engine               - isMac: false
14:48:04.286 [FXGL Background Thread 3 ] DEBUG Engine               - isMainMenuEnabled: false
14:48:04.286 [FXGL Background Thread 3 ] DEBUG Engine               - isManualResizeEnabled: false
14:48:04.286 [FXGL Background Thread 3 ] DEBUG Engine               - isMobile: false
14:48:04.286 [FXGL Background Thread 3 ] DEBUG Engine               - isNative: false
14:48:04.286 [FXGL Background Thread 3 ] DEBUG Engine               - isPauseMusicWhenMinimized: true
14:48:04.286 [FXGL Background Thread 3 ] DEBUG Engine               - isPreserveResizeRatio: false
14:48:04.286 [FXGL Background Thread 3 ] DEBUG Engine               - isProfilingEnabled: false
14:48:04.286 [FXGL Background Thread 3 ] DEBUG Engine               - isScaleAffectedOnResize: true
14:48:04.286 [FXGL Background Thread 3 ] DEBUG Engine               - isSingleStep: false
14:48:04.286 [FXGL Background Thread 3 ] DEBUG Engine               - isUserProfileEnabled: false
14:48:04.286 [FXGL Background Thread 3 ] DEBUG Engine               - isWindows: true
14:48:04.286 [FXGL Background Thread 3 ] DEBUG Engine               - language: ObjectProperty [value: ENGLISH]
14:48:04.286 [FXGL Background Thread 3 ] DEBUG Engine               - menuKey: ESCAPE
14:48:04.287 [FXGL Background Thread 3 ] DEBUG Engine               - mouseSensitivity: 0.2
14:48:04.287 [FXGL Background Thread 3 ] DEBUG Engine               - notificationViewClass: class com.almasb.fxgl.notification.view.XboxNotificationView
14:48:04.287 [FXGL Background Thread 3 ] DEBUG Engine               - pixelsPerMeter: 50.0
14:48:04.287 [FXGL Background Thread 3 ] DEBUG Engine               - platform: WINDOWS
14:48:04.287 [FXGL Background Thread 3 ] DEBUG Engine               - prefHeightProperty: ReadOnlyDoubleProperty [value: 640.0]
14:48:04.287 [FXGL Background Thread 3 ] DEBUG Engine               - prefWidthProperty: ReadOnlyDoubleProperty [value: 1024.0]
14:48:04.287 [FXGL Background Thread 3 ] DEBUG Engine               - profileDir: profiles/
14:48:04.287 [FXGL Background Thread 3 ] DEBUG Engine               - profileName: StringProperty [value: DEFAULT]
14:48:04.287 [FXGL Background Thread 3 ] DEBUG Engine               - randomSeed: -1
14:48:04.287 [FXGL Background Thread 3 ] DEBUG Engine               - runtimeInfo: RuntimeInfo(platform=WINDOWS, version=17.1, build=24.03.2022 17.34)
14:48:04.287 [FXGL Background Thread 3 ] DEBUG Engine               - saveFileExt: sav
14:48:04.287 [FXGL Background Thread 3 ] DEBUG Engine               - scaledHeightProp$fxgl: DoubleProperty [bound, value: 640.0]
14:48:04.288 [FXGL Background Thread 3 ] DEBUG Engine               - scaledWidthProp$fxgl: DoubleProperty [bound, value: 1024.0]
14:48:04.288 [FXGL Background Thread 3 ] DEBUG Engine               - sceneFactory: com.almasb.fxgl.app.scene.SceneFactory@b586616
14:48:04.288 [FXGL Background Thread 3 ] DEBUG Engine               - secondsIn24h: 60
14:48:04.288 [FXGL Background Thread 3 ] DEBUG Engine               - soundMenuBack: menu/back.wav
14:48:04.288 [FXGL Background Thread 3 ] DEBUG Engine               - soundMenuPress: menu/press.wav
14:48:04.288 [FXGL Background Thread 3 ] DEBUG Engine               - soundMenuSelect: menu/select.wav
14:48:04.288 [FXGL Background Thread 3 ] DEBUG Engine               - soundNotification: core/notification.wav
14:48:04.288 [FXGL Background Thread 3 ] DEBUG Engine               - stageStyle: DECORATED
14:48:04.288 [FXGL Background Thread 3 ] DEBUG Engine               - supportedLanguages: [ENGLISH, FRENCH, GERMAN, HUNGARIAN, RUSSIAN]
14:48:04.288 [FXGL Background Thread 3 ] DEBUG Engine               - ticksPerSecond: -1
14:48:04.288 [FXGL Background Thread 3 ] DEBUG Engine               - title: Short platformer game
14:48:04.288 [FXGL Background Thread 3 ] DEBUG Engine               - urlGithub: https://github.com/AlmasB/FXGL
14:48:04.288 [FXGL Background Thread 3 ] DEBUG Engine               - urlLeaderboard: http://fxgl-top.herokuapp.com/
14:48:04.288 [FXGL Background Thread 3 ] DEBUG Engine               - urlPOM: https://raw.githubusercontent.com/AlmasB/FXGL/release/README.md
14:48:04.288 [FXGL Background Thread 3 ] DEBUG Engine               - userAppClass: class org.platformer.PlatformerApp
14:48:04.288 [FXGL Background Thread 3 ] DEBUG Engine               - version: 0.1
14:48:04.288 [FXGL Background Thread 3 ] DEBUG Engine               - versionCheckDays: 7
14:48:04.288 [FXGL Background Thread 3 ] DEBUG Engine               - width: 1024
14:48:04.288 [FXGL Background Thread 3 ] DEBUG Engine               - Logging services
14:48:04.288 [FXGL Background Thread 3 ] DEBUG Engine               - class com.almasb.fxgl.app.services.FXGLAssetLoaderService
14:48:04.289 [FXGL Background Thread 3 ] DEBUG Engine               - class com.almasb.fxgl.app.FXGLApplication$GameApplicationService
14:48:04.289 [FXGL Background Thread 3 ] DEBUG Engine               - class com.almasb.fxgl.app.services.FXGLDialogService
14:48:04.289 [FXGL Background Thread 3 ] DEBUG Engine               - class com.almasb.fxgl.app.services.IOTaskExecutorService
14:48:04.289 [FXGL Background Thread 3 ] DEBUG Engine               - class com.almasb.fxgl.io.FileSystemService
14:48:04.289 [FXGL Background Thread 3 ] DEBUG Engine               - class com.almasb.fxgl.localization.LocalizationService
14:48:04.289 [FXGL Background Thread 3 ] DEBUG Engine               - class com.almasb.fxgl.app.services.SystemBundleService
14:48:04.289 [FXGL Background Thread 3 ] DEBUG Engine               - class com.almasb.fxgl.profile.SaveLoadService
14:48:04.289 [FXGL Background Thread 3 ] DEBUG Engine               - class com.almasb.fxgl.ui.FXGLUIFactoryServiceProvider
14:48:04.289 [FXGL Background Thread 3 ] DEBUG Engine               - class com.almasb.fxgl.ui.FXGLDialogFactoryServiceProvider
14:48:04.289 [FXGL Background Thread 3 ] DEBUG Engine               - class com.almasb.fxgl.audio.AudioPlayer
14:48:04.289 [FXGL Background Thread 3 ] DEBUG Engine               - class com.almasb.fxgl.notification.impl.NotificationServiceProvider
14:48:04.289 [FXGL Background Thread 3 ] DEBUG Engine               - class com.almasb.fxgl.achievement.AchievementService
14:48:04.289 [FXGL Background Thread 3 ] DEBUG Engine               - class com.almasb.fxgl.cutscene.CutsceneService
14:48:04.289 [FXGL Background Thread 3 ] DEBUG Engine               - class com.almasb.fxgl.minigames.MiniGameService
14:48:04.289 [FXGL Background Thread 3 ] DEBUG Engine               - class com.almasb.fxgl.net.NetService
14:48:04.289 [FXGL Background Thread 3 ] DEBUG Engine               - class com.almasb.fxgl.app.services.UpdaterService
14:48:04.289 [FXGL Background Thread 3 ] DEBUG Engine               - class com.almasb.fxgl.dev.DevService
14:48:29.643 [JavaFX Application Thread] DEBUG PrimaryStageWindow   - Pop state: MiniGameSubScene
14:48:29.643 [JavaFX Application Thread] DEBUG Input                - Clearing active input actions
14:48:29.644 [JavaFX Application Thread] DEBUG GameApplicationServi - Removing overlay from MiniGameSubScene and adding to GameScene
14:48:29.646 [JavaFX Application Thread] DEBUG PrimaryStageWindow   - GameScene <- MiniGameSubScene
14:48:37.100 [JavaFX Application Thread] DEBUG FXGLAssetLoaderServi - Loading from file system: file:/C:/Users/sande/IdeaProjects/Java%20Advanced/ShortburstProject/Short_platformer_game/target/classes/assets/textures/Items/Other/Heart%20Blue%20(64x64).png
14:49:11.005 [JavaFX Application Thread] DEBUG FXGLApplication      - Exiting FXGL
14:49:11.005 [JavaFX Application Thread] DEBUG LoopRunner           - Stopping loop
14:49:11.005 [JavaFX Application Thread] DEBUG SystemBundleService  - Saving FXGL system data
14:49:11.008 [JavaFX Application Thread] DEBUG FileSystemAccess     - Writing to: C:\Users\sande\IdeaProjects\Java Advanced\ShortburstProject\Short_platformer_game\system\fxgl.bundle
14:49:11.012 [JavaFX Application Thread] DEBUG Async                - Shutting down background threads
14:49:11.013 [JavaFX Application Thread] DEBUG PrimaryStageWindow   - Closing main window
14:49:11.024 [JavaFX Application Thread] DEBUG Logger               - Closing Logger
