00:45:23.272 [main                     ] DEBUG Logger               - Configured Logger
00:45:23.305 [main                     ] DEBUG GameApplication      - Logging settings
Title: Short platformer game
Version: 0.1
Width: 1024
Height: 640
Fullscreen: false
Intro: false
Profiling: false
Single step:false
App Mode: DEVELOPER
Menu Key: ESCAPE
Stage Style: DECORATED
Scene Factory: class com.almasb.fxgl.app.scene.SceneFactory

00:45:23.664 [JavaFX Application Thread] DEBUG FXGLApplication      - Initializing FXGL
00:45:23.672 [JavaFX Application Thread] INFO  Engine               - FXGL-17.1 (24.03.2022 17.34) on WINDOWS (J:19.0.1 FX:18)
00:45:23.672 [JavaFX Application Thread] DEBUG Engine               - JRE Vendor Name: Oracle Corporation
00:45:23.673 [JavaFX Application Thread] DEBUG Engine               - Running on OS: Windows 10 version 10.0
00:45:23.673 [JavaFX Application Thread] DEBUG Engine               - Architecture: amd64
00:45:23.673 [JavaFX Application Thread] INFO  Engine               - Source code and latest versions at: https://github.com/AlmasB/FXGL
00:45:23.674 [JavaFX Application Thread] INFO  Engine               -       Ask questions and discuss at: https://github.com/AlmasB/FXGL/discussions
00:45:23.674 [JavaFX Application Thread] INFO  Engine               -              Join the FXGL chat at: https://gitter.im/AlmasB/FXGL
00:45:23.799 [JavaFX Application Thread] DEBUG PrimaryStageWindow   - Creating a JavaFX scene
00:45:23.844 [JavaFX Application Thread] DEBUG PrimaryStageWindow   - Target settings size: 1024.0 x 640.0
00:45:23.844 [JavaFX Application Thread] DEBUG PrimaryStageWindow   - Scaled scene size:    1024.0 x 640.0
00:45:23.844 [JavaFX Application Thread] DEBUG PrimaryStageWindow   - Scaled ratio: (1.0, 1.0)
00:45:23.845 [JavaFX Application Thread] DEBUG PrimaryStageWindow   - Set initial scene to FXGLStartupScene
00:45:23.850 [JavaFX Application Thread] DEBUG PrimaryStageWindow   - Opening main window
00:45:23.972 [JavaFX Application Thread] DEBUG PrimaryStageWindow   - Window border size: (14.4000244140625, 37.5999755859375)
00:45:23.972 [JavaFX Application Thread] DEBUG PrimaryStageWindow   - Scaled size: 1024.0 x 640.0
00:45:23.973 [JavaFX Application Thread] DEBUG PrimaryStageWindow   - Scaled ratio: (1.0, 1.0)
00:45:23.973 [JavaFX Application Thread] DEBUG PrimaryStageWindow   - Scene size: 1024.0 x 640.0
00:45:23.973 [JavaFX Application Thread] DEBUG PrimaryStageWindow   - Stage size: 1038.4000244140625 x 677.5999755859375
00:45:23.984 [FXGL Background Thread 1 ] DEBUG Engine               - Initializing environment variables
00:45:24.044 [FXGL Background Thread 1 ] DEBUG FXGLAssetLoaderServi - User app class for loading assets: class org.platformer.PlatformerApp
00:45:24.044 [FXGL Background Thread 1 ] DEBUG GameApplicationServi - Applying CSS: fxgl_dark.css
00:45:24.046 [FXGL Background Thread 1 ] DEBUG FXGLAssetLoaderServi - Loading from file system: jar:file:///C:/Users/sande/.m2/repository/com/github/almasb/fxgl/17.1/fxgl-17.1.jar!/fxglassets/ui/css/fxgl_dark.css
00:45:24.094 [FXGL Background Thread 1 ] DEBUG GameApplicationServi - Initializing application scenes
00:45:24.126 [FXGL Background Thread 1 ] DEBUG GameWorld            - Game world initialized
00:45:24.197 [FXGL Background Thread 1 ] DEBUG PhysicsWorld         - Physics world initialized: appHeight=640, physics.ppm=50.0
00:45:24.197 [FXGL Background Thread 1 ] DEBUG PhysicsWorld         - Using strategy: BRUTE_FORCE
00:45:24.201 [FXGL Background Thread 1 ] DEBUG GameScene            - Game scene initialized: 1024x640
00:45:24.214 [FXGL Background Thread 1 ] DEBUG FXGL.DefaultMenu     - createMenuBodyGameMenu()
00:45:24.229 [FXGL Background Thread 1 ] DEBUG FXGL.DefaultMenu     - createOptionsMenu()
00:45:24.239 [FXGL Background Thread 1 ] DEBUG FXGLAssetLoaderServi - Loading from file system: jar:file:///C:/Users/sande/.m2/repository/com/github/almasb/fxgl/17.1/fxgl-17.1.jar!/fxglassets/textures/particles/smoke.png
00:45:24.332 [FXGL Background Thread 1 ] DEBUG FXGLAssetLoaderServi - Loading from file system: jar:file:///C:/Users/sande/.m2/repository/com/github/almasb/fxgl/17.1/fxgl-17.1.jar!/fxglassets/textures/particles/trace_horizontal.png
00:45:24.366 [FXGL Background Thread 1 ] DEBUG GameApplicationServi - Application scenes initialized
00:45:24.379 [FXGL Background Thread 1 ] DEBUG SystemBundleService  - Loading FXGL system data
00:45:24.385 [FXGL Background Thread 1 ] DEBUG FileSystemAccess     - Reading from: C:\Users\sande\IdeaProjects\Java Advanced\ShortburstProject\Short_platformer_game\system\fxgl.bundle
00:45:24.395 [FXGL Background Thread 1 ] DEBUG SystemBundleService  - Bundle FXGL: {}
00:45:24.395 [FXGL Background Thread 1 ] DEBUG UpdaterService       - Checking for updates
00:45:24.419 [FXGL Background Thread 4 ] DEBUG FXGLApplication      - Loading fonts
00:45:24.419 [FXGL Background Thread 1 ] DEBUG FXGLApplication      - Loading default localization
00:45:24.419 [FXGL Background Thread 4 ] DEBUG FXGLAssetLoaderServi - Loading from file system: jar:file:///C:/Users/sande/.m2/repository/com/github/almasb/fxgl/17.1/fxgl-17.1.jar!/fxglassets/ui/fonts/VarelaRound-Regular.ttf
00:45:24.420 [FXGL Background Thread 1 ] DEBUG FXGLAssetLoaderServi - Loading from file system: jar:file:///C:/Users/sande/.m2/repository/com/github/almasb/fxgl/17.1/fxgl-17.1.jar!/fxglassets/languages/english.lang
00:45:24.439 [FXGL Background Thread 1 ] INFO  FXGLApplication      - FXGL initialization took: 0.455 sec
00:45:24.449 [JavaFX Application Thread] DEBUG Input                - Registered new binding: Left - Left
00:45:24.449 [JavaFX Application Thread] DEBUG Input                - Registered new binding: Right - Right
00:45:24.449 [JavaFX Application Thread] DEBUG Input                - Registered new binding: Jump - Up
00:45:24.449 [JavaFX Application Thread] DEBUG Input                - Registered new binding: Stomp - Down
00:45:24.449 [JavaFX Application Thread] DEBUG Input                - Registered new binding: Shoot - Z
00:45:24.450 [JavaFX Application Thread] DEBUG Input                - Registered new binding: getCoordinates - C
00:45:24.451 [JavaFX Application Thread] DEBUG FXGLAssetLoaderServi - Loading from file system: jar:file:///C:/Users/sande/.m2/repository/com/github/almasb/fxgl/17.1/fxgl-17.1.jar!/fxglassets/textures/fxgl_icon.png
00:45:24.472 [JavaFX Application Thread] DEBUG FXGLAssetLoaderServi - Loading from file system: jar:file:///C:/Users/sande/.m2/repository/com/github/almasb/fxgl/17.1/fxgl-17.1.jar!/fxglassets/textures/fxgl_default_cursor.png
00:45:24.474 [JavaFX Application Thread] DEBUG Input                - Registered new binding: Screenshot - CTRL+8
00:45:24.475 [JavaFX Application Thread] DEBUG Input                - Registered new binding: Dev Options - 1
00:45:24.475 [JavaFX Application Thread] DEBUG Input                - Registered new binding: Dev Console - 2
00:45:24.475 [JavaFX Application Thread] DEBUG Input                - Registered new binding: System info dump - CTRL+9
00:45:24.476 [JavaFX Application Thread] DEBUG Input                - Registered new binding: Restart - CTRL+R
00:45:24.476 [JavaFX Application Thread] DEBUG Input                - Registered new binding: Toggle Debug Camera - CTRL+7
00:45:24.480 [JavaFX Application Thread] DEBUG LoopRunner           - Starting loop
00:45:24.489 [FXGL Background Thread 4 ] DEBUG FXGLAssetLoaderServi - Loading from file system: jar:file:///C:/Users/sande/.m2/repository/com/github/almasb/fxgl/17.1/fxgl-17.1.jar!/fxglassets/ui/fonts/Abel-Regular.ttf
00:45:24.493 [JavaFX Application Thread] DEBUG LoopRunner           - Initializing JavaFX AnimationTimerLoop
00:45:24.493 [JavaFX Application Thread] DEBUG GameApplicationServi - Starting new game
00:45:24.494 [JavaFX Application Thread] DEBUG Input                - Clearing active input actions
00:45:24.503 [FXGL Background Thread 4 ] DEBUG FXGLAssetLoaderServi - Loading from file system: jar:file:///C:/Users/sande/.m2/repository/com/github/almasb/fxgl/17.1/fxgl-17.1.jar!/fxglassets/ui/fonts/TerminalLandMono-Regular.otf
00:45:24.507 [JavaFX Application Thread] DEBUG GameApplicationServi - Removing overlay from FXGLStartupScene and adding to FXGLLoadingScene
00:45:24.511 [JavaFX Application Thread] DEBUG PrimaryStageWindow   - FXGLStartupScene -> FXGLLoadingScene
00:45:24.511 [JavaFX Application Thread] DEBUG GameApplicationServi - Clearing previous game
00:45:24.511 [JavaFX Application Thread] DEBUG GameScene            - Clearing game scene
00:45:24.511 [JavaFX Application Thread] DEBUG GameWorld            - Clearing game world
00:45:24.512 [JavaFX Application Thread] DEBUG PhysicsWorld         - Clearing physics world
00:45:24.513 [FXGL Background Thread 1 ] DEBUG FXGLApplication      - Initializing game
00:45:24.516 [FXGL Background Thread 4 ] DEBUG FXGLAssetLoaderServi - Loading from file system: jar:file:///C:/Users/sande/.m2/repository/com/github/almasb/fxgl/17.1/fxgl-17.1.jar!/fxglassets/ui/fonts/Courier-Prime.ttf
00:45:24.594 [FXGL Background Thread 1 ] DEBUG TMXLevelLoader       - Parsed TiledMap: file:/C:/Users/sande/IdeaProjects/Java%20Advanced/ShortburstProject/Short_platformer_game/target/classes/assets/levels/tmx/platformer.tmx
00:45:24.595 [FXGL Background Thread 1 ] DEBUG TMXLevelLoader       - Creating tile layer entities
00:45:24.596 [FXGL Background Thread 1 ] DEBUG TilesetLoader        - Loading view for layer Tile Layer 1
00:45:24.598 [FXGL Background Thread 1 ] DEBUG TilesetLoader        - Created buffer with size 1024.0x640.0
00:45:24.613 [FXGL Background Thread 1 ] DEBUG TMXLevelLoader       - Creating object layer entities
00:45:24.644 [FXGL Background Thread 1 ] DEBUG FXGLAssetLoaderServi - Loading from file system: file:/C:/Users/sande/IdeaProjects/Java%20Advanced/ShortburstProject/Short_platformer_game/target/classes/assets/textures/Items/Checkpoints/End/End%20(Idle).png
00:45:24.684 [FXGL Background Thread 1 ] DEBUG FXGLAssetLoaderServi - Loading from file system: file:/C:/Users/sande/IdeaProjects/Java%20Advanced/ShortburstProject/Short_platformer_game/target/classes/assets/textures/Items/Boxes/Box1/Idle.png
00:45:24.728 [FXGL Background Thread 1 ] DEBUG GameWorld            - Clearing removable entities
00:45:24.729 [FXGL Background Thread 1 ] DEBUG GameWorld            - Setting level: com.almasb.fxgl.entity.level.Level@32439985
00:45:24.748 [FXGL Background Thread 1 ] DEBUG FXGLAssetLoaderServi - Loading from file system: file:/C:/Users/sande/IdeaProjects/Java%20Advanced/ShortburstProject/Short_platformer_game/target/classes/assets/textures/Virtual%20Guy/Idle%20(32x32).png
00:45:24.750 [FXGL Background Thread 1 ] DEBUG FXGLAssetLoaderServi - Loading from file system: file:/C:/Users/sande/IdeaProjects/Java%20Advanced/ShortburstProject/Short_platformer_game/target/classes/assets/textures/Virtual%20Guy/Run%20(32x32).png
00:45:24.755 [FXGL Background Thread 1 ] DEBUG FXGLAssetLoaderServi - Loading from file system: file:/C:/Users/sande/IdeaProjects/Java%20Advanced/ShortburstProject/Short_platformer_game/target/classes/assets/textures/Virtual%20Guy/Jump%20(32x32).png
00:45:24.756 [FXGL Background Thread 1 ] DEBUG FXGLAssetLoaderServi - Loading from file system: file:/C:/Users/sande/IdeaProjects/Java%20Advanced/ShortburstProject/Short_platformer_game/target/classes/assets/textures/Virtual%20Guy/Double%20Jump%20(32x32).png
00:45:24.757 [FXGL Background Thread 1 ] DEBUG FXGLAssetLoaderServi - Loading from file system: file:/C:/Users/sande/IdeaProjects/Java%20Advanced/ShortburstProject/Short_platformer_game/target/classes/assets/textures/Virtual%20Guy/Fall%20(32x32).png
00:45:24.778 [FXGL Background Thread 1 ] DEBUG FXGLAssetLoaderServi - Loading from file system: file:/C:/Users/sande/IdeaProjects/Java%20Advanced/ShortburstProject/Short_platformer_game/target/classes/assets/textures/Background/Blue.png
00:45:24.788 [FXGL Background Thread 1 ] DEBUG FXGLAssetLoaderServi - Loading from file system: file:/C:/Users/sande/IdeaProjects/Java%20Advanced/ShortburstProject/Short_platformer_game/target/classes/assets/textures/Items/Fruits/Apple%20(64x64).png
00:45:24.789 [FXGL Background Thread 1 ] DEBUG FXGLAssetLoaderServi - Loading from file system: file:/C:/Users/sande/IdeaProjects/Java%20Advanced/ShortburstProject/Short_platformer_game/target/classes/assets/textures/Items/Other/Heart%20(64x64).png
00:45:24.795 [FXGL Background Thread 1 ] INFO  FXGLApplication      - Game initialization took: 0.283 sec
00:45:24.816 [JavaFX Application Thread] DEBUG FXGLApplication      - Registering font factories with UI factory
00:45:24.829 [JavaFX Application Thread] DEBUG Input                - Clearing active input actions
00:45:24.836 [FXGL Background Thread 2 ] INFO  UpdaterService       - Your current version:  17.1
00:45:24.837 [FXGL Background Thread 2 ] INFO  UpdaterService       - Latest stable version: 17.2
00:45:24.849 [JavaFX Application Thread] DEBUG GameApplicationServi - Removing overlay from FXGLLoadingScene and adding to GameScene
00:45:24.853 [JavaFX Application Thread] DEBUG PrimaryStageWindow   - FXGLLoadingScene -> GameScene
00:45:27.419 [FXGL Background Thread 3 ] DEBUG Engine               - Logging environment variables
00:45:27.420 [FXGL Background Thread 3 ] DEBUG Engine               - achievements: []
00:45:27.420 [FXGL Background Thread 3 ] DEBUG Engine               - actualHeight: 640.0
00:45:27.421 [FXGL Background Thread 3 ] DEBUG Engine               - actualHeightProperty: ReadOnlyDoubleProperty [value: 640.0]
00:45:27.421 [FXGL Background Thread 3 ] DEBUG Engine               - actualWidth: 1024.0
00:45:27.421 [FXGL Background Thread 3 ] DEBUG Engine               - actualWidthProperty: ReadOnlyDoubleProperty [value: 1024.0]
00:45:27.421 [FXGL Background Thread 3 ] DEBUG Engine               - appIcon: fxgl_icon.png
00:45:27.422 [FXGL Background Thread 3 ] DEBUG Engine               - applicationMode: DEVELOPER
00:45:27.422 [FXGL Background Thread 3 ] DEBUG Engine               - cSSList: [fxgl_dark.css]
00:45:27.422 [FXGL Background Thread 3 ] DEBUG Engine               - collisionDetectionStrategy: BRUTE_FORCE
00:45:27.422 [FXGL Background Thread 3 ] DEBUG Engine               - configClass: Optional.empty
00:45:27.422 [FXGL Background Thread 3 ] DEBUG Engine               - credits: []
00:45:27.423 [FXGL Background Thread 3 ] DEBUG Engine               - defaultCursor: CursorInfo(imageName=fxgl_default_cursor.png, hotspotX=7.0, hotspotY=6.0)
00:45:27.424 [FXGL Background Thread 3 ] DEBUG Engine               - devBBoxColorProperty: ObjectProperty [value: 0xff0000ff]
00:45:27.424 [FXGL Background Thread 3 ] DEBUG Engine               - devEnableDebugCameraProperty: BooleanProperty [value: false]
00:45:27.424 [FXGL Background Thread 3 ] DEBUG Engine               - devSensorColorProperty: ObjectProperty [value: 0xffff00ff]
00:45:27.424 [FXGL Background Thread 3 ] DEBUG Engine               - devShowBBoxProperty: BooleanProperty [value: false]
00:45:27.425 [FXGL Background Thread 3 ] DEBUG Engine               - devShowPositionProperty: BooleanProperty [value: false]
00:45:27.425 [FXGL Background Thread 3 ] DEBUG Engine               - enabledMenuItems: []
00:45:27.425 [FXGL Background Thread 3 ] DEBUG Engine               - engineServices: [class com.almasb.fxgl.app.services.FXGLAssetLoaderService, class com.almasb.fxgl.app.FXGLApplication$GameApplicationService, class com.almasb.fxgl.app.services.FXGLDialogService, class com.almasb.fxgl.app.services.IOTaskExecutorService, class com.almasb.fxgl.io.FileSystemService, class com.almasb.fxgl.localization.LocalizationService, class com.almasb.fxgl.app.services.SystemBundleService, class com.almasb.fxgl.profile.SaveLoadService, class com.almasb.fxgl.ui.FXGLUIFactoryServiceProvider, class com.almasb.fxgl.ui.FXGLDialogFactoryServiceProvider, class com.almasb.fxgl.audio.AudioPlayer, class com.almasb.fxgl.notification.impl.NotificationServiceProvider, class com.almasb.fxgl.achievement.AchievementService, class com.almasb.fxgl.cutscene.CutsceneService, class com.almasb.fxgl.minigames.MiniGameService, class com.almasb.fxgl.net.NetService, class com.almasb.fxgl.app.services.UpdaterService, class com.almasb.fxgl.dev.DevService]
00:45:27.425 [FXGL Background Thread 3 ] DEBUG Engine               - fontGame: Abel-Regular.ttf
00:45:27.425 [FXGL Background Thread 3 ] DEBUG Engine               - fontMono: TerminalLandMono-Regular.otf
00:45:27.426 [FXGL Background Thread 3 ] DEBUG Engine               - fontText: Courier-Prime.ttf
00:45:27.426 [FXGL Background Thread 3 ] DEBUG Engine               - fontUI: VarelaRound-Regular.ttf
00:45:27.426 [FXGL Background Thread 3 ] DEBUG Engine               - fullScreen: BooleanProperty [value: false]
00:45:27.427 [FXGL Background Thread 3 ] DEBUG Engine               - gameDifficulty: MEDIUM
00:45:27.427 [FXGL Background Thread 3 ] DEBUG Engine               - gameDifficultyProperty: ObjectProperty [value: MEDIUM]
00:45:27.427 [FXGL Background Thread 3 ] DEBUG Engine               - globalMusicVolume: 0.5
00:45:27.427 [FXGL Background Thread 3 ] DEBUG Engine               - globalMusicVolumeProperty: DoubleProperty [value: 0.5]
00:45:27.427 [FXGL Background Thread 3 ] DEBUG Engine               - globalSoundVolume: 0.5
00:45:27.428 [FXGL Background Thread 3 ] DEBUG Engine               - globalSoundVolumeProperty: DoubleProperty [value: 0.5]
00:45:27.428 [FXGL Background Thread 3 ] DEBUG Engine               - height: 640
00:45:27.428 [FXGL Background Thread 3 ] DEBUG Engine               - is3D: false
00:45:27.429 [FXGL Background Thread 3 ] DEBUG Engine               - isAndroid: false
00:45:27.429 [FXGL Background Thread 3 ] DEBUG Engine               - isBrowser: false
00:45:27.429 [FXGL Background Thread 3 ] DEBUG Engine               - isClickFeedbackEnabled: false
00:45:27.429 [FXGL Background Thread 3 ] DEBUG Engine               - isCloseConfirmation: false
00:45:27.429 [FXGL Background Thread 3 ] DEBUG Engine               - isDesktop: true
00:45:27.429 [FXGL Background Thread 3 ] DEBUG Engine               - isDeveloperMenuEnabled: true
00:45:27.430 [FXGL Background Thread 3 ] DEBUG Engine               - isEmbedded: false
00:45:27.430 [FXGL Background Thread 3 ] DEBUG Engine               - isEntityPreloadEnabled: true
00:45:27.430 [FXGL Background Thread 3 ] DEBUG Engine               - isExperimentalTiledLargeMap: false
00:45:27.430 [FXGL Background Thread 3 ] DEBUG Engine               - isFileSystemWriteAllowed: true
00:45:27.430 [FXGL Background Thread 3 ] DEBUG Engine               - isFullScreenAllowed: false
00:45:27.430 [FXGL Background Thread 3 ] DEBUG Engine               - isFullScreenFromStart: false
00:45:27.431 [FXGL Background Thread 3 ] DEBUG Engine               - isGameMenuEnabled: true
00:45:27.431 [FXGL Background Thread 3 ] DEBUG Engine               - isIOS: false
00:45:27.431 [FXGL Background Thread 3 ] DEBUG Engine               - isIntroEnabled: false
00:45:27.431 [FXGL Background Thread 3 ] DEBUG Engine               - isLinux: false
00:45:27.431 [FXGL Background Thread 3 ] DEBUG Engine               - isMac: false
00:45:27.431 [FXGL Background Thread 3 ] DEBUG Engine               - isMainMenuEnabled: false
00:45:27.432 [FXGL Background Thread 3 ] DEBUG Engine               - isManualResizeEnabled: false
00:45:27.432 [FXGL Background Thread 3 ] DEBUG Engine               - isMobile: false
00:45:27.432 [FXGL Background Thread 3 ] DEBUG Engine               - isNative: false
00:45:27.432 [FXGL Background Thread 3 ] DEBUG Engine               - isPauseMusicWhenMinimized: true
00:45:27.432 [FXGL Background Thread 3 ] DEBUG Engine               - isPreserveResizeRatio: false
00:45:27.432 [FXGL Background Thread 3 ] DEBUG Engine               - isProfilingEnabled: false
00:45:27.433 [FXGL Background Thread 3 ] DEBUG Engine               - isScaleAffectedOnResize: true
00:45:27.433 [FXGL Background Thread 3 ] DEBUG Engine               - isSingleStep: false
00:45:27.433 [FXGL Background Thread 3 ] DEBUG Engine               - isUserProfileEnabled: false
00:45:27.433 [FXGL Background Thread 3 ] DEBUG Engine               - isWindows: true
00:45:27.433 [FXGL Background Thread 3 ] DEBUG Engine               - language: ObjectProperty [value: ENGLISH]
00:45:27.434 [FXGL Background Thread 3 ] DEBUG Engine               - menuKey: ESCAPE
00:45:27.434 [FXGL Background Thread 3 ] DEBUG Engine               - mouseSensitivity: 0.2
00:45:27.434 [FXGL Background Thread 3 ] DEBUG Engine               - notificationViewClass: class com.almasb.fxgl.notification.view.XboxNotificationView
00:45:27.434 [FXGL Background Thread 3 ] DEBUG Engine               - pixelsPerMeter: 50.0
00:45:27.435 [FXGL Background Thread 3 ] DEBUG Engine               - platform: WINDOWS
00:45:27.435 [FXGL Background Thread 3 ] DEBUG Engine               - prefHeightProperty: ReadOnlyDoubleProperty [value: 640.0]
00:45:27.435 [FXGL Background Thread 3 ] DEBUG Engine               - prefWidthProperty: ReadOnlyDoubleProperty [value: 1024.0]
00:45:27.435 [FXGL Background Thread 3 ] DEBUG Engine               - profileDir: profiles/
00:45:27.436 [FXGL Background Thread 3 ] DEBUG Engine               - profileName: StringProperty [value: DEFAULT]
00:45:27.436 [FXGL Background Thread 3 ] DEBUG Engine               - randomSeed: -1
00:45:27.437 [FXGL Background Thread 3 ] DEBUG Engine               - runtimeInfo: RuntimeInfo(platform=WINDOWS, version=17.1, build=24.03.2022 17.34)
00:45:27.437 [FXGL Background Thread 3 ] DEBUG Engine               - saveFileExt: sav
00:45:27.437 [FXGL Background Thread 3 ] DEBUG Engine               - scaledHeightProp$fxgl: DoubleProperty [bound, value: 640.0]
00:45:27.437 [FXGL Background Thread 3 ] DEBUG Engine               - scaledWidthProp$fxgl: DoubleProperty [bound, value: 1024.0]
00:45:27.437 [FXGL Background Thread 3 ] DEBUG Engine               - sceneFactory: com.almasb.fxgl.app.scene.SceneFactory@3ef4a913
00:45:27.437 [FXGL Background Thread 3 ] DEBUG Engine               - secondsIn24h: 60
00:45:27.437 [FXGL Background Thread 3 ] DEBUG Engine               - soundMenuBack: menu/back.wav
00:45:27.437 [FXGL Background Thread 3 ] DEBUG Engine               - soundMenuPress: menu/press.wav
00:45:27.438 [FXGL Background Thread 3 ] DEBUG Engine               - soundMenuSelect: menu/select.wav
00:45:27.438 [FXGL Background Thread 3 ] DEBUG Engine               - soundNotification: core/notification.wav
00:45:27.438 [FXGL Background Thread 3 ] DEBUG Engine               - stageStyle: DECORATED
00:45:27.438 [FXGL Background Thread 3 ] DEBUG Engine               - supportedLanguages: [ENGLISH, FRENCH, GERMAN, HUNGARIAN, RUSSIAN]
00:45:27.438 [FXGL Background Thread 3 ] DEBUG Engine               - ticksPerSecond: -1
00:45:27.438 [FXGL Background Thread 3 ] DEBUG Engine               - title: Short platformer game
00:45:27.438 [FXGL Background Thread 3 ] DEBUG Engine               - urlGithub: https://github.com/AlmasB/FXGL
00:45:27.438 [FXGL Background Thread 3 ] DEBUG Engine               - urlLeaderboard: http://fxgl-top.herokuapp.com/
00:45:27.439 [FXGL Background Thread 3 ] DEBUG Engine               - urlPOM: https://raw.githubusercontent.com/AlmasB/FXGL/release/README.md
00:45:27.439 [FXGL Background Thread 3 ] DEBUG Engine               - userAppClass: class org.platformer.PlatformerApp
00:45:27.439 [FXGL Background Thread 3 ] DEBUG Engine               - version: 0.1
00:45:27.439 [FXGL Background Thread 3 ] DEBUG Engine               - versionCheckDays: 7
00:45:27.439 [FXGL Background Thread 3 ] DEBUG Engine               - width: 1024
00:45:27.439 [FXGL Background Thread 3 ] DEBUG Engine               - Logging services
00:45:27.439 [FXGL Background Thread 3 ] DEBUG Engine               - class com.almasb.fxgl.app.services.FXGLAssetLoaderService
00:45:27.439 [FXGL Background Thread 3 ] DEBUG Engine               - class com.almasb.fxgl.app.FXGLApplication$GameApplicationService
00:45:27.440 [FXGL Background Thread 3 ] DEBUG Engine               - class com.almasb.fxgl.app.services.FXGLDialogService
00:45:27.440 [FXGL Background Thread 3 ] DEBUG Engine               - class com.almasb.fxgl.app.services.IOTaskExecutorService
00:45:27.440 [FXGL Background Thread 3 ] DEBUG Engine               - class com.almasb.fxgl.io.FileSystemService
00:45:27.440 [FXGL Background Thread 3 ] DEBUG Engine               - class com.almasb.fxgl.localization.LocalizationService
00:45:27.440 [FXGL Background Thread 3 ] DEBUG Engine               - class com.almasb.fxgl.app.services.SystemBundleService
00:45:27.440 [FXGL Background Thread 3 ] DEBUG Engine               - class com.almasb.fxgl.profile.SaveLoadService
00:45:27.440 [FXGL Background Thread 3 ] DEBUG Engine               - class com.almasb.fxgl.ui.FXGLUIFactoryServiceProvider
00:45:27.440 [FXGL Background Thread 3 ] DEBUG Engine               - class com.almasb.fxgl.ui.FXGLDialogFactoryServiceProvider
00:45:27.440 [FXGL Background Thread 3 ] DEBUG Engine               - class com.almasb.fxgl.audio.AudioPlayer
00:45:27.440 [FXGL Background Thread 3 ] DEBUG Engine               - class com.almasb.fxgl.notification.impl.NotificationServiceProvider
00:45:27.440 [FXGL Background Thread 3 ] DEBUG Engine               - class com.almasb.fxgl.achievement.AchievementService
00:45:27.441 [FXGL Background Thread 3 ] DEBUG Engine               - class com.almasb.fxgl.cutscene.CutsceneService
00:45:27.441 [FXGL Background Thread 3 ] DEBUG Engine               - class com.almasb.fxgl.minigames.MiniGameService
00:45:27.441 [FXGL Background Thread 3 ] DEBUG Engine               - class com.almasb.fxgl.net.NetService
00:45:27.441 [FXGL Background Thread 3 ] DEBUG Engine               - class com.almasb.fxgl.app.services.UpdaterService
00:45:27.441 [FXGL Background Thread 3 ] DEBUG Engine               - class com.almasb.fxgl.dev.DevService
00:45:32.748 [JavaFX Application Thread] DEBUG FXGLApplication      - Exiting FXGL
00:45:32.748 [JavaFX Application Thread] DEBUG LoopRunner           - Stopping loop
00:45:32.749 [JavaFX Application Thread] DEBUG SystemBundleService  - Saving FXGL system data
00:45:32.752 [JavaFX Application Thread] DEBUG FileSystemAccess     - Writing to: C:\Users\sande\IdeaProjects\Java Advanced\ShortburstProject\Short_platformer_game\system\fxgl.bundle
00:45:32.757 [JavaFX Application Thread] DEBUG Async                - Shutting down background threads
00:45:32.758 [JavaFX Application Thread] DEBUG PrimaryStageWindow   - Closing main window
00:45:32.784 [JavaFX Application Thread] DEBUG Logger               - Closing Logger
