20:42:05.520 [main                     ] DEBUG Logger               - Configured Logger
20:42:05.541 [main                     ] DEBUG GameApplication      - Logging settings
Title: Untitled
Version: 0.0
Width: 800
Height: 608
Fullscreen: false
Intro: false
Profiling: false
Single step:false
App Mode: DEVELOPER
Menu Key: ESCAPE
Stage Style: DECORATED
Scene Factory: class com.almasb.fxgl.app.scene.SceneFactory

20:42:05.768 [JavaFX Application Thread] DEBUG FXGLApplication      - Initializing FXGL
20:42:05.771 [JavaFX Application Thread] INFO  Engine               - FXGL-17.1 (24.03.2022 17.34) on WINDOWS (J:19.0.1 FX:18)
20:42:05.772 [JavaFX Application Thread] DEBUG Engine               - JRE Vendor Name: Oracle Corporation
20:42:05.772 [JavaFX Application Thread] DEBUG Engine               - Running on OS: Windows 10 version 10.0
20:42:05.772 [JavaFX Application Thread] DEBUG Engine               - Architecture: amd64
20:42:05.773 [JavaFX Application Thread] INFO  Engine               - Source code and latest versions at: https://github.com/AlmasB/FXGL
20:42:05.773 [JavaFX Application Thread] INFO  Engine               -       Ask questions and discuss at: https://github.com/AlmasB/FXGL/discussions
20:42:05.773 [JavaFX Application Thread] INFO  Engine               -              Join the FXGL chat at: https://gitter.im/AlmasB/FXGL
20:42:05.838 [JavaFX Application Thread] DEBUG PrimaryStageWindow   - Creating a JavaFX scene
20:42:05.870 [JavaFX Application Thread] DEBUG PrimaryStageWindow   - Target settings size: 800.0 x 608.0
20:42:05.870 [JavaFX Application Thread] DEBUG PrimaryStageWindow   - Scaled scene size:    800.0 x 608.0
20:42:05.870 [JavaFX Application Thread] DEBUG PrimaryStageWindow   - Scaled ratio: (1.0, 1.0)
20:42:05.871 [JavaFX Application Thread] DEBUG PrimaryStageWindow   - Set initial scene to FXGLStartupScene
20:42:05.878 [JavaFX Application Thread] DEBUG PrimaryStageWindow   - Opening main window
20:42:05.937 [JavaFX Application Thread] DEBUG PrimaryStageWindow   - Window border size: (14.4000244140625, 37.5999755859375)
20:42:05.937 [JavaFX Application Thread] DEBUG PrimaryStageWindow   - Scaled size: 800.0 x 608.0
20:42:05.937 [JavaFX Application Thread] DEBUG PrimaryStageWindow   - Scaled ratio: (1.0, 1.0)
20:42:05.938 [JavaFX Application Thread] DEBUG PrimaryStageWindow   - Scene size: 800.0 x 608.0
20:42:05.938 [JavaFX Application Thread] DEBUG PrimaryStageWindow   - Stage size: 814.4000244140625 x 645.5999755859375
20:42:05.944 [FXGL Background Thread 1 ] DEBUG Engine               - Initializing environment variables
20:42:05.990 [FXGL Background Thread 1 ] DEBUG FXGLAssetLoaderServi - User app class for loading assets: class org.platformer.PlatformerApp
20:42:05.990 [FXGL Background Thread 1 ] DEBUG GameApplicationServi - Applying CSS: fxgl_dark.css
20:42:05.990 [FXGL Background Thread 1 ] DEBUG FXGLAssetLoaderServi - Loading from file system: jar:file:///C:/Users/sande/.m2/repository/com/github/almasb/fxgl/17.1/fxgl-17.1.jar!/fxglassets/ui/css/fxgl_dark.css
20:42:06.027 [FXGL Background Thread 1 ] DEBUG GameApplicationServi - Initializing application scenes
20:42:06.057 [FXGL Background Thread 1 ] DEBUG GameWorld            - Game world initialized
20:42:06.120 [FXGL Background Thread 1 ] DEBUG PhysicsWorld         - Physics world initialized: appHeight=608, physics.ppm=50.0
20:42:06.120 [FXGL Background Thread 1 ] DEBUG PhysicsWorld         - Using strategy: BRUTE_FORCE
20:42:06.124 [FXGL Background Thread 1 ] DEBUG GameScene            - Game scene initialized: 800x608
20:42:06.136 [FXGL Background Thread 1 ] DEBUG FXGL.DefaultMenu     - createMenuBodyGameMenu()
20:42:06.146 [FXGL Background Thread 1 ] DEBUG FXGL.DefaultMenu     - createOptionsMenu()
20:42:06.154 [FXGL Background Thread 1 ] DEBUG FXGLAssetLoaderServi - Loading from file system: jar:file:///C:/Users/sande/.m2/repository/com/github/almasb/fxgl/17.1/fxgl-17.1.jar!/fxglassets/textures/particles/smoke.png
20:42:06.233 [FXGL Background Thread 1 ] DEBUG FXGLAssetLoaderServi - Loading from file system: jar:file:///C:/Users/sande/.m2/repository/com/github/almasb/fxgl/17.1/fxgl-17.1.jar!/fxglassets/textures/particles/trace_horizontal.png
20:42:06.270 [FXGL Background Thread 1 ] DEBUG GameApplicationServi - Application scenes initialized
20:42:06.281 [FXGL Background Thread 1 ] DEBUG SystemBundleService  - Loading FXGL system data
20:42:06.285 [FXGL Background Thread 1 ] DEBUG FileSystemAccess     - Reading from: C:\Users\sande\IdeaProjects\Java Advanced\ShortburstProject\Short_platformer_game\system\fxgl.bundle
20:42:06.296 [FXGL Background Thread 1 ] DEBUG SystemBundleService  - Bundle FXGL: {}
20:42:06.296 [FXGL Background Thread 1 ] DEBUG UpdaterService       - Checking for updates
20:42:06.319 [FXGL Background Thread 1 ] DEBUG FXGLApplication      - Loading default localization
20:42:06.320 [FXGL Background Thread 4 ] DEBUG FXGLApplication      - Loading fonts
20:42:06.320 [FXGL Background Thread 1 ] DEBUG FXGLAssetLoaderServi - Loading from file system: jar:file:///C:/Users/sande/.m2/repository/com/github/almasb/fxgl/17.1/fxgl-17.1.jar!/fxglassets/languages/english.lang
20:42:06.320 [FXGL Background Thread 4 ] DEBUG FXGLAssetLoaderServi - Loading from file system: jar:file:///C:/Users/sande/.m2/repository/com/github/almasb/fxgl/17.1/fxgl-17.1.jar!/fxglassets/ui/fonts/VarelaRound-Regular.ttf
20:42:06.346 [FXGL Background Thread 1 ] INFO  FXGLApplication      - FXGL initialization took: 0.400 sec
20:42:06.354 [JavaFX Application Thread] DEBUG Input                - Registered new binding: Left - Left
20:42:06.355 [JavaFX Application Thread] DEBUG Input                - Registered new binding: Right - Right
20:42:06.355 [JavaFX Application Thread] DEBUG Input                - Registered new binding: Jump - Up
20:42:06.355 [JavaFX Application Thread] DEBUG FXGLAssetLoaderServi - Loading from file system: jar:file:///C:/Users/sande/.m2/repository/com/github/almasb/fxgl/17.1/fxgl-17.1.jar!/fxglassets/textures/fxgl_icon.png
20:42:06.375 [JavaFX Application Thread] DEBUG FXGLAssetLoaderServi - Loading from file system: jar:file:///C:/Users/sande/.m2/repository/com/github/almasb/fxgl/17.1/fxgl-17.1.jar!/fxglassets/textures/fxgl_default_cursor.png
20:42:06.377 [JavaFX Application Thread] DEBUG Input                - Registered new binding: Screenshot - CTRL+8
20:42:06.377 [JavaFX Application Thread] DEBUG Input                - Registered new binding: Dev Options - 1
20:42:06.378 [JavaFX Application Thread] DEBUG Input                - Registered new binding: Dev Console - 2
20:42:06.378 [JavaFX Application Thread] DEBUG Input                - Registered new binding: System info dump - CTRL+9
20:42:06.380 [JavaFX Application Thread] DEBUG Input                - Registered new binding: Restart - CTRL+R
20:42:06.381 [JavaFX Application Thread] DEBUG Input                - Registered new binding: Toggle Debug Camera - CTRL+7
20:42:06.383 [JavaFX Application Thread] DEBUG LoopRunner           - Starting loop
20:42:06.389 [FXGL Background Thread 4 ] DEBUG FXGLAssetLoaderServi - Loading from file system: jar:file:///C:/Users/sande/.m2/repository/com/github/almasb/fxgl/17.1/fxgl-17.1.jar!/fxglassets/ui/fonts/Abel-Regular.ttf
20:42:06.395 [JavaFX Application Thread] DEBUG LoopRunner           - Initializing JavaFX AnimationTimerLoop
20:42:06.396 [JavaFX Application Thread] DEBUG GameApplicationServi - Starting new game
20:42:06.397 [JavaFX Application Thread] DEBUG Input                - Clearing active input actions
20:42:06.404 [FXGL Background Thread 4 ] DEBUG FXGLAssetLoaderServi - Loading from file system: jar:file:///C:/Users/sande/.m2/repository/com/github/almasb/fxgl/17.1/fxgl-17.1.jar!/fxglassets/ui/fonts/TerminalLandMono-Regular.otf
20:42:06.406 [JavaFX Application Thread] DEBUG GameApplicationServi - Removing overlay from FXGLStartupScene and adding to FXGLLoadingScene
20:42:06.408 [JavaFX Application Thread] DEBUG PrimaryStageWindow   - FXGLStartupScene -> FXGLLoadingScene
20:42:06.409 [JavaFX Application Thread] DEBUG GameApplicationServi - Clearing previous game
20:42:06.409 [JavaFX Application Thread] DEBUG GameScene            - Clearing game scene
20:42:06.409 [JavaFX Application Thread] DEBUG GameWorld            - Clearing game world
20:42:06.409 [JavaFX Application Thread] DEBUG PhysicsWorld         - Clearing physics world
20:42:06.410 [FXGL Background Thread 1 ] DEBUG FXGLApplication      - Initializing game
20:42:06.414 [FXGL Background Thread 4 ] DEBUG FXGLAssetLoaderServi - Loading from file system: jar:file:///C:/Users/sande/.m2/repository/com/github/almasb/fxgl/17.1/fxgl-17.1.jar!/fxglassets/ui/fonts/Courier-Prime.ttf
20:42:06.469 [FXGL Background Thread 1 ] DEBUG TMXLevelLoader       - Parsed TiledMap: file:/C:/Users/sande/IdeaProjects/Java%20Advanced/ShortburstProject/Short_platformer_game/target/classes/assets/levels/tmx/platformer.tmx
20:42:06.471 [FXGL Background Thread 1 ] DEBUG TMXLevelLoader       - Creating tile layer entities
20:42:06.472 [FXGL Background Thread 1 ] DEBUG TilesetLoader        - Loading view for layer Tile Layer 1
20:42:06.473 [FXGL Background Thread 1 ] DEBUG TilesetLoader        - Created buffer with size 800.0x608.0
20:42:06.482 [FXGL Background Thread 1 ] DEBUG TMXLevelLoader       - Creating object layer entities
20:42:06.505 [FXGL Background Thread 1 ] DEBUG GameWorld            - Clearing removable entities
20:42:06.506 [FXGL Background Thread 1 ] DEBUG GameWorld            - Setting level: com.almasb.fxgl.entity.level.Level@799f8732
20:42:06.515 [FXGL Background Thread 1 ] DEBUG FXGLAssetLoaderServi - Loading from file system: file:/C:/Users/sande/IdeaProjects/Java%20Advanced/ShortburstProject/Short_platformer_game/target/classes/assets/textures/Virtual%20Guy/Idle%20(32x32).png
20:42:06.517 [FXGL Background Thread 1 ] DEBUG FXGLAssetLoaderServi - Loading from file system: file:/C:/Users/sande/IdeaProjects/Java%20Advanced/ShortburstProject/Short_platformer_game/target/classes/assets/textures/Virtual%20Guy/Run%20(32x32).png
20:42:06.532 [FXGL Background Thread 1 ] INFO  FXGLApplication      - Game initialization took: 0.121 sec
20:42:06.579 [JavaFX Application Thread] DEBUG FXGLApplication      - Registering font factories with UI factory
20:42:06.587 [JavaFX Application Thread] DEBUG Input                - Clearing active input actions
20:42:06.598 [JavaFX Application Thread] DEBUG GameApplicationServi - Removing overlay from FXGLLoadingScene and adding to GameScene
20:42:06.601 [JavaFX Application Thread] DEBUG PrimaryStageWindow   - FXGLLoadingScene -> GameScene
20:42:06.671 [FXGL Background Thread 2 ] INFO  UpdaterService       - Your current version:  17.1
20:42:06.671 [FXGL Background Thread 2 ] INFO  UpdaterService       - Latest stable version: 17.2
20:42:09.318 [FXGL Background Thread 3 ] DEBUG Engine               - Logging environment variables
20:42:09.319 [FXGL Background Thread 3 ] DEBUG Engine               - achievements: []
20:42:09.319 [FXGL Background Thread 3 ] DEBUG Engine               - actualHeight: 608.0
20:42:09.324 [FXGL Background Thread 3 ] DEBUG Engine               - actualHeightProperty: ReadOnlyDoubleProperty [value: 608.0]
20:42:09.324 [FXGL Background Thread 3 ] DEBUG Engine               - actualWidth: 800.0
20:42:09.324 [FXGL Background Thread 3 ] DEBUG Engine               - actualWidthProperty: ReadOnlyDoubleProperty [value: 800.0]
20:42:09.324 [FXGL Background Thread 3 ] DEBUG Engine               - appIcon: fxgl_icon.png
20:42:09.324 [FXGL Background Thread 3 ] DEBUG Engine               - applicationMode: DEVELOPER
20:42:09.324 [FXGL Background Thread 3 ] DEBUG Engine               - cSSList: [fxgl_dark.css]
20:42:09.324 [FXGL Background Thread 3 ] DEBUG Engine               - collisionDetectionStrategy: BRUTE_FORCE
20:42:09.325 [FXGL Background Thread 3 ] DEBUG Engine               - configClass: Optional.empty
20:42:09.325 [FXGL Background Thread 3 ] DEBUG Engine               - credits: []
20:42:09.325 [FXGL Background Thread 3 ] DEBUG Engine               - defaultCursor: CursorInfo(imageName=fxgl_default_cursor.png, hotspotX=7.0, hotspotY=6.0)
20:42:09.325 [FXGL Background Thread 3 ] DEBUG Engine               - devBBoxColorProperty: ObjectProperty [value: 0xff0000ff]
20:42:09.325 [FXGL Background Thread 3 ] DEBUG Engine               - devEnableDebugCameraProperty: BooleanProperty [value: false]
20:42:09.325 [FXGL Background Thread 3 ] DEBUG Engine               - devSensorColorProperty: ObjectProperty [value: 0xffff00ff]
20:42:09.325 [FXGL Background Thread 3 ] DEBUG Engine               - devShowBBoxProperty: BooleanProperty [value: false]
20:42:09.325 [FXGL Background Thread 3 ] DEBUG Engine               - devShowPositionProperty: BooleanProperty [value: false]
20:42:09.325 [FXGL Background Thread 3 ] DEBUG Engine               - enabledMenuItems: []
20:42:09.326 [FXGL Background Thread 3 ] DEBUG Engine               - engineServices: [class com.almasb.fxgl.app.services.FXGLAssetLoaderService, class com.almasb.fxgl.app.FXGLApplication$GameApplicationService, class com.almasb.fxgl.app.services.FXGLDialogService, class com.almasb.fxgl.app.services.IOTaskExecutorService, class com.almasb.fxgl.io.FileSystemService, class com.almasb.fxgl.localization.LocalizationService, class com.almasb.fxgl.app.services.SystemBundleService, class com.almasb.fxgl.profile.SaveLoadService, class com.almasb.fxgl.ui.FXGLUIFactoryServiceProvider, class com.almasb.fxgl.ui.FXGLDialogFactoryServiceProvider, class com.almasb.fxgl.audio.AudioPlayer, class com.almasb.fxgl.notification.impl.NotificationServiceProvider, class com.almasb.fxgl.achievement.AchievementService, class com.almasb.fxgl.cutscene.CutsceneService, class com.almasb.fxgl.minigames.MiniGameService, class com.almasb.fxgl.net.NetService, class com.almasb.fxgl.app.services.UpdaterService, class com.almasb.fxgl.dev.DevService]
20:42:09.326 [FXGL Background Thread 3 ] DEBUG Engine               - fontGame: Abel-Regular.ttf
20:42:09.326 [FXGL Background Thread 3 ] DEBUG Engine               - fontMono: TerminalLandMono-Regular.otf
20:42:09.326 [FXGL Background Thread 3 ] DEBUG Engine               - fontText: Courier-Prime.ttf
20:42:09.326 [FXGL Background Thread 3 ] DEBUG Engine               - fontUI: VarelaRound-Regular.ttf
20:42:09.326 [FXGL Background Thread 3 ] DEBUG Engine               - fullScreen: BooleanProperty [value: false]
20:42:09.326 [FXGL Background Thread 3 ] DEBUG Engine               - gameDifficulty: MEDIUM
20:42:09.326 [FXGL Background Thread 3 ] DEBUG Engine               - gameDifficultyProperty: ObjectProperty [value: MEDIUM]
20:42:09.326 [FXGL Background Thread 3 ] DEBUG Engine               - globalMusicVolume: 0.5
20:42:09.326 [FXGL Background Thread 3 ] DEBUG Engine               - globalMusicVolumeProperty: DoubleProperty [value: 0.5]
20:42:09.326 [FXGL Background Thread 3 ] DEBUG Engine               - globalSoundVolume: 0.5
20:42:09.326 [FXGL Background Thread 3 ] DEBUG Engine               - globalSoundVolumeProperty: DoubleProperty [value: 0.5]
20:42:09.326 [FXGL Background Thread 3 ] DEBUG Engine               - height: 608
20:42:09.326 [FXGL Background Thread 3 ] DEBUG Engine               - is3D: false
20:42:09.326 [FXGL Background Thread 3 ] DEBUG Engine               - isAndroid: false
20:42:09.326 [FXGL Background Thread 3 ] DEBUG Engine               - isBrowser: false
20:42:09.326 [FXGL Background Thread 3 ] DEBUG Engine               - isClickFeedbackEnabled: false
20:42:09.326 [FXGL Background Thread 3 ] DEBUG Engine               - isCloseConfirmation: false
20:42:09.327 [FXGL Background Thread 3 ] DEBUG Engine               - isDesktop: true
20:42:09.327 [FXGL Background Thread 3 ] DEBUG Engine               - isDeveloperMenuEnabled: true
20:42:09.327 [FXGL Background Thread 3 ] DEBUG Engine               - isEmbedded: false
20:42:09.327 [FXGL Background Thread 3 ] DEBUG Engine               - isEntityPreloadEnabled: true
20:42:09.327 [FXGL Background Thread 3 ] DEBUG Engine               - isExperimentalTiledLargeMap: false
20:42:09.327 [FXGL Background Thread 3 ] DEBUG Engine               - isFileSystemWriteAllowed: true
20:42:09.327 [FXGL Background Thread 3 ] DEBUG Engine               - isFullScreenAllowed: false
20:42:09.327 [FXGL Background Thread 3 ] DEBUG Engine               - isFullScreenFromStart: false
20:42:09.327 [FXGL Background Thread 3 ] DEBUG Engine               - isGameMenuEnabled: true
20:42:09.327 [FXGL Background Thread 3 ] DEBUG Engine               - isIOS: false
20:42:09.327 [FXGL Background Thread 3 ] DEBUG Engine               - isIntroEnabled: false
20:42:09.327 [FXGL Background Thread 3 ] DEBUG Engine               - isLinux: false
20:42:09.327 [FXGL Background Thread 3 ] DEBUG Engine               - isMac: false
20:42:09.327 [FXGL Background Thread 3 ] DEBUG Engine               - isMainMenuEnabled: false
20:42:09.327 [FXGL Background Thread 3 ] DEBUG Engine               - isManualResizeEnabled: false
20:42:09.327 [FXGL Background Thread 3 ] DEBUG Engine               - isMobile: false
20:42:09.327 [FXGL Background Thread 3 ] DEBUG Engine               - isNative: false
20:42:09.327 [FXGL Background Thread 3 ] DEBUG Engine               - isPauseMusicWhenMinimized: true
20:42:09.327 [FXGL Background Thread 3 ] DEBUG Engine               - isPreserveResizeRatio: false
20:42:09.327 [FXGL Background Thread 3 ] DEBUG Engine               - isProfilingEnabled: false
20:42:09.328 [FXGL Background Thread 3 ] DEBUG Engine               - isScaleAffectedOnResize: true
20:42:09.328 [FXGL Background Thread 3 ] DEBUG Engine               - isSingleStep: false
20:42:09.328 [FXGL Background Thread 3 ] DEBUG Engine               - isUserProfileEnabled: false
20:42:09.328 [FXGL Background Thread 3 ] DEBUG Engine               - isWindows: true
20:42:09.328 [FXGL Background Thread 3 ] DEBUG Engine               - language: ObjectProperty [value: ENGLISH]
20:42:09.328 [FXGL Background Thread 3 ] DEBUG Engine               - menuKey: ESCAPE
20:42:09.329 [FXGL Background Thread 3 ] DEBUG Engine               - mouseSensitivity: 0.2
20:42:09.329 [FXGL Background Thread 3 ] DEBUG Engine               - notificationViewClass: class com.almasb.fxgl.notification.view.XboxNotificationView
20:42:09.329 [FXGL Background Thread 3 ] DEBUG Engine               - pixelsPerMeter: 50.0
20:42:09.329 [FXGL Background Thread 3 ] DEBUG Engine               - platform: WINDOWS
20:42:09.329 [FXGL Background Thread 3 ] DEBUG Engine               - prefHeightProperty: ReadOnlyDoubleProperty [value: 608.0]
20:42:09.329 [FXGL Background Thread 3 ] DEBUG Engine               - prefWidthProperty: ReadOnlyDoubleProperty [value: 800.0]
20:42:09.329 [FXGL Background Thread 3 ] DEBUG Engine               - profileDir: profiles/
20:42:09.329 [FXGL Background Thread 3 ] DEBUG Engine               - profileName: StringProperty [value: DEFAULT]
20:42:09.329 [FXGL Background Thread 3 ] DEBUG Engine               - randomSeed: -1
20:42:09.329 [FXGL Background Thread 3 ] DEBUG Engine               - runtimeInfo: RuntimeInfo(platform=WINDOWS, version=17.1, build=24.03.2022 17.34)
20:42:09.330 [FXGL Background Thread 3 ] DEBUG Engine               - saveFileExt: sav
20:42:09.330 [FXGL Background Thread 3 ] DEBUG Engine               - scaledHeightProp$fxgl: DoubleProperty [bound, value: 608.0]
20:42:09.330 [FXGL Background Thread 3 ] DEBUG Engine               - scaledWidthProp$fxgl: DoubleProperty [bound, value: 800.0]
20:42:09.330 [FXGL Background Thread 3 ] DEBUG Engine               - sceneFactory: com.almasb.fxgl.app.scene.SceneFactory@2c3e9d1b
20:42:09.330 [FXGL Background Thread 3 ] DEBUG Engine               - secondsIn24h: 60
20:42:09.330 [FXGL Background Thread 3 ] DEBUG Engine               - soundMenuBack: menu/back.wav
20:42:09.330 [FXGL Background Thread 3 ] DEBUG Engine               - soundMenuPress: menu/press.wav
20:42:09.330 [FXGL Background Thread 3 ] DEBUG Engine               - soundMenuSelect: menu/select.wav
20:42:09.330 [FXGL Background Thread 3 ] DEBUG Engine               - soundNotification: core/notification.wav
20:42:09.330 [FXGL Background Thread 3 ] DEBUG Engine               - stageStyle: DECORATED
20:42:09.330 [FXGL Background Thread 3 ] DEBUG Engine               - supportedLanguages: [ENGLISH, FRENCH, GERMAN, HUNGARIAN, RUSSIAN]
20:42:09.330 [FXGL Background Thread 3 ] DEBUG Engine               - ticksPerSecond: -1
20:42:09.330 [FXGL Background Thread 3 ] DEBUG Engine               - title: Untitled
20:42:09.330 [FXGL Background Thread 3 ] DEBUG Engine               - urlGithub: https://github.com/AlmasB/FXGL
20:42:09.330 [FXGL Background Thread 3 ] DEBUG Engine               - urlLeaderboard: http://fxgl-top.herokuapp.com/
20:42:09.330 [FXGL Background Thread 3 ] DEBUG Engine               - urlPOM: https://raw.githubusercontent.com/AlmasB/FXGL/release/README.md
20:42:09.330 [FXGL Background Thread 3 ] DEBUG Engine               - userAppClass: class org.platformer.PlatformerApp
20:42:09.330 [FXGL Background Thread 3 ] DEBUG Engine               - version: 0.0
20:42:09.330 [FXGL Background Thread 3 ] DEBUG Engine               - versionCheckDays: 7
20:42:09.330 [FXGL Background Thread 3 ] DEBUG Engine               - width: 800
20:42:09.330 [FXGL Background Thread 3 ] DEBUG Engine               - Logging services
20:42:09.330 [FXGL Background Thread 3 ] DEBUG Engine               - class com.almasb.fxgl.app.services.FXGLAssetLoaderService
20:42:09.330 [FXGL Background Thread 3 ] DEBUG Engine               - class com.almasb.fxgl.app.FXGLApplication$GameApplicationService
20:42:09.332 [FXGL Background Thread 3 ] DEBUG Engine               - class com.almasb.fxgl.app.services.FXGLDialogService
20:42:09.332 [FXGL Background Thread 3 ] DEBUG Engine               - class com.almasb.fxgl.app.services.IOTaskExecutorService
20:42:09.332 [FXGL Background Thread 3 ] DEBUG Engine               - class com.almasb.fxgl.io.FileSystemService
20:42:09.332 [FXGL Background Thread 3 ] DEBUG Engine               - class com.almasb.fxgl.localization.LocalizationService
20:42:09.332 [FXGL Background Thread 3 ] DEBUG Engine               - class com.almasb.fxgl.app.services.SystemBundleService
20:42:09.332 [FXGL Background Thread 3 ] DEBUG Engine               - class com.almasb.fxgl.profile.SaveLoadService
20:42:09.332 [FXGL Background Thread 3 ] DEBUG Engine               - class com.almasb.fxgl.ui.FXGLUIFactoryServiceProvider
20:42:09.332 [FXGL Background Thread 3 ] DEBUG Engine               - class com.almasb.fxgl.ui.FXGLDialogFactoryServiceProvider
20:42:09.332 [FXGL Background Thread 3 ] DEBUG Engine               - class com.almasb.fxgl.audio.AudioPlayer
20:42:09.332 [FXGL Background Thread 3 ] DEBUG Engine               - class com.almasb.fxgl.notification.impl.NotificationServiceProvider
20:42:09.332 [FXGL Background Thread 3 ] DEBUG Engine               - class com.almasb.fxgl.achievement.AchievementService
20:42:09.332 [FXGL Background Thread 3 ] DEBUG Engine               - class com.almasb.fxgl.cutscene.CutsceneService
20:42:09.332 [FXGL Background Thread 3 ] DEBUG Engine               - class com.almasb.fxgl.minigames.MiniGameService
20:42:09.333 [FXGL Background Thread 3 ] DEBUG Engine               - class com.almasb.fxgl.net.NetService
20:42:09.333 [FXGL Background Thread 3 ] DEBUG Engine               - class com.almasb.fxgl.app.services.UpdaterService
20:42:09.333 [FXGL Background Thread 3 ] DEBUG Engine               - class com.almasb.fxgl.dev.DevService
20:42:17.597 [JavaFX Application Thread] DEBUG FXGLApplication      - Exiting FXGL
20:42:17.597 [JavaFX Application Thread] DEBUG LoopRunner           - Stopping loop
20:42:17.597 [JavaFX Application Thread] DEBUG SystemBundleService  - Saving FXGL system data
20:42:17.601 [JavaFX Application Thread] DEBUG FileSystemAccess     - Writing to: C:\Users\sande\IdeaProjects\Java Advanced\ShortburstProject\Short_platformer_game\system\fxgl.bundle
20:42:17.602 [JavaFX Application Thread] DEBUG Async                - Shutting down background threads
20:42:17.602 [JavaFX Application Thread] DEBUG PrimaryStageWindow   - Closing main window
20:42:17.619 [JavaFX Application Thread] DEBUG Logger               - Closing Logger
