18:12:51.025 [main                     ] DEBUG Logger               - Configured Logger
18:12:51.051 [main                     ] DEBUG GameApplication      - Logging settings
Title: Untitled
Version: 0.0
Width: 800
Height: 600
Fullscreen: false
Intro: false
Profiling: false
Single step:false
App Mode: DEVELOPER
Menu Key: ESCAPE
Stage Style: DECORATED
Scene Factory: class com.almasb.fxgl.app.scene.SceneFactory

18:12:51.344 [JavaFX Application Thread] DEBUG FXGLApplication      - Initializing FXGL
18:12:51.352 [JavaFX Application Thread] INFO  Engine               - FXGL-17.1 (24.03.2022 17.34) on WINDOWS (J:19.0.1 FX:18)
18:12:51.353 [JavaFX Application Thread] DEBUG Engine               - JRE Vendor Name: Oracle Corporation
18:12:51.353 [JavaFX Application Thread] DEBUG Engine               - Running on OS: Windows 10 version 10.0
18:12:51.354 [JavaFX Application Thread] DEBUG Engine               - Architecture: amd64
18:12:51.354 [JavaFX Application Thread] INFO  Engine               - Source code and latest versions at: https://github.com/AlmasB/FXGL
18:12:51.354 [JavaFX Application Thread] INFO  Engine               -       Ask questions and discuss at: https://github.com/AlmasB/FXGL/discussions
18:12:51.354 [JavaFX Application Thread] INFO  Engine               -              Join the FXGL chat at: https://gitter.im/AlmasB/FXGL
18:12:51.515 [JavaFX Application Thread] DEBUG PrimaryStageWindow   - Creating a JavaFX scene
18:12:51.593 [JavaFX Application Thread] DEBUG PrimaryStageWindow   - Target settings size: 800.0 x 600.0
18:12:51.593 [JavaFX Application Thread] DEBUG PrimaryStageWindow   - Scaled scene size:    800.0 x 600.0
18:12:51.594 [JavaFX Application Thread] DEBUG PrimaryStageWindow   - Scaled ratio: (1.0, 1.0)
18:12:51.595 [JavaFX Application Thread] DEBUG PrimaryStageWindow   - Set initial scene to FXGLStartupScene
18:12:51.604 [JavaFX Application Thread] DEBUG PrimaryStageWindow   - Opening main window
18:12:51.716 [JavaFX Application Thread] DEBUG PrimaryStageWindow   - Window border size: (14.4000244140625, 37.5999755859375)
18:12:51.717 [JavaFX Application Thread] DEBUG PrimaryStageWindow   - Scaled size: 800.0 x 600.0
18:12:51.717 [JavaFX Application Thread] DEBUG PrimaryStageWindow   - Scaled ratio: (1.0, 1.0)
18:12:51.717 [JavaFX Application Thread] DEBUG PrimaryStageWindow   - Scene size: 800.0 x 600.0
18:12:51.718 [JavaFX Application Thread] DEBUG PrimaryStageWindow   - Stage size: 814.4000244140625 x 637.5999755859375
18:12:51.726 [FXGL Background Thread 1 ] DEBUG Engine               - Initializing environment variables
18:12:51.783 [FXGL Background Thread 1 ] DEBUG FXGLAssetLoaderServi - User app class for loading assets: class org.platformer.PlatformerApp
18:12:51.783 [FXGL Background Thread 1 ] DEBUG GameApplicationServi - Applying CSS: fxgl_dark.css
18:12:51.785 [FXGL Background Thread 1 ] DEBUG FXGLAssetLoaderServi - Loading from file system: jar:file:///C:/Users/sande/.m2/repository/com/github/almasb/fxgl/17.1/fxgl-17.1.jar!/fxglassets/ui/css/fxgl_dark.css
18:12:51.836 [FXGL Background Thread 1 ] DEBUG GameApplicationServi - Initializing application scenes
18:12:51.869 [FXGL Background Thread 1 ] DEBUG GameWorld            - Game world initialized
18:12:51.940 [FXGL Background Thread 1 ] DEBUG PhysicsWorld         - Physics world initialized: appHeight=600, physics.ppm=50.0
18:12:51.940 [FXGL Background Thread 1 ] DEBUG PhysicsWorld         - Using strategy: BRUTE_FORCE
18:12:51.944 [FXGL Background Thread 1 ] DEBUG GameScene            - Game scene initialized: 800x600
18:12:51.960 [FXGL Background Thread 1 ] DEBUG FXGL.DefaultMenu     - createMenuBodyGameMenu()
18:12:51.973 [FXGL Background Thread 1 ] DEBUG FXGL.DefaultMenu     - createOptionsMenu()
18:12:51.983 [FXGL Background Thread 1 ] DEBUG FXGLAssetLoaderServi - Loading from file system: jar:file:///C:/Users/sande/.m2/repository/com/github/almasb/fxgl/17.1/fxgl-17.1.jar!/fxglassets/textures/particles/smoke.png
18:12:52.072 [FXGL Background Thread 1 ] DEBUG FXGLAssetLoaderServi - Loading from file system: jar:file:///C:/Users/sande/.m2/repository/com/github/almasb/fxgl/17.1/fxgl-17.1.jar!/fxglassets/textures/particles/trace_horizontal.png
18:12:52.110 [FXGL Background Thread 1 ] DEBUG GameApplicationServi - Application scenes initialized
18:12:52.121 [FXGL Background Thread 1 ] DEBUG SystemBundleService  - Loading FXGL system data
18:12:52.126 [FXGL Background Thread 1 ] DEBUG FileSystemAccess     - Reading from: C:\Users\sande\IdeaProjects\Java Advanced\ShortburstProject\Short_platformer_game\system\fxgl.bundle
18:12:52.135 [FXGL Background Thread 1 ] DEBUG SystemBundleService  - Bundle FXGL: {}
18:12:52.135 [FXGL Background Thread 1 ] DEBUG UpdaterService       - Checking for updates
18:12:52.160 [FXGL Background Thread 4 ] DEBUG FXGLApplication      - Loading fonts
18:12:52.160 [FXGL Background Thread 1 ] DEBUG FXGLApplication      - Loading default localization
18:12:52.161 [FXGL Background Thread 4 ] DEBUG FXGLAssetLoaderServi - Loading from file system: jar:file:///C:/Users/sande/.m2/repository/com/github/almasb/fxgl/17.1/fxgl-17.1.jar!/fxglassets/ui/fonts/VarelaRound-Regular.ttf
18:12:52.161 [FXGL Background Thread 1 ] DEBUG FXGLAssetLoaderServi - Loading from file system: jar:file:///C:/Users/sande/.m2/repository/com/github/almasb/fxgl/17.1/fxgl-17.1.jar!/fxglassets/languages/english.lang
18:12:52.184 [FXGL Background Thread 1 ] INFO  FXGLApplication      - FXGL initialization took: 0.458 sec
18:12:52.196 [JavaFX Application Thread] DEBUG Input                - Registered new binding: Left - Left
18:12:52.196 [JavaFX Application Thread] DEBUG Input                - Registered new binding: Right - Right
18:12:52.197 [JavaFX Application Thread] DEBUG Input                - Registered new binding: Jump - Up
18:12:52.197 [JavaFX Application Thread] DEBUG Input                - Registered new binding: Stomp - Down
18:12:52.197 [JavaFX Application Thread] DEBUG Input                - Registered new binding: Shoot - Z
18:12:52.197 [JavaFX Application Thread] DEBUG FXGLAssetLoaderServi - Loading from file system: jar:file:///C:/Users/sande/.m2/repository/com/github/almasb/fxgl/17.1/fxgl-17.1.jar!/fxglassets/textures/fxgl_icon.png
18:12:52.222 [JavaFX Application Thread] DEBUG FXGLAssetLoaderServi - Loading from file system: jar:file:///C:/Users/sande/.m2/repository/com/github/almasb/fxgl/17.1/fxgl-17.1.jar!/fxglassets/textures/fxgl_default_cursor.png
18:12:52.225 [JavaFX Application Thread] DEBUG Input                - Registered new binding: Screenshot - CTRL+8
18:12:52.226 [JavaFX Application Thread] DEBUG Input                - Registered new binding: Dev Options - 1
18:12:52.226 [JavaFX Application Thread] DEBUG Input                - Registered new binding: Dev Console - 2
18:12:52.226 [JavaFX Application Thread] DEBUG Input                - Registered new binding: System info dump - CTRL+9
18:12:52.226 [JavaFX Application Thread] DEBUG Input                - Registered new binding: Restart - CTRL+R
18:12:52.227 [JavaFX Application Thread] DEBUG Input                - Registered new binding: Toggle Debug Camera - CTRL+7
18:12:52.230 [JavaFX Application Thread] DEBUG LoopRunner           - Starting loop
18:12:52.231 [FXGL Background Thread 4 ] DEBUG FXGLAssetLoaderServi - Loading from file system: jar:file:///C:/Users/sande/.m2/repository/com/github/almasb/fxgl/17.1/fxgl-17.1.jar!/fxglassets/ui/fonts/Abel-Regular.ttf
18:12:52.243 [JavaFX Application Thread] DEBUG LoopRunner           - Initializing JavaFX AnimationTimerLoop
18:12:52.244 [JavaFX Application Thread] DEBUG GameApplicationServi - Starting new game
18:12:52.245 [JavaFX Application Thread] DEBUG Input                - Clearing active input actions
18:12:52.253 [FXGL Background Thread 4 ] DEBUG FXGLAssetLoaderServi - Loading from file system: jar:file:///C:/Users/sande/.m2/repository/com/github/almasb/fxgl/17.1/fxgl-17.1.jar!/fxglassets/ui/fonts/TerminalLandMono-Regular.otf
18:12:52.256 [JavaFX Application Thread] DEBUG GameApplicationServi - Removing overlay from FXGLStartupScene and adding to FXGLLoadingScene
18:12:52.259 [JavaFX Application Thread] DEBUG PrimaryStageWindow   - FXGLStartupScene -> FXGLLoadingScene
18:12:52.260 [JavaFX Application Thread] DEBUG GameApplicationServi - Clearing previous game
18:12:52.260 [JavaFX Application Thread] DEBUG GameScene            - Clearing game scene
18:12:52.260 [JavaFX Application Thread] DEBUG GameWorld            - Clearing game world
18:12:52.260 [JavaFX Application Thread] DEBUG PhysicsWorld         - Clearing physics world
18:12:52.261 [FXGL Background Thread 1 ] DEBUG FXGLApplication      - Initializing game
18:12:52.264 [FXGL Background Thread 4 ] DEBUG FXGLAssetLoaderServi - Loading from file system: jar:file:///C:/Users/sande/.m2/repository/com/github/almasb/fxgl/17.1/fxgl-17.1.jar!/fxglassets/ui/fonts/Courier-Prime.ttf
18:12:52.327 [FXGL Background Thread 1 ] DEBUG TMXLevelLoader       - Parsed TiledMap: file:/C:/Users/sande/IdeaProjects/Java%20Advanced/ShortburstProject/Short_platformer_game/target/classes/assets/levels/tmx/platformer.tmx
18:12:52.329 [FXGL Background Thread 1 ] DEBUG TMXLevelLoader       - Creating tile layer entities
18:12:52.330 [FXGL Background Thread 1 ] DEBUG TilesetLoader        - Loading view for layer Tile Layer 1
18:12:52.331 [FXGL Background Thread 1 ] DEBUG TilesetLoader        - Created buffer with size 800.0x608.0
18:12:52.345 [FXGL Background Thread 1 ] DEBUG TMXLevelLoader       - Creating object layer entities
18:12:52.376 [FXGL Background Thread 1 ] DEBUG FXGLAssetLoaderServi - Loading from file system: file:/C:/Users/sande/IdeaProjects/Java%20Advanced/ShortburstProject/Short_platformer_game/target/classes/assets/textures/Items/Boxes/Box1/Idle.png
18:12:52.410 [FXGL Background Thread 1 ] DEBUG FXGLAssetLoaderServi - Loading from file system: file:/C:/Users/sande/IdeaProjects/Java%20Advanced/ShortburstProject/Short_platformer_game/target/classes/assets/textures/Items/Checkpoints/End/End%20(Idle).png
18:12:52.414 [FXGL Background Thread 1 ] DEBUG GameWorld            - Clearing removable entities
18:12:52.414 [FXGL Background Thread 1 ] DEBUG GameWorld            - Setting level: com.almasb.fxgl.entity.level.Level@4435f22e
18:12:52.463 [FXGL Background Thread 1 ] DEBUG FXGLAssetLoaderServi - Loading from file system: file:/C:/Users/sande/IdeaProjects/Java%20Advanced/ShortburstProject/Short_platformer_game/target/classes/assets/textures/Virtual%20Guy/Idle%20(32x32).png
18:12:52.466 [FXGL Background Thread 1 ] DEBUG FXGLAssetLoaderServi - Loading from file system: file:/C:/Users/sande/IdeaProjects/Java%20Advanced/ShortburstProject/Short_platformer_game/target/classes/assets/textures/Virtual%20Guy/Run%20(32x32).png
18:12:52.469 [FXGL Background Thread 1 ] DEBUG FXGLAssetLoaderServi - Loading from file system: file:/C:/Users/sande/IdeaProjects/Java%20Advanced/ShortburstProject/Short_platformer_game/target/classes/assets/textures/Virtual%20Guy/Jump%20(32x32).png
18:12:52.472 [FXGL Background Thread 1 ] DEBUG FXGLAssetLoaderServi - Loading from file system: file:/C:/Users/sande/IdeaProjects/Java%20Advanced/ShortburstProject/Short_platformer_game/target/classes/assets/textures/Virtual%20Guy/Double%20Jump%20(32x32).png
18:12:52.474 [FXGL Background Thread 1 ] DEBUG FXGLAssetLoaderServi - Loading from file system: file:/C:/Users/sande/IdeaProjects/Java%20Advanced/ShortburstProject/Short_platformer_game/target/classes/assets/textures/Virtual%20Guy/Fall%20(32x32).png
18:12:52.484 [FXGL Background Thread 1 ] DEBUG FXGLAssetLoaderServi - Loading from file system: file:/C:/Users/sande/IdeaProjects/Java%20Advanced/ShortburstProject/Short_platformer_game/target/classes/assets/textures/Background/Blue.png
18:12:52.487 [FXGL Background Thread 1 ] INFO  FXGLApplication      - Game initialization took: 0.225 sec
18:12:52.534 [JavaFX Application Thread] DEBUG FXGLApplication      - Registering font factories with UI factory
18:12:52.546 [JavaFX Application Thread] DEBUG Input                - Clearing active input actions
18:12:52.561 [JavaFX Application Thread] DEBUG GameApplicationServi - Removing overlay from FXGLLoadingScene and adding to GameScene
18:12:52.564 [JavaFX Application Thread] DEBUG PrimaryStageWindow   - FXGLLoadingScene -> GameScene
18:12:52.630 [FXGL Background Thread 2 ] INFO  UpdaterService       - Your current version:  17.1
18:12:52.631 [FXGL Background Thread 2 ] INFO  UpdaterService       - Latest stable version: 17.2
18:12:55.159 [FXGL Background Thread 3 ] DEBUG Engine               - Logging environment variables
18:12:55.161 [FXGL Background Thread 3 ] DEBUG Engine               - achievements: []
18:12:55.161 [FXGL Background Thread 3 ] DEBUG Engine               - actualHeight: 600.0
18:12:55.161 [FXGL Background Thread 3 ] DEBUG Engine               - actualHeightProperty: ReadOnlyDoubleProperty [value: 600.0]
18:12:55.161 [FXGL Background Thread 3 ] DEBUG Engine               - actualWidth: 800.0
18:12:55.162 [FXGL Background Thread 3 ] DEBUG Engine               - actualWidthProperty: ReadOnlyDoubleProperty [value: 800.0]
18:12:55.162 [FXGL Background Thread 3 ] DEBUG Engine               - appIcon: fxgl_icon.png
18:12:55.162 [FXGL Background Thread 3 ] DEBUG Engine               - applicationMode: DEVELOPER
18:12:55.162 [FXGL Background Thread 3 ] DEBUG Engine               - cSSList: [fxgl_dark.css]
18:12:55.162 [FXGL Background Thread 3 ] DEBUG Engine               - collisionDetectionStrategy: BRUTE_FORCE
18:12:55.162 [FXGL Background Thread 3 ] DEBUG Engine               - configClass: Optional.empty
18:12:55.163 [FXGL Background Thread 3 ] DEBUG Engine               - credits: []
18:12:55.163 [FXGL Background Thread 3 ] DEBUG Engine               - defaultCursor: CursorInfo(imageName=fxgl_default_cursor.png, hotspotX=7.0, hotspotY=6.0)
18:12:55.164 [FXGL Background Thread 3 ] DEBUG Engine               - devBBoxColorProperty: ObjectProperty [value: 0xff0000ff]
18:12:55.164 [FXGL Background Thread 3 ] DEBUG Engine               - devEnableDebugCameraProperty: BooleanProperty [value: false]
18:12:55.166 [FXGL Background Thread 3 ] DEBUG Engine               - devSensorColorProperty: ObjectProperty [value: 0xffff00ff]
18:12:55.166 [FXGL Background Thread 3 ] DEBUG Engine               - devShowBBoxProperty: BooleanProperty [value: false]
18:12:55.166 [FXGL Background Thread 3 ] DEBUG Engine               - devShowPositionProperty: BooleanProperty [value: false]
18:12:55.166 [FXGL Background Thread 3 ] DEBUG Engine               - enabledMenuItems: []
18:12:55.167 [FXGL Background Thread 3 ] DEBUG Engine               - engineServices: [class com.almasb.fxgl.app.services.FXGLAssetLoaderService, class com.almasb.fxgl.app.FXGLApplication$GameApplicationService, class com.almasb.fxgl.app.services.FXGLDialogService, class com.almasb.fxgl.app.services.IOTaskExecutorService, class com.almasb.fxgl.io.FileSystemService, class com.almasb.fxgl.localization.LocalizationService, class com.almasb.fxgl.app.services.SystemBundleService, class com.almasb.fxgl.profile.SaveLoadService, class com.almasb.fxgl.ui.FXGLUIFactoryServiceProvider, class com.almasb.fxgl.ui.FXGLDialogFactoryServiceProvider, class com.almasb.fxgl.audio.AudioPlayer, class com.almasb.fxgl.notification.impl.NotificationServiceProvider, class com.almasb.fxgl.achievement.AchievementService, class com.almasb.fxgl.cutscene.CutsceneService, class com.almasb.fxgl.minigames.MiniGameService, class com.almasb.fxgl.net.NetService, class com.almasb.fxgl.app.services.UpdaterService, class com.almasb.fxgl.dev.DevService]
18:12:55.167 [FXGL Background Thread 3 ] DEBUG Engine               - fontGame: Abel-Regular.ttf
18:12:55.167 [FXGL Background Thread 3 ] DEBUG Engine               - fontMono: TerminalLandMono-Regular.otf
18:12:55.167 [FXGL Background Thread 3 ] DEBUG Engine               - fontText: Courier-Prime.ttf
18:12:55.167 [FXGL Background Thread 3 ] DEBUG Engine               - fontUI: VarelaRound-Regular.ttf
18:12:55.167 [FXGL Background Thread 3 ] DEBUG Engine               - fullScreen: BooleanProperty [value: false]
18:12:55.168 [FXGL Background Thread 3 ] DEBUG Engine               - gameDifficulty: MEDIUM
18:12:55.168 [FXGL Background Thread 3 ] DEBUG Engine               - gameDifficultyProperty: ObjectProperty [value: MEDIUM]
18:12:55.168 [FXGL Background Thread 3 ] DEBUG Engine               - globalMusicVolume: 0.5
18:12:55.168 [FXGL Background Thread 3 ] DEBUG Engine               - globalMusicVolumeProperty: DoubleProperty [value: 0.5]
18:12:55.168 [FXGL Background Thread 3 ] DEBUG Engine               - globalSoundVolume: 0.5
18:12:55.168 [FXGL Background Thread 3 ] DEBUG Engine               - globalSoundVolumeProperty: DoubleProperty [value: 0.5]
18:12:55.169 [FXGL Background Thread 3 ] DEBUG Engine               - height: 600
18:12:55.169 [FXGL Background Thread 3 ] DEBUG Engine               - is3D: false
18:12:55.169 [FXGL Background Thread 3 ] DEBUG Engine               - isAndroid: false
18:12:55.169 [FXGL Background Thread 3 ] DEBUG Engine               - isBrowser: false
18:12:55.169 [FXGL Background Thread 3 ] DEBUG Engine               - isClickFeedbackEnabled: false
18:12:55.169 [FXGL Background Thread 3 ] DEBUG Engine               - isCloseConfirmation: false
18:12:55.169 [FXGL Background Thread 3 ] DEBUG Engine               - isDesktop: true
18:12:55.170 [FXGL Background Thread 3 ] DEBUG Engine               - isDeveloperMenuEnabled: true
18:12:55.170 [FXGL Background Thread 3 ] DEBUG Engine               - isEmbedded: false
18:12:55.170 [FXGL Background Thread 3 ] DEBUG Engine               - isEntityPreloadEnabled: true
18:12:55.170 [FXGL Background Thread 3 ] DEBUG Engine               - isExperimentalTiledLargeMap: false
18:12:55.170 [FXGL Background Thread 3 ] DEBUG Engine               - isFileSystemWriteAllowed: true
18:12:55.170 [FXGL Background Thread 3 ] DEBUG Engine               - isFullScreenAllowed: false
18:12:55.170 [FXGL Background Thread 3 ] DEBUG Engine               - isFullScreenFromStart: false
18:12:55.170 [FXGL Background Thread 3 ] DEBUG Engine               - isGameMenuEnabled: true
18:12:55.170 [FXGL Background Thread 3 ] DEBUG Engine               - isIOS: false
18:12:55.171 [FXGL Background Thread 3 ] DEBUG Engine               - isIntroEnabled: false
18:12:55.171 [FXGL Background Thread 3 ] DEBUG Engine               - isLinux: false
18:12:55.171 [FXGL Background Thread 3 ] DEBUG Engine               - isMac: false
18:12:55.171 [FXGL Background Thread 3 ] DEBUG Engine               - isMainMenuEnabled: false
18:12:55.171 [FXGL Background Thread 3 ] DEBUG Engine               - isManualResizeEnabled: false
18:12:55.171 [FXGL Background Thread 3 ] DEBUG Engine               - isMobile: false
18:12:55.171 [FXGL Background Thread 3 ] DEBUG Engine               - isNative: false
18:12:55.171 [FXGL Background Thread 3 ] DEBUG Engine               - isPauseMusicWhenMinimized: true
18:12:55.172 [FXGL Background Thread 3 ] DEBUG Engine               - isPreserveResizeRatio: false
18:12:55.172 [FXGL Background Thread 3 ] DEBUG Engine               - isProfilingEnabled: false
18:12:55.172 [FXGL Background Thread 3 ] DEBUG Engine               - isScaleAffectedOnResize: true
18:12:55.172 [FXGL Background Thread 3 ] DEBUG Engine               - isSingleStep: false
18:12:55.172 [FXGL Background Thread 3 ] DEBUG Engine               - isUserProfileEnabled: false
18:12:55.172 [FXGL Background Thread 3 ] DEBUG Engine               - isWindows: true
18:12:55.172 [FXGL Background Thread 3 ] DEBUG Engine               - language: ObjectProperty [value: ENGLISH]
18:12:55.173 [FXGL Background Thread 3 ] DEBUG Engine               - menuKey: ESCAPE
18:12:55.173 [FXGL Background Thread 3 ] DEBUG Engine               - mouseSensitivity: 0.2
18:12:55.173 [FXGL Background Thread 3 ] DEBUG Engine               - notificationViewClass: class com.almasb.fxgl.notification.view.XboxNotificationView
18:12:55.173 [FXGL Background Thread 3 ] DEBUG Engine               - pixelsPerMeter: 50.0
18:12:55.173 [FXGL Background Thread 3 ] DEBUG Engine               - platform: WINDOWS
18:12:55.173 [FXGL Background Thread 3 ] DEBUG Engine               - prefHeightProperty: ReadOnlyDoubleProperty [value: 600.0]
18:12:55.173 [FXGL Background Thread 3 ] DEBUG Engine               - prefWidthProperty: ReadOnlyDoubleProperty [value: 800.0]
18:12:55.173 [FXGL Background Thread 3 ] DEBUG Engine               - profileDir: profiles/
18:12:55.174 [FXGL Background Thread 3 ] DEBUG Engine               - profileName: StringProperty [value: DEFAULT]
18:12:55.174 [FXGL Background Thread 3 ] DEBUG Engine               - randomSeed: -1
18:12:55.174 [FXGL Background Thread 3 ] DEBUG Engine               - runtimeInfo: RuntimeInfo(platform=WINDOWS, version=17.1, build=24.03.2022 17.34)
18:12:55.174 [FXGL Background Thread 3 ] DEBUG Engine               - saveFileExt: sav
18:12:55.174 [FXGL Background Thread 3 ] DEBUG Engine               - scaledHeightProp$fxgl: DoubleProperty [bound, value: 600.0]
18:12:55.175 [FXGL Background Thread 3 ] DEBUG Engine               - scaledWidthProp$fxgl: DoubleProperty [bound, value: 800.0]
18:12:55.175 [FXGL Background Thread 3 ] DEBUG Engine               - sceneFactory: com.almasb.fxgl.app.scene.SceneFactory@3f78d230
18:12:55.175 [FXGL Background Thread 3 ] DEBUG Engine               - secondsIn24h: 60
18:12:55.175 [FXGL Background Thread 3 ] DEBUG Engine               - soundMenuBack: menu/back.wav
18:12:55.175 [FXGL Background Thread 3 ] DEBUG Engine               - soundMenuPress: menu/press.wav
18:12:55.176 [FXGL Background Thread 3 ] DEBUG Engine               - soundMenuSelect: menu/select.wav
18:12:55.176 [FXGL Background Thread 3 ] DEBUG Engine               - soundNotification: core/notification.wav
18:12:55.176 [FXGL Background Thread 3 ] DEBUG Engine               - stageStyle: DECORATED
18:12:55.176 [FXGL Background Thread 3 ] DEBUG Engine               - supportedLanguages: [ENGLISH, FRENCH, GERMAN, HUNGARIAN, RUSSIAN]
18:12:55.176 [FXGL Background Thread 3 ] DEBUG Engine               - ticksPerSecond: -1
18:12:55.176 [FXGL Background Thread 3 ] DEBUG Engine               - title: Untitled
18:12:55.176 [FXGL Background Thread 3 ] DEBUG Engine               - urlGithub: https://github.com/AlmasB/FXGL
18:12:55.176 [FXGL Background Thread 3 ] DEBUG Engine               - urlLeaderboard: http://fxgl-top.herokuapp.com/
18:12:55.176 [FXGL Background Thread 3 ] DEBUG Engine               - urlPOM: https://raw.githubusercontent.com/AlmasB/FXGL/release/README.md
18:12:55.176 [FXGL Background Thread 3 ] DEBUG Engine               - userAppClass: class org.platformer.PlatformerApp
18:12:55.177 [FXGL Background Thread 3 ] DEBUG Engine               - version: 0.0
18:12:55.177 [FXGL Background Thread 3 ] DEBUG Engine               - versionCheckDays: 7
18:12:55.177 [FXGL Background Thread 3 ] DEBUG Engine               - width: 800
18:12:55.177 [FXGL Background Thread 3 ] DEBUG Engine               - Logging services
18:12:55.177 [FXGL Background Thread 3 ] DEBUG Engine               - class com.almasb.fxgl.app.services.FXGLAssetLoaderService
18:12:55.177 [FXGL Background Thread 3 ] DEBUG Engine               - class com.almasb.fxgl.app.FXGLApplication$GameApplicationService
18:12:55.177 [FXGL Background Thread 3 ] DEBUG Engine               - class com.almasb.fxgl.app.services.FXGLDialogService
18:12:55.177 [FXGL Background Thread 3 ] DEBUG Engine               - class com.almasb.fxgl.app.services.IOTaskExecutorService
18:12:55.177 [FXGL Background Thread 3 ] DEBUG Engine               - class com.almasb.fxgl.io.FileSystemService
18:12:55.177 [FXGL Background Thread 3 ] DEBUG Engine               - class com.almasb.fxgl.localization.LocalizationService
18:12:55.177 [FXGL Background Thread 3 ] DEBUG Engine               - class com.almasb.fxgl.app.services.SystemBundleService
18:12:55.178 [FXGL Background Thread 3 ] DEBUG Engine               - class com.almasb.fxgl.profile.SaveLoadService
18:12:55.178 [FXGL Background Thread 3 ] DEBUG Engine               - class com.almasb.fxgl.ui.FXGLUIFactoryServiceProvider
18:12:55.178 [FXGL Background Thread 3 ] DEBUG Engine               - class com.almasb.fxgl.ui.FXGLDialogFactoryServiceProvider
18:12:55.178 [FXGL Background Thread 3 ] DEBUG Engine               - class com.almasb.fxgl.audio.AudioPlayer
18:12:55.178 [FXGL Background Thread 3 ] DEBUG Engine               - class com.almasb.fxgl.notification.impl.NotificationServiceProvider
18:12:55.178 [FXGL Background Thread 3 ] DEBUG Engine               - class com.almasb.fxgl.achievement.AchievementService
18:12:55.178 [FXGL Background Thread 3 ] DEBUG Engine               - class com.almasb.fxgl.cutscene.CutsceneService
18:12:55.178 [FXGL Background Thread 3 ] DEBUG Engine               - class com.almasb.fxgl.minigames.MiniGameService
18:12:55.178 [FXGL Background Thread 3 ] DEBUG Engine               - class com.almasb.fxgl.net.NetService
18:12:55.178 [FXGL Background Thread 3 ] DEBUG Engine               - class com.almasb.fxgl.app.services.UpdaterService
18:12:55.178 [FXGL Background Thread 3 ] DEBUG Engine               - class com.almasb.fxgl.dev.DevService
18:13:15.456 [JavaFX Application Thread] DEBUG FXGLApplication      - Exiting FXGL
18:13:15.456 [JavaFX Application Thread] DEBUG LoopRunner           - Stopping loop
18:13:15.456 [JavaFX Application Thread] DEBUG SystemBundleService  - Saving FXGL system data
18:13:15.460 [JavaFX Application Thread] DEBUG FileSystemAccess     - Writing to: C:\Users\sande\IdeaProjects\Java Advanced\ShortburstProject\Short_platformer_game\system\fxgl.bundle
18:13:15.466 [JavaFX Application Thread] DEBUG Async                - Shutting down background threads
18:13:15.466 [JavaFX Application Thread] DEBUG PrimaryStageWindow   - Closing main window
18:13:15.508 [JavaFX Application Thread] DEBUG Logger               - Closing Logger
