22:48:37.170 [main                     ] DEBUG Logger               - Configured Logger
22:48:37.196 [main                     ] DEBUG GameApplication      - Logging settings
Title: Untitled
Version: 0.0
Width: 800
Height: 608
Fullscreen: false
Intro: false
Profiling: false
Single step:false
App Mode: DEVELOPER
Menu Key: ESCAPE
Stage Style: DECORATED
Scene Factory: class com.almasb.fxgl.app.scene.SceneFactory

22:48:37.502 [JavaFX Application Thread] DEBUG FXGLApplication      - Initializing FXGL
22:48:37.509 [JavaFX Application Thread] INFO  Engine               - FXGL-17.1 (24.03.2022 17.34) on WINDOWS (J:19.0.1 FX:18)
22:48:37.509 [JavaFX Application Thread] DEBUG Engine               - JRE Vendor Name: Oracle Corporation
22:48:37.510 [JavaFX Application Thread] DEBUG Engine               - Running on OS: Windows 10 version 10.0
22:48:37.510 [JavaFX Application Thread] DEBUG Engine               - Architecture: amd64
22:48:37.510 [JavaFX Application Thread] INFO  Engine               - Source code and latest versions at: https://github.com/AlmasB/FXGL
22:48:37.511 [JavaFX Application Thread] INFO  Engine               -       Ask questions and discuss at: https://github.com/AlmasB/FXGL/discussions
22:48:37.511 [JavaFX Application Thread] INFO  Engine               -              Join the FXGL chat at: https://gitter.im/AlmasB/FXGL
22:48:37.651 [JavaFX Application Thread] DEBUG PrimaryStageWindow   - Creating a JavaFX scene
22:48:37.698 [JavaFX Application Thread] DEBUG PrimaryStageWindow   - Target settings size: 800.0 x 608.0
22:48:37.699 [JavaFX Application Thread] DEBUG PrimaryStageWindow   - Scaled scene size:    800.0 x 608.0
22:48:37.699 [JavaFX Application Thread] DEBUG PrimaryStageWindow   - Scaled ratio: (1.0, 1.0)
22:48:37.700 [JavaFX Application Thread] DEBUG PrimaryStageWindow   - Set initial scene to FXGLStartupScene
22:48:37.705 [JavaFX Application Thread] DEBUG PrimaryStageWindow   - Opening main window
22:48:37.805 [JavaFX Application Thread] DEBUG PrimaryStageWindow   - Window border size: (14.4000244140625, 37.5999755859375)
22:48:37.805 [JavaFX Application Thread] DEBUG PrimaryStageWindow   - Scaled size: 800.0 x 608.0
22:48:37.805 [JavaFX Application Thread] DEBUG PrimaryStageWindow   - Scaled ratio: (1.0, 1.0)
22:48:37.805 [JavaFX Application Thread] DEBUG PrimaryStageWindow   - Scene size: 800.0 x 608.0
22:48:37.806 [JavaFX Application Thread] DEBUG PrimaryStageWindow   - Stage size: 814.4000244140625 x 645.5999755859375
22:48:37.814 [FXGL Background Thread 1 ] DEBUG Engine               - Initializing environment variables
22:48:37.868 [FXGL Background Thread 1 ] DEBUG FXGLAssetLoaderServi - User app class for loading assets: class org.platformer.PlatformerApp
22:48:37.869 [FXGL Background Thread 1 ] DEBUG GameApplicationServi - Applying CSS: fxgl_dark.css
22:48:37.869 [FXGL Background Thread 1 ] DEBUG FXGLAssetLoaderServi - Loading from file system: jar:file:///C:/Users/sande/.m2/repository/com/github/almasb/fxgl/17.1/fxgl-17.1.jar!/fxglassets/ui/css/fxgl_dark.css
22:48:37.909 [FXGL Background Thread 1 ] DEBUG GameApplicationServi - Initializing application scenes
22:48:37.940 [FXGL Background Thread 1 ] DEBUG GameWorld            - Game world initialized
22:48:38.011 [FXGL Background Thread 1 ] DEBUG PhysicsWorld         - Physics world initialized: appHeight=608, physics.ppm=50.0
22:48:38.011 [FXGL Background Thread 1 ] DEBUG PhysicsWorld         - Using strategy: BRUTE_FORCE
22:48:38.016 [FXGL Background Thread 1 ] DEBUG GameScene            - Game scene initialized: 800x608
22:48:38.031 [FXGL Background Thread 1 ] DEBUG FXGL.DefaultMenu     - createMenuBodyGameMenu()
22:48:38.046 [FXGL Background Thread 1 ] DEBUG FXGL.DefaultMenu     - createOptionsMenu()
22:48:38.056 [FXGL Background Thread 1 ] DEBUG FXGLAssetLoaderServi - Loading from file system: jar:file:///C:/Users/sande/.m2/repository/com/github/almasb/fxgl/17.1/fxgl-17.1.jar!/fxglassets/textures/particles/smoke.png
22:48:38.148 [FXGL Background Thread 1 ] DEBUG FXGLAssetLoaderServi - Loading from file system: jar:file:///C:/Users/sande/.m2/repository/com/github/almasb/fxgl/17.1/fxgl-17.1.jar!/fxglassets/textures/particles/trace_horizontal.png
22:48:38.184 [FXGL Background Thread 1 ] DEBUG GameApplicationServi - Application scenes initialized
22:48:38.196 [FXGL Background Thread 1 ] DEBUG SystemBundleService  - Loading FXGL system data
22:48:38.201 [FXGL Background Thread 1 ] DEBUG FileSystemAccess     - Reading from: C:\Users\sande\IdeaProjects\Java Advanced\ShortburstProject\Short_platformer_game\system\fxgl.bundle
22:48:38.210 [FXGL Background Thread 1 ] DEBUG SystemBundleService  - Bundle FXGL: {}
22:48:38.210 [FXGL Background Thread 1 ] DEBUG UpdaterService       - Checking for updates
22:48:38.233 [FXGL Background Thread 4 ] DEBUG FXGLApplication      - Loading fonts
22:48:38.234 [FXGL Background Thread 1 ] DEBUG FXGLApplication      - Loading default localization
22:48:38.235 [FXGL Background Thread 4 ] DEBUG FXGLAssetLoaderServi - Loading from file system: jar:file:///C:/Users/sande/.m2/repository/com/github/almasb/fxgl/17.1/fxgl-17.1.jar!/fxglassets/ui/fonts/VarelaRound-Regular.ttf
22:48:38.235 [FXGL Background Thread 1 ] DEBUG FXGLAssetLoaderServi - Loading from file system: jar:file:///C:/Users/sande/.m2/repository/com/github/almasb/fxgl/17.1/fxgl-17.1.jar!/fxglassets/languages/english.lang
22:48:38.255 [FXGL Background Thread 1 ] INFO  FXGLApplication      - FXGL initialization took: 0.440 sec
22:48:38.265 [JavaFX Application Thread] DEBUG Input                - Registered new binding: Left - Left
22:48:38.265 [JavaFX Application Thread] DEBUG Input                - Registered new binding: Right - Right
22:48:38.266 [JavaFX Application Thread] DEBUG Input                - Registered new binding: Jump - Up
22:48:38.266 [JavaFX Application Thread] DEBUG Input                - Registered new binding: Stomp - Down
22:48:38.266 [JavaFX Application Thread] DEBUG FXGLAssetLoaderServi - Loading from file system: jar:file:///C:/Users/sande/.m2/repository/com/github/almasb/fxgl/17.1/fxgl-17.1.jar!/fxglassets/textures/fxgl_icon.png
22:48:38.290 [JavaFX Application Thread] DEBUG FXGLAssetLoaderServi - Loading from file system: jar:file:///C:/Users/sande/.m2/repository/com/github/almasb/fxgl/17.1/fxgl-17.1.jar!/fxglassets/textures/fxgl_default_cursor.png
22:48:38.293 [JavaFX Application Thread] DEBUG Input                - Registered new binding: Screenshot - CTRL+8
22:48:38.294 [JavaFX Application Thread] DEBUG Input                - Registered new binding: Dev Options - 1
22:48:38.294 [JavaFX Application Thread] DEBUG Input                - Registered new binding: Dev Console - 2
22:48:38.295 [JavaFX Application Thread] DEBUG Input                - Registered new binding: System info dump - CTRL+9
22:48:38.295 [JavaFX Application Thread] DEBUG Input                - Registered new binding: Restart - CTRL+R
22:48:38.295 [JavaFX Application Thread] DEBUG Input                - Registered new binding: Toggle Debug Camera - CTRL+7
22:48:38.298 [JavaFX Application Thread] DEBUG LoopRunner           - Starting loop
22:48:38.305 [FXGL Background Thread 4 ] DEBUG FXGLAssetLoaderServi - Loading from file system: jar:file:///C:/Users/sande/.m2/repository/com/github/almasb/fxgl/17.1/fxgl-17.1.jar!/fxglassets/ui/fonts/Abel-Regular.ttf
22:48:38.313 [JavaFX Application Thread] DEBUG LoopRunner           - Initializing JavaFX AnimationTimerLoop
22:48:38.314 [JavaFX Application Thread] DEBUG GameApplicationServi - Starting new game
22:48:38.314 [JavaFX Application Thread] DEBUG Input                - Clearing active input actions
22:48:38.324 [FXGL Background Thread 4 ] DEBUG FXGLAssetLoaderServi - Loading from file system: jar:file:///C:/Users/sande/.m2/repository/com/github/almasb/fxgl/17.1/fxgl-17.1.jar!/fxglassets/ui/fonts/TerminalLandMono-Regular.otf
22:48:38.325 [JavaFX Application Thread] DEBUG GameApplicationServi - Removing overlay from FXGLStartupScene and adding to FXGLLoadingScene
22:48:38.328 [JavaFX Application Thread] DEBUG PrimaryStageWindow   - FXGLStartupScene -> FXGLLoadingScene
22:48:38.329 [JavaFX Application Thread] DEBUG GameApplicationServi - Clearing previous game
22:48:38.329 [JavaFX Application Thread] DEBUG GameScene            - Clearing game scene
22:48:38.329 [JavaFX Application Thread] DEBUG GameWorld            - Clearing game world
22:48:38.329 [JavaFX Application Thread] DEBUG PhysicsWorld         - Clearing physics world
22:48:38.331 [FXGL Background Thread 1 ] DEBUG FXGLApplication      - Initializing game
22:48:38.337 [FXGL Background Thread 4 ] DEBUG FXGLAssetLoaderServi - Loading from file system: jar:file:///C:/Users/sande/.m2/repository/com/github/almasb/fxgl/17.1/fxgl-17.1.jar!/fxglassets/ui/fonts/Courier-Prime.ttf
22:48:38.384 [FXGL Background Thread 1 ] DEBUG TMXLevelLoader       - Parsed TiledMap: file:/C:/Users/sande/IdeaProjects/Java%20Advanced/ShortburstProject/Short_platformer_game/target/classes/assets/levels/tmx/platformer.tmx
22:48:38.385 [FXGL Background Thread 1 ] DEBUG TMXLevelLoader       - Creating tile layer entities
22:48:38.387 [FXGL Background Thread 1 ] DEBUG TilesetLoader        - Loading view for layer Tile Layer 1
22:48:38.387 [FXGL Background Thread 1 ] DEBUG TilesetLoader        - Created buffer with size 800.0x608.0
22:48:38.402 [FXGL Background Thread 1 ] DEBUG TMXLevelLoader       - Creating object layer entities
22:48:38.428 [FXGL Background Thread 1 ] DEBUG GameWorld            - Clearing removable entities
22:48:38.428 [FXGL Background Thread 1 ] DEBUG GameWorld            - Setting level: com.almasb.fxgl.entity.level.Level@4d3ce140
22:48:38.448 [FXGL Background Thread 1 ] DEBUG FXGLAssetLoaderServi - Loading from file system: file:/C:/Users/sande/IdeaProjects/Java%20Advanced/ShortburstProject/Short_platformer_game/target/classes/assets/textures/Virtual%20Guy/Idle%20(32x32).png
22:48:38.450 [FXGL Background Thread 1 ] DEBUG FXGLAssetLoaderServi - Loading from file system: file:/C:/Users/sande/IdeaProjects/Java%20Advanced/ShortburstProject/Short_platformer_game/target/classes/assets/textures/Virtual%20Guy/Run%20(32x32).png
22:48:38.453 [FXGL Background Thread 1 ] DEBUG FXGLAssetLoaderServi - Loading from file system: file:/C:/Users/sande/IdeaProjects/Java%20Advanced/ShortburstProject/Short_platformer_game/target/classes/assets/textures/Virtual%20Guy/Jump%20(32x32).png
22:48:38.454 [FXGL Background Thread 1 ] DEBUG FXGLAssetLoaderServi - Loading from file system: file:/C:/Users/sande/IdeaProjects/Java%20Advanced/ShortburstProject/Short_platformer_game/target/classes/assets/textures/Virtual%20Guy/Double%20Jump%20(32x32).png
22:48:38.456 [FXGL Background Thread 1 ] DEBUG FXGLAssetLoaderServi - Loading from file system: file:/C:/Users/sande/IdeaProjects/Java%20Advanced/ShortburstProject/Short_platformer_game/target/classes/assets/textures/Virtual%20Guy/Fall%20(32x32).png
22:48:38.463 [FXGL Background Thread 1 ] INFO  FXGLApplication      - Game initialization took: 0.132 sec
22:48:38.555 [JavaFX Application Thread] DEBUG FXGLApplication      - Registering font factories with UI factory
22:48:38.565 [JavaFX Application Thread] DEBUG Input                - Clearing active input actions
22:48:38.581 [JavaFX Application Thread] DEBUG GameApplicationServi - Removing overlay from FXGLLoadingScene and adding to GameScene
22:48:38.584 [JavaFX Application Thread] DEBUG PrimaryStageWindow   - FXGLLoadingScene -> GameScene
22:48:38.690 [FXGL Background Thread 2 ] INFO  UpdaterService       - Your current version:  17.1
22:48:38.690 [FXGL Background Thread 2 ] INFO  UpdaterService       - Latest stable version: 17.2
22:48:41.233 [FXGL Background Thread 3 ] DEBUG Engine               - Logging environment variables
22:48:41.234 [FXGL Background Thread 3 ] DEBUG Engine               - achievements: []
22:48:41.234 [FXGL Background Thread 3 ] DEBUG Engine               - actualHeight: 608.0
22:48:41.235 [FXGL Background Thread 3 ] DEBUG Engine               - actualHeightProperty: ReadOnlyDoubleProperty [value: 608.0]
22:48:41.235 [FXGL Background Thread 3 ] DEBUG Engine               - actualWidth: 800.0
22:48:41.235 [FXGL Background Thread 3 ] DEBUG Engine               - actualWidthProperty: ReadOnlyDoubleProperty [value: 800.0]
22:48:41.235 [FXGL Background Thread 3 ] DEBUG Engine               - appIcon: fxgl_icon.png
22:48:41.236 [FXGL Background Thread 3 ] DEBUG Engine               - applicationMode: DEVELOPER
22:48:41.236 [FXGL Background Thread 3 ] DEBUG Engine               - cSSList: [fxgl_dark.css]
22:48:41.236 [FXGL Background Thread 3 ] DEBUG Engine               - collisionDetectionStrategy: BRUTE_FORCE
22:48:41.236 [FXGL Background Thread 3 ] DEBUG Engine               - configClass: Optional.empty
22:48:41.236 [FXGL Background Thread 3 ] DEBUG Engine               - credits: []
22:48:41.237 [FXGL Background Thread 3 ] DEBUG Engine               - defaultCursor: CursorInfo(imageName=fxgl_default_cursor.png, hotspotX=7.0, hotspotY=6.0)
22:48:41.237 [FXGL Background Thread 3 ] DEBUG Engine               - devBBoxColorProperty: ObjectProperty [value: 0xff0000ff]
22:48:41.237 [FXGL Background Thread 3 ] DEBUG Engine               - devEnableDebugCameraProperty: BooleanProperty [value: false]
22:48:41.238 [FXGL Background Thread 3 ] DEBUG Engine               - devSensorColorProperty: ObjectProperty [value: 0xffff00ff]
22:48:41.238 [FXGL Background Thread 3 ] DEBUG Engine               - devShowBBoxProperty: BooleanProperty [value: false]
22:48:41.238 [FXGL Background Thread 3 ] DEBUG Engine               - devShowPositionProperty: BooleanProperty [value: false]
22:48:41.238 [FXGL Background Thread 3 ] DEBUG Engine               - enabledMenuItems: []
22:48:41.238 [FXGL Background Thread 3 ] DEBUG Engine               - engineServices: [class com.almasb.fxgl.app.services.FXGLAssetLoaderService, class com.almasb.fxgl.app.FXGLApplication$GameApplicationService, class com.almasb.fxgl.app.services.FXGLDialogService, class com.almasb.fxgl.app.services.IOTaskExecutorService, class com.almasb.fxgl.io.FileSystemService, class com.almasb.fxgl.localization.LocalizationService, class com.almasb.fxgl.app.services.SystemBundleService, class com.almasb.fxgl.profile.SaveLoadService, class com.almasb.fxgl.ui.FXGLUIFactoryServiceProvider, class com.almasb.fxgl.ui.FXGLDialogFactoryServiceProvider, class com.almasb.fxgl.audio.AudioPlayer, class com.almasb.fxgl.notification.impl.NotificationServiceProvider, class com.almasb.fxgl.achievement.AchievementService, class com.almasb.fxgl.cutscene.CutsceneService, class com.almasb.fxgl.minigames.MiniGameService, class com.almasb.fxgl.net.NetService, class com.almasb.fxgl.app.services.UpdaterService, class com.almasb.fxgl.dev.DevService]
22:48:41.239 [FXGL Background Thread 3 ] DEBUG Engine               - fontGame: Abel-Regular.ttf
22:48:41.239 [FXGL Background Thread 3 ] DEBUG Engine               - fontMono: TerminalLandMono-Regular.otf
22:48:41.239 [FXGL Background Thread 3 ] DEBUG Engine               - fontText: Courier-Prime.ttf
22:48:41.239 [FXGL Background Thread 3 ] DEBUG Engine               - fontUI: VarelaRound-Regular.ttf
22:48:41.240 [FXGL Background Thread 3 ] DEBUG Engine               - fullScreen: BooleanProperty [value: false]
22:48:41.241 [FXGL Background Thread 3 ] DEBUG Engine               - gameDifficulty: MEDIUM
22:48:41.241 [FXGL Background Thread 3 ] DEBUG Engine               - gameDifficultyProperty: ObjectProperty [value: MEDIUM]
22:48:41.241 [FXGL Background Thread 3 ] DEBUG Engine               - globalMusicVolume: 0.5
22:48:41.241 [FXGL Background Thread 3 ] DEBUG Engine               - globalMusicVolumeProperty: DoubleProperty [value: 0.5]
22:48:41.241 [FXGL Background Thread 3 ] DEBUG Engine               - globalSoundVolume: 0.5
22:48:41.241 [FXGL Background Thread 3 ] DEBUG Engine               - globalSoundVolumeProperty: DoubleProperty [value: 0.5]
22:48:41.242 [FXGL Background Thread 3 ] DEBUG Engine               - height: 608
22:48:41.242 [FXGL Background Thread 3 ] DEBUG Engine               - is3D: false
22:48:41.242 [FXGL Background Thread 3 ] DEBUG Engine               - isAndroid: false
22:48:41.242 [FXGL Background Thread 3 ] DEBUG Engine               - isBrowser: false
22:48:41.242 [FXGL Background Thread 3 ] DEBUG Engine               - isClickFeedbackEnabled: false
22:48:41.242 [FXGL Background Thread 3 ] DEBUG Engine               - isCloseConfirmation: false
22:48:41.243 [FXGL Background Thread 3 ] DEBUG Engine               - isDesktop: true
22:48:41.243 [FXGL Background Thread 3 ] DEBUG Engine               - isDeveloperMenuEnabled: true
22:48:41.243 [FXGL Background Thread 3 ] DEBUG Engine               - isEmbedded: false
22:48:41.243 [FXGL Background Thread 3 ] DEBUG Engine               - isEntityPreloadEnabled: true
22:48:41.244 [FXGL Background Thread 3 ] DEBUG Engine               - isExperimentalTiledLargeMap: false
22:48:41.244 [FXGL Background Thread 3 ] DEBUG Engine               - isFileSystemWriteAllowed: true
22:48:41.244 [FXGL Background Thread 3 ] DEBUG Engine               - isFullScreenAllowed: false
22:48:41.244 [FXGL Background Thread 3 ] DEBUG Engine               - isFullScreenFromStart: false
22:48:41.244 [FXGL Background Thread 3 ] DEBUG Engine               - isGameMenuEnabled: true
22:48:41.244 [FXGL Background Thread 3 ] DEBUG Engine               - isIOS: false
22:48:41.244 [FXGL Background Thread 3 ] DEBUG Engine               - isIntroEnabled: false
22:48:41.245 [FXGL Background Thread 3 ] DEBUG Engine               - isLinux: false
22:48:41.245 [FXGL Background Thread 3 ] DEBUG Engine               - isMac: false
22:48:41.245 [FXGL Background Thread 3 ] DEBUG Engine               - isMainMenuEnabled: false
22:48:41.245 [FXGL Background Thread 3 ] DEBUG Engine               - isManualResizeEnabled: false
22:48:41.245 [FXGL Background Thread 3 ] DEBUG Engine               - isMobile: false
22:48:41.246 [FXGL Background Thread 3 ] DEBUG Engine               - isNative: false
22:48:41.246 [FXGL Background Thread 3 ] DEBUG Engine               - isPauseMusicWhenMinimized: true
22:48:41.246 [FXGL Background Thread 3 ] DEBUG Engine               - isPreserveResizeRatio: false
22:48:41.246 [FXGL Background Thread 3 ] DEBUG Engine               - isProfilingEnabled: false
22:48:41.246 [FXGL Background Thread 3 ] DEBUG Engine               - isScaleAffectedOnResize: true
22:48:41.246 [FXGL Background Thread 3 ] DEBUG Engine               - isSingleStep: false
22:48:41.246 [FXGL Background Thread 3 ] DEBUG Engine               - isUserProfileEnabled: false
22:48:41.247 [FXGL Background Thread 3 ] DEBUG Engine               - isWindows: true
22:48:41.247 [FXGL Background Thread 3 ] DEBUG Engine               - language: ObjectProperty [value: ENGLISH]
22:48:41.247 [FXGL Background Thread 3 ] DEBUG Engine               - menuKey: ESCAPE
22:48:41.247 [FXGL Background Thread 3 ] DEBUG Engine               - mouseSensitivity: 0.2
22:48:41.247 [FXGL Background Thread 3 ] DEBUG Engine               - notificationViewClass: class com.almasb.fxgl.notification.view.XboxNotificationView
22:48:41.247 [FXGL Background Thread 3 ] DEBUG Engine               - pixelsPerMeter: 50.0
22:48:41.248 [FXGL Background Thread 3 ] DEBUG Engine               - platform: WINDOWS
22:48:41.248 [FXGL Background Thread 3 ] DEBUG Engine               - prefHeightProperty: ReadOnlyDoubleProperty [value: 608.0]
22:48:41.248 [FXGL Background Thread 3 ] DEBUG Engine               - prefWidthProperty: ReadOnlyDoubleProperty [value: 800.0]
22:48:41.248 [FXGL Background Thread 3 ] DEBUG Engine               - profileDir: profiles/
22:48:41.248 [FXGL Background Thread 3 ] DEBUG Engine               - profileName: StringProperty [value: DEFAULT]
22:48:41.248 [FXGL Background Thread 3 ] DEBUG Engine               - randomSeed: -1
22:48:41.249 [FXGL Background Thread 3 ] DEBUG Engine               - runtimeInfo: RuntimeInfo(platform=WINDOWS, version=17.1, build=24.03.2022 17.34)
22:48:41.249 [FXGL Background Thread 3 ] DEBUG Engine               - saveFileExt: sav
22:48:41.250 [FXGL Background Thread 3 ] DEBUG Engine               - scaledHeightProp$fxgl: DoubleProperty [bound, value: 608.0]
22:48:41.250 [FXGL Background Thread 3 ] DEBUG Engine               - scaledWidthProp$fxgl: DoubleProperty [bound, value: 800.0]
22:48:41.250 [FXGL Background Thread 3 ] DEBUG Engine               - sceneFactory: com.almasb.fxgl.app.scene.SceneFactory@2adc7f44
22:48:41.250 [FXGL Background Thread 3 ] DEBUG Engine               - secondsIn24h: 60
22:48:41.250 [FXGL Background Thread 3 ] DEBUG Engine               - soundMenuBack: menu/back.wav
22:48:41.250 [FXGL Background Thread 3 ] DEBUG Engine               - soundMenuPress: menu/press.wav
22:48:41.250 [FXGL Background Thread 3 ] DEBUG Engine               - soundMenuSelect: menu/select.wav
22:48:41.251 [FXGL Background Thread 3 ] DEBUG Engine               - soundNotification: core/notification.wav
22:48:41.251 [FXGL Background Thread 3 ] DEBUG Engine               - stageStyle: DECORATED
22:48:41.251 [FXGL Background Thread 3 ] DEBUG Engine               - supportedLanguages: [ENGLISH, FRENCH, GERMAN, HUNGARIAN, RUSSIAN]
22:48:41.251 [FXGL Background Thread 3 ] DEBUG Engine               - ticksPerSecond: -1
22:48:41.251 [FXGL Background Thread 3 ] DEBUG Engine               - title: Untitled
22:48:41.251 [FXGL Background Thread 3 ] DEBUG Engine               - urlGithub: https://github.com/AlmasB/FXGL
22:48:41.252 [FXGL Background Thread 3 ] DEBUG Engine               - urlLeaderboard: http://fxgl-top.herokuapp.com/
22:48:41.252 [FXGL Background Thread 3 ] DEBUG Engine               - urlPOM: https://raw.githubusercontent.com/AlmasB/FXGL/release/README.md
22:48:41.252 [FXGL Background Thread 3 ] DEBUG Engine               - userAppClass: class org.platformer.PlatformerApp
22:48:41.252 [FXGL Background Thread 3 ] DEBUG Engine               - version: 0.0
22:48:41.252 [FXGL Background Thread 3 ] DEBUG Engine               - versionCheckDays: 7
22:48:41.252 [FXGL Background Thread 3 ] DEBUG Engine               - width: 800
22:48:41.252 [FXGL Background Thread 3 ] DEBUG Engine               - Logging services
22:48:41.253 [FXGL Background Thread 3 ] DEBUG Engine               - class com.almasb.fxgl.app.services.FXGLAssetLoaderService
22:48:41.253 [FXGL Background Thread 3 ] DEBUG Engine               - class com.almasb.fxgl.app.FXGLApplication$GameApplicationService
22:48:41.253 [FXGL Background Thread 3 ] DEBUG Engine               - class com.almasb.fxgl.app.services.FXGLDialogService
22:48:41.253 [FXGL Background Thread 3 ] DEBUG Engine               - class com.almasb.fxgl.app.services.IOTaskExecutorService
22:48:41.253 [FXGL Background Thread 3 ] DEBUG Engine               - class com.almasb.fxgl.io.FileSystemService
22:48:41.253 [FXGL Background Thread 3 ] DEBUG Engine               - class com.almasb.fxgl.localization.LocalizationService
22:48:41.253 [FXGL Background Thread 3 ] DEBUG Engine               - class com.almasb.fxgl.app.services.SystemBundleService
22:48:41.253 [FXGL Background Thread 3 ] DEBUG Engine               - class com.almasb.fxgl.profile.SaveLoadService
22:48:41.254 [FXGL Background Thread 3 ] DEBUG Engine               - class com.almasb.fxgl.ui.FXGLUIFactoryServiceProvider
22:48:41.254 [FXGL Background Thread 3 ] DEBUG Engine               - class com.almasb.fxgl.ui.FXGLDialogFactoryServiceProvider
22:48:41.254 [FXGL Background Thread 3 ] DEBUG Engine               - class com.almasb.fxgl.audio.AudioPlayer
22:48:41.254 [FXGL Background Thread 3 ] DEBUG Engine               - class com.almasb.fxgl.notification.impl.NotificationServiceProvider
22:48:41.254 [FXGL Background Thread 3 ] DEBUG Engine               - class com.almasb.fxgl.achievement.AchievementService
22:48:41.254 [FXGL Background Thread 3 ] DEBUG Engine               - class com.almasb.fxgl.cutscene.CutsceneService
22:48:41.255 [FXGL Background Thread 3 ] DEBUG Engine               - class com.almasb.fxgl.minigames.MiniGameService
22:48:41.255 [FXGL Background Thread 3 ] DEBUG Engine               - class com.almasb.fxgl.net.NetService
22:48:41.255 [FXGL Background Thread 3 ] DEBUG Engine               - class com.almasb.fxgl.app.services.UpdaterService
22:48:41.255 [FXGL Background Thread 3 ] DEBUG Engine               - class com.almasb.fxgl.dev.DevService
22:48:55.690 [JavaFX Application Thread] DEBUG FXGLApplication      - Exiting FXGL
22:48:55.690 [JavaFX Application Thread] DEBUG LoopRunner           - Stopping loop
22:48:55.690 [JavaFX Application Thread] DEBUG SystemBundleService  - Saving FXGL system data
22:48:55.695 [JavaFX Application Thread] DEBUG FileSystemAccess     - Writing to: C:\Users\sande\IdeaProjects\Java Advanced\ShortburstProject\Short_platformer_game\system\fxgl.bundle
22:48:55.699 [JavaFX Application Thread] DEBUG Async                - Shutting down background threads
22:48:55.699 [JavaFX Application Thread] DEBUG PrimaryStageWindow   - Closing main window
22:48:55.739 [JavaFX Application Thread] DEBUG Logger               - Closing Logger
