20:44:20.485 [main                     ] DEBUG Logger               - Configured Logger
20:44:20.507 [main                     ] DEBUG GameApplication      - Logging settings
Title: Untitled
Version: 0.0
Width: 800
Height: 608
Fullscreen: false
Intro: false
Profiling: false
Single step:false
App Mode: DEVELOPER
Menu Key: ESCAPE
Stage Style: DECORATED
Scene Factory: class com.almasb.fxgl.app.scene.SceneFactory

20:44:20.711 [JavaFX Application Thread] DEBUG FXGLApplication      - Initializing FXGL
20:44:20.715 [JavaFX Application Thread] INFO  Engine               - FXGL-17.1 (24.03.2022 17.34) on WINDOWS (J:19.0.1 FX:18)
20:44:20.716 [JavaFX Application Thread] DEBUG Engine               - JRE Vendor Name: Oracle Corporation
20:44:20.716 [JavaFX Application Thread] DEBUG Engine               - Running on OS: Windows 10 version 10.0
20:44:20.716 [JavaFX Application Thread] DEBUG Engine               - Architecture: amd64
20:44:20.716 [JavaFX Application Thread] INFO  Engine               - Source code and latest versions at: https://github.com/AlmasB/FXGL
20:44:20.716 [JavaFX Application Thread] INFO  Engine               -       Ask questions and discuss at: https://github.com/AlmasB/FXGL/discussions
20:44:20.716 [JavaFX Application Thread] INFO  Engine               -              Join the FXGL chat at: https://gitter.im/AlmasB/FXGL
20:44:20.777 [JavaFX Application Thread] DEBUG PrimaryStageWindow   - Creating a JavaFX scene
20:44:20.807 [JavaFX Application Thread] DEBUG PrimaryStageWindow   - Target settings size: 800.0 x 608.0
20:44:20.807 [JavaFX Application Thread] DEBUG PrimaryStageWindow   - Scaled scene size:    800.0 x 608.0
20:44:20.807 [JavaFX Application Thread] DEBUG PrimaryStageWindow   - Scaled ratio: (1.0, 1.0)
20:44:20.808 [JavaFX Application Thread] DEBUG PrimaryStageWindow   - Set initial scene to FXGLStartupScene
20:44:20.813 [JavaFX Application Thread] DEBUG PrimaryStageWindow   - Opening main window
20:44:20.871 [JavaFX Application Thread] DEBUG PrimaryStageWindow   - Window border size: (14.4000244140625, 37.5999755859375)
20:44:20.871 [JavaFX Application Thread] DEBUG PrimaryStageWindow   - Scaled size: 800.0 x 608.0
20:44:20.872 [JavaFX Application Thread] DEBUG PrimaryStageWindow   - Scaled ratio: (1.0, 1.0)
20:44:20.872 [JavaFX Application Thread] DEBUG PrimaryStageWindow   - Scene size: 800.0 x 608.0
20:44:20.872 [JavaFX Application Thread] DEBUG PrimaryStageWindow   - Stage size: 814.4000244140625 x 645.5999755859375
20:44:20.878 [FXGL Background Thread 1 ] DEBUG Engine               - Initializing environment variables
20:44:20.924 [FXGL Background Thread 1 ] DEBUG FXGLAssetLoaderServi - User app class for loading assets: class org.platformer.PlatformerApp
20:44:20.925 [FXGL Background Thread 1 ] DEBUG GameApplicationServi - Applying CSS: fxgl_dark.css
20:44:20.925 [FXGL Background Thread 1 ] DEBUG FXGLAssetLoaderServi - Loading from file system: jar:file:///C:/Users/sande/.m2/repository/com/github/almasb/fxgl/17.1/fxgl-17.1.jar!/fxglassets/ui/css/fxgl_dark.css
20:44:20.969 [FXGL Background Thread 1 ] DEBUG GameApplicationServi - Initializing application scenes
20:44:21.006 [FXGL Background Thread 1 ] DEBUG GameWorld            - Game world initialized
20:44:21.072 [FXGL Background Thread 1 ] DEBUG PhysicsWorld         - Physics world initialized: appHeight=608, physics.ppm=50.0
20:44:21.073 [FXGL Background Thread 1 ] DEBUG PhysicsWorld         - Using strategy: BRUTE_FORCE
20:44:21.076 [FXGL Background Thread 1 ] DEBUG GameScene            - Game scene initialized: 800x608
20:44:21.085 [FXGL Background Thread 1 ] DEBUG FXGL.DefaultMenu     - createMenuBodyGameMenu()
20:44:21.097 [FXGL Background Thread 1 ] DEBUG FXGL.DefaultMenu     - createOptionsMenu()
20:44:21.104 [FXGL Background Thread 1 ] DEBUG FXGLAssetLoaderServi - Loading from file system: jar:file:///C:/Users/sande/.m2/repository/com/github/almasb/fxgl/17.1/fxgl-17.1.jar!/fxglassets/textures/particles/smoke.png
20:44:21.183 [FXGL Background Thread 1 ] DEBUG FXGLAssetLoaderServi - Loading from file system: jar:file:///C:/Users/sande/.m2/repository/com/github/almasb/fxgl/17.1/fxgl-17.1.jar!/fxglassets/textures/particles/trace_horizontal.png
20:44:21.212 [FXGL Background Thread 1 ] DEBUG GameApplicationServi - Application scenes initialized
20:44:21.223 [FXGL Background Thread 1 ] DEBUG SystemBundleService  - Loading FXGL system data
20:44:21.227 [FXGL Background Thread 1 ] DEBUG FileSystemAccess     - Reading from: C:\Users\sande\IdeaProjects\Java Advanced\ShortburstProject\Short_platformer_game\system\fxgl.bundle
20:44:21.235 [FXGL Background Thread 1 ] DEBUG SystemBundleService  - Bundle FXGL: {}
20:44:21.235 [FXGL Background Thread 1 ] DEBUG UpdaterService       - Checking for updates
20:44:21.256 [FXGL Background Thread 1 ] DEBUG FXGLApplication      - Loading default localization
20:44:21.256 [FXGL Background Thread 4 ] DEBUG FXGLApplication      - Loading fonts
20:44:21.257 [FXGL Background Thread 1 ] DEBUG FXGLAssetLoaderServi - Loading from file system: jar:file:///C:/Users/sande/.m2/repository/com/github/almasb/fxgl/17.1/fxgl-17.1.jar!/fxglassets/languages/english.lang
20:44:21.257 [FXGL Background Thread 4 ] DEBUG FXGLAssetLoaderServi - Loading from file system: jar:file:///C:/Users/sande/.m2/repository/com/github/almasb/fxgl/17.1/fxgl-17.1.jar!/fxglassets/ui/fonts/VarelaRound-Regular.ttf
20:44:21.278 [FXGL Background Thread 1 ] INFO  FXGLApplication      - FXGL initialization took: 0.401 sec
20:44:21.287 [JavaFX Application Thread] DEBUG Input                - Registered new binding: Left - Left
20:44:21.288 [JavaFX Application Thread] DEBUG Input                - Registered new binding: Right - Right
20:44:21.288 [JavaFX Application Thread] DEBUG Input                - Registered new binding: Jump - Up
20:44:21.288 [JavaFX Application Thread] DEBUG FXGLAssetLoaderServi - Loading from file system: jar:file:///C:/Users/sande/.m2/repository/com/github/almasb/fxgl/17.1/fxgl-17.1.jar!/fxglassets/textures/fxgl_icon.png
20:44:21.312 [JavaFX Application Thread] DEBUG FXGLAssetLoaderServi - Loading from file system: jar:file:///C:/Users/sande/.m2/repository/com/github/almasb/fxgl/17.1/fxgl-17.1.jar!/fxglassets/textures/fxgl_default_cursor.png
20:44:21.315 [JavaFX Application Thread] DEBUG Input                - Registered new binding: Screenshot - CTRL+8
20:44:21.315 [JavaFX Application Thread] DEBUG Input                - Registered new binding: Dev Options - 1
20:44:21.315 [JavaFX Application Thread] DEBUG Input                - Registered new binding: Dev Console - 2
20:44:21.316 [JavaFX Application Thread] DEBUG Input                - Registered new binding: System info dump - CTRL+9
20:44:21.316 [JavaFX Application Thread] DEBUG Input                - Registered new binding: Restart - CTRL+R
20:44:21.316 [FXGL Background Thread 4 ] DEBUG FXGLAssetLoaderServi - Loading from file system: jar:file:///C:/Users/sande/.m2/repository/com/github/almasb/fxgl/17.1/fxgl-17.1.jar!/fxglassets/ui/fonts/Abel-Regular.ttf
20:44:21.317 [JavaFX Application Thread] DEBUG Input                - Registered new binding: Toggle Debug Camera - CTRL+7
20:44:21.319 [JavaFX Application Thread] DEBUG LoopRunner           - Starting loop
20:44:21.325 [FXGL Background Thread 4 ] DEBUG FXGLAssetLoaderServi - Loading from file system: jar:file:///C:/Users/sande/.m2/repository/com/github/almasb/fxgl/17.1/fxgl-17.1.jar!/fxglassets/ui/fonts/TerminalLandMono-Regular.otf
20:44:21.331 [JavaFX Application Thread] DEBUG LoopRunner           - Initializing JavaFX AnimationTimerLoop
20:44:21.332 [JavaFX Application Thread] DEBUG GameApplicationServi - Starting new game
20:44:21.333 [JavaFX Application Thread] DEBUG Input                - Clearing active input actions
20:44:21.340 [FXGL Background Thread 4 ] DEBUG FXGLAssetLoaderServi - Loading from file system: jar:file:///C:/Users/sande/.m2/repository/com/github/almasb/fxgl/17.1/fxgl-17.1.jar!/fxglassets/ui/fonts/Courier-Prime.ttf
20:44:21.344 [JavaFX Application Thread] DEBUG GameApplicationServi - Removing overlay from FXGLStartupScene and adding to FXGLLoadingScene
20:44:21.347 [JavaFX Application Thread] DEBUG PrimaryStageWindow   - FXGLStartupScene -> FXGLLoadingScene
20:44:21.347 [JavaFX Application Thread] DEBUG GameApplicationServi - Clearing previous game
20:44:21.347 [JavaFX Application Thread] DEBUG GameScene            - Clearing game scene
20:44:21.347 [JavaFX Application Thread] DEBUG GameWorld            - Clearing game world
20:44:21.347 [JavaFX Application Thread] DEBUG PhysicsWorld         - Clearing physics world
20:44:21.349 [FXGL Background Thread 1 ] DEBUG FXGLApplication      - Initializing game
20:44:21.411 [FXGL Background Thread 1 ] DEBUG TMXLevelLoader       - Parsed TiledMap: file:/C:/Users/sande/IdeaProjects/Java%20Advanced/ShortburstProject/Short_platformer_game/target/classes/assets/levels/tmx/platformer.tmx
20:44:21.411 [FXGL Background Thread 1 ] DEBUG TMXLevelLoader       - Creating tile layer entities
20:44:21.413 [FXGL Background Thread 1 ] DEBUG TilesetLoader        - Loading view for layer Tile Layer 1
20:44:21.414 [FXGL Background Thread 1 ] DEBUG TilesetLoader        - Created buffer with size 800.0x608.0
20:44:21.427 [FXGL Background Thread 1 ] DEBUG TMXLevelLoader       - Creating object layer entities
20:44:21.449 [FXGL Background Thread 1 ] DEBUG GameWorld            - Clearing removable entities
20:44:21.450 [FXGL Background Thread 1 ] DEBUG GameWorld            - Setting level: com.almasb.fxgl.entity.level.Level@540b3032
20:44:21.458 [FXGL Background Thread 1 ] DEBUG FXGLAssetLoaderServi - Loading from file system: file:/C:/Users/sande/IdeaProjects/Java%20Advanced/ShortburstProject/Short_platformer_game/target/classes/assets/textures/Virtual%20Guy/Idle%20(32x32).png
20:44:21.468 [FXGL Background Thread 1 ] DEBUG FXGLAssetLoaderServi - Loading from file system: file:/C:/Users/sande/IdeaProjects/Java%20Advanced/ShortburstProject/Short_platformer_game/target/classes/assets/textures/Virtual%20Guy/Run%20(32x32).png
20:44:21.523 [FXGL Background Thread 1 ] INFO  FXGLApplication      - Game initialization took: 0.174 sec
20:44:21.575 [JavaFX Application Thread] DEBUG FXGLApplication      - Registering font factories with UI factory
20:44:21.583 [JavaFX Application Thread] DEBUG Input                - Clearing active input actions
20:44:21.593 [JavaFX Application Thread] DEBUG GameApplicationServi - Removing overlay from FXGLLoadingScene and adding to GameScene
20:44:21.598 [JavaFX Application Thread] DEBUG PrimaryStageWindow   - FXGLLoadingScene -> GameScene
20:44:21.751 [FXGL Background Thread 2 ] INFO  UpdaterService       - Your current version:  17.1
20:44:21.751 [FXGL Background Thread 2 ] INFO  UpdaterService       - Latest stable version: 17.2
20:44:24.255 [FXGL Background Thread 3 ] DEBUG Engine               - Logging environment variables
20:44:24.256 [FXGL Background Thread 3 ] DEBUG Engine               - achievements: []
20:44:24.256 [FXGL Background Thread 3 ] DEBUG Engine               - actualHeight: 608.0
20:44:24.256 [FXGL Background Thread 3 ] DEBUG Engine               - actualHeightProperty: ReadOnlyDoubleProperty [value: 608.0]
20:44:24.256 [FXGL Background Thread 3 ] DEBUG Engine               - actualWidth: 800.0
20:44:24.256 [FXGL Background Thread 3 ] DEBUG Engine               - actualWidthProperty: ReadOnlyDoubleProperty [value: 800.0]
20:44:24.256 [FXGL Background Thread 3 ] DEBUG Engine               - appIcon: fxgl_icon.png
20:44:24.256 [FXGL Background Thread 3 ] DEBUG Engine               - applicationMode: DEVELOPER
20:44:24.256 [FXGL Background Thread 3 ] DEBUG Engine               - cSSList: [fxgl_dark.css]
20:44:24.256 [FXGL Background Thread 3 ] DEBUG Engine               - collisionDetectionStrategy: BRUTE_FORCE
20:44:24.256 [FXGL Background Thread 3 ] DEBUG Engine               - configClass: Optional.empty
20:44:24.256 [FXGL Background Thread 3 ] DEBUG Engine               - credits: []
20:44:24.257 [FXGL Background Thread 3 ] DEBUG Engine               - defaultCursor: CursorInfo(imageName=fxgl_default_cursor.png, hotspotX=7.0, hotspotY=6.0)
20:44:24.257 [FXGL Background Thread 3 ] DEBUG Engine               - devBBoxColorProperty: ObjectProperty [value: 0xff0000ff]
20:44:24.257 [FXGL Background Thread 3 ] DEBUG Engine               - devEnableDebugCameraProperty: BooleanProperty [value: false]
20:44:24.258 [FXGL Background Thread 3 ] DEBUG Engine               - devSensorColorProperty: ObjectProperty [value: 0xffff00ff]
20:44:24.258 [FXGL Background Thread 3 ] DEBUG Engine               - devShowBBoxProperty: BooleanProperty [value: false]
20:44:24.258 [FXGL Background Thread 3 ] DEBUG Engine               - devShowPositionProperty: BooleanProperty [value: false]
20:44:24.258 [FXGL Background Thread 3 ] DEBUG Engine               - enabledMenuItems: []
20:44:24.258 [FXGL Background Thread 3 ] DEBUG Engine               - engineServices: [class com.almasb.fxgl.app.services.FXGLAssetLoaderService, class com.almasb.fxgl.app.FXGLApplication$GameApplicationService, class com.almasb.fxgl.app.services.FXGLDialogService, class com.almasb.fxgl.app.services.IOTaskExecutorService, class com.almasb.fxgl.io.FileSystemService, class com.almasb.fxgl.localization.LocalizationService, class com.almasb.fxgl.app.services.SystemBundleService, class com.almasb.fxgl.profile.SaveLoadService, class com.almasb.fxgl.ui.FXGLUIFactoryServiceProvider, class com.almasb.fxgl.ui.FXGLDialogFactoryServiceProvider, class com.almasb.fxgl.audio.AudioPlayer, class com.almasb.fxgl.notification.impl.NotificationServiceProvider, class com.almasb.fxgl.achievement.AchievementService, class com.almasb.fxgl.cutscene.CutsceneService, class com.almasb.fxgl.minigames.MiniGameService, class com.almasb.fxgl.net.NetService, class com.almasb.fxgl.app.services.UpdaterService, class com.almasb.fxgl.dev.DevService]
20:44:24.258 [FXGL Background Thread 3 ] DEBUG Engine               - fontGame: Abel-Regular.ttf
20:44:24.258 [FXGL Background Thread 3 ] DEBUG Engine               - fontMono: TerminalLandMono-Regular.otf
20:44:24.258 [FXGL Background Thread 3 ] DEBUG Engine               - fontText: Courier-Prime.ttf
20:44:24.258 [FXGL Background Thread 3 ] DEBUG Engine               - fontUI: VarelaRound-Regular.ttf
20:44:24.258 [FXGL Background Thread 3 ] DEBUG Engine               - fullScreen: BooleanProperty [value: false]
20:44:24.258 [FXGL Background Thread 3 ] DEBUG Engine               - gameDifficulty: MEDIUM
20:44:24.258 [FXGL Background Thread 3 ] DEBUG Engine               - gameDifficultyProperty: ObjectProperty [value: MEDIUM]
20:44:24.258 [FXGL Background Thread 3 ] DEBUG Engine               - globalMusicVolume: 0.5
20:44:24.258 [FXGL Background Thread 3 ] DEBUG Engine               - globalMusicVolumeProperty: DoubleProperty [value: 0.5]
20:44:24.258 [FXGL Background Thread 3 ] DEBUG Engine               - globalSoundVolume: 0.5
20:44:24.259 [FXGL Background Thread 3 ] DEBUG Engine               - globalSoundVolumeProperty: DoubleProperty [value: 0.5]
20:44:24.259 [FXGL Background Thread 3 ] DEBUG Engine               - height: 608
20:44:24.259 [FXGL Background Thread 3 ] DEBUG Engine               - is3D: false
20:44:24.259 [FXGL Background Thread 3 ] DEBUG Engine               - isAndroid: false
20:44:24.259 [FXGL Background Thread 3 ] DEBUG Engine               - isBrowser: false
20:44:24.259 [FXGL Background Thread 3 ] DEBUG Engine               - isClickFeedbackEnabled: false
20:44:24.259 [FXGL Background Thread 3 ] DEBUG Engine               - isCloseConfirmation: false
20:44:24.259 [FXGL Background Thread 3 ] DEBUG Engine               - isDesktop: true
20:44:24.259 [FXGL Background Thread 3 ] DEBUG Engine               - isDeveloperMenuEnabled: true
20:44:24.259 [FXGL Background Thread 3 ] DEBUG Engine               - isEmbedded: false
20:44:24.259 [FXGL Background Thread 3 ] DEBUG Engine               - isEntityPreloadEnabled: true
20:44:24.259 [FXGL Background Thread 3 ] DEBUG Engine               - isExperimentalTiledLargeMap: false
20:44:24.259 [FXGL Background Thread 3 ] DEBUG Engine               - isFileSystemWriteAllowed: true
20:44:24.259 [FXGL Background Thread 3 ] DEBUG Engine               - isFullScreenAllowed: false
20:44:24.259 [FXGL Background Thread 3 ] DEBUG Engine               - isFullScreenFromStart: false
20:44:24.259 [FXGL Background Thread 3 ] DEBUG Engine               - isGameMenuEnabled: true
20:44:24.259 [FXGL Background Thread 3 ] DEBUG Engine               - isIOS: false
20:44:24.260 [FXGL Background Thread 3 ] DEBUG Engine               - isIntroEnabled: false
20:44:24.260 [FXGL Background Thread 3 ] DEBUG Engine               - isLinux: false
20:44:24.260 [FXGL Background Thread 3 ] DEBUG Engine               - isMac: false
20:44:24.260 [FXGL Background Thread 3 ] DEBUG Engine               - isMainMenuEnabled: false
20:44:24.260 [FXGL Background Thread 3 ] DEBUG Engine               - isManualResizeEnabled: false
20:44:24.260 [FXGL Background Thread 3 ] DEBUG Engine               - isMobile: false
20:44:24.260 [FXGL Background Thread 3 ] DEBUG Engine               - isNative: false
20:44:24.260 [FXGL Background Thread 3 ] DEBUG Engine               - isPauseMusicWhenMinimized: true
20:44:24.260 [FXGL Background Thread 3 ] DEBUG Engine               - isPreserveResizeRatio: false
20:44:24.260 [FXGL Background Thread 3 ] DEBUG Engine               - isProfilingEnabled: false
20:44:24.260 [FXGL Background Thread 3 ] DEBUG Engine               - isScaleAffectedOnResize: true
20:44:24.260 [FXGL Background Thread 3 ] DEBUG Engine               - isSingleStep: false
20:44:24.260 [FXGL Background Thread 3 ] DEBUG Engine               - isUserProfileEnabled: false
20:44:24.260 [FXGL Background Thread 3 ] DEBUG Engine               - isWindows: true
20:44:24.260 [FXGL Background Thread 3 ] DEBUG Engine               - language: ObjectProperty [value: ENGLISH]
20:44:24.260 [FXGL Background Thread 3 ] DEBUG Engine               - menuKey: ESCAPE
20:44:24.260 [FXGL Background Thread 3 ] DEBUG Engine               - mouseSensitivity: 0.2
20:44:24.260 [FXGL Background Thread 3 ] DEBUG Engine               - notificationViewClass: class com.almasb.fxgl.notification.view.XboxNotificationView
20:44:24.260 [FXGL Background Thread 3 ] DEBUG Engine               - pixelsPerMeter: 50.0
20:44:24.260 [FXGL Background Thread 3 ] DEBUG Engine               - platform: WINDOWS
20:44:24.261 [FXGL Background Thread 3 ] DEBUG Engine               - prefHeightProperty: ReadOnlyDoubleProperty [value: 608.0]
20:44:24.261 [FXGL Background Thread 3 ] DEBUG Engine               - prefWidthProperty: ReadOnlyDoubleProperty [value: 800.0]
20:44:24.261 [FXGL Background Thread 3 ] DEBUG Engine               - profileDir: profiles/
20:44:24.261 [FXGL Background Thread 3 ] DEBUG Engine               - profileName: StringProperty [value: DEFAULT]
20:44:24.261 [FXGL Background Thread 3 ] DEBUG Engine               - randomSeed: -1
20:44:24.261 [FXGL Background Thread 3 ] DEBUG Engine               - runtimeInfo: RuntimeInfo(platform=WINDOWS, version=17.1, build=24.03.2022 17.34)
20:44:24.261 [FXGL Background Thread 3 ] DEBUG Engine               - saveFileExt: sav
20:44:24.261 [FXGL Background Thread 3 ] DEBUG Engine               - scaledHeightProp$fxgl: DoubleProperty [bound, value: 608.0]
20:44:24.261 [FXGL Background Thread 3 ] DEBUG Engine               - scaledWidthProp$fxgl: DoubleProperty [bound, value: 800.0]
20:44:24.261 [FXGL Background Thread 3 ] DEBUG Engine               - sceneFactory: com.almasb.fxgl.app.scene.SceneFactory@34003baf
20:44:24.261 [FXGL Background Thread 3 ] DEBUG Engine               - secondsIn24h: 60
20:44:24.261 [FXGL Background Thread 3 ] DEBUG Engine               - soundMenuBack: menu/back.wav
20:44:24.261 [FXGL Background Thread 3 ] DEBUG Engine               - soundMenuPress: menu/press.wav
20:44:24.261 [FXGL Background Thread 3 ] DEBUG Engine               - soundMenuSelect: menu/select.wav
20:44:24.262 [FXGL Background Thread 3 ] DEBUG Engine               - soundNotification: core/notification.wav
20:44:24.262 [FXGL Background Thread 3 ] DEBUG Engine               - stageStyle: DECORATED
20:44:24.262 [FXGL Background Thread 3 ] DEBUG Engine               - supportedLanguages: [ENGLISH, FRENCH, GERMAN, HUNGARIAN, RUSSIAN]
20:44:24.262 [FXGL Background Thread 3 ] DEBUG Engine               - ticksPerSecond: -1
20:44:24.262 [FXGL Background Thread 3 ] DEBUG Engine               - title: Untitled
20:44:24.262 [FXGL Background Thread 3 ] DEBUG Engine               - urlGithub: https://github.com/AlmasB/FXGL
20:44:24.262 [FXGL Background Thread 3 ] DEBUG Engine               - urlLeaderboard: http://fxgl-top.herokuapp.com/
20:44:24.262 [FXGL Background Thread 3 ] DEBUG Engine               - urlPOM: https://raw.githubusercontent.com/AlmasB/FXGL/release/README.md
20:44:24.262 [FXGL Background Thread 3 ] DEBUG Engine               - userAppClass: class org.platformer.PlatformerApp
20:44:24.262 [FXGL Background Thread 3 ] DEBUG Engine               - version: 0.0
20:44:24.262 [FXGL Background Thread 3 ] DEBUG Engine               - versionCheckDays: 7
20:44:24.262 [FXGL Background Thread 3 ] DEBUG Engine               - width: 800
20:44:24.262 [FXGL Background Thread 3 ] DEBUG Engine               - Logging services
20:44:24.262 [FXGL Background Thread 3 ] DEBUG Engine               - class com.almasb.fxgl.app.services.FXGLAssetLoaderService
20:44:24.262 [FXGL Background Thread 3 ] DEBUG Engine               - class com.almasb.fxgl.app.FXGLApplication$GameApplicationService
20:44:24.262 [FXGL Background Thread 3 ] DEBUG Engine               - class com.almasb.fxgl.app.services.FXGLDialogService
20:44:24.262 [FXGL Background Thread 3 ] DEBUG Engine               - class com.almasb.fxgl.app.services.IOTaskExecutorService
20:44:24.262 [FXGL Background Thread 3 ] DEBUG Engine               - class com.almasb.fxgl.io.FileSystemService
20:44:24.262 [FXGL Background Thread 3 ] DEBUG Engine               - class com.almasb.fxgl.localization.LocalizationService
20:44:24.263 [FXGL Background Thread 3 ] DEBUG Engine               - class com.almasb.fxgl.app.services.SystemBundleService
20:44:24.263 [FXGL Background Thread 3 ] DEBUG Engine               - class com.almasb.fxgl.profile.SaveLoadService
20:44:24.263 [FXGL Background Thread 3 ] DEBUG Engine               - class com.almasb.fxgl.ui.FXGLUIFactoryServiceProvider
20:44:24.263 [FXGL Background Thread 3 ] DEBUG Engine               - class com.almasb.fxgl.ui.FXGLDialogFactoryServiceProvider
20:44:24.263 [FXGL Background Thread 3 ] DEBUG Engine               - class com.almasb.fxgl.audio.AudioPlayer
20:44:24.263 [FXGL Background Thread 3 ] DEBUG Engine               - class com.almasb.fxgl.notification.impl.NotificationServiceProvider
20:44:24.263 [FXGL Background Thread 3 ] DEBUG Engine               - class com.almasb.fxgl.achievement.AchievementService
20:44:24.263 [FXGL Background Thread 3 ] DEBUG Engine               - class com.almasb.fxgl.cutscene.CutsceneService
20:44:24.263 [FXGL Background Thread 3 ] DEBUG Engine               - class com.almasb.fxgl.minigames.MiniGameService
20:44:24.263 [FXGL Background Thread 3 ] DEBUG Engine               - class com.almasb.fxgl.net.NetService
20:44:24.263 [FXGL Background Thread 3 ] DEBUG Engine               - class com.almasb.fxgl.app.services.UpdaterService
20:44:24.263 [FXGL Background Thread 3 ] DEBUG Engine               - class com.almasb.fxgl.dev.DevService
20:44:36.576 [JavaFX Application Thread] DEBUG FXGLApplication      - Exiting FXGL
20:44:36.577 [JavaFX Application Thread] DEBUG LoopRunner           - Stopping loop
20:44:36.577 [JavaFX Application Thread] DEBUG SystemBundleService  - Saving FXGL system data
20:44:36.581 [JavaFX Application Thread] DEBUG FileSystemAccess     - Writing to: C:\Users\sande\IdeaProjects\Java Advanced\ShortburstProject\Short_platformer_game\system\fxgl.bundle
20:44:36.583 [JavaFX Application Thread] DEBUG Async                - Shutting down background threads
20:44:36.583 [JavaFX Application Thread] DEBUG PrimaryStageWindow   - Closing main window
20:44:36.598 [JavaFX Application Thread] DEBUG Logger               - Closing Logger
