18:20:46.622 [main                     ] DEBUG Logger               - Configured Logger
18:20:46.642 [main                     ] DEBUG GameApplication      - Logging settings
Title: Untitled
Version: 0.0
Width: 800
Height: 600
Fullscreen: false
Intro: false
Profiling: false
Single step:false
App Mode: DEVELOPER
Menu Key: ESCAPE
Stage Style: DECORATED
Scene Factory: class com.almasb.fxgl.app.scene.SceneFactory

18:20:46.954 [JavaFX Application Thread] DEBUG FXGLApplication      - Initializing FXGL
18:20:46.965 [JavaFX Application Thread] INFO  Engine               - FXGL-17.1 (24.03.2022 17.34) on WINDOWS (J:19.0.1 FX:18)
18:20:46.966 [JavaFX Application Thread] DEBUG Engine               - JRE Vendor Name: Oracle Corporation
18:20:46.966 [JavaFX Application Thread] DEBUG Engine               - Running on OS: Windows 10 version 10.0
18:20:46.966 [JavaFX Application Thread] DEBUG Engine               - Architecture: amd64
18:20:46.967 [JavaFX Application Thread] INFO  Engine               - Source code and latest versions at: https://github.com/AlmasB/FXGL
18:20:46.967 [JavaFX Application Thread] INFO  Engine               -       Ask questions and discuss at: https://github.com/AlmasB/FXGL/discussions
18:20:46.967 [JavaFX Application Thread] INFO  Engine               -              Join the FXGL chat at: https://gitter.im/AlmasB/FXGL
18:20:47.126 [JavaFX Application Thread] DEBUG PrimaryStageWindow   - Creating a JavaFX scene
18:20:47.198 [JavaFX Application Thread] DEBUG PrimaryStageWindow   - Target settings size: 800.0 x 600.0
18:20:47.198 [JavaFX Application Thread] DEBUG PrimaryStageWindow   - Scaled scene size:    800.0 x 600.0
18:20:47.199 [JavaFX Application Thread] DEBUG PrimaryStageWindow   - Scaled ratio: (1.0, 1.0)
18:20:47.200 [JavaFX Application Thread] DEBUG PrimaryStageWindow   - Set initial scene to FXGLStartupScene
18:20:47.212 [JavaFX Application Thread] DEBUG PrimaryStageWindow   - Opening main window
18:20:47.299 [JavaFX Application Thread] DEBUG PrimaryStageWindow   - Window border size: (14.4000244140625, 37.5999755859375)
18:20:47.300 [JavaFX Application Thread] DEBUG PrimaryStageWindow   - Scaled size: 800.0 x 600.0
18:20:47.300 [JavaFX Application Thread] DEBUG PrimaryStageWindow   - Scaled ratio: (1.0, 1.0)
18:20:47.300 [JavaFX Application Thread] DEBUG PrimaryStageWindow   - Scene size: 800.0 x 600.0
18:20:47.301 [JavaFX Application Thread] DEBUG PrimaryStageWindow   - Stage size: 814.4000244140625 x 637.5999755859375
18:20:47.310 [FXGL Background Thread 1 ] DEBUG Engine               - Initializing environment variables
18:20:47.364 [FXGL Background Thread 1 ] DEBUG FXGLAssetLoaderServi - User app class for loading assets: class org.platformer.PlatformerApp
18:20:47.365 [FXGL Background Thread 1 ] DEBUG GameApplicationServi - Applying CSS: fxgl_dark.css
18:20:47.366 [FXGL Background Thread 1 ] DEBUG FXGLAssetLoaderServi - Loading from file system: jar:file:///C:/Users/sande/.m2/repository/com/github/almasb/fxgl/17.1/fxgl-17.1.jar!/fxglassets/ui/css/fxgl_dark.css
18:20:47.411 [FXGL Background Thread 1 ] DEBUG GameApplicationServi - Initializing application scenes
18:20:47.466 [FXGL Background Thread 1 ] DEBUG GameWorld            - Game world initialized
18:20:47.535 [FXGL Background Thread 1 ] DEBUG PhysicsWorld         - Physics world initialized: appHeight=600, physics.ppm=50.0
18:20:47.535 [FXGL Background Thread 1 ] DEBUG PhysicsWorld         - Using strategy: BRUTE_FORCE
18:20:47.540 [FXGL Background Thread 1 ] DEBUG GameScene            - Game scene initialized: 800x600
18:20:47.552 [FXGL Background Thread 1 ] DEBUG FXGL.DefaultMenu     - createMenuBodyGameMenu()
18:20:47.569 [FXGL Background Thread 1 ] DEBUG FXGL.DefaultMenu     - createOptionsMenu()
18:20:47.581 [FXGL Background Thread 1 ] DEBUG FXGLAssetLoaderServi - Loading from file system: jar:file:///C:/Users/sande/.m2/repository/com/github/almasb/fxgl/17.1/fxgl-17.1.jar!/fxglassets/textures/particles/smoke.png
18:20:47.673 [FXGL Background Thread 1 ] DEBUG FXGLAssetLoaderServi - Loading from file system: jar:file:///C:/Users/sande/.m2/repository/com/github/almasb/fxgl/17.1/fxgl-17.1.jar!/fxglassets/textures/particles/trace_horizontal.png
18:20:47.706 [FXGL Background Thread 1 ] DEBUG GameApplicationServi - Application scenes initialized
18:20:47.722 [FXGL Background Thread 1 ] DEBUG SystemBundleService  - Loading FXGL system data
18:20:47.727 [FXGL Background Thread 1 ] DEBUG FileSystemAccess     - Reading from: C:\Users\sande\IdeaProjects\Java Advanced\ShortburstProject\Short_platformer_game\system\fxgl.bundle
18:20:47.739 [FXGL Background Thread 1 ] DEBUG SystemBundleService  - Bundle FXGL: {}
18:20:47.739 [FXGL Background Thread 1 ] DEBUG UpdaterService       - Checking for updates
18:20:47.765 [FXGL Background Thread 4 ] DEBUG FXGLApplication      - Loading fonts
18:20:47.766 [FXGL Background Thread 1 ] DEBUG FXGLApplication      - Loading default localization
18:20:47.766 [FXGL Background Thread 4 ] DEBUG FXGLAssetLoaderServi - Loading from file system: jar:file:///C:/Users/sande/.m2/repository/com/github/almasb/fxgl/17.1/fxgl-17.1.jar!/fxglassets/ui/fonts/VarelaRound-Regular.ttf
18:20:47.767 [FXGL Background Thread 1 ] DEBUG FXGLAssetLoaderServi - Loading from file system: jar:file:///C:/Users/sande/.m2/repository/com/github/almasb/fxgl/17.1/fxgl-17.1.jar!/fxglassets/languages/english.lang
18:20:47.795 [FXGL Background Thread 1 ] INFO  FXGLApplication      - FXGL initialization took: 0.485 sec
18:20:47.812 [JavaFX Application Thread] DEBUG Input                - Registered new binding: Left - Left
18:20:47.812 [JavaFX Application Thread] DEBUG Input                - Registered new binding: Right - Right
18:20:47.812 [JavaFX Application Thread] DEBUG Input                - Registered new binding: Jump - Up
18:20:47.812 [JavaFX Application Thread] DEBUG Input                - Registered new binding: Stomp - Down
18:20:47.812 [JavaFX Application Thread] DEBUG Input                - Registered new binding: Shoot - Z
18:20:47.813 [JavaFX Application Thread] DEBUG FXGLAssetLoaderServi - Loading from file system: jar:file:///C:/Users/sande/.m2/repository/com/github/almasb/fxgl/17.1/fxgl-17.1.jar!/fxglassets/textures/fxgl_icon.png
18:20:47.827 [FXGL Background Thread 4 ] DEBUG FXGLAssetLoaderServi - Loading from file system: jar:file:///C:/Users/sande/.m2/repository/com/github/almasb/fxgl/17.1/fxgl-17.1.jar!/fxglassets/ui/fonts/Abel-Regular.ttf
18:20:47.835 [JavaFX Application Thread] DEBUG FXGLAssetLoaderServi - Loading from file system: jar:file:///C:/Users/sande/.m2/repository/com/github/almasb/fxgl/17.1/fxgl-17.1.jar!/fxglassets/textures/fxgl_default_cursor.png
18:20:47.844 [JavaFX Application Thread] DEBUG Input                - Registered new binding: Screenshot - CTRL+8
18:20:47.844 [JavaFX Application Thread] DEBUG Input                - Registered new binding: Dev Options - 1
18:20:47.844 [JavaFX Application Thread] DEBUG Input                - Registered new binding: Dev Console - 2
18:20:47.845 [JavaFX Application Thread] DEBUG Input                - Registered new binding: System info dump - CTRL+9
18:20:47.845 [JavaFX Application Thread] DEBUG Input                - Registered new binding: Restart - CTRL+R
18:20:47.847 [JavaFX Application Thread] DEBUG Input                - Registered new binding: Toggle Debug Camera - CTRL+7
18:20:47.849 [FXGL Background Thread 4 ] DEBUG FXGLAssetLoaderServi - Loading from file system: jar:file:///C:/Users/sande/.m2/repository/com/github/almasb/fxgl/17.1/fxgl-17.1.jar!/fxglassets/ui/fonts/TerminalLandMono-Regular.otf
18:20:47.850 [JavaFX Application Thread] DEBUG LoopRunner           - Starting loop
18:20:47.864 [JavaFX Application Thread] DEBUG LoopRunner           - Initializing JavaFX AnimationTimerLoop
18:20:47.865 [JavaFX Application Thread] DEBUG GameApplicationServi - Starting new game
18:20:47.866 [JavaFX Application Thread] DEBUG Input                - Clearing active input actions
18:20:47.875 [FXGL Background Thread 4 ] DEBUG FXGLAssetLoaderServi - Loading from file system: jar:file:///C:/Users/sande/.m2/repository/com/github/almasb/fxgl/17.1/fxgl-17.1.jar!/fxglassets/ui/fonts/Courier-Prime.ttf
18:20:47.879 [JavaFX Application Thread] DEBUG GameApplicationServi - Removing overlay from FXGLStartupScene and adding to FXGLLoadingScene
18:20:47.884 [JavaFX Application Thread] DEBUG PrimaryStageWindow   - FXGLStartupScene -> FXGLLoadingScene
18:20:47.884 [JavaFX Application Thread] DEBUG GameApplicationServi - Clearing previous game
18:20:47.884 [JavaFX Application Thread] DEBUG GameScene            - Clearing game scene
18:20:47.884 [JavaFX Application Thread] DEBUG GameWorld            - Clearing game world
18:20:47.884 [JavaFX Application Thread] DEBUG PhysicsWorld         - Clearing physics world
18:20:47.886 [FXGL Background Thread 1 ] DEBUG FXGLApplication      - Initializing game
18:20:47.976 [FXGL Background Thread 1 ] DEBUG TMXLevelLoader       - Parsed TiledMap: file:/C:/Users/sande/IdeaProjects/Java%20Advanced/ShortburstProject/Short_platformer_game/target/classes/assets/levels/tmx/platformer.tmx
18:20:47.977 [FXGL Background Thread 1 ] DEBUG TMXLevelLoader       - Creating tile layer entities
18:20:47.979 [FXGL Background Thread 1 ] DEBUG TilesetLoader        - Loading view for layer Tile Layer 1
18:20:47.980 [FXGL Background Thread 1 ] DEBUG TilesetLoader        - Created buffer with size 800.0x608.0
18:20:47.996 [FXGL Background Thread 1 ] DEBUG TMXLevelLoader       - Creating object layer entities
18:20:48.027 [FXGL Background Thread 1 ] DEBUG FXGLAssetLoaderServi - Loading from file system: file:/C:/Users/sande/IdeaProjects/Java%20Advanced/ShortburstProject/Short_platformer_game/target/classes/assets/textures/Items/Boxes/Box1/Idle.png
18:20:48.037 [FXGL Background Thread 1 ] DEBUG FXGLAssetLoaderServi - Loading from file system: file:/C:/Users/sande/IdeaProjects/Java%20Advanced/ShortburstProject/Short_platformer_game/target/classes/assets/textures/Items/Checkpoints/End/End%20(Idle).png
18:20:48.042 [FXGL Background Thread 1 ] DEBUG GameWorld            - Clearing removable entities
18:20:48.042 [FXGL Background Thread 1 ] DEBUG GameWorld            - Setting level: com.almasb.fxgl.entity.level.Level@72312193
18:20:48.058 [FXGL Background Thread 1 ] DEBUG FXGLAssetLoaderServi - Loading from file system: file:/C:/Users/sande/IdeaProjects/Java%20Advanced/ShortburstProject/Short_platformer_game/target/classes/assets/textures/Virtual%20Guy/Idle%20(32x32).png
18:20:48.060 [FXGL Background Thread 1 ] DEBUG FXGLAssetLoaderServi - Loading from file system: file:/C:/Users/sande/IdeaProjects/Java%20Advanced/ShortburstProject/Short_platformer_game/target/classes/assets/textures/Virtual%20Guy/Run%20(32x32).png
18:20:48.063 [FXGL Background Thread 1 ] DEBUG FXGLAssetLoaderServi - Loading from file system: file:/C:/Users/sande/IdeaProjects/Java%20Advanced/ShortburstProject/Short_platformer_game/target/classes/assets/textures/Virtual%20Guy/Jump%20(32x32).png
18:20:48.065 [FXGL Background Thread 1 ] DEBUG FXGLAssetLoaderServi - Loading from file system: file:/C:/Users/sande/IdeaProjects/Java%20Advanced/ShortburstProject/Short_platformer_game/target/classes/assets/textures/Virtual%20Guy/Double%20Jump%20(32x32).png
18:20:48.067 [FXGL Background Thread 1 ] DEBUG FXGLAssetLoaderServi - Loading from file system: file:/C:/Users/sande/IdeaProjects/Java%20Advanced/ShortburstProject/Short_platformer_game/target/classes/assets/textures/Virtual%20Guy/Fall%20(32x32).png
18:20:48.081 [FXGL Background Thread 1 ] DEBUG FXGLAssetLoaderServi - Loading from file system: file:/C:/Users/sande/IdeaProjects/Java%20Advanced/ShortburstProject/Short_platformer_game/target/classes/assets/textures/Background/Blue.png
18:20:48.093 [FXGL Background Thread 1 ] INFO  FXGLApplication      - Game initialization took: 0.207 sec
18:20:48.163 [JavaFX Application Thread] DEBUG FXGLApplication      - Registering font factories with UI factory
18:20:48.195 [JavaFX Application Thread] DEBUG Input                - Clearing active input actions
18:20:48.232 [JavaFX Application Thread] DEBUG GameApplicationServi - Removing overlay from FXGLLoadingScene and adding to GameScene
18:20:48.236 [JavaFX Application Thread] DEBUG PrimaryStageWindow   - FXGLLoadingScene -> GameScene
18:20:48.323 [FXGL Background Thread 2 ] INFO  UpdaterService       - Your current version:  17.1
18:20:48.324 [FXGL Background Thread 2 ] INFO  UpdaterService       - Latest stable version: 17.2
18:20:50.237 [JavaFX Application Thread] DEBUG PrimaryStageWindow   - Push state: MiniGameSubScene
18:20:50.237 [JavaFX Application Thread] DEBUG Input                - Clearing active input actions
18:20:50.239 [JavaFX Application Thread] DEBUG GameApplicationServi - Removing overlay from GameScene and adding to MiniGameSubScene
18:20:50.245 [JavaFX Application Thread] DEBUG PrimaryStageWindow   - GameScene -> MiniGameSubScene
18:20:50.765 [FXGL Background Thread 3 ] DEBUG Engine               - Logging environment variables
18:20:50.766 [FXGL Background Thread 3 ] DEBUG Engine               - achievements: []
18:20:50.766 [FXGL Background Thread 3 ] DEBUG Engine               - actualHeight: 600.0
18:20:50.766 [FXGL Background Thread 3 ] DEBUG Engine               - actualHeightProperty: ReadOnlyDoubleProperty [value: 600.0]
18:20:50.766 [FXGL Background Thread 3 ] DEBUG Engine               - actualWidth: 800.0
18:20:50.766 [FXGL Background Thread 3 ] DEBUG Engine               - actualWidthProperty: ReadOnlyDoubleProperty [value: 800.0]
18:20:50.766 [FXGL Background Thread 3 ] DEBUG Engine               - appIcon: fxgl_icon.png
18:20:50.767 [FXGL Background Thread 3 ] DEBUG Engine               - applicationMode: DEVELOPER
18:20:50.767 [FXGL Background Thread 3 ] DEBUG Engine               - cSSList: [fxgl_dark.css]
18:20:50.767 [FXGL Background Thread 3 ] DEBUG Engine               - collisionDetectionStrategy: BRUTE_FORCE
18:20:50.767 [FXGL Background Thread 3 ] DEBUG Engine               - configClass: Optional.empty
18:20:50.767 [FXGL Background Thread 3 ] DEBUG Engine               - credits: []
18:20:50.768 [FXGL Background Thread 3 ] DEBUG Engine               - defaultCursor: CursorInfo(imageName=fxgl_default_cursor.png, hotspotX=7.0, hotspotY=6.0)
18:20:50.768 [FXGL Background Thread 3 ] DEBUG Engine               - devBBoxColorProperty: ObjectProperty [value: 0xff0000ff]
18:20:50.768 [FXGL Background Thread 3 ] DEBUG Engine               - devEnableDebugCameraProperty: BooleanProperty [value: false]
18:20:50.768 [FXGL Background Thread 3 ] DEBUG Engine               - devSensorColorProperty: ObjectProperty [value: 0xffff00ff]
18:20:50.768 [FXGL Background Thread 3 ] DEBUG Engine               - devShowBBoxProperty: BooleanProperty [value: false]
18:20:50.768 [FXGL Background Thread 3 ] DEBUG Engine               - devShowPositionProperty: BooleanProperty [value: false]
18:20:50.768 [FXGL Background Thread 3 ] DEBUG Engine               - enabledMenuItems: []
18:20:50.768 [FXGL Background Thread 3 ] DEBUG Engine               - engineServices: [class com.almasb.fxgl.app.services.FXGLAssetLoaderService, class com.almasb.fxgl.app.FXGLApplication$GameApplicationService, class com.almasb.fxgl.app.services.FXGLDialogService, class com.almasb.fxgl.app.services.IOTaskExecutorService, class com.almasb.fxgl.io.FileSystemService, class com.almasb.fxgl.localization.LocalizationService, class com.almasb.fxgl.app.services.SystemBundleService, class com.almasb.fxgl.profile.SaveLoadService, class com.almasb.fxgl.ui.FXGLUIFactoryServiceProvider, class com.almasb.fxgl.ui.FXGLDialogFactoryServiceProvider, class com.almasb.fxgl.audio.AudioPlayer, class com.almasb.fxgl.notification.impl.NotificationServiceProvider, class com.almasb.fxgl.achievement.AchievementService, class com.almasb.fxgl.cutscene.CutsceneService, class com.almasb.fxgl.minigames.MiniGameService, class com.almasb.fxgl.net.NetService, class com.almasb.fxgl.app.services.UpdaterService, class com.almasb.fxgl.dev.DevService]
18:20:50.768 [FXGL Background Thread 3 ] DEBUG Engine               - fontGame: Abel-Regular.ttf
18:20:50.769 [FXGL Background Thread 3 ] DEBUG Engine               - fontMono: TerminalLandMono-Regular.otf
18:20:50.769 [FXGL Background Thread 3 ] DEBUG Engine               - fontText: Courier-Prime.ttf
18:20:50.770 [FXGL Background Thread 3 ] DEBUG Engine               - fontUI: VarelaRound-Regular.ttf
18:20:50.770 [FXGL Background Thread 3 ] DEBUG Engine               - fullScreen: BooleanProperty [value: false]
18:20:50.770 [FXGL Background Thread 3 ] DEBUG Engine               - gameDifficulty: MEDIUM
18:20:50.770 [FXGL Background Thread 3 ] DEBUG Engine               - gameDifficultyProperty: ObjectProperty [value: MEDIUM]
18:20:50.770 [FXGL Background Thread 3 ] DEBUG Engine               - globalMusicVolume: 0.5
18:20:50.770 [FXGL Background Thread 3 ] DEBUG Engine               - globalMusicVolumeProperty: DoubleProperty [value: 0.5]
18:20:50.771 [FXGL Background Thread 3 ] DEBUG Engine               - globalSoundVolume: 0.5
18:20:50.771 [FXGL Background Thread 3 ] DEBUG Engine               - globalSoundVolumeProperty: DoubleProperty [value: 0.5]
18:20:50.771 [FXGL Background Thread 3 ] DEBUG Engine               - height: 600
18:20:50.771 [FXGL Background Thread 3 ] DEBUG Engine               - is3D: false
18:20:50.771 [FXGL Background Thread 3 ] DEBUG Engine               - isAndroid: false
18:20:50.772 [FXGL Background Thread 3 ] DEBUG Engine               - isBrowser: false
18:20:50.772 [FXGL Background Thread 3 ] DEBUG Engine               - isClickFeedbackEnabled: false
18:20:50.772 [FXGL Background Thread 3 ] DEBUG Engine               - isCloseConfirmation: false
18:20:50.772 [FXGL Background Thread 3 ] DEBUG Engine               - isDesktop: true
18:20:50.772 [FXGL Background Thread 3 ] DEBUG Engine               - isDeveloperMenuEnabled: true
18:20:50.772 [FXGL Background Thread 3 ] DEBUG Engine               - isEmbedded: false
18:20:50.772 [FXGL Background Thread 3 ] DEBUG Engine               - isEntityPreloadEnabled: true
18:20:50.773 [FXGL Background Thread 3 ] DEBUG Engine               - isExperimentalTiledLargeMap: false
18:20:50.773 [FXGL Background Thread 3 ] DEBUG Engine               - isFileSystemWriteAllowed: true
18:20:50.773 [FXGL Background Thread 3 ] DEBUG Engine               - isFullScreenAllowed: false
18:20:50.773 [FXGL Background Thread 3 ] DEBUG Engine               - isFullScreenFromStart: false
18:20:50.773 [FXGL Background Thread 3 ] DEBUG Engine               - isGameMenuEnabled: true
18:20:50.773 [FXGL Background Thread 3 ] DEBUG Engine               - isIOS: false
18:20:50.773 [FXGL Background Thread 3 ] DEBUG Engine               - isIntroEnabled: false
18:20:50.774 [FXGL Background Thread 3 ] DEBUG Engine               - isLinux: false
18:20:50.774 [FXGL Background Thread 3 ] DEBUG Engine               - isMac: false
18:20:50.774 [FXGL Background Thread 3 ] DEBUG Engine               - isMainMenuEnabled: false
18:20:50.774 [FXGL Background Thread 3 ] DEBUG Engine               - isManualResizeEnabled: false
18:20:50.774 [FXGL Background Thread 3 ] DEBUG Engine               - isMobile: false
18:20:50.774 [FXGL Background Thread 3 ] DEBUG Engine               - isNative: false
18:20:50.774 [FXGL Background Thread 3 ] DEBUG Engine               - isPauseMusicWhenMinimized: true
18:20:50.774 [FXGL Background Thread 3 ] DEBUG Engine               - isPreserveResizeRatio: false
18:20:50.775 [FXGL Background Thread 3 ] DEBUG Engine               - isProfilingEnabled: false
18:20:50.775 [FXGL Background Thread 3 ] DEBUG Engine               - isScaleAffectedOnResize: true
18:20:50.775 [FXGL Background Thread 3 ] DEBUG Engine               - isSingleStep: false
18:20:50.775 [FXGL Background Thread 3 ] DEBUG Engine               - isUserProfileEnabled: false
18:20:50.775 [FXGL Background Thread 3 ] DEBUG Engine               - isWindows: true
18:20:50.775 [FXGL Background Thread 3 ] DEBUG Engine               - language: ObjectProperty [value: ENGLISH]
18:20:50.775 [FXGL Background Thread 3 ] DEBUG Engine               - menuKey: ESCAPE
18:20:50.775 [FXGL Background Thread 3 ] DEBUG Engine               - mouseSensitivity: 0.2
18:20:50.775 [FXGL Background Thread 3 ] DEBUG Engine               - notificationViewClass: class com.almasb.fxgl.notification.view.XboxNotificationView
18:20:50.776 [FXGL Background Thread 3 ] DEBUG Engine               - pixelsPerMeter: 50.0
18:20:50.776 [FXGL Background Thread 3 ] DEBUG Engine               - platform: WINDOWS
18:20:50.776 [FXGL Background Thread 3 ] DEBUG Engine               - prefHeightProperty: ReadOnlyDoubleProperty [value: 600.0]
18:20:50.776 [FXGL Background Thread 3 ] DEBUG Engine               - prefWidthProperty: ReadOnlyDoubleProperty [value: 800.0]
18:20:50.776 [FXGL Background Thread 3 ] DEBUG Engine               - profileDir: profiles/
18:20:50.777 [FXGL Background Thread 3 ] DEBUG Engine               - profileName: StringProperty [value: DEFAULT]
18:20:50.777 [FXGL Background Thread 3 ] DEBUG Engine               - randomSeed: -1
18:20:50.777 [FXGL Background Thread 3 ] DEBUG Engine               - runtimeInfo: RuntimeInfo(platform=WINDOWS, version=17.1, build=24.03.2022 17.34)
18:20:50.778 [FXGL Background Thread 3 ] DEBUG Engine               - saveFileExt: sav
18:20:50.778 [FXGL Background Thread 3 ] DEBUG Engine               - scaledHeightProp$fxgl: DoubleProperty [bound, value: 600.0]
18:20:50.778 [FXGL Background Thread 3 ] DEBUG Engine               - scaledWidthProp$fxgl: DoubleProperty [bound, value: 800.0]
18:20:50.778 [FXGL Background Thread 3 ] DEBUG Engine               - sceneFactory: com.almasb.fxgl.app.scene.SceneFactory@780e906a
18:20:50.778 [FXGL Background Thread 3 ] DEBUG Engine               - secondsIn24h: 60
18:20:50.778 [FXGL Background Thread 3 ] DEBUG Engine               - soundMenuBack: menu/back.wav
18:20:50.779 [FXGL Background Thread 3 ] DEBUG Engine               - soundMenuPress: menu/press.wav
18:20:50.779 [FXGL Background Thread 3 ] DEBUG Engine               - soundMenuSelect: menu/select.wav
18:20:50.779 [FXGL Background Thread 3 ] DEBUG Engine               - soundNotification: core/notification.wav
18:20:50.779 [FXGL Background Thread 3 ] DEBUG Engine               - stageStyle: DECORATED
18:20:50.779 [FXGL Background Thread 3 ] DEBUG Engine               - supportedLanguages: [ENGLISH, FRENCH, GERMAN, HUNGARIAN, RUSSIAN]
18:20:50.779 [FXGL Background Thread 3 ] DEBUG Engine               - ticksPerSecond: -1
18:20:50.779 [FXGL Background Thread 3 ] DEBUG Engine               - title: Untitled
18:20:50.780 [FXGL Background Thread 3 ] DEBUG Engine               - urlGithub: https://github.com/AlmasB/FXGL
18:20:50.780 [FXGL Background Thread 3 ] DEBUG Engine               - urlLeaderboard: http://fxgl-top.herokuapp.com/
18:20:50.780 [FXGL Background Thread 3 ] DEBUG Engine               - urlPOM: https://raw.githubusercontent.com/AlmasB/FXGL/release/README.md
18:20:50.780 [FXGL Background Thread 3 ] DEBUG Engine               - userAppClass: class org.platformer.PlatformerApp
18:20:50.780 [FXGL Background Thread 3 ] DEBUG Engine               - version: 0.0
18:20:50.780 [FXGL Background Thread 3 ] DEBUG Engine               - versionCheckDays: 7
18:20:50.781 [FXGL Background Thread 3 ] DEBUG Engine               - width: 800
18:20:50.781 [FXGL Background Thread 3 ] DEBUG Engine               - Logging services
18:20:50.781 [FXGL Background Thread 3 ] DEBUG Engine               - class com.almasb.fxgl.app.services.FXGLAssetLoaderService
18:20:50.781 [FXGL Background Thread 3 ] DEBUG Engine               - class com.almasb.fxgl.app.FXGLApplication$GameApplicationService
18:20:50.781 [FXGL Background Thread 3 ] DEBUG Engine               - class com.almasb.fxgl.app.services.FXGLDialogService
18:20:50.781 [FXGL Background Thread 3 ] DEBUG Engine               - class com.almasb.fxgl.app.services.IOTaskExecutorService
18:20:50.781 [FXGL Background Thread 3 ] DEBUG Engine               - class com.almasb.fxgl.io.FileSystemService
18:20:50.781 [FXGL Background Thread 3 ] DEBUG Engine               - class com.almasb.fxgl.localization.LocalizationService
18:20:50.782 [FXGL Background Thread 3 ] DEBUG Engine               - class com.almasb.fxgl.app.services.SystemBundleService
18:20:50.782 [FXGL Background Thread 3 ] DEBUG Engine               - class com.almasb.fxgl.profile.SaveLoadService
18:20:50.782 [FXGL Background Thread 3 ] DEBUG Engine               - class com.almasb.fxgl.ui.FXGLUIFactoryServiceProvider
18:20:50.782 [FXGL Background Thread 3 ] DEBUG Engine               - class com.almasb.fxgl.ui.FXGLDialogFactoryServiceProvider
18:20:50.782 [FXGL Background Thread 3 ] DEBUG Engine               - class com.almasb.fxgl.audio.AudioPlayer
18:20:50.782 [FXGL Background Thread 3 ] DEBUG Engine               - class com.almasb.fxgl.notification.impl.NotificationServiceProvider
18:20:50.782 [FXGL Background Thread 3 ] DEBUG Engine               - class com.almasb.fxgl.achievement.AchievementService
18:20:50.782 [FXGL Background Thread 3 ] DEBUG Engine               - class com.almasb.fxgl.cutscene.CutsceneService
18:20:50.783 [FXGL Background Thread 3 ] DEBUG Engine               - class com.almasb.fxgl.minigames.MiniGameService
18:20:50.783 [FXGL Background Thread 3 ] DEBUG Engine               - class com.almasb.fxgl.net.NetService
18:20:50.783 [FXGL Background Thread 3 ] DEBUG Engine               - class com.almasb.fxgl.app.services.UpdaterService
18:20:50.783 [FXGL Background Thread 3 ] DEBUG Engine               - class com.almasb.fxgl.dev.DevService
18:20:57.181 [JavaFX Application Thread] DEBUG PrimaryStageWindow   - Pop state: MiniGameSubScene
18:20:57.182 [JavaFX Application Thread] DEBUG Input                - Clearing active input actions
18:20:57.183 [JavaFX Application Thread] DEBUG GameApplicationServi - Removing overlay from MiniGameSubScene and adding to GameScene
18:20:57.185 [JavaFX Application Thread] DEBUG PrimaryStageWindow   - GameScene <- MiniGameSubScene
18:21:04.772 [JavaFX Application Thread] DEBUG FXGLApplication      - Exiting FXGL
18:21:04.772 [JavaFX Application Thread] DEBUG LoopRunner           - Stopping loop
18:21:04.772 [JavaFX Application Thread] DEBUG SystemBundleService  - Saving FXGL system data
18:21:04.775 [JavaFX Application Thread] DEBUG FileSystemAccess     - Writing to: C:\Users\sande\IdeaProjects\Java Advanced\ShortburstProject\Short_platformer_game\system\fxgl.bundle
18:21:04.778 [JavaFX Application Thread] DEBUG Async                - Shutting down background threads
18:21:04.778 [JavaFX Application Thread] DEBUG PrimaryStageWindow   - Closing main window
18:21:04.816 [JavaFX Application Thread] DEBUG Logger               - Closing Logger
