00:50:54.642 [main                     ] DEBUG Logger               - Configured Logger
00:50:54.665 [main                     ] DEBUG GameApplication      - Logging settings
Title: Short platformer game
Version: 0.1
Width: 1024
Height: 640
Fullscreen: false
Intro: false
Profiling: false
Single step:false
App Mode: DEVELOPER
Menu Key: ESCAPE
Stage Style: DECORATED
Scene Factory: class com.almasb.fxgl.app.scene.SceneFactory

00:50:55.041 [JavaFX Application Thread] DEBUG FXGLApplication      - Initializing FXGL
00:50:55.050 [JavaFX Application Thread] INFO  Engine               - FXGL-17.1 (24.03.2022 17.34) on WINDOWS (J:19.0.1 FX:18)
00:50:55.051 [JavaFX Application Thread] DEBUG Engine               - JRE Vendor Name: Oracle Corporation
00:50:55.052 [JavaFX Application Thread] DEBUG Engine               - Running on OS: Windows 10 version 10.0
00:50:55.052 [JavaFX Application Thread] DEBUG Engine               - Architecture: amd64
00:50:55.053 [JavaFX Application Thread] INFO  Engine               - Source code and latest versions at: https://github.com/AlmasB/FXGL
00:50:55.053 [JavaFX Application Thread] INFO  Engine               -       Ask questions and discuss at: https://github.com/AlmasB/FXGL/discussions
00:50:55.053 [JavaFX Application Thread] INFO  Engine               -              Join the FXGL chat at: https://gitter.im/AlmasB/FXGL
00:50:55.149 [JavaFX Application Thread] DEBUG PrimaryStageWindow   - Creating a JavaFX scene
00:50:55.218 [JavaFX Application Thread] DEBUG PrimaryStageWindow   - Target settings size: 1024.0 x 640.0
00:50:55.219 [JavaFX Application Thread] DEBUG PrimaryStageWindow   - Scaled scene size:    1024.0 x 640.0
00:50:55.220 [JavaFX Application Thread] DEBUG PrimaryStageWindow   - Scaled ratio: (1.0, 1.0)
00:50:55.220 [JavaFX Application Thread] DEBUG PrimaryStageWindow   - Set initial scene to FXGLStartupScene
00:50:55.230 [JavaFX Application Thread] DEBUG PrimaryStageWindow   - Opening main window
00:50:55.320 [JavaFX Application Thread] DEBUG PrimaryStageWindow   - Window border size: (14.4000244140625, 37.5999755859375)
00:50:55.320 [JavaFX Application Thread] DEBUG PrimaryStageWindow   - Scaled size: 1024.0 x 640.0
00:50:55.321 [JavaFX Application Thread] DEBUG PrimaryStageWindow   - Scaled ratio: (1.0, 1.0)
00:50:55.321 [JavaFX Application Thread] DEBUG PrimaryStageWindow   - Scene size: 1024.0 x 640.0
00:50:55.321 [JavaFX Application Thread] DEBUG PrimaryStageWindow   - Stage size: 1038.4000244140625 x 677.5999755859375
00:50:55.330 [FXGL Background Thread 1 ] DEBUG Engine               - Initializing environment variables
00:50:55.384 [FXGL Background Thread 1 ] DEBUG FXGLAssetLoaderServi - User app class for loading assets: class org.platformer.PlatformerApp
00:50:55.385 [FXGL Background Thread 1 ] DEBUG GameApplicationServi - Applying CSS: fxgl_dark.css
00:50:55.387 [FXGL Background Thread 1 ] DEBUG FXGLAssetLoaderServi - Loading from file system: jar:file:///C:/Users/sande/.m2/repository/com/github/almasb/fxgl/17.1/fxgl-17.1.jar!/fxglassets/ui/css/fxgl_dark.css
00:50:55.434 [FXGL Background Thread 1 ] DEBUG GameApplicationServi - Initializing application scenes
00:50:55.467 [FXGL Background Thread 1 ] DEBUG GameWorld            - Game world initialized
00:50:55.549 [FXGL Background Thread 1 ] DEBUG PhysicsWorld         - Physics world initialized: appHeight=640, physics.ppm=50.0
00:50:55.550 [FXGL Background Thread 1 ] DEBUG PhysicsWorld         - Using strategy: BRUTE_FORCE
00:50:55.555 [FXGL Background Thread 1 ] DEBUG GameScene            - Game scene initialized: 1024x640
00:50:55.568 [FXGL Background Thread 1 ] DEBUG FXGL.DefaultMenu     - createMenuBodyGameMenu()
00:50:55.579 [FXGL Background Thread 1 ] DEBUG FXGL.DefaultMenu     - createOptionsMenu()
00:50:55.590 [FXGL Background Thread 1 ] DEBUG FXGLAssetLoaderServi - Loading from file system: jar:file:///C:/Users/sande/.m2/repository/com/github/almasb/fxgl/17.1/fxgl-17.1.jar!/fxglassets/textures/particles/smoke.png
00:50:55.699 [FXGL Background Thread 1 ] DEBUG FXGLAssetLoaderServi - Loading from file system: jar:file:///C:/Users/sande/.m2/repository/com/github/almasb/fxgl/17.1/fxgl-17.1.jar!/fxglassets/textures/particles/trace_horizontal.png
00:50:55.751 [FXGL Background Thread 1 ] DEBUG GameApplicationServi - Application scenes initialized
00:50:55.760 [FXGL Background Thread 1 ] DEBUG SystemBundleService  - Loading FXGL system data
00:50:55.763 [FXGL Background Thread 1 ] DEBUG FileSystemAccess     - Reading from: C:\Users\sande\IdeaProjects\Java Advanced\ShortburstProject\Short_platformer_game\system\fxgl.bundle
00:50:55.772 [FXGL Background Thread 1 ] DEBUG SystemBundleService  - Bundle FXGL: {}
00:50:55.772 [FXGL Background Thread 1 ] DEBUG UpdaterService       - Checking for updates
00:50:55.794 [FXGL Background Thread 4 ] DEBUG FXGLApplication      - Loading fonts
00:50:55.794 [FXGL Background Thread 1 ] DEBUG FXGLApplication      - Loading default localization
00:50:55.796 [FXGL Background Thread 4 ] DEBUG FXGLAssetLoaderServi - Loading from file system: jar:file:///C:/Users/sande/.m2/repository/com/github/almasb/fxgl/17.1/fxgl-17.1.jar!/fxglassets/ui/fonts/VarelaRound-Regular.ttf
00:50:55.796 [FXGL Background Thread 1 ] DEBUG FXGLAssetLoaderServi - Loading from file system: jar:file:///C:/Users/sande/.m2/repository/com/github/almasb/fxgl/17.1/fxgl-17.1.jar!/fxglassets/languages/english.lang
00:50:55.820 [FXGL Background Thread 1 ] INFO  FXGLApplication      - FXGL initialization took: 0.490 sec
00:50:55.832 [JavaFX Application Thread] DEBUG Input                - Registered new binding: Left - Left
00:50:55.832 [JavaFX Application Thread] DEBUG Input                - Registered new binding: Right - Right
00:50:55.832 [JavaFX Application Thread] DEBUG Input                - Registered new binding: Jump - Up
00:50:55.832 [JavaFX Application Thread] DEBUG Input                - Registered new binding: Stomp - Down
00:50:55.832 [JavaFX Application Thread] DEBUG Input                - Registered new binding: Shoot - Z
00:50:55.832 [JavaFX Application Thread] DEBUG Input                - Registered new binding: getCoordinates - C
00:50:55.833 [JavaFX Application Thread] DEBUG FXGLAssetLoaderServi - Loading from file system: jar:file:///C:/Users/sande/.m2/repository/com/github/almasb/fxgl/17.1/fxgl-17.1.jar!/fxglassets/textures/fxgl_icon.png
00:50:55.861 [FXGL Background Thread 4 ] DEBUG FXGLAssetLoaderServi - Loading from file system: jar:file:///C:/Users/sande/.m2/repository/com/github/almasb/fxgl/17.1/fxgl-17.1.jar!/fxglassets/ui/fonts/Abel-Regular.ttf
00:50:55.864 [JavaFX Application Thread] DEBUG FXGLAssetLoaderServi - Loading from file system: jar:file:///C:/Users/sande/.m2/repository/com/github/almasb/fxgl/17.1/fxgl-17.1.jar!/fxglassets/textures/fxgl_default_cursor.png
00:50:55.867 [JavaFX Application Thread] DEBUG Input                - Registered new binding: Screenshot - CTRL+8
00:50:55.867 [JavaFX Application Thread] DEBUG Input                - Registered new binding: Dev Options - 1
00:50:55.868 [JavaFX Application Thread] DEBUG Input                - Registered new binding: Dev Console - 2
00:50:55.868 [JavaFX Application Thread] DEBUG Input                - Registered new binding: System info dump - CTRL+9
00:50:55.868 [JavaFX Application Thread] DEBUG Input                - Registered new binding: Restart - CTRL+R
00:50:55.869 [JavaFX Application Thread] DEBUG Input                - Registered new binding: Toggle Debug Camera - CTRL+7
00:50:55.874 [JavaFX Application Thread] DEBUG LoopRunner           - Starting loop
00:50:55.879 [FXGL Background Thread 4 ] DEBUG FXGLAssetLoaderServi - Loading from file system: jar:file:///C:/Users/sande/.m2/repository/com/github/almasb/fxgl/17.1/fxgl-17.1.jar!/fxglassets/ui/fonts/TerminalLandMono-Regular.otf
00:50:55.887 [JavaFX Application Thread] DEBUG LoopRunner           - Initializing JavaFX AnimationTimerLoop
00:50:55.888 [JavaFX Application Thread] DEBUG GameApplicationServi - Starting new game
00:50:55.889 [JavaFX Application Thread] DEBUG Input                - Clearing active input actions
00:50:55.899 [FXGL Background Thread 4 ] DEBUG FXGLAssetLoaderServi - Loading from file system: jar:file:///C:/Users/sande/.m2/repository/com/github/almasb/fxgl/17.1/fxgl-17.1.jar!/fxglassets/ui/fonts/Courier-Prime.ttf
00:50:55.901 [JavaFX Application Thread] DEBUG GameApplicationServi - Removing overlay from FXGLStartupScene and adding to FXGLLoadingScene
00:50:55.905 [JavaFX Application Thread] DEBUG PrimaryStageWindow   - FXGLStartupScene -> FXGLLoadingScene
00:50:55.905 [JavaFX Application Thread] DEBUG GameApplicationServi - Clearing previous game
00:50:55.905 [JavaFX Application Thread] DEBUG GameScene            - Clearing game scene
00:50:55.905 [JavaFX Application Thread] DEBUG GameWorld            - Clearing game world
00:50:55.906 [JavaFX Application Thread] DEBUG PhysicsWorld         - Clearing physics world
00:50:55.907 [FXGL Background Thread 1 ] DEBUG FXGLApplication      - Initializing game
00:50:55.993 [FXGL Background Thread 1 ] DEBUG TMXLevelLoader       - Parsed TiledMap: file:/C:/Users/sande/IdeaProjects/Java%20Advanced/ShortburstProject/Short_platformer_game/target/classes/assets/levels/tmx/platformer.tmx
00:50:55.995 [FXGL Background Thread 1 ] DEBUG TMXLevelLoader       - Creating tile layer entities
00:50:55.996 [FXGL Background Thread 1 ] DEBUG TilesetLoader        - Loading view for layer Tile Layer 1
00:50:55.997 [FXGL Background Thread 1 ] DEBUG TilesetLoader        - Created buffer with size 1024.0x640.0
00:50:56.014 [FXGL Background Thread 1 ] DEBUG TMXLevelLoader       - Creating object layer entities
00:50:56.041 [FXGL Background Thread 1 ] DEBUG FXGLAssetLoaderServi - Loading from file system: file:/C:/Users/sande/IdeaProjects/Java%20Advanced/ShortburstProject/Short_platformer_game/target/classes/assets/textures/Items/Checkpoints/End/End%20(Idle).png
00:50:56.048 [FXGL Background Thread 1 ] DEBUG FXGLAssetLoaderServi - Loading from file system: file:/C:/Users/sande/IdeaProjects/Java%20Advanced/ShortburstProject/Short_platformer_game/target/classes/assets/textures/Items/Boxes/Box1/Idle.png
00:50:56.072 [FXGL Background Thread 1 ] DEBUG GameWorld            - Clearing removable entities
00:50:56.073 [FXGL Background Thread 1 ] DEBUG GameWorld            - Setting level: com.almasb.fxgl.entity.level.Level@373ba2e3
00:50:56.090 [FXGL Background Thread 1 ] DEBUG FXGLAssetLoaderServi - Loading from file system: file:/C:/Users/sande/IdeaProjects/Java%20Advanced/ShortburstProject/Short_platformer_game/target/classes/assets/textures/Virtual%20Guy/Idle%20(32x32).png
00:50:56.093 [FXGL Background Thread 1 ] DEBUG FXGLAssetLoaderServi - Loading from file system: file:/C:/Users/sande/IdeaProjects/Java%20Advanced/ShortburstProject/Short_platformer_game/target/classes/assets/textures/Virtual%20Guy/Run%20(32x32).png
00:50:56.095 [FXGL Background Thread 1 ] DEBUG FXGLAssetLoaderServi - Loading from file system: file:/C:/Users/sande/IdeaProjects/Java%20Advanced/ShortburstProject/Short_platformer_game/target/classes/assets/textures/Virtual%20Guy/Jump%20(32x32).png
00:50:56.097 [FXGL Background Thread 1 ] DEBUG FXGLAssetLoaderServi - Loading from file system: file:/C:/Users/sande/IdeaProjects/Java%20Advanced/ShortburstProject/Short_platformer_game/target/classes/assets/textures/Virtual%20Guy/Double%20Jump%20(32x32).png
00:50:56.099 [FXGL Background Thread 1 ] DEBUG FXGLAssetLoaderServi - Loading from file system: file:/C:/Users/sande/IdeaProjects/Java%20Advanced/ShortburstProject/Short_platformer_game/target/classes/assets/textures/Virtual%20Guy/Fall%20(32x32).png
00:50:56.107 [FXGL Background Thread 1 ] DEBUG FXGLAssetLoaderServi - Loading from file system: file:/C:/Users/sande/IdeaProjects/Java%20Advanced/ShortburstProject/Short_platformer_game/target/classes/assets/textures/Background/Blue.png
00:50:56.111 [FXGL Background Thread 1 ] DEBUG FXGLAssetLoaderServi - Loading from file system: file:/C:/Users/sande/IdeaProjects/Java%20Advanced/ShortburstProject/Short_platformer_game/target/classes/assets/textures/Items/Fruits/Apple%20(64x64).png
00:50:56.113 [FXGL Background Thread 1 ] DEBUG FXGLAssetLoaderServi - Loading from file system: file:/C:/Users/sande/IdeaProjects/Java%20Advanced/ShortburstProject/Short_platformer_game/target/classes/assets/textures/Items/Other/Heart%20(64x64).png
00:50:56.116 [FXGL Background Thread 1 ] INFO  FXGLApplication      - Game initialization took: 0.209 sec
00:50:56.234 [JavaFX Application Thread] DEBUG FXGLApplication      - Registering font factories with UI factory
00:50:56.247 [JavaFX Application Thread] DEBUG Input                - Clearing active input actions
00:50:56.260 [FXGL Background Thread 2 ] INFO  UpdaterService       - Your current version:  17.1
00:50:56.260 [JavaFX Application Thread] DEBUG GameApplicationServi - Removing overlay from FXGLLoadingScene and adding to GameScene
00:50:56.260 [FXGL Background Thread 2 ] INFO  UpdaterService       - Latest stable version: 17.2
00:50:56.265 [JavaFX Application Thread] DEBUG PrimaryStageWindow   - FXGLLoadingScene -> GameScene
00:50:57.705 [JavaFX Application Thread] DEBUG FXGLApplication      - Exiting FXGL
00:50:57.705 [JavaFX Application Thread] DEBUG LoopRunner           - Stopping loop
00:50:57.705 [JavaFX Application Thread] DEBUG SystemBundleService  - Saving FXGL system data
00:50:57.709 [JavaFX Application Thread] DEBUG FileSystemAccess     - Writing to: C:\Users\sande\IdeaProjects\Java Advanced\ShortburstProject\Short_platformer_game\system\fxgl.bundle
00:50:57.716 [JavaFX Application Thread] DEBUG Async                - Shutting down background threads
00:50:57.716 [JavaFX Application Thread] DEBUG PrimaryStageWindow   - Closing main window
00:50:57.739 [JavaFX Application Thread] DEBUG Logger               - Closing Logger
