19:33:54.825 [main                     ] DEBUG Logger               - Configured Logger
19:33:54.846 [main                     ] DEBUG GameApplication      - Logging settings
Title: Short platformer game
Version: 1.0
Width: 1024
Height: 640
Fullscreen: false
Intro: false
Profiling: false
Single step:false
App Mode: RELEASE
Menu Key: ESCAPE
Stage Style: DECORATED
Scene Factory: class com.almasb.fxgl.app.scene.SceneFactory

19:33:55.110 [JavaFX Application Thread] DEBUG FXGLApplication      - Initializing FXGL
19:33:55.113 [JavaFX Application Thread] INFO  Engine               - FXGL-17.1 (24.03.2022 17.34) on WINDOWS (J:19.0.1 FX:18)
19:33:55.113 [JavaFX Application Thread] DEBUG Engine               - JRE Vendor Name: Oracle Corporation
19:33:55.114 [JavaFX Application Thread] DEBUG Engine               - Running on OS: Windows 10 version 10.0
19:33:55.114 [JavaFX Application Thread] DEBUG Engine               - Architecture: amd64
19:33:55.114 [JavaFX Application Thread] INFO  Engine               - Source code and latest versions at: https://github.com/AlmasB/FXGL
19:33:55.114 [JavaFX Application Thread] INFO  Engine               -       Ask questions and discuss at: https://github.com/AlmasB/FXGL/discussions
19:33:55.114 [JavaFX Application Thread] INFO  Engine               -              Join the FXGL chat at: https://gitter.im/AlmasB/FXGL
19:33:55.188 [JavaFX Application Thread] DEBUG PrimaryStageWindow   - Creating a JavaFX scene
19:33:55.225 [JavaFX Application Thread] DEBUG PrimaryStageWindow   - Target settings size: 1024.0 x 640.0
19:33:55.225 [JavaFX Application Thread] DEBUG PrimaryStageWindow   - Scaled scene size:    1024.0 x 640.0
19:33:55.226 [JavaFX Application Thread] DEBUG PrimaryStageWindow   - Scaled ratio: (1.0, 1.0)
19:33:55.226 [JavaFX Application Thread] DEBUG PrimaryStageWindow   - Set initial scene to FXGLStartupScene
19:33:55.232 [JavaFX Application Thread] DEBUG PrimaryStageWindow   - Opening main window
19:33:55.307 [JavaFX Application Thread] DEBUG PrimaryStageWindow   - Window border size: (14.4000244140625, 37.5999755859375)
19:33:55.308 [JavaFX Application Thread] DEBUG PrimaryStageWindow   - Scaled size: 1024.0 x 640.0
19:33:55.309 [JavaFX Application Thread] DEBUG PrimaryStageWindow   - Scaled ratio: (1.0, 1.0)
19:33:55.309 [JavaFX Application Thread] DEBUG PrimaryStageWindow   - Scene size: 1024.0 x 640.0
19:33:55.309 [JavaFX Application Thread] DEBUG PrimaryStageWindow   - Stage size: 1038.4000244140625 x 677.5999755859375
19:33:55.316 [FXGL Background Thread 1 ] DEBUG Engine               - Initializing environment variables
19:33:55.374 [FXGL Background Thread 1 ] DEBUG FXGLAssetLoaderServi - User app class for loading assets: class org.platformer.PlatformerApp
19:33:55.374 [FXGL Background Thread 1 ] DEBUG GameApplicationServi - Applying CSS: fxgl_dark.css
19:33:55.375 [FXGL Background Thread 1 ] DEBUG FXGLAssetLoaderServi - Loading from file system: jar:file:///C:/Users/sande/.m2/repository/com/github/almasb/fxgl/17.1/fxgl-17.1.jar!/fxglassets/ui/css/fxgl_dark.css
19:33:55.425 [FXGL Background Thread 1 ] DEBUG GameApplicationServi - Initializing application scenes
19:33:55.460 [FXGL Background Thread 1 ] DEBUG GameWorld            - Game world initialized
19:33:55.531 [FXGL Background Thread 1 ] DEBUG PhysicsWorld         - Physics world initialized: appHeight=640, physics.ppm=50.0
19:33:55.532 [FXGL Background Thread 1 ] DEBUG PhysicsWorld         - Using strategy: BRUTE_FORCE
19:33:55.536 [FXGL Background Thread 1 ] DEBUG GameScene            - Game scene initialized: 1024x640
19:33:55.552 [FXGL Background Thread 1 ] DEBUG FXGL.DefaultMenu     - createMenuBodyMainMenu()
19:33:55.567 [FXGL Background Thread 1 ] DEBUG FXGL.DefaultMenu     - createOptionsMenu()
19:33:55.579 [FXGL Background Thread 1 ] DEBUG FXGLAssetLoaderServi - Loading from file system: jar:file:///C:/Users/sande/.m2/repository/com/github/almasb/fxgl/17.1/fxgl-17.1.jar!/fxglassets/textures/particles/smoke.png
19:33:55.676 [FXGL Background Thread 1 ] DEBUG FXGLAssetLoaderServi - Loading from file system: jar:file:///C:/Users/sande/.m2/repository/com/github/almasb/fxgl/17.1/fxgl-17.1.jar!/fxglassets/textures/particles/trace_horizontal.png
19:33:55.713 [FXGL Background Thread 1 ] DEBUG FXGL.DefaultMenu     - createMenuBodyGameMenu()
19:33:55.714 [FXGL Background Thread 1 ] DEBUG FXGL.DefaultMenu     - createOptionsMenu()
19:33:55.725 [FXGL Background Thread 1 ] DEBUG GameApplicationServi - Application scenes initialized
19:33:55.737 [FXGL Background Thread 1 ] DEBUG SystemBundleService  - Loading FXGL system data
19:33:55.743 [FXGL Background Thread 1 ] DEBUG FileSystemAccess     - Reading from: C:\Users\sande\IdeaProjects\Java Advanced\ShortburstProject\Short_platformer_game\system\fxgl.bundle
19:33:55.753 [FXGL Background Thread 1 ] DEBUG SystemBundleService  - Bundle FXGL: {}
19:33:55.755 [FXGL Background Thread 3 ] DEBUG FXGLApplication      - Loading fonts
19:33:55.756 [FXGL Background Thread 1 ] DEBUG FXGLApplication      - Loading default localization
19:33:55.756 [FXGL Background Thread 3 ] DEBUG FXGLAssetLoaderServi - Loading from file system: jar:file:///C:/Users/sande/.m2/repository/com/github/almasb/fxgl/17.1/fxgl-17.1.jar!/fxglassets/ui/fonts/VarelaRound-Regular.ttf
19:33:55.756 [FXGL Background Thread 1 ] DEBUG FXGLAssetLoaderServi - Loading from file system: jar:file:///C:/Users/sande/.m2/repository/com/github/almasb/fxgl/17.1/fxgl-17.1.jar!/fxglassets/languages/english.lang
19:33:55.775 [FXGL Background Thread 1 ] INFO  FXGLApplication      - FXGL initialization took: 0.459 sec
19:33:55.785 [JavaFX Application Thread] DEBUG Input                - Registered new binding: Left - Left
19:33:55.785 [JavaFX Application Thread] DEBUG Input                - Registered new binding: Right - Right
19:33:55.785 [JavaFX Application Thread] DEBUG Input                - Registered new binding: Jump - Up
19:33:55.785 [JavaFX Application Thread] DEBUG Input                - Registered new binding: Stomp - Down
19:33:55.786 [JavaFX Application Thread] DEBUG Input                - Registered new binding: Shoot - Z
19:33:55.786 [JavaFX Application Thread] DEBUG FXGLAssetLoaderServi - Loading from file system: jar:file:///C:/Users/sande/.m2/repository/com/github/almasb/fxgl/17.1/fxgl-17.1.jar!/fxglassets/textures/fxgl_icon.png
19:33:55.807 [JavaFX Application Thread] DEBUG FXGLAssetLoaderServi - Loading from file system: jar:file:///C:/Users/sande/.m2/repository/com/github/almasb/fxgl/17.1/fxgl-17.1.jar!/fxglassets/textures/fxgl_default_cursor.png
19:33:55.809 [JavaFX Application Thread] DEBUG Input                - Registered new binding: Screenshot - CTRL+8
19:33:55.812 [JavaFX Application Thread] DEBUG LoopRunner           - Starting loop
19:33:55.812 [JavaFX Application Thread] DEBUG LoopRunner           - Initializing JavaFX AnimationTimerLoop
19:33:55.814 [JavaFX Application Thread] DEBUG Input                - Clearing active input actions
19:33:55.819 [FXGL Background Thread 3 ] DEBUG FXGLAssetLoaderServi - Loading from file system: jar:file:///C:/Users/sande/.m2/repository/com/github/almasb/fxgl/17.1/fxgl-17.1.jar!/fxglassets/ui/fonts/Abel-Regular.ttf
19:33:55.821 [JavaFX Application Thread] DEBUG GameApplicationServi - Removing overlay from FXGLStartupScene and adding to FXGLMainMenuDummyScene
19:33:55.822 [JavaFX Application Thread] DEBUG PrimaryStageWindow   - FXGLStartupScene -> FXGLMainMenuDummyScene
19:33:55.822 [JavaFX Application Thread] DEBUG PrimaryStageWindow   - Push state: FXGLDefaultMenu
19:33:55.827 [JavaFX Application Thread] DEBUG Input                - Clearing active input actions
19:33:55.831 [FXGL Background Thread 3 ] DEBUG FXGLAssetLoaderServi - Loading from file system: jar:file:///C:/Users/sande/.m2/repository/com/github/almasb/fxgl/17.1/fxgl-17.1.jar!/fxglassets/ui/fonts/TerminalLandMono-Regular.otf
19:33:55.834 [JavaFX Application Thread] DEBUG GameApplicationServi - Removing overlay from FXGLMainMenuDummyScene and adding to FXGLDefaultMenu
19:33:55.835 [JavaFX Application Thread] DEBUG PrimaryStageWindow   - FXGLMainMenuDummyScene -> FXGLDefaultMenu
19:33:55.842 [FXGL Background Thread 3 ] DEBUG FXGLAssetLoaderServi - Loading from file system: jar:file:///C:/Users/sande/.m2/repository/com/github/almasb/fxgl/17.1/fxgl-17.1.jar!/fxglassets/ui/fonts/Courier-Prime.ttf
19:33:55.901 [JavaFX Application Thread] DEBUG FXGLApplication      - Registering font factories with UI factory
19:33:57.029 [JavaFX Application Thread] DEBUG Menu                 - fireNewGame()
19:33:57.029 [JavaFX Application Thread] DEBUG GameApplicationServi - Starting new game
19:33:57.034 [JavaFX Application Thread] DEBUG PrimaryStageWindow   - Pop state: FXGLDefaultMenu
19:33:57.034 [JavaFX Application Thread] DEBUG Input                - Clearing active input actions
19:33:57.035 [JavaFX Application Thread] DEBUG GameApplicationServi - Removing overlay from FXGLDefaultMenu and adding to FXGLMainMenuDummyScene
19:33:57.036 [JavaFX Application Thread] DEBUG PrimaryStageWindow   - FXGLMainMenuDummyScene <- FXGLDefaultMenu
19:33:57.036 [JavaFX Application Thread] DEBUG Input                - Clearing active input actions
19:33:57.047 [JavaFX Application Thread] DEBUG GameApplicationServi - Removing overlay from FXGLMainMenuDummyScene and adding to FXGLLoadingScene
19:33:57.047 [JavaFX Application Thread] DEBUG PrimaryStageWindow   - FXGLMainMenuDummyScene -> FXGLLoadingScene
19:33:57.047 [JavaFX Application Thread] DEBUG GameApplicationServi - Clearing previous game
19:33:57.047 [JavaFX Application Thread] DEBUG GameScene            - Clearing game scene
19:33:57.048 [JavaFX Application Thread] DEBUG GameWorld            - Clearing game world
19:33:57.048 [JavaFX Application Thread] DEBUG PhysicsWorld         - Clearing physics world
19:33:57.049 [FXGL Background Thread 3 ] DEBUG FXGLApplication      - Initializing game
19:33:57.058 [FXGL Background Thread 3 ] DEBUG FXGLAssetLoaderServi - Loading from file system: file:/C:/Users/sande/IdeaProjects/Java%20Advanced/ShortburstProject/Short_platformer_game/target/classes/assets/music/POL-lone-wolf-short.wav
19:33:57.195 [FXGL Background Thread 3 ] DEBUG AudioPlayer          - Playing music com.almasb.fxgl.audio.Music@18374617
19:33:57.284 [FXGL Background Thread 3 ] DEBUG TMXLevelLoader       - Parsed TiledMap: file:/C:/Users/sande/IdeaProjects/Java%20Advanced/ShortburstProject/Short_platformer_game/target/classes/assets/levels/level1.tmx
19:33:57.285 [FXGL Background Thread 3 ] DEBUG TMXLevelLoader       - Creating tile layer entities
19:33:57.286 [FXGL Background Thread 3 ] DEBUG TilesetLoader        - Loading view for layer Tile Layer 1
19:33:57.295 [FXGL Background Thread 3 ] DEBUG TilesetLoader        - Created buffer with size 8000.0x640.0
19:33:57.318 [FXGL Background Thread 3 ] DEBUG TMXLevelLoader       - Creating object layer entities
19:33:57.326 [FXGL Background Thread 3 ] DEBUG FXGLAssetLoaderServi - Loading from file system: file:/C:/Users/sande/IdeaProjects/Java%20Advanced/ShortburstProject/Short_platformer_game/target/classes/assets/textures/Items/Fruits/Bananas.png
19:33:57.341 [FXGL Background Thread 3 ] DEBUG FXGLAssetLoaderServi - Loading from file system: file:/C:/Users/sande/IdeaProjects/Java%20Advanced/ShortburstProject/Short_platformer_game/target/classes/assets/textures/Items/Checkpoints/End/End%20(Idle).png
19:33:57.343 [FXGL Background Thread 3 ] DEBUG FXGLAssetLoaderServi - Loading from file system: file:/C:/Users/sande/IdeaProjects/Java%20Advanced/ShortburstProject/Short_platformer_game/target/classes/assets/textures/Items/Fruits/Kiwi.png
19:33:57.345 [FXGL Background Thread 3 ] DEBUG FXGLAssetLoaderServi - Loading from file system: file:/C:/Users/sande/IdeaProjects/Java%20Advanced/ShortburstProject/Short_platformer_game/target/classes/assets/textures/Items/Fruits/Pineapple.png
19:33:57.347 [FXGL Background Thread 3 ] DEBUG FXGLAssetLoaderServi - Loading from file system: file:/C:/Users/sande/IdeaProjects/Java%20Advanced/ShortburstProject/Short_platformer_game/target/classes/assets/textures/Enemies/Mushroom/Idle%20(32x32).png
19:33:57.349 [FXGL Background Thread 3 ] DEBUG FXGLAssetLoaderServi - Loading from file system: file:/C:/Users/sande/IdeaProjects/Java%20Advanced/ShortburstProject/Short_platformer_game/target/classes/assets/textures/Enemies/Mushroom/Run%20(32x32).png
19:33:57.350 [FXGL Background Thread 3 ] DEBUG FXGLAssetLoaderServi - Loading from file system: file:/C:/Users/sande/IdeaProjects/Java%20Advanced/ShortburstProject/Short_platformer_game/target/classes/assets/textures/Enemies/Mushroom/Hit.png
19:33:57.407 [FXGL Background Thread 3 ] DEBUG FXGLAssetLoaderServi - Loading from file system: file:/C:/Users/sande/IdeaProjects/Java%20Advanced/ShortburstProject/Short_platformer_game/target/classes/assets/textures/Items/Boxes/Box1/Idle.png
19:33:57.408 [FXGL Background Thread 3 ] DEBUG FXGLAssetLoaderServi - Loading from file system: file:/C:/Users/sande/IdeaProjects/Java%20Advanced/ShortburstProject/Short_platformer_game/target/classes/assets/textures/Items/Boxes/Box1/Hit%20(28x24).png
19:33:57.412 [FXGL Background Thread 3 ] DEBUG FXGLAssetLoaderServi - Loading from file system: file:/C:/Users/sande/IdeaProjects/Java%20Advanced/ShortburstProject/Short_platformer_game/target/classes/assets/textures/Items/Other/Heart%20(16x16).png
19:33:57.413 [FXGL Background Thread 3 ] DEBUG FXGLAssetLoaderServi - Loading from file system: file:/C:/Users/sande/IdeaProjects/Java%20Advanced/ShortburstProject/Short_platformer_game/target/classes/assets/textures/Items/Fruits/Strawberry.png
19:33:57.416 [FXGL Background Thread 3 ] DEBUG FXGLAssetLoaderServi - Loading from file system: file:/C:/Users/sande/IdeaProjects/Java%20Advanced/ShortburstProject/Short_platformer_game/target/classes/assets/textures/Items/Fruits/Apple.png
19:33:57.418 [FXGL Background Thread 3 ] DEBUG FXGLAssetLoaderServi - Loading from file system: file:/C:/Users/sande/IdeaProjects/Java%20Advanced/ShortburstProject/Short_platformer_game/target/classes/assets/textures/Items/Fruits/Melon.png
19:33:57.423 [FXGL Background Thread 3 ] DEBUG FXGLAssetLoaderServi - Loading from file system: file:/C:/Users/sande/IdeaProjects/Java%20Advanced/ShortburstProject/Short_platformer_game/target/classes/assets/textures/Items/Fruits/Orange.png
19:33:57.425 [FXGL Background Thread 3 ] DEBUG FXGLAssetLoaderServi - Loading from file system: file:/C:/Users/sande/IdeaProjects/Java%20Advanced/ShortburstProject/Short_platformer_game/target/classes/assets/textures/Items/Fruits/Cherries.png
19:33:57.539 [FXGL Background Thread 3 ] DEBUG FXGLAssetLoaderServi - Loading from file system: file:/C:/Users/sande/IdeaProjects/Java%20Advanced/ShortburstProject/Short_platformer_game/target/classes/assets/textures/Items/Checkpoints/Checkpoint/Checkpoint%20(Flag%20Out)%20(64x64).png
19:33:57.544 [FXGL Background Thread 3 ] DEBUG FXGLAssetLoaderServi - Loading from file system: file:/C:/Users/sande/IdeaProjects/Java%20Advanced/ShortburstProject/Short_platformer_game/target/classes/assets/textures/Items/Checkpoints/Checkpoint/Checkpoint%20(Flag%20Idle)%20(64x64).png
19:33:57.547 [FXGL Background Thread 3 ] DEBUG FXGLAssetLoaderServi - Loading from file system: file:/C:/Users/sande/IdeaProjects/Java%20Advanced/ShortburstProject/Short_platformer_game/target/classes/assets/textures/Items/Checkpoints/Checkpoint/Checkpoint%20(No%20Flag).png
19:33:57.550 [FXGL Background Thread 3 ] DEBUG FXGLAssetLoaderServi - Loading from file system: file:/C:/Users/sande/IdeaProjects/Java%20Advanced/ShortburstProject/Short_platformer_game/target/classes/assets/textures/Items/Checkpoints/Start/Start%20(Moving)%20(64x64).png
19:33:57.565 [FXGL Background Thread 3 ] DEBUG GameWorld            - Clearing removable entities
19:33:57.566 [FXGL Background Thread 3 ] DEBUG GameWorld            - Setting level: com.almasb.fxgl.entity.level.Level@20af750
19:33:57.588 [FXGL Background Thread 3 ] DEBUG FXGLAssetLoaderServi - Loading from file system: file:/C:/Users/sande/IdeaProjects/Java%20Advanced/ShortburstProject/Short_platformer_game/target/classes/assets/textures/Virtual%20Guy/Idle%20(32x32).png
19:33:57.610 [FXGL Background Thread 3 ] DEBUG FXGLAssetLoaderServi - Loading from file system: file:/C:/Users/sande/IdeaProjects/Java%20Advanced/ShortburstProject/Short_platformer_game/target/classes/assets/textures/Virtual%20Guy/Run%20(32x32).png
19:33:57.611 [FXGL Background Thread 3 ] DEBUG FXGLAssetLoaderServi - Loading from file system: file:/C:/Users/sande/IdeaProjects/Java%20Advanced/ShortburstProject/Short_platformer_game/target/classes/assets/textures/Virtual%20Guy/Jump%20(32x32).png
19:33:57.613 [FXGL Background Thread 3 ] DEBUG FXGLAssetLoaderServi - Loading from file system: file:/C:/Users/sande/IdeaProjects/Java%20Advanced/ShortburstProject/Short_platformer_game/target/classes/assets/textures/Virtual%20Guy/Double%20Jump%20(32x32).png
19:33:57.614 [FXGL Background Thread 3 ] DEBUG FXGLAssetLoaderServi - Loading from file system: file:/C:/Users/sande/IdeaProjects/Java%20Advanced/ShortburstProject/Short_platformer_game/target/classes/assets/textures/Virtual%20Guy/Fall%20(32x32).png
19:33:57.615 [FXGL Background Thread 3 ] DEBUG FXGLAssetLoaderServi - Loading from file system: file:/C:/Users/sande/IdeaProjects/Java%20Advanced/ShortburstProject/Short_platformer_game/target/classes/assets/textures/Virtual%20Guy/Disappearing%20(32x32).png
19:33:57.616 [FXGL Background Thread 3 ] DEBUG FXGLAssetLoaderServi - Loading from file system: file:/C:/Users/sande/IdeaProjects/Java%20Advanced/ShortburstProject/Short_platformer_game/target/classes/assets/textures/Virtual%20Guy/Appearing%20(32x32).png
19:33:57.617 [FXGL Background Thread 3 ] DEBUG FXGLAssetLoaderServi - Loading from file system: file:/C:/Users/sande/IdeaProjects/Java%20Advanced/ShortburstProject/Short_platformer_game/target/classes/assets/textures/Virtual%20Guy/Hit%20(32x32).png
19:33:57.620 [FXGL Background Thread 3 ] DEBUG FXGLAssetLoaderServi - Loading from file system: file:/C:/Users/sande/IdeaProjects/Java%20Advanced/ShortburstProject/Short_platformer_game/target/classes/assets/textures/Background/Blue.png
19:33:57.623 [FXGL Background Thread 3 ] DEBUG FXGLAssetLoaderServi - Loading from file system: file:/C:/Users/sande/IdeaProjects/Java%20Advanced/ShortburstProject/Short_platformer_game/target/classes/assets/textures/Items/Other/Heart%20(64x64).png
19:33:57.625 [FXGL Background Thread 3 ] DEBUG FXGLAssetLoaderServi - Loading from file system: file:/C:/Users/sande/IdeaProjects/Java%20Advanced/ShortburstProject/Short_platformer_game/target/classes/assets/textures/Items/Fruits/Apple%20(64x64).png
19:33:57.628 [FXGL Background Thread 3 ] INFO  FXGLApplication      - Game initialization took: 0.578 sec
19:33:57.738 [JavaFX Application Thread] DEBUG Input                - Clearing active input actions
19:33:57.755 [JavaFX Application Thread] DEBUG GameApplicationServi - Removing overlay from FXGLLoadingScene and adding to GameScene
19:33:57.756 [JavaFX Application Thread] DEBUG PrimaryStageWindow   - FXGLLoadingScene -> GameScene
19:33:58.754 [FXGL Background Thread 2 ] DEBUG Engine               - Logging environment variables
19:33:58.755 [FXGL Background Thread 2 ] DEBUG Engine               - achievements: []
19:33:58.755 [FXGL Background Thread 2 ] DEBUG Engine               - actualHeight: 640.0
19:33:58.755 [FXGL Background Thread 2 ] DEBUG Engine               - actualHeightProperty: ReadOnlyDoubleProperty [value: 640.0]
19:33:58.756 [FXGL Background Thread 2 ] DEBUG Engine               - actualWidth: 1024.0
19:33:58.756 [FXGL Background Thread 2 ] DEBUG Engine               - actualWidthProperty: ReadOnlyDoubleProperty [value: 1024.0]
19:33:58.756 [FXGL Background Thread 2 ] DEBUG Engine               - appIcon: fxgl_icon.png
19:33:58.756 [FXGL Background Thread 2 ] DEBUG Engine               - applicationMode: RELEASE
19:33:58.756 [FXGL Background Thread 2 ] DEBUG Engine               - cSSList: [fxgl_dark.css]
19:33:58.756 [FXGL Background Thread 2 ] DEBUG Engine               - collisionDetectionStrategy: BRUTE_FORCE
19:33:58.756 [FXGL Background Thread 2 ] DEBUG Engine               - configClass: Optional.empty
19:33:58.756 [FXGL Background Thread 2 ] DEBUG Engine               - credits: []
19:33:58.756 [FXGL Background Thread 2 ] DEBUG Engine               - defaultCursor: CursorInfo(imageName=fxgl_default_cursor.png, hotspotX=7.0, hotspotY=6.0)
19:33:58.756 [FXGL Background Thread 2 ] DEBUG Engine               - devBBoxColorProperty: ObjectProperty [value: 0xff0000ff]
19:33:58.756 [FXGL Background Thread 2 ] DEBUG Engine               - devEnableDebugCameraProperty: BooleanProperty [value: false]
19:33:58.757 [FXGL Background Thread 2 ] DEBUG Engine               - devSensorColorProperty: ObjectProperty [value: 0xffff00ff]
19:33:58.757 [FXGL Background Thread 2 ] DEBUG Engine               - devShowBBoxProperty: BooleanProperty [value: false]
19:33:58.757 [FXGL Background Thread 2 ] DEBUG Engine               - devShowPositionProperty: BooleanProperty [value: false]
19:33:58.757 [FXGL Background Thread 2 ] DEBUG Engine               - enabledMenuItems: []
19:33:58.757 [FXGL Background Thread 2 ] DEBUG Engine               - engineServices: [class com.almasb.fxgl.app.services.FXGLAssetLoaderService, class com.almasb.fxgl.app.FXGLApplication$GameApplicationService, class com.almasb.fxgl.app.services.FXGLDialogService, class com.almasb.fxgl.app.services.IOTaskExecutorService, class com.almasb.fxgl.io.FileSystemService, class com.almasb.fxgl.localization.LocalizationService, class com.almasb.fxgl.app.services.SystemBundleService, class com.almasb.fxgl.profile.SaveLoadService, class com.almasb.fxgl.ui.FXGLUIFactoryServiceProvider, class com.almasb.fxgl.ui.FXGLDialogFactoryServiceProvider, class com.almasb.fxgl.audio.AudioPlayer, class com.almasb.fxgl.notification.impl.NotificationServiceProvider, class com.almasb.fxgl.achievement.AchievementService, class com.almasb.fxgl.cutscene.CutsceneService, class com.almasb.fxgl.minigames.MiniGameService, class com.almasb.fxgl.net.NetService, class com.almasb.fxgl.app.services.UpdaterService, class com.almasb.fxgl.dev.DevService]
19:33:58.757 [FXGL Background Thread 2 ] DEBUG Engine               - fontGame: Abel-Regular.ttf
19:33:58.757 [FXGL Background Thread 2 ] DEBUG Engine               - fontMono: TerminalLandMono-Regular.otf
19:33:58.757 [FXGL Background Thread 2 ] DEBUG Engine               - fontText: Courier-Prime.ttf
19:33:58.757 [FXGL Background Thread 2 ] DEBUG Engine               - fontUI: VarelaRound-Regular.ttf
19:33:58.757 [FXGL Background Thread 2 ] DEBUG Engine               - fullScreen: BooleanProperty [value: false]
19:33:58.757 [FXGL Background Thread 2 ] DEBUG Engine               - gameDifficulty: MEDIUM
19:33:58.757 [FXGL Background Thread 2 ] DEBUG Engine               - gameDifficultyProperty: ObjectProperty [value: MEDIUM]
19:33:58.757 [FXGL Background Thread 2 ] DEBUG Engine               - globalMusicVolume: 0.5
19:33:58.757 [FXGL Background Thread 2 ] DEBUG Engine               - globalMusicVolumeProperty: DoubleProperty [value: 0.5]
19:33:58.758 [FXGL Background Thread 2 ] DEBUG Engine               - globalSoundVolume: 0.5
19:33:58.758 [FXGL Background Thread 2 ] DEBUG Engine               - globalSoundVolumeProperty: DoubleProperty [value: 0.5]
19:33:58.759 [FXGL Background Thread 2 ] DEBUG Engine               - height: 640
19:33:58.759 [FXGL Background Thread 2 ] DEBUG Engine               - is3D: false
19:33:58.759 [FXGL Background Thread 2 ] DEBUG Engine               - isAndroid: false
19:33:58.759 [FXGL Background Thread 2 ] DEBUG Engine               - isBrowser: false
19:33:58.759 [FXGL Background Thread 2 ] DEBUG Engine               - isClickFeedbackEnabled: false
19:33:58.759 [FXGL Background Thread 2 ] DEBUG Engine               - isCloseConfirmation: false
19:33:58.759 [FXGL Background Thread 2 ] DEBUG Engine               - isDesktop: true
19:33:58.759 [FXGL Background Thread 2 ] DEBUG Engine               - isDeveloperMenuEnabled: false
19:33:58.759 [FXGL Background Thread 2 ] DEBUG Engine               - isEmbedded: false
19:33:58.759 [FXGL Background Thread 2 ] DEBUG Engine               - isEntityPreloadEnabled: true
19:33:58.759 [FXGL Background Thread 2 ] DEBUG Engine               - isExperimentalTiledLargeMap: false
19:33:58.759 [FXGL Background Thread 2 ] DEBUG Engine               - isFileSystemWriteAllowed: true
19:33:58.759 [FXGL Background Thread 2 ] DEBUG Engine               - isFullScreenAllowed: false
19:33:58.759 [FXGL Background Thread 2 ] DEBUG Engine               - isFullScreenFromStart: false
19:33:58.759 [FXGL Background Thread 2 ] DEBUG Engine               - isGameMenuEnabled: true
19:33:58.759 [FXGL Background Thread 2 ] DEBUG Engine               - isIOS: false
19:33:58.759 [FXGL Background Thread 2 ] DEBUG Engine               - isIntroEnabled: false
19:33:58.759 [FXGL Background Thread 2 ] DEBUG Engine               - isLinux: false
19:33:58.759 [FXGL Background Thread 2 ] DEBUG Engine               - isMac: false
19:33:58.759 [FXGL Background Thread 2 ] DEBUG Engine               - isMainMenuEnabled: true
19:33:58.759 [FXGL Background Thread 2 ] DEBUG Engine               - isManualResizeEnabled: false
19:33:58.759 [FXGL Background Thread 2 ] DEBUG Engine               - isMobile: false
19:33:58.759 [FXGL Background Thread 2 ] DEBUG Engine               - isNative: false
19:33:58.760 [FXGL Background Thread 2 ] DEBUG Engine               - isPauseMusicWhenMinimized: true
19:33:58.760 [FXGL Background Thread 2 ] DEBUG Engine               - isPreserveResizeRatio: false
19:33:58.760 [FXGL Background Thread 2 ] DEBUG Engine               - isProfilingEnabled: false
19:33:58.760 [FXGL Background Thread 2 ] DEBUG Engine               - isScaleAffectedOnResize: true
19:33:58.760 [FXGL Background Thread 2 ] DEBUG Engine               - isSingleStep: false
19:33:58.760 [FXGL Background Thread 2 ] DEBUG Engine               - isUserProfileEnabled: false
19:33:58.760 [FXGL Background Thread 2 ] DEBUG Engine               - isWindows: true
19:33:58.760 [FXGL Background Thread 2 ] DEBUG Engine               - language: ObjectProperty [value: ENGLISH]
19:33:58.760 [FXGL Background Thread 2 ] DEBUG Engine               - menuKey: ESCAPE
19:33:58.760 [FXGL Background Thread 2 ] DEBUG Engine               - mouseSensitivity: 0.2
19:33:58.760 [FXGL Background Thread 2 ] DEBUG Engine               - notificationViewClass: class com.almasb.fxgl.notification.view.XboxNotificationView
19:33:58.760 [FXGL Background Thread 2 ] DEBUG Engine               - pixelsPerMeter: 50.0
19:33:58.760 [FXGL Background Thread 2 ] DEBUG Engine               - platform: WINDOWS
19:33:58.760 [FXGL Background Thread 2 ] DEBUG Engine               - prefHeightProperty: ReadOnlyDoubleProperty [value: 640.0]
19:33:58.760 [FXGL Background Thread 2 ] DEBUG Engine               - prefWidthProperty: ReadOnlyDoubleProperty [value: 1024.0]
19:33:58.760 [FXGL Background Thread 2 ] DEBUG Engine               - profileDir: profiles/
19:33:58.760 [FXGL Background Thread 2 ] DEBUG Engine               - profileName: StringProperty [value: DEFAULT]
19:33:58.760 [FXGL Background Thread 2 ] DEBUG Engine               - randomSeed: -1
19:33:58.760 [FXGL Background Thread 2 ] DEBUG Engine               - runtimeInfo: RuntimeInfo(platform=WINDOWS, version=17.1, build=24.03.2022 17.34)
19:33:58.760 [FXGL Background Thread 2 ] DEBUG Engine               - saveFileExt: sav
19:33:58.760 [FXGL Background Thread 2 ] DEBUG Engine               - scaledHeightProp$fxgl: DoubleProperty [bound, value: 640.0]
19:33:58.760 [FXGL Background Thread 2 ] DEBUG Engine               - scaledWidthProp$fxgl: DoubleProperty [bound, value: 1024.0]
19:33:58.760 [FXGL Background Thread 2 ] DEBUG Engine               - sceneFactory: com.almasb.fxgl.app.scene.SceneFactory@6a62f5fe
19:33:58.760 [FXGL Background Thread 2 ] DEBUG Engine               - secondsIn24h: 60
19:33:58.760 [FXGL Background Thread 2 ] DEBUG Engine               - soundMenuBack: menu/back.wav
19:33:58.761 [FXGL Background Thread 2 ] DEBUG Engine               - soundMenuPress: menu/press.wav
19:33:58.761 [FXGL Background Thread 2 ] DEBUG Engine               - soundMenuSelect: menu/select.wav
19:33:58.761 [FXGL Background Thread 2 ] DEBUG Engine               - soundNotification: core/notification.wav
19:33:58.761 [FXGL Background Thread 2 ] DEBUG Engine               - stageStyle: DECORATED
19:33:58.761 [FXGL Background Thread 2 ] DEBUG Engine               - supportedLanguages: [ENGLISH, FRENCH, GERMAN, HUNGARIAN, RUSSIAN]
19:33:58.761 [FXGL Background Thread 2 ] DEBUG Engine               - ticksPerSecond: -1
19:33:58.761 [FXGL Background Thread 2 ] DEBUG Engine               - title: Short platformer game
19:33:58.761 [FXGL Background Thread 2 ] DEBUG Engine               - urlGithub: https://github.com/AlmasB/FXGL
19:33:58.761 [FXGL Background Thread 2 ] DEBUG Engine               - urlLeaderboard: http://fxgl-top.herokuapp.com/
19:33:58.761 [FXGL Background Thread 2 ] DEBUG Engine               - urlPOM: https://raw.githubusercontent.com/AlmasB/FXGL/release/README.md
19:33:58.761 [FXGL Background Thread 2 ] DEBUG Engine               - userAppClass: class org.platformer.PlatformerApp
19:33:58.761 [FXGL Background Thread 2 ] DEBUG Engine               - version: 1.0
19:33:58.761 [FXGL Background Thread 2 ] DEBUG Engine               - versionCheckDays: 7
19:33:58.761 [FXGL Background Thread 2 ] DEBUG Engine               - width: 1024
19:33:58.761 [FXGL Background Thread 2 ] DEBUG Engine               - Logging services
19:33:58.761 [FXGL Background Thread 2 ] DEBUG Engine               - class com.almasb.fxgl.app.services.FXGLAssetLoaderService
19:33:58.762 [FXGL Background Thread 2 ] DEBUG Engine               - class com.almasb.fxgl.app.FXGLApplication$GameApplicationService
19:33:58.762 [FXGL Background Thread 2 ] DEBUG Engine               - class com.almasb.fxgl.app.services.FXGLDialogService
19:33:58.762 [FXGL Background Thread 2 ] DEBUG Engine               - class com.almasb.fxgl.app.services.IOTaskExecutorService
19:33:58.762 [FXGL Background Thread 2 ] DEBUG Engine               - class com.almasb.fxgl.io.FileSystemService
19:33:58.762 [FXGL Background Thread 2 ] DEBUG Engine               - class com.almasb.fxgl.localization.LocalizationService
19:33:58.762 [FXGL Background Thread 2 ] DEBUG Engine               - class com.almasb.fxgl.app.services.SystemBundleService
19:33:58.762 [FXGL Background Thread 2 ] DEBUG Engine               - class com.almasb.fxgl.profile.SaveLoadService
19:33:58.762 [FXGL Background Thread 2 ] DEBUG Engine               - class com.almasb.fxgl.ui.FXGLUIFactoryServiceProvider
19:33:58.762 [FXGL Background Thread 2 ] DEBUG Engine               - class com.almasb.fxgl.ui.FXGLDialogFactoryServiceProvider
19:33:58.762 [FXGL Background Thread 2 ] DEBUG Engine               - class com.almasb.fxgl.audio.AudioPlayer
19:33:58.762 [FXGL Background Thread 2 ] DEBUG Engine               - class com.almasb.fxgl.notification.impl.NotificationServiceProvider
19:33:58.762 [FXGL Background Thread 2 ] DEBUG Engine               - class com.almasb.fxgl.achievement.AchievementService
19:33:58.762 [FXGL Background Thread 2 ] DEBUG Engine               - class com.almasb.fxgl.cutscene.CutsceneService
19:33:58.762 [FXGL Background Thread 2 ] DEBUG Engine               - class com.almasb.fxgl.minigames.MiniGameService
19:33:58.762 [FXGL Background Thread 2 ] DEBUG Engine               - class com.almasb.fxgl.net.NetService
19:33:58.762 [FXGL Background Thread 2 ] DEBUG Engine               - class com.almasb.fxgl.app.services.UpdaterService
19:33:58.762 [FXGL Background Thread 2 ] DEBUG Engine               - class com.almasb.fxgl.dev.DevService
19:33:59.395 [JavaFX Application Thread] DEBUG FXGLAssetLoaderServi - Loading from file system: file:/C:/Users/sande/IdeaProjects/Java%20Advanced/ShortburstProject/Short_platformer_game/target/classes/assets/sounds/player/jump.wav
19:34:00.119 [JavaFX Application Thread] DEBUG FXGLAssetLoaderServi - Loading from file system: file:/C:/Users/sande/IdeaProjects/Java%20Advanced/ShortburstProject/Short_platformer_game/target/classes/assets/sounds/items/fruit/fruitget.wav
19:34:02.433 [JavaFX Application Thread] DEBUG FXGLApplication      - Exiting FXGL
19:34:02.433 [JavaFX Application Thread] DEBUG LoopRunner           - Stopping loop
19:34:02.433 [JavaFX Application Thread] DEBUG SystemBundleService  - Saving FXGL system data
19:34:02.436 [JavaFX Application Thread] DEBUG FileSystemAccess     - Writing to: C:\Users\sande\IdeaProjects\Java Advanced\ShortburstProject\Short_platformer_game\system\fxgl.bundle
19:34:02.438 [JavaFX Application Thread] DEBUG Async                - Shutting down background threads
19:34:02.438 [JavaFX Application Thread] DEBUG PrimaryStageWindow   - Closing main window
19:34:02.450 [JavaFX Application Thread] DEBUG Logger               - Closing Logger
