22:57:05.722 [main                     ] DEBUG Logger               - Configured Logger
22:57:05.745 [main                     ] DEBUG GameApplication      - Logging settings
Title: Untitled
Version: 0.0
Width: 800
Height: 608
Fullscreen: false
Intro: false
Profiling: false
Single step:false
App Mode: DEVELOPER
Menu Key: ESCAPE
Stage Style: DECORATED
Scene Factory: class com.almasb.fxgl.app.scene.SceneFactory

22:57:06.038 [JavaFX Application Thread] DEBUG FXGLApplication      - Initializing FXGL
22:57:06.047 [JavaFX Application Thread] INFO  Engine               - FXGL-17.1 (24.03.2022 17.34) on WINDOWS (J:19.0.1 FX:18)
22:57:06.048 [JavaFX Application Thread] DEBUG Engine               - JRE Vendor Name: Oracle Corporation
22:57:06.049 [JavaFX Application Thread] DEBUG Engine               - Running on OS: Windows 10 version 10.0
22:57:06.049 [JavaFX Application Thread] DEBUG Engine               - Architecture: amd64
22:57:06.049 [JavaFX Application Thread] INFO  Engine               - Source code and latest versions at: https://github.com/AlmasB/FXGL
22:57:06.049 [JavaFX Application Thread] INFO  Engine               -       Ask questions and discuss at: https://github.com/AlmasB/FXGL/discussions
22:57:06.049 [JavaFX Application Thread] INFO  Engine               -              Join the FXGL chat at: https://gitter.im/AlmasB/FXGL
22:57:06.135 [JavaFX Application Thread] DEBUG PrimaryStageWindow   - Creating a JavaFX scene
22:57:06.177 [JavaFX Application Thread] DEBUG PrimaryStageWindow   - Target settings size: 800.0 x 608.0
22:57:06.177 [JavaFX Application Thread] DEBUG PrimaryStageWindow   - Scaled scene size:    800.0 x 608.0
22:57:06.177 [JavaFX Application Thread] DEBUG PrimaryStageWindow   - Scaled ratio: (1.0, 1.0)
22:57:06.178 [JavaFX Application Thread] DEBUG PrimaryStageWindow   - Set initial scene to FXGLStartupScene
22:57:06.185 [JavaFX Application Thread] DEBUG PrimaryStageWindow   - Opening main window
22:57:06.297 [JavaFX Application Thread] DEBUG PrimaryStageWindow   - Window border size: (14.4000244140625, 37.5999755859375)
22:57:06.298 [JavaFX Application Thread] DEBUG PrimaryStageWindow   - Scaled size: 800.0 x 608.0
22:57:06.299 [JavaFX Application Thread] DEBUG PrimaryStageWindow   - Scaled ratio: (1.0, 1.0)
22:57:06.299 [JavaFX Application Thread] DEBUG PrimaryStageWindow   - Scene size: 800.0 x 608.0
22:57:06.299 [JavaFX Application Thread] DEBUG PrimaryStageWindow   - Stage size: 814.4000244140625 x 645.5999755859375
22:57:06.311 [FXGL Background Thread 1 ] DEBUG Engine               - Initializing environment variables
22:57:06.368 [FXGL Background Thread 1 ] DEBUG FXGLAssetLoaderServi - User app class for loading assets: class org.platformer.PlatformerApp
22:57:06.368 [FXGL Background Thread 1 ] DEBUG GameApplicationServi - Applying CSS: fxgl_dark.css
22:57:06.369 [FXGL Background Thread 1 ] DEBUG FXGLAssetLoaderServi - Loading from file system: jar:file:///C:/Users/sande/.m2/repository/com/github/almasb/fxgl/17.1/fxgl-17.1.jar!/fxglassets/ui/css/fxgl_dark.css
22:57:06.415 [FXGL Background Thread 1 ] DEBUG GameApplicationServi - Initializing application scenes
22:57:06.445 [FXGL Background Thread 1 ] DEBUG GameWorld            - Game world initialized
22:57:06.521 [FXGL Background Thread 1 ] DEBUG PhysicsWorld         - Physics world initialized: appHeight=608, physics.ppm=50.0
22:57:06.522 [FXGL Background Thread 1 ] DEBUG PhysicsWorld         - Using strategy: BRUTE_FORCE
22:57:06.527 [FXGL Background Thread 1 ] DEBUG GameScene            - Game scene initialized: 800x608
22:57:06.539 [FXGL Background Thread 1 ] DEBUG FXGL.DefaultMenu     - createMenuBodyGameMenu()
22:57:06.550 [FXGL Background Thread 1 ] DEBUG FXGL.DefaultMenu     - createOptionsMenu()
22:57:06.563 [FXGL Background Thread 1 ] DEBUG FXGLAssetLoaderServi - Loading from file system: jar:file:///C:/Users/sande/.m2/repository/com/github/almasb/fxgl/17.1/fxgl-17.1.jar!/fxglassets/textures/particles/smoke.png
22:57:06.665 [FXGL Background Thread 1 ] DEBUG FXGLAssetLoaderServi - Loading from file system: jar:file:///C:/Users/sande/.m2/repository/com/github/almasb/fxgl/17.1/fxgl-17.1.jar!/fxglassets/textures/particles/trace_horizontal.png
22:57:06.726 [FXGL Background Thread 1 ] DEBUG GameApplicationServi - Application scenes initialized
22:57:06.737 [FXGL Background Thread 1 ] DEBUG SystemBundleService  - Loading FXGL system data
22:57:06.744 [FXGL Background Thread 1 ] DEBUG FileSystemAccess     - Reading from: C:\Users\sande\IdeaProjects\Java Advanced\ShortburstProject\Short_platformer_game\system\fxgl.bundle
22:57:06.751 [FXGL Background Thread 1 ] DEBUG SystemBundleService  - Bundle FXGL: {}
22:57:06.751 [FXGL Background Thread 1 ] DEBUG UpdaterService       - Checking for updates
22:57:06.776 [FXGL Background Thread 4 ] DEBUG FXGLApplication      - Loading fonts
22:57:06.776 [FXGL Background Thread 1 ] DEBUG FXGLApplication      - Loading default localization
22:57:06.777 [FXGL Background Thread 4 ] DEBUG FXGLAssetLoaderServi - Loading from file system: jar:file:///C:/Users/sande/.m2/repository/com/github/almasb/fxgl/17.1/fxgl-17.1.jar!/fxglassets/ui/fonts/VarelaRound-Regular.ttf
22:57:06.777 [FXGL Background Thread 1 ] DEBUG FXGLAssetLoaderServi - Loading from file system: jar:file:///C:/Users/sande/.m2/repository/com/github/almasb/fxgl/17.1/fxgl-17.1.jar!/fxglassets/languages/english.lang
22:57:06.796 [FXGL Background Thread 1 ] INFO  FXGLApplication      - FXGL initialization took: 0.484 sec
22:57:06.807 [JavaFX Application Thread] DEBUG Input                - Registered new binding: Left - Left
22:57:06.807 [JavaFX Application Thread] DEBUG Input                - Registered new binding: Right - Right
22:57:06.807 [JavaFX Application Thread] DEBUG Input                - Registered new binding: Jump - Up
22:57:06.807 [JavaFX Application Thread] DEBUG Input                - Registered new binding: Stomp - Down
22:57:06.808 [JavaFX Application Thread] DEBUG FXGLAssetLoaderServi - Loading from file system: jar:file:///C:/Users/sande/.m2/repository/com/github/almasb/fxgl/17.1/fxgl-17.1.jar!/fxglassets/textures/fxgl_icon.png
22:57:06.827 [JavaFX Application Thread] DEBUG FXGLAssetLoaderServi - Loading from file system: jar:file:///C:/Users/sande/.m2/repository/com/github/almasb/fxgl/17.1/fxgl-17.1.jar!/fxglassets/textures/fxgl_default_cursor.png
22:57:06.829 [JavaFX Application Thread] DEBUG Input                - Registered new binding: Screenshot - CTRL+8
22:57:06.830 [JavaFX Application Thread] DEBUG Input                - Registered new binding: Dev Options - 1
22:57:06.830 [JavaFX Application Thread] DEBUG Input                - Registered new binding: Dev Console - 2
22:57:06.830 [JavaFX Application Thread] DEBUG Input                - Registered new binding: System info dump - CTRL+9
22:57:06.831 [JavaFX Application Thread] DEBUG Input                - Registered new binding: Restart - CTRL+R
22:57:06.831 [JavaFX Application Thread] DEBUG Input                - Registered new binding: Toggle Debug Camera - CTRL+7
22:57:06.834 [JavaFX Application Thread] DEBUG LoopRunner           - Starting loop
22:57:06.862 [JavaFX Application Thread] DEBUG LoopRunner           - Initializing JavaFX AnimationTimerLoop
22:57:06.863 [JavaFX Application Thread] DEBUG GameApplicationServi - Starting new game
22:57:06.864 [FXGL Background Thread 4 ] DEBUG FXGLAssetLoaderServi - Loading from file system: jar:file:///C:/Users/sande/.m2/repository/com/github/almasb/fxgl/17.1/fxgl-17.1.jar!/fxglassets/ui/fonts/Abel-Regular.ttf
22:57:06.864 [JavaFX Application Thread] DEBUG Input                - Clearing active input actions
22:57:06.874 [JavaFX Application Thread] DEBUG GameApplicationServi - Removing overlay from FXGLStartupScene and adding to FXGLLoadingScene
22:57:06.877 [JavaFX Application Thread] DEBUG PrimaryStageWindow   - FXGLStartupScene -> FXGLLoadingScene
22:57:06.877 [JavaFX Application Thread] DEBUG GameApplicationServi - Clearing previous game
22:57:06.878 [JavaFX Application Thread] DEBUG GameScene            - Clearing game scene
22:57:06.878 [JavaFX Application Thread] DEBUG GameWorld            - Clearing game world
22:57:06.878 [JavaFX Application Thread] DEBUG PhysicsWorld         - Clearing physics world
22:57:06.879 [FXGL Background Thread 1 ] DEBUG FXGLApplication      - Initializing game
22:57:06.899 [FXGL Background Thread 4 ] DEBUG FXGLAssetLoaderServi - Loading from file system: jar:file:///C:/Users/sande/.m2/repository/com/github/almasb/fxgl/17.1/fxgl-17.1.jar!/fxglassets/ui/fonts/TerminalLandMono-Regular.otf
22:57:06.909 [FXGL Background Thread 4 ] DEBUG FXGLAssetLoaderServi - Loading from file system: jar:file:///C:/Users/sande/.m2/repository/com/github/almasb/fxgl/17.1/fxgl-17.1.jar!/fxglassets/ui/fonts/Courier-Prime.ttf
22:57:06.974 [FXGL Background Thread 1 ] DEBUG TMXLevelLoader       - Parsed TiledMap: file:/C:/Users/sande/IdeaProjects/Java%20Advanced/ShortburstProject/Short_platformer_game/target/classes/assets/levels/tmx/platformer.tmx
22:57:06.975 [FXGL Background Thread 1 ] DEBUG TMXLevelLoader       - Creating tile layer entities
22:57:06.977 [FXGL Background Thread 1 ] DEBUG TilesetLoader        - Loading view for layer Tile Layer 1
22:57:06.977 [FXGL Background Thread 1 ] DEBUG TilesetLoader        - Created buffer with size 800.0x608.0
22:57:06.993 [FXGL Background Thread 1 ] DEBUG TMXLevelLoader       - Creating object layer entities
22:57:07.019 [FXGL Background Thread 1 ] DEBUG GameWorld            - Clearing removable entities
22:57:07.020 [FXGL Background Thread 1 ] DEBUG GameWorld            - Setting level: com.almasb.fxgl.entity.level.Level@3c0733d1
22:57:07.041 [FXGL Background Thread 1 ] DEBUG FXGLAssetLoaderServi - Loading from file system: file:/C:/Users/sande/IdeaProjects/Java%20Advanced/ShortburstProject/Short_platformer_game/target/classes/assets/textures/Virtual%20Guy/Idle%20(32x32).png
22:57:07.050 [FXGL Background Thread 1 ] DEBUG FXGLAssetLoaderServi - Loading from file system: file:/C:/Users/sande/IdeaProjects/Java%20Advanced/ShortburstProject/Short_platformer_game/target/classes/assets/textures/Virtual%20Guy/Run%20(32x32).png
22:57:07.053 [FXGL Background Thread 1 ] DEBUG FXGLAssetLoaderServi - Loading from file system: file:/C:/Users/sande/IdeaProjects/Java%20Advanced/ShortburstProject/Short_platformer_game/target/classes/assets/textures/Virtual%20Guy/Jump%20(32x32).png
22:57:07.055 [FXGL Background Thread 1 ] DEBUG FXGLAssetLoaderServi - Loading from file system: file:/C:/Users/sande/IdeaProjects/Java%20Advanced/ShortburstProject/Short_platformer_game/target/classes/assets/textures/Virtual%20Guy/Double%20Jump%20(32x32).png
22:57:07.056 [FXGL Background Thread 1 ] DEBUG FXGLAssetLoaderServi - Loading from file system: file:/C:/Users/sande/IdeaProjects/Java%20Advanced/ShortburstProject/Short_platformer_game/target/classes/assets/textures/Virtual%20Guy/Fall%20(32x32).png
22:57:07.065 [FXGL Background Thread 1 ] INFO  FXGLApplication      - Game initialization took: 0.185 sec
22:57:07.145 [JavaFX Application Thread] DEBUG FXGLApplication      - Registering font factories with UI factory
22:57:07.154 [JavaFX Application Thread] DEBUG Input                - Clearing active input actions
22:57:07.161 [FXGL Background Thread 2 ] INFO  UpdaterService       - Your current version:  17.1
22:57:07.161 [FXGL Background Thread 2 ] INFO  UpdaterService       - Latest stable version: 17.2
22:57:07.168 [JavaFX Application Thread] DEBUG GameApplicationServi - Removing overlay from FXGLLoadingScene and adding to GameScene
22:57:07.173 [JavaFX Application Thread] DEBUG PrimaryStageWindow   - FXGLLoadingScene -> GameScene
22:57:09.776 [FXGL Background Thread 3 ] DEBUG Engine               - Logging environment variables
22:57:09.778 [FXGL Background Thread 3 ] DEBUG Engine               - achievements: []
22:57:09.778 [FXGL Background Thread 3 ] DEBUG Engine               - actualHeight: 608.0
22:57:09.778 [FXGL Background Thread 3 ] DEBUG Engine               - actualHeightProperty: ReadOnlyDoubleProperty [value: 608.0]
22:57:09.778 [FXGL Background Thread 3 ] DEBUG Engine               - actualWidth: 800.0
22:57:09.778 [FXGL Background Thread 3 ] DEBUG Engine               - actualWidthProperty: ReadOnlyDoubleProperty [value: 800.0]
22:57:09.779 [FXGL Background Thread 3 ] DEBUG Engine               - appIcon: fxgl_icon.png
22:57:09.779 [FXGL Background Thread 3 ] DEBUG Engine               - applicationMode: DEVELOPER
22:57:09.779 [FXGL Background Thread 3 ] DEBUG Engine               - cSSList: [fxgl_dark.css]
22:57:09.779 [FXGL Background Thread 3 ] DEBUG Engine               - collisionDetectionStrategy: BRUTE_FORCE
22:57:09.779 [FXGL Background Thread 3 ] DEBUG Engine               - configClass: Optional.empty
22:57:09.779 [FXGL Background Thread 3 ] DEBUG Engine               - credits: []
22:57:09.780 [FXGL Background Thread 3 ] DEBUG Engine               - defaultCursor: CursorInfo(imageName=fxgl_default_cursor.png, hotspotX=7.0, hotspotY=6.0)
22:57:09.781 [FXGL Background Thread 3 ] DEBUG Engine               - devBBoxColorProperty: ObjectProperty [value: 0xff0000ff]
22:57:09.781 [FXGL Background Thread 3 ] DEBUG Engine               - devEnableDebugCameraProperty: BooleanProperty [value: false]
22:57:09.781 [FXGL Background Thread 3 ] DEBUG Engine               - devSensorColorProperty: ObjectProperty [value: 0xffff00ff]
22:57:09.782 [FXGL Background Thread 3 ] DEBUG Engine               - devShowBBoxProperty: BooleanProperty [value: false]
22:57:09.782 [FXGL Background Thread 3 ] DEBUG Engine               - devShowPositionProperty: BooleanProperty [value: false]
22:57:09.782 [FXGL Background Thread 3 ] DEBUG Engine               - enabledMenuItems: []
22:57:09.782 [FXGL Background Thread 3 ] DEBUG Engine               - engineServices: [class com.almasb.fxgl.app.services.FXGLAssetLoaderService, class com.almasb.fxgl.app.FXGLApplication$GameApplicationService, class com.almasb.fxgl.app.services.FXGLDialogService, class com.almasb.fxgl.app.services.IOTaskExecutorService, class com.almasb.fxgl.io.FileSystemService, class com.almasb.fxgl.localization.LocalizationService, class com.almasb.fxgl.app.services.SystemBundleService, class com.almasb.fxgl.profile.SaveLoadService, class com.almasb.fxgl.ui.FXGLUIFactoryServiceProvider, class com.almasb.fxgl.ui.FXGLDialogFactoryServiceProvider, class com.almasb.fxgl.audio.AudioPlayer, class com.almasb.fxgl.notification.impl.NotificationServiceProvider, class com.almasb.fxgl.achievement.AchievementService, class com.almasb.fxgl.cutscene.CutsceneService, class com.almasb.fxgl.minigames.MiniGameService, class com.almasb.fxgl.net.NetService, class com.almasb.fxgl.app.services.UpdaterService, class com.almasb.fxgl.dev.DevService]
22:57:09.782 [FXGL Background Thread 3 ] DEBUG Engine               - fontGame: Abel-Regular.ttf
22:57:09.783 [FXGL Background Thread 3 ] DEBUG Engine               - fontMono: TerminalLandMono-Regular.otf
22:57:09.783 [FXGL Background Thread 3 ] DEBUG Engine               - fontText: Courier-Prime.ttf
22:57:09.783 [FXGL Background Thread 3 ] DEBUG Engine               - fontUI: VarelaRound-Regular.ttf
22:57:09.783 [FXGL Background Thread 3 ] DEBUG Engine               - fullScreen: BooleanProperty [value: false]
22:57:09.783 [FXGL Background Thread 3 ] DEBUG Engine               - gameDifficulty: MEDIUM
22:57:09.784 [FXGL Background Thread 3 ] DEBUG Engine               - gameDifficultyProperty: ObjectProperty [value: MEDIUM]
22:57:09.784 [FXGL Background Thread 3 ] DEBUG Engine               - globalMusicVolume: 0.5
22:57:09.784 [FXGL Background Thread 3 ] DEBUG Engine               - globalMusicVolumeProperty: DoubleProperty [value: 0.5]
22:57:09.785 [FXGL Background Thread 3 ] DEBUG Engine               - globalSoundVolume: 0.5
22:57:09.785 [FXGL Background Thread 3 ] DEBUG Engine               - globalSoundVolumeProperty: DoubleProperty [value: 0.5]
22:57:09.785 [FXGL Background Thread 3 ] DEBUG Engine               - height: 608
22:57:09.785 [FXGL Background Thread 3 ] DEBUG Engine               - is3D: false
22:57:09.785 [FXGL Background Thread 3 ] DEBUG Engine               - isAndroid: false
22:57:09.785 [FXGL Background Thread 3 ] DEBUG Engine               - isBrowser: false
22:57:09.786 [FXGL Background Thread 3 ] DEBUG Engine               - isClickFeedbackEnabled: false
22:57:09.786 [FXGL Background Thread 3 ] DEBUG Engine               - isCloseConfirmation: false
22:57:09.786 [FXGL Background Thread 3 ] DEBUG Engine               - isDesktop: true
22:57:09.786 [FXGL Background Thread 3 ] DEBUG Engine               - isDeveloperMenuEnabled: true
22:57:09.786 [FXGL Background Thread 3 ] DEBUG Engine               - isEmbedded: false
22:57:09.787 [FXGL Background Thread 3 ] DEBUG Engine               - isEntityPreloadEnabled: true
22:57:09.787 [FXGL Background Thread 3 ] DEBUG Engine               - isExperimentalTiledLargeMap: false
22:57:09.787 [FXGL Background Thread 3 ] DEBUG Engine               - isFileSystemWriteAllowed: true
22:57:09.787 [FXGL Background Thread 3 ] DEBUG Engine               - isFullScreenAllowed: false
22:57:09.787 [FXGL Background Thread 3 ] DEBUG Engine               - isFullScreenFromStart: false
22:57:09.787 [FXGL Background Thread 3 ] DEBUG Engine               - isGameMenuEnabled: true
22:57:09.788 [FXGL Background Thread 3 ] DEBUG Engine               - isIOS: false
22:57:09.788 [FXGL Background Thread 3 ] DEBUG Engine               - isIntroEnabled: false
22:57:09.788 [FXGL Background Thread 3 ] DEBUG Engine               - isLinux: false
22:57:09.788 [FXGL Background Thread 3 ] DEBUG Engine               - isMac: false
22:57:09.788 [FXGL Background Thread 3 ] DEBUG Engine               - isMainMenuEnabled: false
22:57:09.788 [FXGL Background Thread 3 ] DEBUG Engine               - isManualResizeEnabled: false
22:57:09.789 [FXGL Background Thread 3 ] DEBUG Engine               - isMobile: false
22:57:09.789 [FXGL Background Thread 3 ] DEBUG Engine               - isNative: false
22:57:09.789 [FXGL Background Thread 3 ] DEBUG Engine               - isPauseMusicWhenMinimized: true
22:57:09.789 [FXGL Background Thread 3 ] DEBUG Engine               - isPreserveResizeRatio: false
22:57:09.789 [FXGL Background Thread 3 ] DEBUG Engine               - isProfilingEnabled: false
22:57:09.789 [FXGL Background Thread 3 ] DEBUG Engine               - isScaleAffectedOnResize: true
22:57:09.790 [FXGL Background Thread 3 ] DEBUG Engine               - isSingleStep: false
22:57:09.790 [FXGL Background Thread 3 ] DEBUG Engine               - isUserProfileEnabled: false
22:57:09.790 [FXGL Background Thread 3 ] DEBUG Engine               - isWindows: true
22:57:09.790 [FXGL Background Thread 3 ] DEBUG Engine               - language: ObjectProperty [value: ENGLISH]
22:57:09.790 [FXGL Background Thread 3 ] DEBUG Engine               - menuKey: ESCAPE
22:57:09.790 [FXGL Background Thread 3 ] DEBUG Engine               - mouseSensitivity: 0.2
22:57:09.791 [FXGL Background Thread 3 ] DEBUG Engine               - notificationViewClass: class com.almasb.fxgl.notification.view.XboxNotificationView
22:57:09.791 [FXGL Background Thread 3 ] DEBUG Engine               - pixelsPerMeter: 50.0
22:57:09.791 [FXGL Background Thread 3 ] DEBUG Engine               - platform: WINDOWS
22:57:09.791 [FXGL Background Thread 3 ] DEBUG Engine               - prefHeightProperty: ReadOnlyDoubleProperty [value: 608.0]
22:57:09.791 [FXGL Background Thread 3 ] DEBUG Engine               - prefWidthProperty: ReadOnlyDoubleProperty [value: 800.0]
22:57:09.792 [FXGL Background Thread 3 ] DEBUG Engine               - profileDir: profiles/
22:57:09.792 [FXGL Background Thread 3 ] DEBUG Engine               - profileName: StringProperty [value: DEFAULT]
22:57:09.792 [FXGL Background Thread 3 ] DEBUG Engine               - randomSeed: -1
22:57:09.793 [FXGL Background Thread 3 ] DEBUG Engine               - runtimeInfo: RuntimeInfo(platform=WINDOWS, version=17.1, build=24.03.2022 17.34)
22:57:09.793 [FXGL Background Thread 3 ] DEBUG Engine               - saveFileExt: sav
22:57:09.793 [FXGL Background Thread 3 ] DEBUG Engine               - scaledHeightProp$fxgl: DoubleProperty [bound, value: 608.0]
22:57:09.793 [FXGL Background Thread 3 ] DEBUG Engine               - scaledWidthProp$fxgl: DoubleProperty [bound, value: 800.0]
22:57:09.793 [FXGL Background Thread 3 ] DEBUG Engine               - sceneFactory: com.almasb.fxgl.app.scene.SceneFactory@6b5fa830
22:57:09.793 [FXGL Background Thread 3 ] DEBUG Engine               - secondsIn24h: 60
22:57:09.794 [FXGL Background Thread 3 ] DEBUG Engine               - soundMenuBack: menu/back.wav
22:57:09.794 [FXGL Background Thread 3 ] DEBUG Engine               - soundMenuPress: menu/press.wav
22:57:09.794 [FXGL Background Thread 3 ] DEBUG Engine               - soundMenuSelect: menu/select.wav
22:57:09.794 [FXGL Background Thread 3 ] DEBUG Engine               - soundNotification: core/notification.wav
22:57:09.794 [FXGL Background Thread 3 ] DEBUG Engine               - stageStyle: DECORATED
22:57:09.794 [FXGL Background Thread 3 ] DEBUG Engine               - supportedLanguages: [ENGLISH, FRENCH, GERMAN, HUNGARIAN, RUSSIAN]
22:57:09.794 [FXGL Background Thread 3 ] DEBUG Engine               - ticksPerSecond: -1
22:57:09.794 [FXGL Background Thread 3 ] DEBUG Engine               - title: Untitled
22:57:09.795 [FXGL Background Thread 3 ] DEBUG Engine               - urlGithub: https://github.com/AlmasB/FXGL
22:57:09.795 [FXGL Background Thread 3 ] DEBUG Engine               - urlLeaderboard: http://fxgl-top.herokuapp.com/
22:57:09.795 [FXGL Background Thread 3 ] DEBUG Engine               - urlPOM: https://raw.githubusercontent.com/AlmasB/FXGL/release/README.md
22:57:09.795 [FXGL Background Thread 3 ] DEBUG Engine               - userAppClass: class org.platformer.PlatformerApp
22:57:09.795 [FXGL Background Thread 3 ] DEBUG Engine               - version: 0.0
22:57:09.795 [FXGL Background Thread 3 ] DEBUG Engine               - versionCheckDays: 7
22:57:09.795 [FXGL Background Thread 3 ] DEBUG Engine               - width: 800
22:57:09.795 [FXGL Background Thread 3 ] DEBUG Engine               - Logging services
22:57:09.795 [FXGL Background Thread 3 ] DEBUG Engine               - class com.almasb.fxgl.app.services.FXGLAssetLoaderService
22:57:09.795 [FXGL Background Thread 3 ] DEBUG Engine               - class com.almasb.fxgl.app.FXGLApplication$GameApplicationService
22:57:09.796 [FXGL Background Thread 3 ] DEBUG Engine               - class com.almasb.fxgl.app.services.FXGLDialogService
22:57:09.796 [FXGL Background Thread 3 ] DEBUG Engine               - class com.almasb.fxgl.app.services.IOTaskExecutorService
22:57:09.796 [FXGL Background Thread 3 ] DEBUG Engine               - class com.almasb.fxgl.io.FileSystemService
22:57:09.796 [FXGL Background Thread 3 ] DEBUG Engine               - class com.almasb.fxgl.localization.LocalizationService
22:57:09.796 [FXGL Background Thread 3 ] DEBUG Engine               - class com.almasb.fxgl.app.services.SystemBundleService
22:57:09.796 [FXGL Background Thread 3 ] DEBUG Engine               - class com.almasb.fxgl.profile.SaveLoadService
22:57:09.796 [FXGL Background Thread 3 ] DEBUG Engine               - class com.almasb.fxgl.ui.FXGLUIFactoryServiceProvider
22:57:09.796 [FXGL Background Thread 3 ] DEBUG Engine               - class com.almasb.fxgl.ui.FXGLDialogFactoryServiceProvider
22:57:09.797 [FXGL Background Thread 3 ] DEBUG Engine               - class com.almasb.fxgl.audio.AudioPlayer
22:57:09.797 [FXGL Background Thread 3 ] DEBUG Engine               - class com.almasb.fxgl.notification.impl.NotificationServiceProvider
22:57:09.797 [FXGL Background Thread 3 ] DEBUG Engine               - class com.almasb.fxgl.achievement.AchievementService
22:57:09.797 [FXGL Background Thread 3 ] DEBUG Engine               - class com.almasb.fxgl.cutscene.CutsceneService
22:57:09.797 [FXGL Background Thread 3 ] DEBUG Engine               - class com.almasb.fxgl.minigames.MiniGameService
22:57:09.797 [FXGL Background Thread 3 ] DEBUG Engine               - class com.almasb.fxgl.net.NetService
22:57:09.798 [FXGL Background Thread 3 ] DEBUG Engine               - class com.almasb.fxgl.app.services.UpdaterService
22:57:09.798 [FXGL Background Thread 3 ] DEBUG Engine               - class com.almasb.fxgl.dev.DevService
22:57:24.097 [JavaFX Application Thread] DEBUG FXGLApplication      - Exiting FXGL
22:57:24.097 [JavaFX Application Thread] DEBUG LoopRunner           - Stopping loop
22:57:24.097 [JavaFX Application Thread] DEBUG SystemBundleService  - Saving FXGL system data
22:57:24.102 [JavaFX Application Thread] DEBUG FileSystemAccess     - Writing to: C:\Users\sande\IdeaProjects\Java Advanced\ShortburstProject\Short_platformer_game\system\fxgl.bundle
22:57:24.106 [JavaFX Application Thread] DEBUG Async                - Shutting down background threads
22:57:24.106 [JavaFX Application Thread] DEBUG PrimaryStageWindow   - Closing main window
22:57:24.141 [JavaFX Application Thread] DEBUG Logger               - Closing Logger
