01:44:46.725 [main                     ] DEBUG Logger               - Configured Logger
01:44:46.750 [main                     ] DEBUG GameApplication      - Logging settings
Title: Short platformer game
Version: 0.1
Width: 1024
Height: 640
Fullscreen: false
Intro: false
Profiling: false
Single step:false
App Mode: DEVELOPER
Menu Key: ESCAPE
Stage Style: DECORATED
Scene Factory: class com.almasb.fxgl.app.scene.SceneFactory

01:44:47.075 [JavaFX Application Thread] DEBUG FXGLApplication      - Initializing FXGL
01:44:47.081 [JavaFX Application Thread] INFO  Engine               - FXGL-17.1 (24.03.2022 17.34) on WINDOWS (J:19.0.1 FX:18)
01:44:47.081 [JavaFX Application Thread] DEBUG Engine               - JRE Vendor Name: Oracle Corporation
01:44:47.082 [JavaFX Application Thread] DEBUG Engine               - Running on OS: Windows 10 version 10.0
01:44:47.082 [JavaFX Application Thread] DEBUG Engine               - Architecture: amd64
01:44:47.082 [JavaFX Application Thread] INFO  Engine               - Source code and latest versions at: https://github.com/AlmasB/FXGL
01:44:47.082 [JavaFX Application Thread] INFO  Engine               -       Ask questions and discuss at: https://github.com/AlmasB/FXGL/discussions
01:44:47.082 [JavaFX Application Thread] INFO  Engine               -              Join the FXGL chat at: https://gitter.im/AlmasB/FXGL
01:44:47.212 [JavaFX Application Thread] DEBUG PrimaryStageWindow   - Creating a JavaFX scene
01:44:47.256 [JavaFX Application Thread] DEBUG PrimaryStageWindow   - Target settings size: 1024.0 x 640.0
01:44:47.256 [JavaFX Application Thread] DEBUG PrimaryStageWindow   - Scaled scene size:    1024.0 x 640.0
01:44:47.256 [JavaFX Application Thread] DEBUG PrimaryStageWindow   - Scaled ratio: (1.0, 1.0)
01:44:47.257 [JavaFX Application Thread] DEBUG PrimaryStageWindow   - Set initial scene to FXGLStartupScene
01:44:47.262 [JavaFX Application Thread] DEBUG PrimaryStageWindow   - Opening main window
01:44:47.345 [JavaFX Application Thread] DEBUG PrimaryStageWindow   - Window border size: (14.4000244140625, 37.5999755859375)
01:44:47.345 [JavaFX Application Thread] DEBUG PrimaryStageWindow   - Scaled size: 1024.0 x 640.0
01:44:47.345 [JavaFX Application Thread] DEBUG PrimaryStageWindow   - Scaled ratio: (1.0, 1.0)
01:44:47.346 [JavaFX Application Thread] DEBUG PrimaryStageWindow   - Scene size: 1024.0 x 640.0
01:44:47.346 [JavaFX Application Thread] DEBUG PrimaryStageWindow   - Stage size: 1038.4000244140625 x 677.5999755859375
01:44:47.354 [FXGL Background Thread 1 ] DEBUG Engine               - Initializing environment variables
01:44:47.412 [FXGL Background Thread 1 ] DEBUG FXGLAssetLoaderServi - User app class for loading assets: class org.platformer.PlatformerApp
01:44:47.412 [FXGL Background Thread 1 ] DEBUG GameApplicationServi - Applying CSS: fxgl_dark.css
01:44:47.414 [FXGL Background Thread 1 ] DEBUG FXGLAssetLoaderServi - Loading from file system: jar:file:///C:/Users/sande/.m2/repository/com/github/almasb/fxgl/17.1/fxgl-17.1.jar!/fxglassets/ui/css/fxgl_dark.css
01:44:47.457 [FXGL Background Thread 1 ] DEBUG GameApplicationServi - Initializing application scenes
01:44:47.493 [FXGL Background Thread 1 ] DEBUG GameWorld            - Game world initialized
01:44:47.562 [FXGL Background Thread 1 ] DEBUG PhysicsWorld         - Physics world initialized: appHeight=640, physics.ppm=50.0
01:44:47.563 [FXGL Background Thread 1 ] DEBUG PhysicsWorld         - Using strategy: BRUTE_FORCE
01:44:47.567 [FXGL Background Thread 1 ] DEBUG GameScene            - Game scene initialized: 1024x640
01:44:47.581 [FXGL Background Thread 1 ] DEBUG FXGL.DefaultMenu     - createMenuBodyGameMenu()
01:44:47.595 [FXGL Background Thread 1 ] DEBUG FXGL.DefaultMenu     - createOptionsMenu()
01:44:47.605 [FXGL Background Thread 1 ] DEBUG FXGLAssetLoaderServi - Loading from file system: jar:file:///C:/Users/sande/.m2/repository/com/github/almasb/fxgl/17.1/fxgl-17.1.jar!/fxglassets/textures/particles/smoke.png
01:44:47.703 [FXGL Background Thread 1 ] DEBUG FXGLAssetLoaderServi - Loading from file system: jar:file:///C:/Users/sande/.m2/repository/com/github/almasb/fxgl/17.1/fxgl-17.1.jar!/fxglassets/textures/particles/trace_horizontal.png
01:44:47.743 [FXGL Background Thread 1 ] DEBUG GameApplicationServi - Application scenes initialized
01:44:47.756 [FXGL Background Thread 1 ] DEBUG SystemBundleService  - Loading FXGL system data
01:44:47.761 [FXGL Background Thread 1 ] DEBUG FileSystemAccess     - Reading from: C:\Users\sande\IdeaProjects\Java Advanced\ShortburstProject\Short_platformer_game\system\fxgl.bundle
01:44:47.771 [FXGL Background Thread 1 ] DEBUG SystemBundleService  - Bundle FXGL: {}
01:44:47.771 [FXGL Background Thread 1 ] DEBUG UpdaterService       - Checking for updates
01:44:47.797 [FXGL Background Thread 1 ] DEBUG FXGLApplication      - Loading default localization
01:44:47.798 [FXGL Background Thread 4 ] DEBUG FXGLAssetLoaderServi - Loading from file system: jar:file:///C:/Users/sande/.m2/repository/com/github/almasb/fxgl/17.1/fxgl-17.1.jar!/fxglassets/ui/fonts/VarelaRound-Regular.ttf
01:44:47.798 [FXGL Background Thread 1 ] DEBUG FXGLAssetLoaderServi - Loading from file system: jar:file:///C:/Users/sande/.m2/repository/com/github/almasb/fxgl/17.1/fxgl-17.1.jar!/fxglassets/languages/english.lang
01:44:47.819 [FXGL Background Thread 1 ] INFO  FXGLApplication      - FXGL initialization took: 0.465 sec
01:44:47.831 [JavaFX Application Thread] DEBUG Input                - Registered new binding: Left - Left
01:44:47.831 [JavaFX Application Thread] DEBUG Input                - Registered new binding: Right - Right
01:44:47.831 [JavaFX Application Thread] DEBUG Input                - Registered new binding: Jump - Up
01:44:47.831 [JavaFX Application Thread] DEBUG Input                - Registered new binding: Stomp - Down
01:44:47.831 [JavaFX Application Thread] DEBUG Input                - Registered new binding: Shoot - Z
01:44:47.832 [JavaFX Application Thread] DEBUG Input                - Registered new binding: getCoordinates - C
01:44:47.832 [JavaFX Application Thread] DEBUG FXGLAssetLoaderServi - Loading from file system: jar:file:///C:/Users/sande/.m2/repository/com/github/almasb/fxgl/17.1/fxgl-17.1.jar!/fxglassets/textures/fxgl_icon.png
01:44:47.853 [JavaFX Application Thread] DEBUG FXGLAssetLoaderServi - Loading from file system: jar:file:///C:/Users/sande/.m2/repository/com/github/almasb/fxgl/17.1/fxgl-17.1.jar!/fxglassets/textures/fxgl_default_cursor.png
01:44:47.855 [JavaFX Application Thread] DEBUG Input                - Registered new binding: Screenshot - CTRL+8
01:44:47.855 [JavaFX Application Thread] DEBUG Input                - Registered new binding: Dev Options - 1
01:44:47.856 [JavaFX Application Thread] DEBUG Input                - Registered new binding: Dev Console - 2
01:44:47.856 [JavaFX Application Thread] DEBUG Input                - Registered new binding: System info dump - CTRL+9
01:44:47.857 [JavaFX Application Thread] DEBUG Input                - Registered new binding: Restart - CTRL+R
01:44:47.857 [JavaFX Application Thread] DEBUG Input                - Registered new binding: Toggle Debug Camera - CTRL+7
01:44:47.860 [JavaFX Application Thread] DEBUG LoopRunner           - Starting loop
01:44:47.875 [FXGL Background Thread 4 ] DEBUG FXGLAssetLoaderServi - Loading from file system: jar:file:///C:/Users/sande/.m2/repository/com/github/almasb/fxgl/17.1/fxgl-17.1.jar!/fxglassets/ui/fonts/Abel-Regular.ttf
01:44:47.879 [JavaFX Application Thread] DEBUG LoopRunner           - Initializing JavaFX AnimationTimerLoop
01:44:47.880 [JavaFX Application Thread] DEBUG GameApplicationServi - Starting new game
01:44:47.881 [JavaFX Application Thread] DEBUG Input                - Clearing active input actions
01:44:47.890 [FXGL Background Thread 4 ] DEBUG FXGLAssetLoaderServi - Loading from file system: jar:file:///C:/Users/sande/.m2/repository/com/github/almasb/fxgl/17.1/fxgl-17.1.jar!/fxglassets/ui/fonts/TerminalLandMono-Regular.otf
01:44:47.891 [JavaFX Application Thread] DEBUG GameApplicationServi - Removing overlay from FXGLStartupScene and adding to FXGLLoadingScene
01:44:47.894 [JavaFX Application Thread] DEBUG PrimaryStageWindow   - FXGLStartupScene -> FXGLLoadingScene
01:44:47.894 [JavaFX Application Thread] DEBUG GameApplicationServi - Clearing previous game
01:44:47.894 [JavaFX Application Thread] DEBUG GameScene            - Clearing game scene
01:44:47.894 [JavaFX Application Thread] DEBUG GameWorld            - Clearing game world
01:44:47.894 [JavaFX Application Thread] DEBUG PhysicsWorld         - Clearing physics world
01:44:47.896 [FXGL Background Thread 1 ] DEBUG FXGLApplication      - Initializing game
01:44:47.901 [FXGL Background Thread 4 ] DEBUG FXGLAssetLoaderServi - Loading from file system: jar:file:///C:/Users/sande/.m2/repository/com/github/almasb/fxgl/17.1/fxgl-17.1.jar!/fxglassets/ui/fonts/Courier-Prime.ttf
01:44:47.956 [FXGL Background Thread 1 ] DEBUG TMXLevelLoader       - Parsed TiledMap: file:/C:/Users/sande/IdeaProjects/Java%20Advanced/ShortburstProject/Short_platformer_game/target/classes/assets/levels/tmx/platformer.tmx
01:44:47.957 [FXGL Background Thread 1 ] DEBUG TMXLevelLoader       - Creating tile layer entities
01:44:47.959 [FXGL Background Thread 1 ] DEBUG TilesetLoader        - Loading view for layer Tile Layer 1
01:44:47.960 [FXGL Background Thread 1 ] DEBUG TilesetLoader        - Created buffer with size 1024.0x640.0
01:44:47.974 [FXGL Background Thread 1 ] DEBUG TMXLevelLoader       - Creating object layer entities
01:44:47.995 [FXGL Background Thread 1 ] DEBUG FXGLAssetLoaderServi - Loading from file system: file:/C:/Users/sande/IdeaProjects/Java%20Advanced/ShortburstProject/Short_platformer_game/target/classes/assets/textures/Items/Checkpoints/End/End%20(Idle).png
01:44:48.000 [FXGL Background Thread 1 ] DEBUG FXGLAssetLoaderServi - Loading from file system: file:/C:/Users/sande/IdeaProjects/Java%20Advanced/ShortburstProject/Short_platformer_game/target/classes/assets/textures/Items/Boxes/Box1/Idle.png
01:44:48.030 [FXGL Background Thread 1 ] DEBUG GameWorld            - Clearing removable entities
01:44:48.031 [FXGL Background Thread 1 ] DEBUG GameWorld            - Setting level: com.almasb.fxgl.entity.level.Level@638eccbb
01:44:48.039 [FXGL Background Thread 1 ] DEBUG FXGLAssetLoaderServi - Loading from file system: file:/C:/Users/sande/IdeaProjects/Java%20Advanced/ShortburstProject/Short_platformer_game/target/classes/assets/textures/Virtual%20Guy/Idle%20(32x32).png
01:44:48.042 [FXGL Background Thread 1 ] DEBUG FXGLAssetLoaderServi - Loading from file system: file:/C:/Users/sande/IdeaProjects/Java%20Advanced/ShortburstProject/Short_platformer_game/target/classes/assets/textures/Virtual%20Guy/Run%20(32x32).png
01:44:48.044 [FXGL Background Thread 1 ] DEBUG FXGLAssetLoaderServi - Loading from file system: file:/C:/Users/sande/IdeaProjects/Java%20Advanced/ShortburstProject/Short_platformer_game/target/classes/assets/textures/Virtual%20Guy/Jump%20(32x32).png
01:44:48.045 [FXGL Background Thread 1 ] DEBUG FXGLAssetLoaderServi - Loading from file system: file:/C:/Users/sande/IdeaProjects/Java%20Advanced/ShortburstProject/Short_platformer_game/target/classes/assets/textures/Virtual%20Guy/Double%20Jump%20(32x32).png
01:44:48.046 [FXGL Background Thread 1 ] DEBUG FXGLAssetLoaderServi - Loading from file system: file:/C:/Users/sande/IdeaProjects/Java%20Advanced/ShortburstProject/Short_platformer_game/target/classes/assets/textures/Virtual%20Guy/Fall%20(32x32).png
01:44:48.055 [FXGL Background Thread 1 ] DEBUG FXGLAssetLoaderServi - Loading from file system: file:/C:/Users/sande/IdeaProjects/Java%20Advanced/ShortburstProject/Short_platformer_game/target/classes/assets/textures/Background/Blue.png
01:44:48.059 [FXGL Background Thread 1 ] DEBUG FXGLAssetLoaderServi - Loading from file system: file:/C:/Users/sande/IdeaProjects/Java%20Advanced/ShortburstProject/Short_platformer_game/target/classes/assets/textures/Items/Fruits/Apple%20(64x64).png
01:44:48.061 [FXGL Background Thread 1 ] DEBUG FXGLAssetLoaderServi - Loading from file system: file:/C:/Users/sande/IdeaProjects/Java%20Advanced/ShortburstProject/Short_platformer_game/target/classes/assets/textures/Items/Other/Heart%20(64x64).png
01:44:48.064 [FXGL Background Thread 1 ] INFO  FXGLApplication      - Game initialization took: 0.168 sec
01:44:48.123 [JavaFX Application Thread] DEBUG FXGLApplication      - Registering font factories with UI factory
01:44:48.137 [JavaFX Application Thread] DEBUG Input                - Clearing active input actions
01:44:48.148 [JavaFX Application Thread] DEBUG GameApplicationServi - Removing overlay from FXGLLoadingScene and adding to GameScene
01:44:48.151 [JavaFX Application Thread] DEBUG PrimaryStageWindow   - FXGLLoadingScene -> GameScene
01:44:48.365 [FXGL Background Thread 2 ] INFO  UpdaterService       - Your current version:  17.1
01:44:48.374 [FXGL Background Thread 2 ] INFO  UpdaterService       - Latest stable version: 17.2
01:44:49.702 [JavaFX Application Thread] DEBUG FXGLAssetLoaderServi - Loading from file system: file:/C:/Users/sande/IdeaProjects/Java%20Advanced/ShortburstProject/Short_platformer_game/target/classes/assets/textures/Items/Other/Heart%20Empty%20(64x64).png
01:44:50.795 [FXGL Background Thread 3 ] DEBUG Engine               - Logging environment variables
01:44:50.797 [FXGL Background Thread 3 ] DEBUG Engine               - achievements: []
01:44:50.797 [FXGL Background Thread 3 ] DEBUG Engine               - actualHeight: 640.0
01:44:50.797 [FXGL Background Thread 3 ] DEBUG Engine               - actualHeightProperty: ReadOnlyDoubleProperty [value: 640.0]
01:44:50.797 [FXGL Background Thread 3 ] DEBUG Engine               - actualWidth: 1024.0
01:44:50.797 [FXGL Background Thread 3 ] DEBUG Engine               - actualWidthProperty: ReadOnlyDoubleProperty [value: 1024.0]
01:44:50.798 [FXGL Background Thread 3 ] DEBUG Engine               - appIcon: fxgl_icon.png
01:44:50.798 [FXGL Background Thread 3 ] DEBUG Engine               - applicationMode: DEVELOPER
01:44:50.798 [FXGL Background Thread 3 ] DEBUG Engine               - cSSList: [fxgl_dark.css]
01:44:50.798 [FXGL Background Thread 3 ] DEBUG Engine               - collisionDetectionStrategy: BRUTE_FORCE
01:44:50.798 [FXGL Background Thread 3 ] DEBUG Engine               - configClass: Optional.empty
01:44:50.798 [FXGL Background Thread 3 ] DEBUG Engine               - credits: []
01:44:50.799 [FXGL Background Thread 3 ] DEBUG Engine               - defaultCursor: CursorInfo(imageName=fxgl_default_cursor.png, hotspotX=7.0, hotspotY=6.0)
01:44:50.799 [FXGL Background Thread 3 ] DEBUG Engine               - devBBoxColorProperty: ObjectProperty [value: 0xff0000ff]
01:44:50.800 [FXGL Background Thread 3 ] DEBUG Engine               - devEnableDebugCameraProperty: BooleanProperty [value: false]
01:44:50.800 [FXGL Background Thread 3 ] DEBUG Engine               - devSensorColorProperty: ObjectProperty [value: 0xffff00ff]
01:44:50.800 [FXGL Background Thread 3 ] DEBUG Engine               - devShowBBoxProperty: BooleanProperty [value: false]
01:44:50.800 [FXGL Background Thread 3 ] DEBUG Engine               - devShowPositionProperty: BooleanProperty [value: false]
01:44:50.801 [FXGL Background Thread 3 ] DEBUG Engine               - enabledMenuItems: []
01:44:50.801 [FXGL Background Thread 3 ] DEBUG Engine               - engineServices: [class com.almasb.fxgl.app.services.FXGLAssetLoaderService, class com.almasb.fxgl.app.FXGLApplication$GameApplicationService, class com.almasb.fxgl.app.services.FXGLDialogService, class com.almasb.fxgl.app.services.IOTaskExecutorService, class com.almasb.fxgl.io.FileSystemService, class com.almasb.fxgl.localization.LocalizationService, class com.almasb.fxgl.app.services.SystemBundleService, class com.almasb.fxgl.profile.SaveLoadService, class com.almasb.fxgl.ui.FXGLUIFactoryServiceProvider, class com.almasb.fxgl.ui.FXGLDialogFactoryServiceProvider, class com.almasb.fxgl.audio.AudioPlayer, class com.almasb.fxgl.notification.impl.NotificationServiceProvider, class com.almasb.fxgl.achievement.AchievementService, class com.almasb.fxgl.cutscene.CutsceneService, class com.almasb.fxgl.minigames.MiniGameService, class com.almasb.fxgl.net.NetService, class com.almasb.fxgl.app.services.UpdaterService, class com.almasb.fxgl.dev.DevService]
01:44:50.801 [FXGL Background Thread 3 ] DEBUG Engine               - fontGame: Abel-Regular.ttf
01:44:50.801 [FXGL Background Thread 3 ] DEBUG Engine               - fontMono: TerminalLandMono-Regular.otf
01:44:50.801 [FXGL Background Thread 3 ] DEBUG Engine               - fontText: Courier-Prime.ttf
01:44:50.801 [FXGL Background Thread 3 ] DEBUG Engine               - fontUI: VarelaRound-Regular.ttf
01:44:50.802 [FXGL Background Thread 3 ] DEBUG Engine               - fullScreen: BooleanProperty [value: false]
01:44:50.802 [FXGL Background Thread 3 ] DEBUG Engine               - gameDifficulty: MEDIUM
01:44:50.802 [FXGL Background Thread 3 ] DEBUG Engine               - gameDifficultyProperty: ObjectProperty [value: MEDIUM]
01:44:50.802 [FXGL Background Thread 3 ] DEBUG Engine               - globalMusicVolume: 0.5
01:44:50.802 [FXGL Background Thread 3 ] DEBUG Engine               - globalMusicVolumeProperty: DoubleProperty [value: 0.5]
01:44:50.803 [FXGL Background Thread 3 ] DEBUG Engine               - globalSoundVolume: 0.5
01:44:50.803 [FXGL Background Thread 3 ] DEBUG Engine               - globalSoundVolumeProperty: DoubleProperty [value: 0.5]
01:44:50.803 [FXGL Background Thread 3 ] DEBUG Engine               - height: 640
01:44:50.803 [FXGL Background Thread 3 ] DEBUG Engine               - is3D: false
01:44:50.804 [FXGL Background Thread 3 ] DEBUG Engine               - isAndroid: false
01:44:50.804 [FXGL Background Thread 3 ] DEBUG Engine               - isBrowser: false
01:44:50.804 [FXGL Background Thread 3 ] DEBUG Engine               - isClickFeedbackEnabled: false
01:44:50.804 [FXGL Background Thread 3 ] DEBUG Engine               - isCloseConfirmation: false
01:44:50.805 [FXGL Background Thread 3 ] DEBUG Engine               - isDesktop: true
01:44:50.805 [FXGL Background Thread 3 ] DEBUG Engine               - isDeveloperMenuEnabled: true
01:44:50.805 [FXGL Background Thread 3 ] DEBUG Engine               - isEmbedded: false
01:44:50.805 [FXGL Background Thread 3 ] DEBUG Engine               - isEntityPreloadEnabled: true
01:44:50.805 [FXGL Background Thread 3 ] DEBUG Engine               - isExperimentalTiledLargeMap: false
01:44:50.805 [FXGL Background Thread 3 ] DEBUG Engine               - isFileSystemWriteAllowed: true
01:44:50.806 [FXGL Background Thread 3 ] DEBUG Engine               - isFullScreenAllowed: false
01:44:50.806 [FXGL Background Thread 3 ] DEBUG Engine               - isFullScreenFromStart: false
01:44:50.806 [FXGL Background Thread 3 ] DEBUG Engine               - isGameMenuEnabled: true
01:44:50.806 [FXGL Background Thread 3 ] DEBUG Engine               - isIOS: false
01:44:50.806 [FXGL Background Thread 3 ] DEBUG Engine               - isIntroEnabled: false
01:44:50.806 [FXGL Background Thread 3 ] DEBUG Engine               - isLinux: false
01:44:50.806 [FXGL Background Thread 3 ] DEBUG Engine               - isMac: false
01:44:50.806 [FXGL Background Thread 3 ] DEBUG Engine               - isMainMenuEnabled: false
01:44:50.807 [FXGL Background Thread 3 ] DEBUG Engine               - isManualResizeEnabled: false
01:44:50.807 [FXGL Background Thread 3 ] DEBUG Engine               - isMobile: false
01:44:50.807 [FXGL Background Thread 3 ] DEBUG Engine               - isNative: false
01:44:50.807 [FXGL Background Thread 3 ] DEBUG Engine               - isPauseMusicWhenMinimized: true
01:44:50.807 [FXGL Background Thread 3 ] DEBUG Engine               - isPreserveResizeRatio: false
01:44:50.807 [FXGL Background Thread 3 ] DEBUG Engine               - isProfilingEnabled: false
01:44:50.807 [FXGL Background Thread 3 ] DEBUG Engine               - isScaleAffectedOnResize: true
01:44:50.807 [FXGL Background Thread 3 ] DEBUG Engine               - isSingleStep: false
01:44:50.808 [FXGL Background Thread 3 ] DEBUG Engine               - isUserProfileEnabled: false
01:44:50.808 [FXGL Background Thread 3 ] DEBUG Engine               - isWindows: true
01:44:50.808 [FXGL Background Thread 3 ] DEBUG Engine               - language: ObjectProperty [value: ENGLISH]
01:44:50.808 [FXGL Background Thread 3 ] DEBUG Engine               - menuKey: ESCAPE
01:44:50.808 [FXGL Background Thread 3 ] DEBUG Engine               - mouseSensitivity: 0.2
01:44:50.808 [FXGL Background Thread 3 ] DEBUG Engine               - notificationViewClass: class com.almasb.fxgl.notification.view.XboxNotificationView
01:44:50.808 [FXGL Background Thread 3 ] DEBUG Engine               - pixelsPerMeter: 50.0
01:44:50.809 [FXGL Background Thread 3 ] DEBUG Engine               - platform: WINDOWS
01:44:50.809 [FXGL Background Thread 3 ] DEBUG Engine               - prefHeightProperty: ReadOnlyDoubleProperty [value: 640.0]
01:44:50.809 [FXGL Background Thread 3 ] DEBUG Engine               - prefWidthProperty: ReadOnlyDoubleProperty [value: 1024.0]
01:44:50.809 [FXGL Background Thread 3 ] DEBUG Engine               - profileDir: profiles/
01:44:50.809 [FXGL Background Thread 3 ] DEBUG Engine               - profileName: StringProperty [value: DEFAULT]
01:44:50.809 [FXGL Background Thread 3 ] DEBUG Engine               - randomSeed: -1
01:44:50.810 [FXGL Background Thread 3 ] DEBUG Engine               - runtimeInfo: RuntimeInfo(platform=WINDOWS, version=17.1, build=24.03.2022 17.34)
01:44:50.810 [FXGL Background Thread 3 ] DEBUG Engine               - saveFileExt: sav
01:44:50.810 [FXGL Background Thread 3 ] DEBUG Engine               - scaledHeightProp$fxgl: DoubleProperty [bound, value: 640.0]
01:44:50.810 [FXGL Background Thread 3 ] DEBUG Engine               - scaledWidthProp$fxgl: DoubleProperty [bound, value: 1024.0]
01:44:50.811 [FXGL Background Thread 3 ] DEBUG Engine               - sceneFactory: com.almasb.fxgl.app.scene.SceneFactory@31eac33c
01:44:50.811 [FXGL Background Thread 3 ] DEBUG Engine               - secondsIn24h: 60
01:44:50.811 [FXGL Background Thread 3 ] DEBUG Engine               - soundMenuBack: menu/back.wav
01:44:50.811 [FXGL Background Thread 3 ] DEBUG Engine               - soundMenuPress: menu/press.wav
01:44:50.811 [FXGL Background Thread 3 ] DEBUG Engine               - soundMenuSelect: menu/select.wav
01:44:50.811 [FXGL Background Thread 3 ] DEBUG Engine               - soundNotification: core/notification.wav
01:44:50.811 [FXGL Background Thread 3 ] DEBUG Engine               - stageStyle: DECORATED
01:44:50.811 [FXGL Background Thread 3 ] DEBUG Engine               - supportedLanguages: [ENGLISH, FRENCH, GERMAN, HUNGARIAN, RUSSIAN]
01:44:50.812 [FXGL Background Thread 3 ] DEBUG Engine               - ticksPerSecond: -1
01:44:50.812 [FXGL Background Thread 3 ] DEBUG Engine               - title: Short platformer game
01:44:50.812 [FXGL Background Thread 3 ] DEBUG Engine               - urlGithub: https://github.com/AlmasB/FXGL
01:44:50.812 [FXGL Background Thread 3 ] DEBUG Engine               - urlLeaderboard: http://fxgl-top.herokuapp.com/
01:44:50.812 [FXGL Background Thread 3 ] DEBUG Engine               - urlPOM: https://raw.githubusercontent.com/AlmasB/FXGL/release/README.md
01:44:50.812 [FXGL Background Thread 3 ] DEBUG Engine               - userAppClass: class org.platformer.PlatformerApp
01:44:50.813 [FXGL Background Thread 3 ] DEBUG Engine               - version: 0.1
01:44:50.813 [FXGL Background Thread 3 ] DEBUG Engine               - versionCheckDays: 7
01:44:50.813 [FXGL Background Thread 3 ] DEBUG Engine               - width: 1024
01:44:50.813 [FXGL Background Thread 3 ] DEBUG Engine               - Logging services
01:44:50.813 [FXGL Background Thread 3 ] DEBUG Engine               - class com.almasb.fxgl.app.services.FXGLAssetLoaderService
01:44:50.814 [FXGL Background Thread 3 ] DEBUG Engine               - class com.almasb.fxgl.app.FXGLApplication$GameApplicationService
01:44:50.814 [FXGL Background Thread 3 ] DEBUG Engine               - class com.almasb.fxgl.app.services.FXGLDialogService
01:44:50.814 [FXGL Background Thread 3 ] DEBUG Engine               - class com.almasb.fxgl.app.services.IOTaskExecutorService
01:44:50.814 [FXGL Background Thread 3 ] DEBUG Engine               - class com.almasb.fxgl.io.FileSystemService
01:44:50.814 [FXGL Background Thread 3 ] DEBUG Engine               - class com.almasb.fxgl.localization.LocalizationService
01:44:50.814 [FXGL Background Thread 3 ] DEBUG Engine               - class com.almasb.fxgl.app.services.SystemBundleService
01:44:50.815 [FXGL Background Thread 3 ] DEBUG Engine               - class com.almasb.fxgl.profile.SaveLoadService
01:44:50.815 [FXGL Background Thread 3 ] DEBUG Engine               - class com.almasb.fxgl.ui.FXGLUIFactoryServiceProvider
01:44:50.815 [FXGL Background Thread 3 ] DEBUG Engine               - class com.almasb.fxgl.ui.FXGLDialogFactoryServiceProvider
01:44:50.815 [FXGL Background Thread 3 ] DEBUG Engine               - class com.almasb.fxgl.audio.AudioPlayer
01:44:50.815 [FXGL Background Thread 3 ] DEBUG Engine               - class com.almasb.fxgl.notification.impl.NotificationServiceProvider
01:44:50.815 [FXGL Background Thread 3 ] DEBUG Engine               - class com.almasb.fxgl.achievement.AchievementService
01:44:50.815 [FXGL Background Thread 3 ] DEBUG Engine               - class com.almasb.fxgl.cutscene.CutsceneService
01:44:50.816 [FXGL Background Thread 3 ] DEBUG Engine               - class com.almasb.fxgl.minigames.MiniGameService
01:44:50.816 [FXGL Background Thread 3 ] DEBUG Engine               - class com.almasb.fxgl.net.NetService
01:44:50.816 [FXGL Background Thread 3 ] DEBUG Engine               - class com.almasb.fxgl.app.services.UpdaterService
01:44:50.816 [FXGL Background Thread 3 ] DEBUG Engine               - class com.almasb.fxgl.dev.DevService
01:44:51.403 [JavaFX Application Thread] DEBUG PrimaryStageWindow   - Push state: DialogSubScene
01:44:51.403 [JavaFX Application Thread] DEBUG Input                - Clearing active input actions
01:44:51.404 [JavaFX Application Thread] DEBUG GameApplicationServi - Removing overlay from GameScene and adding to DialogSubScene
01:44:51.409 [JavaFX Application Thread] DEBUG PrimaryStageWindow   - GameScene -> DialogSubScene
01:44:53.013 [JavaFX Application Thread] DEBUG PrimaryStageWindow   - Pop state: DialogSubScene
01:44:53.014 [JavaFX Application Thread] DEBUG Input                - Clearing active input actions
01:44:53.015 [JavaFX Application Thread] DEBUG GameApplicationServi - Removing overlay from DialogSubScene and adding to GameScene
01:44:53.022 [JavaFX Application Thread] DEBUG PrimaryStageWindow   - GameScene <- DialogSubScene
01:44:53.023 [JavaFX Application Thread] DEBUG FXGLApplication      - Exiting FXGL
01:44:53.023 [JavaFX Application Thread] DEBUG LoopRunner           - Stopping loop
01:44:53.023 [JavaFX Application Thread] DEBUG SystemBundleService  - Saving FXGL system data
01:44:53.028 [JavaFX Application Thread] DEBUG FileSystemAccess     - Writing to: C:\Users\sande\IdeaProjects\Java Advanced\ShortburstProject\Short_platformer_game\system\fxgl.bundle
01:44:53.032 [JavaFX Application Thread] DEBUG Async                - Shutting down background threads
01:44:53.032 [JavaFX Application Thread] DEBUG PrimaryStageWindow   - Closing main window
01:44:53.060 [JavaFX Application Thread] DEBUG Logger               - Closing Logger
