22:56:46.130 [main                     ] DEBUG Logger               - Configured Logger
22:56:46.152 [main                     ] DEBUG GameApplication      - Logging settings
Title: Untitled
Version: 0.0
Width: 800
Height: 608
Fullscreen: false
Intro: false
Profiling: false
Single step:false
App Mode: DEVELOPER
Menu Key: ESCAPE
Stage Style: DECORATED
Scene Factory: class com.almasb.fxgl.app.scene.SceneFactory

22:56:46.458 [JavaFX Application Thread] DEBUG FXGLApplication      - Initializing FXGL
22:56:46.467 [JavaFX Application Thread] INFO  Engine               - FXGL-17.1 (24.03.2022 17.34) on WINDOWS (J:19.0.1 FX:18)
22:56:46.467 [JavaFX Application Thread] DEBUG Engine               - JRE Vendor Name: Oracle Corporation
22:56:46.467 [JavaFX Application Thread] DEBUG Engine               - Running on OS: Windows 10 version 10.0
22:56:46.468 [JavaFX Application Thread] DEBUG Engine               - Architecture: amd64
22:56:46.468 [JavaFX Application Thread] INFO  Engine               - Source code and latest versions at: https://github.com/AlmasB/FXGL
22:56:46.468 [JavaFX Application Thread] INFO  Engine               -       Ask questions and discuss at: https://github.com/AlmasB/FXGL/discussions
22:56:46.468 [JavaFX Application Thread] INFO  Engine               -              Join the FXGL chat at: https://gitter.im/AlmasB/FXGL
22:56:46.569 [JavaFX Application Thread] DEBUG PrimaryStageWindow   - Creating a JavaFX scene
22:56:46.630 [JavaFX Application Thread] DEBUG PrimaryStageWindow   - Target settings size: 800.0 x 608.0
22:56:46.631 [JavaFX Application Thread] DEBUG PrimaryStageWindow   - Scaled scene size:    800.0 x 608.0
22:56:46.632 [JavaFX Application Thread] DEBUG PrimaryStageWindow   - Scaled ratio: (1.0, 1.0)
22:56:46.634 [JavaFX Application Thread] DEBUG PrimaryStageWindow   - Set initial scene to FXGLStartupScene
22:56:46.646 [JavaFX Application Thread] DEBUG PrimaryStageWindow   - Opening main window
22:56:46.772 [JavaFX Application Thread] DEBUG PrimaryStageWindow   - Window border size: (14.4000244140625, 37.5999755859375)
22:56:46.773 [JavaFX Application Thread] DEBUG PrimaryStageWindow   - Scaled size: 800.0 x 608.0
22:56:46.773 [JavaFX Application Thread] DEBUG PrimaryStageWindow   - Scaled ratio: (1.0, 1.0)
22:56:46.773 [JavaFX Application Thread] DEBUG PrimaryStageWindow   - Scene size: 800.0 x 608.0
22:56:46.774 [JavaFX Application Thread] DEBUG PrimaryStageWindow   - Stage size: 814.4000244140625 x 645.5999755859375
22:56:46.785 [FXGL Background Thread 1 ] DEBUG Engine               - Initializing environment variables
22:56:46.844 [FXGL Background Thread 1 ] DEBUG FXGLAssetLoaderServi - User app class for loading assets: class org.platformer.PlatformerApp
22:56:46.845 [FXGL Background Thread 1 ] DEBUG GameApplicationServi - Applying CSS: fxgl_dark.css
22:56:46.845 [FXGL Background Thread 1 ] DEBUG FXGLAssetLoaderServi - Loading from file system: jar:file:///C:/Users/sande/.m2/repository/com/github/almasb/fxgl/17.1/fxgl-17.1.jar!/fxglassets/ui/css/fxgl_dark.css
22:56:46.890 [FXGL Background Thread 1 ] DEBUG GameApplicationServi - Initializing application scenes
22:56:46.928 [FXGL Background Thread 1 ] DEBUG GameWorld            - Game world initialized
22:56:46.995 [FXGL Background Thread 1 ] DEBUG PhysicsWorld         - Physics world initialized: appHeight=608, physics.ppm=50.0
22:56:46.996 [FXGL Background Thread 1 ] DEBUG PhysicsWorld         - Using strategy: BRUTE_FORCE
22:56:47.000 [FXGL Background Thread 1 ] DEBUG GameScene            - Game scene initialized: 800x608
22:56:47.015 [FXGL Background Thread 1 ] DEBUG FXGL.DefaultMenu     - createMenuBodyGameMenu()
22:56:47.032 [FXGL Background Thread 1 ] DEBUG FXGL.DefaultMenu     - createOptionsMenu()
22:56:47.044 [FXGL Background Thread 1 ] DEBUG FXGLAssetLoaderServi - Loading from file system: jar:file:///C:/Users/sande/.m2/repository/com/github/almasb/fxgl/17.1/fxgl-17.1.jar!/fxglassets/textures/particles/smoke.png
22:56:47.160 [FXGL Background Thread 1 ] DEBUG FXGLAssetLoaderServi - Loading from file system: jar:file:///C:/Users/sande/.m2/repository/com/github/almasb/fxgl/17.1/fxgl-17.1.jar!/fxglassets/textures/particles/trace_horizontal.png
22:56:47.199 [FXGL Background Thread 1 ] DEBUG GameApplicationServi - Application scenes initialized
22:56:47.213 [FXGL Background Thread 1 ] DEBUG SystemBundleService  - Loading FXGL system data
22:56:47.219 [FXGL Background Thread 1 ] DEBUG FileSystemAccess     - Reading from: C:\Users\sande\IdeaProjects\Java Advanced\ShortburstProject\Short_platformer_game\system\fxgl.bundle
22:56:47.229 [FXGL Background Thread 1 ] DEBUG SystemBundleService  - Bundle FXGL: {}
22:56:47.229 [FXGL Background Thread 1 ] DEBUG UpdaterService       - Checking for updates
22:56:47.253 [FXGL Background Thread 1 ] DEBUG FXGLApplication      - Loading default localization
22:56:47.255 [FXGL Background Thread 1 ] DEBUG FXGLAssetLoaderServi - Loading from file system: jar:file:///C:/Users/sande/.m2/repository/com/github/almasb/fxgl/17.1/fxgl-17.1.jar!/fxglassets/languages/english.lang
22:56:47.257 [FXGL Background Thread 4 ] DEBUG FXGLApplication      - Loading fonts
22:56:47.258 [FXGL Background Thread 4 ] DEBUG FXGLAssetLoaderServi - Loading from file system: jar:file:///C:/Users/sande/.m2/repository/com/github/almasb/fxgl/17.1/fxgl-17.1.jar!/fxglassets/ui/fonts/VarelaRound-Regular.ttf
22:56:47.270 [FXGL Background Thread 1 ] INFO  FXGLApplication      - FXGL initialization took: 0.485 sec
22:56:47.283 [JavaFX Application Thread] DEBUG Input                - Registered new binding: Left - Left
22:56:47.283 [JavaFX Application Thread] DEBUG Input                - Registered new binding: Right - Right
22:56:47.284 [JavaFX Application Thread] DEBUG Input                - Registered new binding: Jump - Up
22:56:47.284 [JavaFX Application Thread] DEBUG Input                - Registered new binding: Stomp - Down
22:56:47.285 [JavaFX Application Thread] DEBUG FXGLAssetLoaderServi - Loading from file system: jar:file:///C:/Users/sande/.m2/repository/com/github/almasb/fxgl/17.1/fxgl-17.1.jar!/fxglassets/textures/fxgl_icon.png
22:56:47.305 [JavaFX Application Thread] DEBUG FXGLAssetLoaderServi - Loading from file system: jar:file:///C:/Users/sande/.m2/repository/com/github/almasb/fxgl/17.1/fxgl-17.1.jar!/fxglassets/textures/fxgl_default_cursor.png
22:56:47.307 [JavaFX Application Thread] DEBUG Input                - Registered new binding: Screenshot - CTRL+8
22:56:47.308 [JavaFX Application Thread] DEBUG Input                - Registered new binding: Dev Options - 1
22:56:47.308 [JavaFX Application Thread] DEBUG Input                - Registered new binding: Dev Console - 2
22:56:47.308 [JavaFX Application Thread] DEBUG Input                - Registered new binding: System info dump - CTRL+9
22:56:47.309 [JavaFX Application Thread] DEBUG Input                - Registered new binding: Restart - CTRL+R
22:56:47.309 [JavaFX Application Thread] DEBUG Input                - Registered new binding: Toggle Debug Camera - CTRL+7
22:56:47.312 [JavaFX Application Thread] DEBUG LoopRunner           - Starting loop
22:56:47.325 [JavaFX Application Thread] DEBUG LoopRunner           - Initializing JavaFX AnimationTimerLoop
22:56:47.326 [JavaFX Application Thread] DEBUG GameApplicationServi - Starting new game
22:56:47.326 [JavaFX Application Thread] DEBUG Input                - Clearing active input actions
22:56:47.336 [JavaFX Application Thread] DEBUG GameApplicationServi - Removing overlay from FXGLStartupScene and adding to FXGLLoadingScene
22:56:47.339 [JavaFX Application Thread] DEBUG PrimaryStageWindow   - FXGLStartupScene -> FXGLLoadingScene
22:56:47.339 [JavaFX Application Thread] DEBUG GameApplicationServi - Clearing previous game
22:56:47.339 [JavaFX Application Thread] DEBUG GameScene            - Clearing game scene
22:56:47.339 [JavaFX Application Thread] DEBUG GameWorld            - Clearing game world
22:56:47.339 [JavaFX Application Thread] DEBUG PhysicsWorld         - Clearing physics world
22:56:47.341 [FXGL Background Thread 1 ] DEBUG FXGLApplication      - Initializing game
22:56:47.391 [FXGL Background Thread 1 ] DEBUG TMXLevelLoader       - Parsed TiledMap: file:/C:/Users/sande/IdeaProjects/Java%20Advanced/ShortburstProject/Short_platformer_game/target/classes/assets/levels/tmx/platformer.tmx
22:56:47.392 [FXGL Background Thread 1 ] DEBUG TMXLevelLoader       - Creating tile layer entities
22:56:47.394 [FXGL Background Thread 1 ] DEBUG TilesetLoader        - Loading view for layer Tile Layer 1
22:56:47.395 [FXGL Background Thread 1 ] DEBUG TilesetLoader        - Created buffer with size 800.0x608.0
22:56:47.401 [FXGL Background Thread 1 ] DEBUG TMXLevelLoader       - Creating object layer entities
22:56:47.423 [FXGL Background Thread 1 ] DEBUG GameWorld            - Clearing removable entities
22:56:47.424 [FXGL Background Thread 1 ] DEBUG GameWorld            - Setting level: com.almasb.fxgl.entity.level.Level@43fc69b5
22:56:47.440 [FXGL Background Thread 1 ] DEBUG FXGLAssetLoaderServi - Loading from file system: file:/C:/Users/sande/IdeaProjects/Java%20Advanced/ShortburstProject/Short_platformer_game/target/classes/assets/textures/Virtual%20Guy/Idle%20(32x32).png
22:56:47.444 [FXGL Background Thread 1 ] DEBUG FXGLAssetLoaderServi - Loading from file system: file:/C:/Users/sande/IdeaProjects/Java%20Advanced/ShortburstProject/Short_platformer_game/target/classes/assets/textures/Virtual%20Guy/Run%20(32x32).png
22:56:47.445 [FXGL Background Thread 1 ] DEBUG FXGLAssetLoaderServi - Loading from file system: file:/C:/Users/sande/IdeaProjects/Java%20Advanced/ShortburstProject/Short_platformer_game/target/classes/assets/textures/Virtual%20Guy/Jump%20(32x32).png
22:56:47.447 [FXGL Background Thread 1 ] DEBUG FXGLAssetLoaderServi - Loading from file system: file:/C:/Users/sande/IdeaProjects/Java%20Advanced/ShortburstProject/Short_platformer_game/target/classes/assets/textures/Virtual%20Guy/Double%20Jump%20(32x32).png
22:56:47.448 [FXGL Background Thread 1 ] DEBUG FXGLAssetLoaderServi - Loading from file system: file:/C:/Users/sande/IdeaProjects/Java%20Advanced/ShortburstProject/Short_platformer_game/target/classes/assets/textures/Virtual%20Guy/Fall%20(32x32).png
22:56:47.456 [FXGL Background Thread 1 ] INFO  FXGLApplication      - Game initialization took: 0.114 sec
22:56:47.554 [JavaFX Application Thread] DEBUG Input                - Clearing active input actions
22:56:47.562 [JavaFX Application Thread] DEBUG GameApplicationServi - Removing overlay from FXGLLoadingScene and adding to GameScene
22:56:47.566 [JavaFX Application Thread] DEBUG PrimaryStageWindow   - FXGLLoadingScene -> GameScene
22:56:47.670 [FXGL Background Thread 4 ] DEBUG FXGLAssetLoaderServi - Loading from file system: jar:file:///C:/Users/sande/.m2/repository/com/github/almasb/fxgl/17.1/fxgl-17.1.jar!/fxglassets/ui/fonts/Abel-Regular.ttf
22:56:47.681 [FXGL Background Thread 4 ] DEBUG FXGLAssetLoaderServi - Loading from file system: jar:file:///C:/Users/sande/.m2/repository/com/github/almasb/fxgl/17.1/fxgl-17.1.jar!/fxglassets/ui/fonts/TerminalLandMono-Regular.otf
22:56:47.695 [FXGL Background Thread 4 ] DEBUG FXGLAssetLoaderServi - Loading from file system: jar:file:///C:/Users/sande/.m2/repository/com/github/almasb/fxgl/17.1/fxgl-17.1.jar!/fxglassets/ui/fonts/Courier-Prime.ttf
22:56:47.710 [JavaFX Application Thread] DEBUG FXGLApplication      - Registering font factories with UI factory
22:56:47.902 [FXGL Background Thread 2 ] INFO  UpdaterService       - Your current version:  17.1
22:56:47.902 [FXGL Background Thread 2 ] INFO  UpdaterService       - Latest stable version: 17.2
22:56:50.254 [FXGL Background Thread 3 ] DEBUG Engine               - Logging environment variables
22:56:50.255 [FXGL Background Thread 3 ] DEBUG Engine               - achievements: []
22:56:50.256 [FXGL Background Thread 3 ] DEBUG Engine               - actualHeight: 608.0
22:56:50.256 [FXGL Background Thread 3 ] DEBUG Engine               - actualHeightProperty: ReadOnlyDoubleProperty [value: 608.0]
22:56:50.256 [FXGL Background Thread 3 ] DEBUG Engine               - actualWidth: 800.0
22:56:50.256 [FXGL Background Thread 3 ] DEBUG Engine               - actualWidthProperty: ReadOnlyDoubleProperty [value: 800.0]
22:56:50.257 [FXGL Background Thread 3 ] DEBUG Engine               - appIcon: fxgl_icon.png
22:56:50.257 [FXGL Background Thread 3 ] DEBUG Engine               - applicationMode: DEVELOPER
22:56:50.257 [FXGL Background Thread 3 ] DEBUG Engine               - cSSList: [fxgl_dark.css]
22:56:50.257 [FXGL Background Thread 3 ] DEBUG Engine               - collisionDetectionStrategy: BRUTE_FORCE
22:56:50.257 [FXGL Background Thread 3 ] DEBUG Engine               - configClass: Optional.empty
22:56:50.258 [FXGL Background Thread 3 ] DEBUG Engine               - credits: []
22:56:50.258 [FXGL Background Thread 3 ] DEBUG Engine               - defaultCursor: CursorInfo(imageName=fxgl_default_cursor.png, hotspotX=7.0, hotspotY=6.0)
22:56:50.259 [FXGL Background Thread 3 ] DEBUG Engine               - devBBoxColorProperty: ObjectProperty [value: 0xff0000ff]
22:56:50.259 [FXGL Background Thread 3 ] DEBUG Engine               - devEnableDebugCameraProperty: BooleanProperty [value: false]
22:56:50.259 [FXGL Background Thread 3 ] DEBUG Engine               - devSensorColorProperty: ObjectProperty [value: 0xffff00ff]
22:56:50.260 [FXGL Background Thread 3 ] DEBUG Engine               - devShowBBoxProperty: BooleanProperty [value: false]
22:56:50.260 [FXGL Background Thread 3 ] DEBUG Engine               - devShowPositionProperty: BooleanProperty [value: false]
22:56:50.260 [FXGL Background Thread 3 ] DEBUG Engine               - enabledMenuItems: []
22:56:50.260 [FXGL Background Thread 3 ] DEBUG Engine               - engineServices: [class com.almasb.fxgl.app.services.FXGLAssetLoaderService, class com.almasb.fxgl.app.FXGLApplication$GameApplicationService, class com.almasb.fxgl.app.services.FXGLDialogService, class com.almasb.fxgl.app.services.IOTaskExecutorService, class com.almasb.fxgl.io.FileSystemService, class com.almasb.fxgl.localization.LocalizationService, class com.almasb.fxgl.app.services.SystemBundleService, class com.almasb.fxgl.profile.SaveLoadService, class com.almasb.fxgl.ui.FXGLUIFactoryServiceProvider, class com.almasb.fxgl.ui.FXGLDialogFactoryServiceProvider, class com.almasb.fxgl.audio.AudioPlayer, class com.almasb.fxgl.notification.impl.NotificationServiceProvider, class com.almasb.fxgl.achievement.AchievementService, class com.almasb.fxgl.cutscene.CutsceneService, class com.almasb.fxgl.minigames.MiniGameService, class com.almasb.fxgl.net.NetService, class com.almasb.fxgl.app.services.UpdaterService, class com.almasb.fxgl.dev.DevService]
22:56:50.260 [FXGL Background Thread 3 ] DEBUG Engine               - fontGame: Abel-Regular.ttf
22:56:50.261 [FXGL Background Thread 3 ] DEBUG Engine               - fontMono: TerminalLandMono-Regular.otf
22:56:50.261 [FXGL Background Thread 3 ] DEBUG Engine               - fontText: Courier-Prime.ttf
22:56:50.261 [FXGL Background Thread 3 ] DEBUG Engine               - fontUI: VarelaRound-Regular.ttf
22:56:50.261 [FXGL Background Thread 3 ] DEBUG Engine               - fullScreen: BooleanProperty [value: false]
22:56:50.261 [FXGL Background Thread 3 ] DEBUG Engine               - gameDifficulty: MEDIUM
22:56:50.261 [FXGL Background Thread 3 ] DEBUG Engine               - gameDifficultyProperty: ObjectProperty [value: MEDIUM]
22:56:50.262 [FXGL Background Thread 3 ] DEBUG Engine               - globalMusicVolume: 0.5
22:56:50.262 [FXGL Background Thread 3 ] DEBUG Engine               - globalMusicVolumeProperty: DoubleProperty [value: 0.5]
22:56:50.262 [FXGL Background Thread 3 ] DEBUG Engine               - globalSoundVolume: 0.5
22:56:50.262 [FXGL Background Thread 3 ] DEBUG Engine               - globalSoundVolumeProperty: DoubleProperty [value: 0.5]
22:56:50.262 [FXGL Background Thread 3 ] DEBUG Engine               - height: 608
22:56:50.263 [FXGL Background Thread 3 ] DEBUG Engine               - is3D: false
22:56:50.263 [FXGL Background Thread 3 ] DEBUG Engine               - isAndroid: false
22:56:50.263 [FXGL Background Thread 3 ] DEBUG Engine               - isBrowser: false
22:56:50.263 [FXGL Background Thread 3 ] DEBUG Engine               - isClickFeedbackEnabled: false
22:56:50.263 [FXGL Background Thread 3 ] DEBUG Engine               - isCloseConfirmation: false
22:56:50.264 [FXGL Background Thread 3 ] DEBUG Engine               - isDesktop: true
22:56:50.264 [FXGL Background Thread 3 ] DEBUG Engine               - isDeveloperMenuEnabled: true
22:56:50.264 [FXGL Background Thread 3 ] DEBUG Engine               - isEmbedded: false
22:56:50.265 [FXGL Background Thread 3 ] DEBUG Engine               - isEntityPreloadEnabled: true
22:56:50.265 [FXGL Background Thread 3 ] DEBUG Engine               - isExperimentalTiledLargeMap: false
22:56:50.265 [FXGL Background Thread 3 ] DEBUG Engine               - isFileSystemWriteAllowed: true
22:56:50.265 [FXGL Background Thread 3 ] DEBUG Engine               - isFullScreenAllowed: false
22:56:50.265 [FXGL Background Thread 3 ] DEBUG Engine               - isFullScreenFromStart: false
22:56:50.265 [FXGL Background Thread 3 ] DEBUG Engine               - isGameMenuEnabled: true
22:56:50.265 [FXGL Background Thread 3 ] DEBUG Engine               - isIOS: false
22:56:50.265 [FXGL Background Thread 3 ] DEBUG Engine               - isIntroEnabled: false
22:56:50.265 [FXGL Background Thread 3 ] DEBUG Engine               - isLinux: false
22:56:50.266 [FXGL Background Thread 3 ] DEBUG Engine               - isMac: false
22:56:50.266 [FXGL Background Thread 3 ] DEBUG Engine               - isMainMenuEnabled: false
22:56:50.266 [FXGL Background Thread 3 ] DEBUG Engine               - isManualResizeEnabled: false
22:56:50.266 [FXGL Background Thread 3 ] DEBUG Engine               - isMobile: false
22:56:50.266 [FXGL Background Thread 3 ] DEBUG Engine               - isNative: false
22:56:50.266 [FXGL Background Thread 3 ] DEBUG Engine               - isPauseMusicWhenMinimized: true
22:56:50.266 [FXGL Background Thread 3 ] DEBUG Engine               - isPreserveResizeRatio: false
22:56:50.266 [FXGL Background Thread 3 ] DEBUG Engine               - isProfilingEnabled: false
22:56:50.266 [FXGL Background Thread 3 ] DEBUG Engine               - isScaleAffectedOnResize: true
22:56:50.266 [FXGL Background Thread 3 ] DEBUG Engine               - isSingleStep: false
22:56:50.267 [FXGL Background Thread 3 ] DEBUG Engine               - isUserProfileEnabled: false
22:56:50.267 [FXGL Background Thread 3 ] DEBUG Engine               - isWindows: true
22:56:50.267 [FXGL Background Thread 3 ] DEBUG Engine               - language: ObjectProperty [value: ENGLISH]
22:56:50.267 [FXGL Background Thread 3 ] DEBUG Engine               - menuKey: ESCAPE
22:56:50.267 [FXGL Background Thread 3 ] DEBUG Engine               - mouseSensitivity: 0.2
22:56:50.267 [FXGL Background Thread 3 ] DEBUG Engine               - notificationViewClass: class com.almasb.fxgl.notification.view.XboxNotificationView
22:56:50.267 [FXGL Background Thread 3 ] DEBUG Engine               - pixelsPerMeter: 50.0
22:56:50.268 [FXGL Background Thread 3 ] DEBUG Engine               - platform: WINDOWS
22:56:50.268 [FXGL Background Thread 3 ] DEBUG Engine               - prefHeightProperty: ReadOnlyDoubleProperty [value: 608.0]
22:56:50.268 [FXGL Background Thread 3 ] DEBUG Engine               - prefWidthProperty: ReadOnlyDoubleProperty [value: 800.0]
22:56:50.268 [FXGL Background Thread 3 ] DEBUG Engine               - profileDir: profiles/
22:56:50.268 [FXGL Background Thread 3 ] DEBUG Engine               - profileName: StringProperty [value: DEFAULT]
22:56:50.268 [FXGL Background Thread 3 ] DEBUG Engine               - randomSeed: -1
22:56:50.269 [FXGL Background Thread 3 ] DEBUG Engine               - runtimeInfo: RuntimeInfo(platform=WINDOWS, version=17.1, build=24.03.2022 17.34)
22:56:50.269 [FXGL Background Thread 3 ] DEBUG Engine               - saveFileExt: sav
22:56:50.269 [FXGL Background Thread 3 ] DEBUG Engine               - scaledHeightProp$fxgl: DoubleProperty [bound, value: 608.0]
22:56:50.269 [FXGL Background Thread 3 ] DEBUG Engine               - scaledWidthProp$fxgl: DoubleProperty [bound, value: 800.0]
22:56:50.269 [FXGL Background Thread 3 ] DEBUG Engine               - sceneFactory: com.almasb.fxgl.app.scene.SceneFactory@8daa870
22:56:50.269 [FXGL Background Thread 3 ] DEBUG Engine               - secondsIn24h: 60
22:56:50.269 [FXGL Background Thread 3 ] DEBUG Engine               - soundMenuBack: menu/back.wav
22:56:50.270 [FXGL Background Thread 3 ] DEBUG Engine               - soundMenuPress: menu/press.wav
22:56:50.270 [FXGL Background Thread 3 ] DEBUG Engine               - soundMenuSelect: menu/select.wav
22:56:50.270 [FXGL Background Thread 3 ] DEBUG Engine               - soundNotification: core/notification.wav
22:56:50.270 [FXGL Background Thread 3 ] DEBUG Engine               - stageStyle: DECORATED
22:56:50.270 [FXGL Background Thread 3 ] DEBUG Engine               - supportedLanguages: [ENGLISH, FRENCH, GERMAN, HUNGARIAN, RUSSIAN]
22:56:50.270 [FXGL Background Thread 3 ] DEBUG Engine               - ticksPerSecond: -1
22:56:50.270 [FXGL Background Thread 3 ] DEBUG Engine               - title: Untitled
22:56:50.270 [FXGL Background Thread 3 ] DEBUG Engine               - urlGithub: https://github.com/AlmasB/FXGL
22:56:50.271 [FXGL Background Thread 3 ] DEBUG Engine               - urlLeaderboard: http://fxgl-top.herokuapp.com/
22:56:50.271 [FXGL Background Thread 3 ] DEBUG Engine               - urlPOM: https://raw.githubusercontent.com/AlmasB/FXGL/release/README.md
22:56:50.271 [FXGL Background Thread 3 ] DEBUG Engine               - userAppClass: class org.platformer.PlatformerApp
22:56:50.271 [FXGL Background Thread 3 ] DEBUG Engine               - version: 0.0
22:56:50.271 [FXGL Background Thread 3 ] DEBUG Engine               - versionCheckDays: 7
22:56:50.271 [FXGL Background Thread 3 ] DEBUG Engine               - width: 800
22:56:50.271 [FXGL Background Thread 3 ] DEBUG Engine               - Logging services
22:56:50.271 [FXGL Background Thread 3 ] DEBUG Engine               - class com.almasb.fxgl.app.services.FXGLAssetLoaderService
22:56:50.271 [FXGL Background Thread 3 ] DEBUG Engine               - class com.almasb.fxgl.app.FXGLApplication$GameApplicationService
22:56:50.272 [FXGL Background Thread 3 ] DEBUG Engine               - class com.almasb.fxgl.app.services.FXGLDialogService
22:56:50.272 [FXGL Background Thread 3 ] DEBUG Engine               - class com.almasb.fxgl.app.services.IOTaskExecutorService
22:56:50.272 [FXGL Background Thread 3 ] DEBUG Engine               - class com.almasb.fxgl.io.FileSystemService
22:56:50.272 [FXGL Background Thread 3 ] DEBUG Engine               - class com.almasb.fxgl.localization.LocalizationService
22:56:50.272 [FXGL Background Thread 3 ] DEBUG Engine               - class com.almasb.fxgl.app.services.SystemBundleService
22:56:50.272 [FXGL Background Thread 3 ] DEBUG Engine               - class com.almasb.fxgl.profile.SaveLoadService
22:56:50.272 [FXGL Background Thread 3 ] DEBUG Engine               - class com.almasb.fxgl.ui.FXGLUIFactoryServiceProvider
22:56:50.272 [FXGL Background Thread 3 ] DEBUG Engine               - class com.almasb.fxgl.ui.FXGLDialogFactoryServiceProvider
22:56:50.272 [FXGL Background Thread 3 ] DEBUG Engine               - class com.almasb.fxgl.audio.AudioPlayer
22:56:50.272 [FXGL Background Thread 3 ] DEBUG Engine               - class com.almasb.fxgl.notification.impl.NotificationServiceProvider
22:56:50.272 [FXGL Background Thread 3 ] DEBUG Engine               - class com.almasb.fxgl.achievement.AchievementService
22:56:50.273 [FXGL Background Thread 3 ] DEBUG Engine               - class com.almasb.fxgl.cutscene.CutsceneService
22:56:50.273 [FXGL Background Thread 3 ] DEBUG Engine               - class com.almasb.fxgl.minigames.MiniGameService
22:56:50.273 [FXGL Background Thread 3 ] DEBUG Engine               - class com.almasb.fxgl.net.NetService
22:56:50.273 [FXGL Background Thread 3 ] DEBUG Engine               - class com.almasb.fxgl.app.services.UpdaterService
22:56:50.273 [FXGL Background Thread 3 ] DEBUG Engine               - class com.almasb.fxgl.dev.DevService
22:56:55.635 [JavaFX Application Thread] DEBUG FXGLApplication      - Exiting FXGL
22:56:55.635 [JavaFX Application Thread] DEBUG LoopRunner           - Stopping loop
22:56:55.636 [JavaFX Application Thread] DEBUG SystemBundleService  - Saving FXGL system data
22:56:55.640 [JavaFX Application Thread] DEBUG FileSystemAccess     - Writing to: C:\Users\sande\IdeaProjects\Java Advanced\ShortburstProject\Short_platformer_game\system\fxgl.bundle
22:56:55.646 [JavaFX Application Thread] DEBUG Async                - Shutting down background threads
22:56:55.646 [JavaFX Application Thread] DEBUG PrimaryStageWindow   - Closing main window
22:56:55.686 [JavaFX Application Thread] DEBUG Logger               - Closing Logger
