00:34:49.386 [main                     ] DEBUG Logger               - Configured Logger
00:34:49.405 [main                     ] DEBUG GameApplication      - Logging settings
Title: Short platformer game
Version: 0.1
Width: 1024
Height: 640
Fullscreen: false
Intro: false
Profiling: false
Single step:false
App Mode: DEVELOPER
Menu Key: ESCAPE
Stage Style: DECORATED
Scene Factory: class com.almasb.fxgl.app.scene.SceneFactory

00:34:49.691 [JavaFX Application Thread] DEBUG FXGLApplication      - Initializing FXGL
00:34:49.695 [JavaFX Application Thread] INFO  Engine               - FXGL-17.1 (24.03.2022 17.34) on WINDOWS (J:19.0.1 FX:18)
00:34:49.696 [JavaFX Application Thread] DEBUG Engine               - JRE Vendor Name: Oracle Corporation
00:34:49.696 [JavaFX Application Thread] DEBUG Engine               - Running on OS: Windows 10 version 10.0
00:34:49.696 [JavaFX Application Thread] DEBUG Engine               - Architecture: amd64
00:34:49.696 [JavaFX Application Thread] INFO  Engine               - Source code and latest versions at: https://github.com/AlmasB/FXGL
00:34:49.696 [JavaFX Application Thread] INFO  Engine               -       Ask questions and discuss at: https://github.com/AlmasB/FXGL/discussions
00:34:49.696 [JavaFX Application Thread] INFO  Engine               -              Join the FXGL chat at: https://gitter.im/AlmasB/FXGL
00:34:49.774 [JavaFX Application Thread] DEBUG PrimaryStageWindow   - Creating a JavaFX scene
00:34:49.817 [JavaFX Application Thread] DEBUG PrimaryStageWindow   - Target settings size: 1024.0 x 640.0
00:34:49.818 [JavaFX Application Thread] DEBUG PrimaryStageWindow   - Scaled scene size:    1024.0 x 640.0
00:34:49.818 [JavaFX Application Thread] DEBUG PrimaryStageWindow   - Scaled ratio: (1.0, 1.0)
00:34:49.818 [JavaFX Application Thread] DEBUG PrimaryStageWindow   - Set initial scene to FXGLStartupScene
00:34:49.823 [JavaFX Application Thread] DEBUG PrimaryStageWindow   - Opening main window
00:34:49.910 [JavaFX Application Thread] DEBUG PrimaryStageWindow   - Window border size: (14.4000244140625, 37.5999755859375)
00:34:49.911 [JavaFX Application Thread] DEBUG PrimaryStageWindow   - Scaled size: 1024.0 x 640.0
00:34:49.911 [JavaFX Application Thread] DEBUG PrimaryStageWindow   - Scaled ratio: (1.0, 1.0)
00:34:49.912 [JavaFX Application Thread] DEBUG PrimaryStageWindow   - Scene size: 1024.0 x 640.0
00:34:49.913 [JavaFX Application Thread] DEBUG PrimaryStageWindow   - Stage size: 1038.4000244140625 x 677.5999755859375
00:34:49.924 [FXGL Background Thread 1 ] DEBUG Engine               - Initializing environment variables
00:34:49.985 [FXGL Background Thread 1 ] DEBUG FXGLAssetLoaderServi - User app class for loading assets: class org.platformer.PlatformerApp
00:34:49.986 [FXGL Background Thread 1 ] DEBUG GameApplicationServi - Applying CSS: fxgl_dark.css
00:34:49.987 [FXGL Background Thread 1 ] DEBUG FXGLAssetLoaderServi - Loading from file system: jar:file:///C:/Users/sande/.m2/repository/com/github/almasb/fxgl/17.1/fxgl-17.1.jar!/fxglassets/ui/css/fxgl_dark.css
00:34:50.028 [FXGL Background Thread 1 ] DEBUG GameApplicationServi - Initializing application scenes
00:34:50.068 [FXGL Background Thread 1 ] DEBUG GameWorld            - Game world initialized
00:34:50.144 [FXGL Background Thread 1 ] DEBUG PhysicsWorld         - Physics world initialized: appHeight=640, physics.ppm=50.0
00:34:50.145 [FXGL Background Thread 1 ] DEBUG PhysicsWorld         - Using strategy: BRUTE_FORCE
00:34:50.150 [FXGL Background Thread 1 ] DEBUG GameScene            - Game scene initialized: 1024x640
00:34:50.162 [FXGL Background Thread 1 ] DEBUG FXGL.DefaultMenu     - createMenuBodyGameMenu()
00:34:50.176 [FXGL Background Thread 1 ] DEBUG FXGL.DefaultMenu     - createOptionsMenu()
00:34:50.187 [FXGL Background Thread 1 ] DEBUG FXGLAssetLoaderServi - Loading from file system: jar:file:///C:/Users/sande/.m2/repository/com/github/almasb/fxgl/17.1/fxgl-17.1.jar!/fxglassets/textures/particles/smoke.png
00:34:50.274 [FXGL Background Thread 1 ] DEBUG FXGLAssetLoaderServi - Loading from file system: jar:file:///C:/Users/sande/.m2/repository/com/github/almasb/fxgl/17.1/fxgl-17.1.jar!/fxglassets/textures/particles/trace_horizontal.png
00:34:50.316 [FXGL Background Thread 1 ] DEBUG GameApplicationServi - Application scenes initialized
00:34:50.328 [FXGL Background Thread 1 ] DEBUG SystemBundleService  - Loading FXGL system data
00:34:50.333 [FXGL Background Thread 1 ] DEBUG FileSystemAccess     - Reading from: C:\Users\sande\IdeaProjects\Java Advanced\ShortburstProject\Short_platformer_game\system\fxgl.bundle
00:34:50.345 [FXGL Background Thread 1 ] DEBUG SystemBundleService  - Bundle FXGL: {}
00:34:50.345 [FXGL Background Thread 1 ] DEBUG UpdaterService       - Checking for updates
00:34:50.371 [FXGL Background Thread 4 ] DEBUG FXGLApplication      - Loading fonts
00:34:50.371 [FXGL Background Thread 1 ] DEBUG FXGLApplication      - Loading default localization
00:34:50.371 [FXGL Background Thread 4 ] DEBUG FXGLAssetLoaderServi - Loading from file system: jar:file:///C:/Users/sande/.m2/repository/com/github/almasb/fxgl/17.1/fxgl-17.1.jar!/fxglassets/ui/fonts/VarelaRound-Regular.ttf
00:34:50.372 [FXGL Background Thread 1 ] DEBUG FXGLAssetLoaderServi - Loading from file system: jar:file:///C:/Users/sande/.m2/repository/com/github/almasb/fxgl/17.1/fxgl-17.1.jar!/fxglassets/languages/english.lang
00:34:50.398 [FXGL Background Thread 1 ] INFO  FXGLApplication      - FXGL initialization took: 0.473 sec
00:34:50.409 [JavaFX Application Thread] DEBUG Input                - Registered new binding: Left - Left
00:34:50.409 [JavaFX Application Thread] DEBUG Input                - Registered new binding: Right - Right
00:34:50.409 [JavaFX Application Thread] DEBUG Input                - Registered new binding: Jump - Up
00:34:50.409 [JavaFX Application Thread] DEBUG Input                - Registered new binding: Stomp - Down
00:34:50.409 [JavaFX Application Thread] DEBUG Input                - Registered new binding: Shoot - Z
00:34:50.410 [JavaFX Application Thread] DEBUG Input                - Registered new binding: getCoordinates - C
00:34:50.410 [JavaFX Application Thread] DEBUG FXGLAssetLoaderServi - Loading from file system: jar:file:///C:/Users/sande/.m2/repository/com/github/almasb/fxgl/17.1/fxgl-17.1.jar!/fxglassets/textures/fxgl_icon.png
00:34:50.435 [JavaFX Application Thread] DEBUG FXGLAssetLoaderServi - Loading from file system: jar:file:///C:/Users/sande/.m2/repository/com/github/almasb/fxgl/17.1/fxgl-17.1.jar!/fxglassets/textures/fxgl_default_cursor.png
00:34:50.439 [JavaFX Application Thread] DEBUG Input                - Registered new binding: Screenshot - CTRL+8
00:34:50.440 [JavaFX Application Thread] DEBUG Input                - Registered new binding: Dev Options - 1
00:34:50.440 [JavaFX Application Thread] DEBUG Input                - Registered new binding: Dev Console - 2
00:34:50.440 [JavaFX Application Thread] DEBUG Input                - Registered new binding: System info dump - CTRL+9
00:34:50.441 [JavaFX Application Thread] DEBUG Input                - Registered new binding: Restart - CTRL+R
00:34:50.441 [JavaFX Application Thread] DEBUG Input                - Registered new binding: Toggle Debug Camera - CTRL+7
00:34:50.444 [JavaFX Application Thread] DEBUG LoopRunner           - Starting loop
00:34:50.451 [FXGL Background Thread 4 ] DEBUG FXGLAssetLoaderServi - Loading from file system: jar:file:///C:/Users/sande/.m2/repository/com/github/almasb/fxgl/17.1/fxgl-17.1.jar!/fxglassets/ui/fonts/Abel-Regular.ttf
00:34:50.457 [JavaFX Application Thread] DEBUG LoopRunner           - Initializing JavaFX AnimationTimerLoop
00:34:50.457 [JavaFX Application Thread] DEBUG GameApplicationServi - Starting new game
00:34:50.459 [JavaFX Application Thread] DEBUG Input                - Clearing active input actions
00:34:50.468 [FXGL Background Thread 4 ] DEBUG FXGLAssetLoaderServi - Loading from file system: jar:file:///C:/Users/sande/.m2/repository/com/github/almasb/fxgl/17.1/fxgl-17.1.jar!/fxglassets/ui/fonts/TerminalLandMono-Regular.otf
00:34:50.468 [JavaFX Application Thread] DEBUG GameApplicationServi - Removing overlay from FXGLStartupScene and adding to FXGLLoadingScene
00:34:50.472 [JavaFX Application Thread] DEBUG PrimaryStageWindow   - FXGLStartupScene -> FXGLLoadingScene
00:34:50.472 [JavaFX Application Thread] DEBUG GameApplicationServi - Clearing previous game
00:34:50.472 [JavaFX Application Thread] DEBUG GameScene            - Clearing game scene
00:34:50.472 [JavaFX Application Thread] DEBUG GameWorld            - Clearing game world
00:34:50.472 [JavaFX Application Thread] DEBUG PhysicsWorld         - Clearing physics world
00:34:50.474 [FXGL Background Thread 1 ] DEBUG FXGLApplication      - Initializing game
00:34:50.483 [FXGL Background Thread 4 ] DEBUG FXGLAssetLoaderServi - Loading from file system: jar:file:///C:/Users/sande/.m2/repository/com/github/almasb/fxgl/17.1/fxgl-17.1.jar!/fxglassets/ui/fonts/Courier-Prime.ttf
00:34:50.542 [FXGL Background Thread 1 ] DEBUG TMXLevelLoader       - Parsed TiledMap: file:/C:/Users/sande/IdeaProjects/Java%20Advanced/ShortburstProject/Short_platformer_game/target/classes/assets/levels/tmx/platformer.tmx
00:34:50.544 [FXGL Background Thread 1 ] DEBUG TMXLevelLoader       - Creating tile layer entities
00:34:50.545 [FXGL Background Thread 1 ] DEBUG TilesetLoader        - Loading view for layer Tile Layer 1
00:34:50.546 [FXGL Background Thread 1 ] DEBUG TilesetLoader        - Created buffer with size 1024.0x640.0
00:34:50.563 [FXGL Background Thread 1 ] DEBUG TMXLevelLoader       - Creating object layer entities
00:34:50.598 [FXGL Background Thread 1 ] DEBUG FXGLAssetLoaderServi - Loading from file system: file:/C:/Users/sande/IdeaProjects/Java%20Advanced/ShortburstProject/Short_platformer_game/target/classes/assets/textures/Items/Checkpoints/End/End%20(Idle).png
00:34:50.607 [FXGL Background Thread 1 ] DEBUG FXGLAssetLoaderServi - Loading from file system: file:/C:/Users/sande/IdeaProjects/Java%20Advanced/ShortburstProject/Short_platformer_game/target/classes/assets/textures/Items/Boxes/Box1/Idle.png
00:34:50.612 [FXGL Background Thread 1 ] DEBUG FXGLAssetLoaderServi - Loading from file system: file:/C:/Users/sande/IdeaProjects/Java%20Advanced/ShortburstProject/Short_platformer_game/target/classes/assets/textures/Items/Boxes/Box1/Hit%20(28x24).png
00:34:50.620 [FXGL Background Thread 1 ] DEBUG FXGLAssetLoaderServi - Loading from file system: file:/C:/Users/sande/IdeaProjects/Java%20Advanced/ShortburstProject/Short_platformer_game/target/classes/assets/textures/Items/Fruits/Melon.png
00:34:50.624 [FXGL Background Thread 1 ] DEBUG FXGLAssetLoaderServi - Loading from file system: file:/C:/Users/sande/IdeaProjects/Java%20Advanced/ShortburstProject/Short_platformer_game/target/classes/assets/textures/Items/Fruits/Orange.png
00:34:50.629 [FXGL Background Thread 1 ] DEBUG FXGLAssetLoaderServi - Loading from file system: file:/C:/Users/sande/IdeaProjects/Java%20Advanced/ShortburstProject/Short_platformer_game/target/classes/assets/textures/Items/Fruits/Strawberry.png
00:34:50.632 [FXGL Background Thread 1 ] DEBUG FXGLAssetLoaderServi - Loading from file system: file:/C:/Users/sande/IdeaProjects/Java%20Advanced/ShortburstProject/Short_platformer_game/target/classes/assets/textures/Items/Fruits/Cherries.png
00:34:50.635 [FXGL Background Thread 1 ] DEBUG FXGLAssetLoaderServi - Loading from file system: file:/C:/Users/sande/IdeaProjects/Java%20Advanced/ShortburstProject/Short_platformer_game/target/classes/assets/textures/Items/Fruits/Apple.png
00:34:50.642 [FXGL Background Thread 1 ] DEBUG FXGLAssetLoaderServi - Loading from file system: file:/C:/Users/sande/IdeaProjects/Java%20Advanced/ShortburstProject/Short_platformer_game/target/classes/assets/textures/Items/Fruits/Bananas.png
00:34:50.652 [FXGL Background Thread 1 ] DEBUG FXGLAssetLoaderServi - Loading from file system: file:/C:/Users/sande/IdeaProjects/Java%20Advanced/ShortburstProject/Short_platformer_game/target/classes/assets/textures/Enemies/Mushroom/Idle%20(32x32).png
00:34:50.656 [FXGL Background Thread 1 ] DEBUG FXGLAssetLoaderServi - Loading from file system: file:/C:/Users/sande/IdeaProjects/Java%20Advanced/ShortburstProject/Short_platformer_game/target/classes/assets/textures/Enemies/Mushroom/Run%20(32x32).png
00:34:50.658 [FXGL Background Thread 1 ] DEBUG FXGLAssetLoaderServi - Loading from file system: file:/C:/Users/sande/IdeaProjects/Java%20Advanced/ShortburstProject/Short_platformer_game/target/classes/assets/textures/Enemies/Mushroom/Hit.png
00:34:50.668 [FXGL Background Thread 1 ] DEBUG GameWorld            - Clearing removable entities
00:34:50.674 [FXGL Background Thread 1 ] DEBUG GameWorld            - Setting level: com.almasb.fxgl.entity.level.Level@33be4c5a
00:34:50.685 [FXGL Background Thread 1 ] DEBUG FXGLAssetLoaderServi - Loading from file system: file:/C:/Users/sande/IdeaProjects/Java%20Advanced/ShortburstProject/Short_platformer_game/target/classes/assets/textures/Virtual%20Guy/Idle%20(32x32).png
00:34:50.687 [FXGL Background Thread 1 ] DEBUG FXGLAssetLoaderServi - Loading from file system: file:/C:/Users/sande/IdeaProjects/Java%20Advanced/ShortburstProject/Short_platformer_game/target/classes/assets/textures/Virtual%20Guy/Run%20(32x32).png
00:34:50.689 [FXGL Background Thread 1 ] DEBUG FXGLAssetLoaderServi - Loading from file system: file:/C:/Users/sande/IdeaProjects/Java%20Advanced/ShortburstProject/Short_platformer_game/target/classes/assets/textures/Virtual%20Guy/Jump%20(32x32).png
00:34:50.690 [FXGL Background Thread 1 ] DEBUG FXGLAssetLoaderServi - Loading from file system: file:/C:/Users/sande/IdeaProjects/Java%20Advanced/ShortburstProject/Short_platformer_game/target/classes/assets/textures/Virtual%20Guy/Double%20Jump%20(32x32).png
00:34:50.692 [FXGL Background Thread 1 ] DEBUG FXGLAssetLoaderServi - Loading from file system: file:/C:/Users/sande/IdeaProjects/Java%20Advanced/ShortburstProject/Short_platformer_game/target/classes/assets/textures/Virtual%20Guy/Fall%20(32x32).png
00:34:50.695 [FXGL Background Thread 1 ] DEBUG FXGLAssetLoaderServi - Loading from file system: file:/C:/Users/sande/IdeaProjects/Java%20Advanced/ShortburstProject/Short_platformer_game/target/classes/assets/textures/Virtual%20Guy/Disappearing%20(32x32).png
00:34:50.699 [FXGL Background Thread 1 ] DEBUG FXGLAssetLoaderServi - Loading from file system: file:/C:/Users/sande/IdeaProjects/Java%20Advanced/ShortburstProject/Short_platformer_game/target/classes/assets/textures/Virtual%20Guy/Appearing%20(32x32).png
00:34:50.700 [FXGL Background Thread 1 ] DEBUG FXGLAssetLoaderServi - Loading from file system: file:/C:/Users/sande/IdeaProjects/Java%20Advanced/ShortburstProject/Short_platformer_game/target/classes/assets/textures/Virtual%20Guy/Hit%20(32x32).png
00:34:50.705 [FXGL Background Thread 1 ] DEBUG FXGLAssetLoaderServi - Loading from file system: file:/C:/Users/sande/IdeaProjects/Java%20Advanced/ShortburstProject/Short_platformer_game/target/classes/assets/textures/Background/Blue.png
00:34:50.710 [FXGL Background Thread 1 ] DEBUG FXGLAssetLoaderServi - Loading from file system: file:/C:/Users/sande/IdeaProjects/Java%20Advanced/ShortburstProject/Short_platformer_game/target/classes/assets/textures/Items/Other/Heart%20(64x64).png
00:34:50.714 [FXGL Background Thread 1 ] DEBUG FXGLAssetLoaderServi - Loading from file system: file:/C:/Users/sande/IdeaProjects/Java%20Advanced/ShortburstProject/Short_platformer_game/target/classes/assets/textures/Items/Fruits/Apple%20(64x64).png
00:34:50.717 [JavaFX Application Thread] DEBUG FXGLApplication      - Registering font factories with UI factory
00:34:50.718 [FXGL Background Thread 1 ] INFO  FXGLApplication      - Game initialization took: 0.244 sec
00:34:50.730 [FXGL Background Thread 2 ] INFO  UpdaterService       - Your current version:  17.1
00:34:50.730 [FXGL Background Thread 2 ] INFO  UpdaterService       - Latest stable version: 17.2
00:34:50.741 [JavaFX Application Thread] DEBUG Input                - Clearing active input actions
00:34:50.757 [JavaFX Application Thread] DEBUG GameApplicationServi - Removing overlay from FXGLLoadingScene and adding to GameScene
00:34:50.762 [JavaFX Application Thread] DEBUG PrimaryStageWindow   - FXGLLoadingScene -> GameScene
00:34:53.370 [FXGL Background Thread 3 ] DEBUG Engine               - Logging environment variables
00:34:53.370 [FXGL Background Thread 3 ] DEBUG Engine               - achievements: []
00:34:53.370 [FXGL Background Thread 3 ] DEBUG Engine               - actualHeight: 640.0
00:34:53.371 [FXGL Background Thread 3 ] DEBUG Engine               - actualHeightProperty: ReadOnlyDoubleProperty [value: 640.0]
00:34:53.371 [FXGL Background Thread 3 ] DEBUG Engine               - actualWidth: 1024.0
00:34:53.372 [FXGL Background Thread 3 ] DEBUG Engine               - actualWidthProperty: ReadOnlyDoubleProperty [value: 1024.0]
00:34:53.372 [FXGL Background Thread 3 ] DEBUG Engine               - appIcon: fxgl_icon.png
00:34:53.372 [FXGL Background Thread 3 ] DEBUG Engine               - applicationMode: DEVELOPER
00:34:53.372 [FXGL Background Thread 3 ] DEBUG Engine               - cSSList: [fxgl_dark.css]
00:34:53.372 [FXGL Background Thread 3 ] DEBUG Engine               - collisionDetectionStrategy: BRUTE_FORCE
00:34:53.372 [FXGL Background Thread 3 ] DEBUG Engine               - configClass: Optional.empty
00:34:53.372 [FXGL Background Thread 3 ] DEBUG Engine               - credits: []
00:34:53.373 [FXGL Background Thread 3 ] DEBUG Engine               - defaultCursor: CursorInfo(imageName=fxgl_default_cursor.png, hotspotX=7.0, hotspotY=6.0)
00:34:53.373 [FXGL Background Thread 3 ] DEBUG Engine               - devBBoxColorProperty: ObjectProperty [value: 0xff0000ff]
00:34:53.373 [FXGL Background Thread 3 ] DEBUG Engine               - devEnableDebugCameraProperty: BooleanProperty [value: false]
00:34:53.374 [FXGL Background Thread 3 ] DEBUG Engine               - devSensorColorProperty: ObjectProperty [value: 0xffff00ff]
00:34:53.374 [FXGL Background Thread 3 ] DEBUG Engine               - devShowBBoxProperty: BooleanProperty [value: false]
00:34:53.374 [FXGL Background Thread 3 ] DEBUG Engine               - devShowPositionProperty: BooleanProperty [value: false]
00:34:53.374 [FXGL Background Thread 3 ] DEBUG Engine               - enabledMenuItems: []
00:34:53.374 [FXGL Background Thread 3 ] DEBUG Engine               - engineServices: [class com.almasb.fxgl.app.services.FXGLAssetLoaderService, class com.almasb.fxgl.app.FXGLApplication$GameApplicationService, class com.almasb.fxgl.app.services.FXGLDialogService, class com.almasb.fxgl.app.services.IOTaskExecutorService, class com.almasb.fxgl.io.FileSystemService, class com.almasb.fxgl.localization.LocalizationService, class com.almasb.fxgl.app.services.SystemBundleService, class com.almasb.fxgl.profile.SaveLoadService, class com.almasb.fxgl.ui.FXGLUIFactoryServiceProvider, class com.almasb.fxgl.ui.FXGLDialogFactoryServiceProvider, class com.almasb.fxgl.audio.AudioPlayer, class com.almasb.fxgl.notification.impl.NotificationServiceProvider, class com.almasb.fxgl.achievement.AchievementService, class com.almasb.fxgl.cutscene.CutsceneService, class com.almasb.fxgl.minigames.MiniGameService, class com.almasb.fxgl.net.NetService, class com.almasb.fxgl.app.services.UpdaterService, class com.almasb.fxgl.dev.DevService]
00:34:53.374 [FXGL Background Thread 3 ] DEBUG Engine               - fontGame: Abel-Regular.ttf
00:34:53.375 [FXGL Background Thread 3 ] DEBUG Engine               - fontMono: TerminalLandMono-Regular.otf
00:34:53.375 [FXGL Background Thread 3 ] DEBUG Engine               - fontText: Courier-Prime.ttf
00:34:53.375 [FXGL Background Thread 3 ] DEBUG Engine               - fontUI: VarelaRound-Regular.ttf
00:34:53.375 [FXGL Background Thread 3 ] DEBUG Engine               - fullScreen: BooleanProperty [value: false]
00:34:53.375 [FXGL Background Thread 3 ] DEBUG Engine               - gameDifficulty: MEDIUM
00:34:53.375 [FXGL Background Thread 3 ] DEBUG Engine               - gameDifficultyProperty: ObjectProperty [value: MEDIUM]
00:34:53.375 [FXGL Background Thread 3 ] DEBUG Engine               - globalMusicVolume: 0.5
00:34:53.375 [FXGL Background Thread 3 ] DEBUG Engine               - globalMusicVolumeProperty: DoubleProperty [value: 0.5]
00:34:53.375 [FXGL Background Thread 3 ] DEBUG Engine               - globalSoundVolume: 0.5
00:34:53.375 [FXGL Background Thread 3 ] DEBUG Engine               - globalSoundVolumeProperty: DoubleProperty [value: 0.5]
00:34:53.376 [FXGL Background Thread 3 ] DEBUG Engine               - height: 640
00:34:53.376 [FXGL Background Thread 3 ] DEBUG Engine               - is3D: false
00:34:53.376 [FXGL Background Thread 3 ] DEBUG Engine               - isAndroid: false
00:34:53.376 [FXGL Background Thread 3 ] DEBUG Engine               - isBrowser: false
00:34:53.376 [FXGL Background Thread 3 ] DEBUG Engine               - isClickFeedbackEnabled: false
00:34:53.376 [FXGL Background Thread 3 ] DEBUG Engine               - isCloseConfirmation: false
00:34:53.376 [FXGL Background Thread 3 ] DEBUG Engine               - isDesktop: true
00:34:53.376 [FXGL Background Thread 3 ] DEBUG Engine               - isDeveloperMenuEnabled: true
00:34:53.376 [FXGL Background Thread 3 ] DEBUG Engine               - isEmbedded: false
00:34:53.376 [FXGL Background Thread 3 ] DEBUG Engine               - isEntityPreloadEnabled: true
00:34:53.376 [FXGL Background Thread 3 ] DEBUG Engine               - isExperimentalTiledLargeMap: false
00:34:53.376 [FXGL Background Thread 3 ] DEBUG Engine               - isFileSystemWriteAllowed: true
00:34:53.377 [FXGL Background Thread 3 ] DEBUG Engine               - isFullScreenAllowed: false
00:34:53.377 [FXGL Background Thread 3 ] DEBUG Engine               - isFullScreenFromStart: false
00:34:53.377 [FXGL Background Thread 3 ] DEBUG Engine               - isGameMenuEnabled: true
00:34:53.377 [FXGL Background Thread 3 ] DEBUG Engine               - isIOS: false
00:34:53.377 [FXGL Background Thread 3 ] DEBUG Engine               - isIntroEnabled: false
00:34:53.377 [FXGL Background Thread 3 ] DEBUG Engine               - isLinux: false
00:34:53.377 [FXGL Background Thread 3 ] DEBUG Engine               - isMac: false
00:34:53.377 [FXGL Background Thread 3 ] DEBUG Engine               - isMainMenuEnabled: false
00:34:53.377 [FXGL Background Thread 3 ] DEBUG Engine               - isManualResizeEnabled: false
00:34:53.377 [FXGL Background Thread 3 ] DEBUG Engine               - isMobile: false
00:34:53.377 [FXGL Background Thread 3 ] DEBUG Engine               - isNative: false
00:34:53.377 [FXGL Background Thread 3 ] DEBUG Engine               - isPauseMusicWhenMinimized: true
00:34:53.377 [FXGL Background Thread 3 ] DEBUG Engine               - isPreserveResizeRatio: false
00:34:53.377 [FXGL Background Thread 3 ] DEBUG Engine               - isProfilingEnabled: false
00:34:53.378 [FXGL Background Thread 3 ] DEBUG Engine               - isScaleAffectedOnResize: true
00:34:53.378 [FXGL Background Thread 3 ] DEBUG Engine               - isSingleStep: false
00:34:53.378 [FXGL Background Thread 3 ] DEBUG Engine               - isUserProfileEnabled: false
00:34:53.378 [FXGL Background Thread 3 ] DEBUG Engine               - isWindows: true
00:34:53.378 [FXGL Background Thread 3 ] DEBUG Engine               - language: ObjectProperty [value: ENGLISH]
00:34:53.378 [FXGL Background Thread 3 ] DEBUG Engine               - menuKey: ESCAPE
00:34:53.378 [FXGL Background Thread 3 ] DEBUG Engine               - mouseSensitivity: 0.2
00:34:53.378 [FXGL Background Thread 3 ] DEBUG Engine               - notificationViewClass: class com.almasb.fxgl.notification.view.XboxNotificationView
00:34:53.378 [FXGL Background Thread 3 ] DEBUG Engine               - pixelsPerMeter: 50.0
00:34:53.378 [FXGL Background Thread 3 ] DEBUG Engine               - platform: WINDOWS
00:34:53.378 [FXGL Background Thread 3 ] DEBUG Engine               - prefHeightProperty: ReadOnlyDoubleProperty [value: 640.0]
00:34:53.379 [FXGL Background Thread 3 ] DEBUG Engine               - prefWidthProperty: ReadOnlyDoubleProperty [value: 1024.0]
00:34:53.379 [FXGL Background Thread 3 ] DEBUG Engine               - profileDir: profiles/
00:34:53.379 [FXGL Background Thread 3 ] DEBUG Engine               - profileName: StringProperty [value: DEFAULT]
00:34:53.379 [FXGL Background Thread 3 ] DEBUG Engine               - randomSeed: -1
00:34:53.379 [FXGL Background Thread 3 ] DEBUG Engine               - runtimeInfo: RuntimeInfo(platform=WINDOWS, version=17.1, build=24.03.2022 17.34)
00:34:53.379 [FXGL Background Thread 3 ] DEBUG Engine               - saveFileExt: sav
00:34:53.379 [FXGL Background Thread 3 ] DEBUG Engine               - scaledHeightProp$fxgl: DoubleProperty [bound, value: 640.0]
00:34:53.380 [FXGL Background Thread 3 ] DEBUG Engine               - scaledWidthProp$fxgl: DoubleProperty [bound, value: 1024.0]
00:34:53.380 [FXGL Background Thread 3 ] DEBUG Engine               - sceneFactory: com.almasb.fxgl.app.scene.SceneFactory@3fbeeab
00:34:53.380 [FXGL Background Thread 3 ] DEBUG Engine               - secondsIn24h: 60
00:34:53.380 [FXGL Background Thread 3 ] DEBUG Engine               - soundMenuBack: menu/back.wav
00:34:53.380 [FXGL Background Thread 3 ] DEBUG Engine               - soundMenuPress: menu/press.wav
00:34:53.380 [FXGL Background Thread 3 ] DEBUG Engine               - soundMenuSelect: menu/select.wav
00:34:53.380 [FXGL Background Thread 3 ] DEBUG Engine               - soundNotification: core/notification.wav
00:34:53.380 [FXGL Background Thread 3 ] DEBUG Engine               - stageStyle: DECORATED
00:34:53.380 [FXGL Background Thread 3 ] DEBUG Engine               - supportedLanguages: [ENGLISH, FRENCH, GERMAN, HUNGARIAN, RUSSIAN]
00:34:53.380 [FXGL Background Thread 3 ] DEBUG Engine               - ticksPerSecond: -1
00:34:53.380 [FXGL Background Thread 3 ] DEBUG Engine               - title: Short platformer game
00:34:53.380 [FXGL Background Thread 3 ] DEBUG Engine               - urlGithub: https://github.com/AlmasB/FXGL
00:34:53.380 [FXGL Background Thread 3 ] DEBUG Engine               - urlLeaderboard: http://fxgl-top.herokuapp.com/
00:34:53.380 [FXGL Background Thread 3 ] DEBUG Engine               - urlPOM: https://raw.githubusercontent.com/AlmasB/FXGL/release/README.md
00:34:53.380 [FXGL Background Thread 3 ] DEBUG Engine               - userAppClass: class org.platformer.PlatformerApp
00:34:53.381 [FXGL Background Thread 3 ] DEBUG Engine               - version: 0.1
00:34:53.381 [FXGL Background Thread 3 ] DEBUG Engine               - versionCheckDays: 7
00:34:53.381 [FXGL Background Thread 3 ] DEBUG Engine               - width: 1024
00:34:53.381 [FXGL Background Thread 3 ] DEBUG Engine               - Logging services
00:34:53.381 [FXGL Background Thread 3 ] DEBUG Engine               - class com.almasb.fxgl.app.services.FXGLAssetLoaderService
00:34:53.381 [FXGL Background Thread 3 ] DEBUG Engine               - class com.almasb.fxgl.app.FXGLApplication$GameApplicationService
00:34:53.381 [FXGL Background Thread 3 ] DEBUG Engine               - class com.almasb.fxgl.app.services.FXGLDialogService
00:34:53.381 [FXGL Background Thread 3 ] DEBUG Engine               - class com.almasb.fxgl.app.services.IOTaskExecutorService
00:34:53.382 [FXGL Background Thread 3 ] DEBUG Engine               - class com.almasb.fxgl.io.FileSystemService
00:34:53.382 [FXGL Background Thread 3 ] DEBUG Engine               - class com.almasb.fxgl.localization.LocalizationService
00:34:53.382 [FXGL Background Thread 3 ] DEBUG Engine               - class com.almasb.fxgl.app.services.SystemBundleService
00:34:53.382 [FXGL Background Thread 3 ] DEBUG Engine               - class com.almasb.fxgl.profile.SaveLoadService
00:34:53.382 [FXGL Background Thread 3 ] DEBUG Engine               - class com.almasb.fxgl.ui.FXGLUIFactoryServiceProvider
00:34:53.382 [FXGL Background Thread 3 ] DEBUG Engine               - class com.almasb.fxgl.ui.FXGLDialogFactoryServiceProvider
00:34:53.382 [FXGL Background Thread 3 ] DEBUG Engine               - class com.almasb.fxgl.audio.AudioPlayer
00:34:53.382 [FXGL Background Thread 3 ] DEBUG Engine               - class com.almasb.fxgl.notification.impl.NotificationServiceProvider
00:34:53.382 [FXGL Background Thread 3 ] DEBUG Engine               - class com.almasb.fxgl.achievement.AchievementService
00:34:53.382 [FXGL Background Thread 3 ] DEBUG Engine               - class com.almasb.fxgl.cutscene.CutsceneService
00:34:53.383 [FXGL Background Thread 3 ] DEBUG Engine               - class com.almasb.fxgl.minigames.MiniGameService
00:34:53.383 [FXGL Background Thread 3 ] DEBUG Engine               - class com.almasb.fxgl.net.NetService
00:34:53.383 [FXGL Background Thread 3 ] DEBUG Engine               - class com.almasb.fxgl.app.services.UpdaterService
00:34:53.383 [FXGL Background Thread 3 ] DEBUG Engine               - class com.almasb.fxgl.dev.DevService
00:35:01.834 [JavaFX Application Thread] DEBUG FXGLApplication      - Exiting FXGL
00:35:01.834 [JavaFX Application Thread] DEBUG LoopRunner           - Stopping loop
00:35:01.834 [JavaFX Application Thread] DEBUG SystemBundleService  - Saving FXGL system data
00:35:01.838 [JavaFX Application Thread] DEBUG FileSystemAccess     - Writing to: C:\Users\sande\IdeaProjects\Java Advanced\ShortburstProject\Short_platformer_game\system\fxgl.bundle
00:35:01.841 [JavaFX Application Thread] DEBUG Async                - Shutting down background threads
00:35:01.842 [JavaFX Application Thread] DEBUG PrimaryStageWindow   - Closing main window
00:35:01.873 [JavaFX Application Thread] DEBUG Logger               - Closing Logger
