16:55:31.434 [main                     ] DEBUG Logger               - Configured Logger
16:55:31.458 [main                     ] DEBUG GameApplication      - Logging settings
Title: Untitled
Version: 0.0
Width: 800
Height: 600
Fullscreen: false
Intro: false
Profiling: false
Single step:false
App Mode: DEVELOPER
Menu Key: ESCAPE
Stage Style: DECORATED
Scene Factory: class com.almasb.fxgl.app.scene.SceneFactory

16:55:31.719 [JavaFX Application Thread] DEBUG FXGLApplication      - Initializing FXGL
16:55:31.725 [JavaFX Application Thread] INFO  Engine               - FXGL-17.1 (24.03.2022 17.34) on WINDOWS (J:19.0.1 FX:18)
16:55:31.726 [JavaFX Application Thread] DEBUG Engine               - JRE Vendor Name: Oracle Corporation
16:55:31.726 [JavaFX Application Thread] DEBUG Engine               - Running on OS: Windows 10 version 10.0
16:55:31.726 [JavaFX Application Thread] DEBUG Engine               - Architecture: amd64
16:55:31.727 [JavaFX Application Thread] INFO  Engine               - Source code and latest versions at: https://github.com/AlmasB/FXGL
16:55:31.727 [JavaFX Application Thread] INFO  Engine               -       Ask questions and discuss at: https://github.com/AlmasB/FXGL/discussions
16:55:31.727 [JavaFX Application Thread] INFO  Engine               -              Join the FXGL chat at: https://gitter.im/AlmasB/FXGL
16:55:31.807 [JavaFX Application Thread] DEBUG PrimaryStageWindow   - Creating a JavaFX scene
16:55:31.845 [JavaFX Application Thread] DEBUG PrimaryStageWindow   - Target settings size: 800.0 x 600.0
16:55:31.845 [JavaFX Application Thread] DEBUG PrimaryStageWindow   - Scaled scene size:    800.0 x 600.0
16:55:31.846 [JavaFX Application Thread] DEBUG PrimaryStageWindow   - Scaled ratio: (1.0, 1.0)
16:55:31.846 [JavaFX Application Thread] DEBUG PrimaryStageWindow   - Set initial scene to FXGLStartupScene
16:55:31.852 [JavaFX Application Thread] DEBUG PrimaryStageWindow   - Opening main window
16:55:31.927 [JavaFX Application Thread] DEBUG PrimaryStageWindow   - Window border size: (14.4000244140625, 37.5999755859375)
16:55:31.928 [JavaFX Application Thread] DEBUG PrimaryStageWindow   - Scaled size: 800.0 x 600.0
16:55:31.928 [JavaFX Application Thread] DEBUG PrimaryStageWindow   - Scaled ratio: (1.0, 1.0)
16:55:31.928 [JavaFX Application Thread] DEBUG PrimaryStageWindow   - Scene size: 800.0 x 600.0
16:55:31.928 [JavaFX Application Thread] DEBUG PrimaryStageWindow   - Stage size: 814.4000244140625 x 637.5999755859375
16:55:31.939 [FXGL Background Thread 1 ] DEBUG Engine               - Initializing environment variables
16:55:31.997 [FXGL Background Thread 1 ] DEBUG FXGLAssetLoaderServi - User app class for loading assets: class org.platformer.PlatformerApp
16:55:31.998 [FXGL Background Thread 1 ] DEBUG GameApplicationServi - Applying CSS: fxgl_dark.css
16:55:31.999 [FXGL Background Thread 1 ] DEBUG FXGLAssetLoaderServi - Loading from file system: jar:file:///C:/Users/sande/.m2/repository/com/github/almasb/fxgl/17.1/fxgl-17.1.jar!/fxglassets/ui/css/fxgl_dark.css
16:55:32.042 [FXGL Background Thread 1 ] DEBUG GameApplicationServi - Initializing application scenes
16:55:32.102 [FXGL Background Thread 1 ] DEBUG GameWorld            - Game world initialized
16:55:32.180 [FXGL Background Thread 1 ] DEBUG PhysicsWorld         - Physics world initialized: appHeight=600, physics.ppm=50.0
16:55:32.181 [FXGL Background Thread 1 ] DEBUG PhysicsWorld         - Using strategy: BRUTE_FORCE
16:55:32.184 [FXGL Background Thread 1 ] DEBUG GameScene            - Game scene initialized: 800x600
16:55:32.197 [FXGL Background Thread 1 ] DEBUG FXGL.DefaultMenu     - createMenuBodyGameMenu()
16:55:32.211 [FXGL Background Thread 1 ] DEBUG FXGL.DefaultMenu     - createOptionsMenu()
16:55:32.222 [FXGL Background Thread 1 ] DEBUG FXGLAssetLoaderServi - Loading from file system: jar:file:///C:/Users/sande/.m2/repository/com/github/almasb/fxgl/17.1/fxgl-17.1.jar!/fxglassets/textures/particles/smoke.png
16:55:32.326 [FXGL Background Thread 1 ] DEBUG FXGLAssetLoaderServi - Loading from file system: jar:file:///C:/Users/sande/.m2/repository/com/github/almasb/fxgl/17.1/fxgl-17.1.jar!/fxglassets/textures/particles/trace_horizontal.png
16:55:32.365 [FXGL Background Thread 1 ] DEBUG GameApplicationServi - Application scenes initialized
16:55:32.377 [FXGL Background Thread 1 ] DEBUG SystemBundleService  - Loading FXGL system data
16:55:32.383 [FXGL Background Thread 1 ] DEBUG FileSystemAccess     - Reading from: C:\Users\sande\IdeaProjects\Java Advanced\ShortburstProject\Short_platformer_game\system\fxgl.bundle
16:55:32.392 [FXGL Background Thread 1 ] DEBUG SystemBundleService  - Bundle FXGL: {}
16:55:32.392 [FXGL Background Thread 1 ] DEBUG UpdaterService       - Checking for updates
16:55:32.418 [FXGL Background Thread 1 ] DEBUG FXGLApplication      - Loading default localization
16:55:32.419 [FXGL Background Thread 1 ] DEBUG FXGLAssetLoaderServi - Loading from file system: jar:file:///C:/Users/sande/.m2/repository/com/github/almasb/fxgl/17.1/fxgl-17.1.jar!/fxglassets/languages/english.lang
16:55:32.421 [FXGL Background Thread 4 ] DEBUG FXGLApplication      - Loading fonts
16:55:32.421 [FXGL Background Thread 4 ] DEBUG FXGLAssetLoaderServi - Loading from file system: jar:file:///C:/Users/sande/.m2/repository/com/github/almasb/fxgl/17.1/fxgl-17.1.jar!/fxglassets/ui/fonts/VarelaRound-Regular.ttf
16:55:32.444 [FXGL Background Thread 1 ] INFO  FXGLApplication      - FXGL initialization took: 0.504 sec
16:55:32.454 [JavaFX Application Thread] DEBUG Input                - Registered new binding: Left - Left
16:55:32.454 [JavaFX Application Thread] DEBUG Input                - Registered new binding: Right - Right
16:55:32.455 [JavaFX Application Thread] DEBUG Input                - Registered new binding: Jump - Up
16:55:32.455 [JavaFX Application Thread] DEBUG Input                - Registered new binding: Stomp - Down
16:55:32.455 [JavaFX Application Thread] DEBUG Input                - Registered new binding: Shoot - Z
16:55:32.455 [JavaFX Application Thread] DEBUG FXGLAssetLoaderServi - Loading from file system: jar:file:///C:/Users/sande/.m2/repository/com/github/almasb/fxgl/17.1/fxgl-17.1.jar!/fxglassets/textures/fxgl_icon.png
16:55:32.477 [JavaFX Application Thread] DEBUG FXGLAssetLoaderServi - Loading from file system: jar:file:///C:/Users/sande/.m2/repository/com/github/almasb/fxgl/17.1/fxgl-17.1.jar!/fxglassets/textures/fxgl_default_cursor.png
16:55:32.478 [JavaFX Application Thread] DEBUG Input                - Registered new binding: Screenshot - CTRL+8
16:55:32.481 [JavaFX Application Thread] DEBUG Input                - Registered new binding: Dev Options - 1
16:55:32.481 [JavaFX Application Thread] DEBUG Input                - Registered new binding: Dev Console - 2
16:55:32.482 [JavaFX Application Thread] DEBUG Input                - Registered new binding: System info dump - CTRL+9
16:55:32.482 [JavaFX Application Thread] DEBUG Input                - Registered new binding: Restart - CTRL+R
16:55:32.483 [JavaFX Application Thread] DEBUG Input                - Registered new binding: Toggle Debug Camera - CTRL+7
16:55:32.486 [JavaFX Application Thread] DEBUG LoopRunner           - Starting loop
16:55:32.494 [FXGL Background Thread 4 ] DEBUG FXGLAssetLoaderServi - Loading from file system: jar:file:///C:/Users/sande/.m2/repository/com/github/almasb/fxgl/17.1/fxgl-17.1.jar!/fxglassets/ui/fonts/Abel-Regular.ttf
16:55:32.500 [JavaFX Application Thread] DEBUG LoopRunner           - Initializing JavaFX AnimationTimerLoop
16:55:32.502 [JavaFX Application Thread] DEBUG GameApplicationServi - Starting new game
16:55:32.502 [JavaFX Application Thread] DEBUG Input                - Clearing active input actions
16:55:32.512 [FXGL Background Thread 4 ] DEBUG FXGLAssetLoaderServi - Loading from file system: jar:file:///C:/Users/sande/.m2/repository/com/github/almasb/fxgl/17.1/fxgl-17.1.jar!/fxglassets/ui/fonts/TerminalLandMono-Regular.otf
16:55:32.513 [JavaFX Application Thread] DEBUG GameApplicationServi - Removing overlay from FXGLStartupScene and adding to FXGLLoadingScene
16:55:32.520 [JavaFX Application Thread] DEBUG PrimaryStageWindow   - FXGLStartupScene -> FXGLLoadingScene
16:55:32.520 [JavaFX Application Thread] DEBUG GameApplicationServi - Clearing previous game
16:55:32.520 [JavaFX Application Thread] DEBUG GameScene            - Clearing game scene
16:55:32.521 [JavaFX Application Thread] DEBUG GameWorld            - Clearing game world
16:55:32.521 [JavaFX Application Thread] DEBUG PhysicsWorld         - Clearing physics world
16:55:32.522 [FXGL Background Thread 1 ] DEBUG FXGLApplication      - Initializing game
16:55:32.526 [FXGL Background Thread 4 ] DEBUG FXGLAssetLoaderServi - Loading from file system: jar:file:///C:/Users/sande/.m2/repository/com/github/almasb/fxgl/17.1/fxgl-17.1.jar!/fxglassets/ui/fonts/Courier-Prime.ttf
16:55:32.601 [FXGL Background Thread 1 ] DEBUG TMXLevelLoader       - Parsed TiledMap: file:/C:/Users/sande/IdeaProjects/Java%20Advanced/ShortburstProject/Short_platformer_game/target/classes/assets/levels/tmx/platformer.tmx
16:55:32.602 [FXGL Background Thread 1 ] DEBUG TMXLevelLoader       - Creating tile layer entities
16:55:32.603 [FXGL Background Thread 1 ] DEBUG TilesetLoader        - Loading view for layer Tile Layer 1
16:55:32.604 [FXGL Background Thread 1 ] DEBUG TilesetLoader        - Created buffer with size 800.0x160.0
16:55:32.618 [FXGL Background Thread 1 ] DEBUG TMXLevelLoader       - Creating object layer entities
16:55:32.650 [FXGL Background Thread 1 ] DEBUG FXGLAssetLoaderServi - Loading from file system: file:/C:/Users/sande/IdeaProjects/Java%20Advanced/ShortburstProject/Short_platformer_game/target/classes/assets/textures/Items/Boxes/Box1/Idle.png
16:55:32.660 [FXGL Background Thread 1 ] DEBUG FXGLAssetLoaderServi - Loading from file system: file:/C:/Users/sande/IdeaProjects/Java%20Advanced/ShortburstProject/Short_platformer_game/target/classes/assets/textures/Items/Checkpoints/End/End%20(Idle).png
16:55:32.664 [FXGL Background Thread 1 ] DEBUG GameWorld            - Clearing removable entities
16:55:32.664 [FXGL Background Thread 1 ] DEBUG GameWorld            - Setting level: com.almasb.fxgl.entity.level.Level@1820a5e5
16:55:32.681 [FXGL Background Thread 1 ] DEBUG FXGLAssetLoaderServi - Loading from file system: file:/C:/Users/sande/IdeaProjects/Java%20Advanced/ShortburstProject/Short_platformer_game/target/classes/assets/textures/Virtual%20Guy/Idle%20(32x32).png
16:55:32.685 [FXGL Background Thread 1 ] DEBUG FXGLAssetLoaderServi - Loading from file system: file:/C:/Users/sande/IdeaProjects/Java%20Advanced/ShortburstProject/Short_platformer_game/target/classes/assets/textures/Virtual%20Guy/Run%20(32x32).png
16:55:32.688 [FXGL Background Thread 1 ] DEBUG FXGLAssetLoaderServi - Loading from file system: file:/C:/Users/sande/IdeaProjects/Java%20Advanced/ShortburstProject/Short_platformer_game/target/classes/assets/textures/Virtual%20Guy/Jump%20(32x32).png
16:55:32.690 [FXGL Background Thread 1 ] DEBUG FXGLAssetLoaderServi - Loading from file system: file:/C:/Users/sande/IdeaProjects/Java%20Advanced/ShortburstProject/Short_platformer_game/target/classes/assets/textures/Virtual%20Guy/Double%20Jump%20(32x32).png
16:55:32.693 [FXGL Background Thread 1 ] DEBUG FXGLAssetLoaderServi - Loading from file system: file:/C:/Users/sande/IdeaProjects/Java%20Advanced/ShortburstProject/Short_platformer_game/target/classes/assets/textures/Virtual%20Guy/Fall%20(32x32).png
16:55:32.709 [FXGL Background Thread 1 ] INFO  FXGLApplication      - Game initialization took: 0.187 sec
16:55:32.765 [JavaFX Application Thread] DEBUG FXGLApplication      - Registering font factories with UI factory
16:55:32.778 [JavaFX Application Thread] DEBUG Input                - Clearing active input actions
16:55:32.789 [JavaFX Application Thread] DEBUG GameApplicationServi - Removing overlay from FXGLLoadingScene and adding to GameScene
16:55:32.793 [JavaFX Application Thread] DEBUG PrimaryStageWindow   - FXGLLoadingScene -> GameScene
16:55:32.859 [FXGL Background Thread 2 ] INFO  UpdaterService       - Your current version:  17.1
16:55:32.859 [FXGL Background Thread 2 ] INFO  UpdaterService       - Latest stable version: 17.2
16:55:35.417 [FXGL Background Thread 3 ] DEBUG Engine               - Logging environment variables
16:55:35.418 [FXGL Background Thread 3 ] DEBUG Engine               - achievements: []
16:55:35.418 [FXGL Background Thread 3 ] DEBUG Engine               - actualHeight: 600.0
16:55:35.418 [FXGL Background Thread 3 ] DEBUG Engine               - actualHeightProperty: ReadOnlyDoubleProperty [value: 600.0]
16:55:35.419 [FXGL Background Thread 3 ] DEBUG Engine               - actualWidth: 800.0
16:55:35.419 [FXGL Background Thread 3 ] DEBUG Engine               - actualWidthProperty: ReadOnlyDoubleProperty [value: 800.0]
16:55:35.419 [FXGL Background Thread 3 ] DEBUG Engine               - appIcon: fxgl_icon.png
16:55:35.419 [FXGL Background Thread 3 ] DEBUG Engine               - applicationMode: DEVELOPER
16:55:35.419 [FXGL Background Thread 3 ] DEBUG Engine               - cSSList: [fxgl_dark.css]
16:55:35.420 [FXGL Background Thread 3 ] DEBUG Engine               - collisionDetectionStrategy: BRUTE_FORCE
16:55:35.420 [FXGL Background Thread 3 ] DEBUG Engine               - configClass: Optional.empty
16:55:35.420 [FXGL Background Thread 3 ] DEBUG Engine               - credits: []
16:55:35.421 [FXGL Background Thread 3 ] DEBUG Engine               - defaultCursor: CursorInfo(imageName=fxgl_default_cursor.png, hotspotX=7.0, hotspotY=6.0)
16:55:35.421 [FXGL Background Thread 3 ] DEBUG Engine               - devBBoxColorProperty: ObjectProperty [value: 0xff0000ff]
16:55:35.421 [FXGL Background Thread 3 ] DEBUG Engine               - devEnableDebugCameraProperty: BooleanProperty [value: false]
16:55:35.422 [FXGL Background Thread 3 ] DEBUG Engine               - devSensorColorProperty: ObjectProperty [value: 0xffff00ff]
16:55:35.422 [FXGL Background Thread 3 ] DEBUG Engine               - devShowBBoxProperty: BooleanProperty [value: false]
16:55:35.422 [FXGL Background Thread 3 ] DEBUG Engine               - devShowPositionProperty: BooleanProperty [value: false]
16:55:35.422 [FXGL Background Thread 3 ] DEBUG Engine               - enabledMenuItems: []
16:55:35.422 [FXGL Background Thread 3 ] DEBUG Engine               - engineServices: [class com.almasb.fxgl.app.services.FXGLAssetLoaderService, class com.almasb.fxgl.app.FXGLApplication$GameApplicationService, class com.almasb.fxgl.app.services.FXGLDialogService, class com.almasb.fxgl.app.services.IOTaskExecutorService, class com.almasb.fxgl.io.FileSystemService, class com.almasb.fxgl.localization.LocalizationService, class com.almasb.fxgl.app.services.SystemBundleService, class com.almasb.fxgl.profile.SaveLoadService, class com.almasb.fxgl.ui.FXGLUIFactoryServiceProvider, class com.almasb.fxgl.ui.FXGLDialogFactoryServiceProvider, class com.almasb.fxgl.audio.AudioPlayer, class com.almasb.fxgl.notification.impl.NotificationServiceProvider, class com.almasb.fxgl.achievement.AchievementService, class com.almasb.fxgl.cutscene.CutsceneService, class com.almasb.fxgl.minigames.MiniGameService, class com.almasb.fxgl.net.NetService, class com.almasb.fxgl.app.services.UpdaterService, class com.almasb.fxgl.dev.DevService]
16:55:35.423 [FXGL Background Thread 3 ] DEBUG Engine               - fontGame: Abel-Regular.ttf
16:55:35.423 [FXGL Background Thread 3 ] DEBUG Engine               - fontMono: TerminalLandMono-Regular.otf
16:55:35.423 [FXGL Background Thread 3 ] DEBUG Engine               - fontText: Courier-Prime.ttf
16:55:35.423 [FXGL Background Thread 3 ] DEBUG Engine               - fontUI: VarelaRound-Regular.ttf
16:55:35.423 [FXGL Background Thread 3 ] DEBUG Engine               - fullScreen: BooleanProperty [value: false]
16:55:35.423 [FXGL Background Thread 3 ] DEBUG Engine               - gameDifficulty: MEDIUM
16:55:35.423 [FXGL Background Thread 3 ] DEBUG Engine               - gameDifficultyProperty: ObjectProperty [value: MEDIUM]
16:55:35.424 [FXGL Background Thread 3 ] DEBUG Engine               - globalMusicVolume: 0.5
16:55:35.424 [FXGL Background Thread 3 ] DEBUG Engine               - globalMusicVolumeProperty: DoubleProperty [value: 0.5]
16:55:35.424 [FXGL Background Thread 3 ] DEBUG Engine               - globalSoundVolume: 0.5
16:55:35.424 [FXGL Background Thread 3 ] DEBUG Engine               - globalSoundVolumeProperty: DoubleProperty [value: 0.5]
16:55:35.424 [FXGL Background Thread 3 ] DEBUG Engine               - height: 600
16:55:35.424 [FXGL Background Thread 3 ] DEBUG Engine               - is3D: false
16:55:35.424 [FXGL Background Thread 3 ] DEBUG Engine               - isAndroid: false
16:55:35.425 [FXGL Background Thread 3 ] DEBUG Engine               - isBrowser: false
16:55:35.425 [FXGL Background Thread 3 ] DEBUG Engine               - isClickFeedbackEnabled: false
16:55:35.425 [FXGL Background Thread 3 ] DEBUG Engine               - isCloseConfirmation: false
16:55:35.425 [FXGL Background Thread 3 ] DEBUG Engine               - isDesktop: true
16:55:35.425 [FXGL Background Thread 3 ] DEBUG Engine               - isDeveloperMenuEnabled: true
16:55:35.425 [FXGL Background Thread 3 ] DEBUG Engine               - isEmbedded: false
16:55:35.425 [FXGL Background Thread 3 ] DEBUG Engine               - isEntityPreloadEnabled: true
16:55:35.425 [FXGL Background Thread 3 ] DEBUG Engine               - isExperimentalTiledLargeMap: false
16:55:35.426 [FXGL Background Thread 3 ] DEBUG Engine               - isFileSystemWriteAllowed: true
16:55:35.426 [FXGL Background Thread 3 ] DEBUG Engine               - isFullScreenAllowed: false
16:55:35.426 [FXGL Background Thread 3 ] DEBUG Engine               - isFullScreenFromStart: false
16:55:35.426 [FXGL Background Thread 3 ] DEBUG Engine               - isGameMenuEnabled: true
16:55:35.426 [FXGL Background Thread 3 ] DEBUG Engine               - isIOS: false
16:55:35.426 [FXGL Background Thread 3 ] DEBUG Engine               - isIntroEnabled: false
16:55:35.426 [FXGL Background Thread 3 ] DEBUG Engine               - isLinux: false
16:55:35.426 [FXGL Background Thread 3 ] DEBUG Engine               - isMac: false
16:55:35.426 [FXGL Background Thread 3 ] DEBUG Engine               - isMainMenuEnabled: false
16:55:35.427 [FXGL Background Thread 3 ] DEBUG Engine               - isManualResizeEnabled: false
16:55:35.427 [FXGL Background Thread 3 ] DEBUG Engine               - isMobile: false
16:55:35.427 [FXGL Background Thread 3 ] DEBUG Engine               - isNative: false
16:55:35.427 [FXGL Background Thread 3 ] DEBUG Engine               - isPauseMusicWhenMinimized: true
16:55:35.427 [FXGL Background Thread 3 ] DEBUG Engine               - isPreserveResizeRatio: false
16:55:35.427 [FXGL Background Thread 3 ] DEBUG Engine               - isProfilingEnabled: false
16:55:35.427 [FXGL Background Thread 3 ] DEBUG Engine               - isScaleAffectedOnResize: true
16:55:35.427 [FXGL Background Thread 3 ] DEBUG Engine               - isSingleStep: false
16:55:35.427 [FXGL Background Thread 3 ] DEBUG Engine               - isUserProfileEnabled: false
16:55:35.427 [FXGL Background Thread 3 ] DEBUG Engine               - isWindows: true
16:55:35.428 [FXGL Background Thread 3 ] DEBUG Engine               - language: ObjectProperty [value: ENGLISH]
16:55:35.428 [FXGL Background Thread 3 ] DEBUG Engine               - menuKey: ESCAPE
16:55:35.428 [FXGL Background Thread 3 ] DEBUG Engine               - mouseSensitivity: 0.2
16:55:35.428 [FXGL Background Thread 3 ] DEBUG Engine               - notificationViewClass: class com.almasb.fxgl.notification.view.XboxNotificationView
16:55:35.428 [FXGL Background Thread 3 ] DEBUG Engine               - pixelsPerMeter: 50.0
16:55:35.428 [FXGL Background Thread 3 ] DEBUG Engine               - platform: WINDOWS
16:55:35.428 [FXGL Background Thread 3 ] DEBUG Engine               - prefHeightProperty: ReadOnlyDoubleProperty [value: 600.0]
16:55:35.428 [FXGL Background Thread 3 ] DEBUG Engine               - prefWidthProperty: ReadOnlyDoubleProperty [value: 800.0]
16:55:35.429 [FXGL Background Thread 3 ] DEBUG Engine               - profileDir: profiles/
16:55:35.429 [FXGL Background Thread 3 ] DEBUG Engine               - profileName: StringProperty [value: DEFAULT]
16:55:35.429 [FXGL Background Thread 3 ] DEBUG Engine               - randomSeed: -1
16:55:35.429 [FXGL Background Thread 3 ] DEBUG Engine               - runtimeInfo: RuntimeInfo(platform=WINDOWS, version=17.1, build=24.03.2022 17.34)
16:55:35.429 [FXGL Background Thread 3 ] DEBUG Engine               - saveFileExt: sav
16:55:35.430 [FXGL Background Thread 3 ] DEBUG Engine               - scaledHeightProp$fxgl: DoubleProperty [bound, value: 600.0]
16:55:35.430 [FXGL Background Thread 3 ] DEBUG Engine               - scaledWidthProp$fxgl: DoubleProperty [bound, value: 800.0]
16:55:35.430 [FXGL Background Thread 3 ] DEBUG Engine               - sceneFactory: com.almasb.fxgl.app.scene.SceneFactory@6725adda
16:55:35.430 [FXGL Background Thread 3 ] DEBUG Engine               - secondsIn24h: 60
16:55:35.430 [FXGL Background Thread 3 ] DEBUG Engine               - soundMenuBack: menu/back.wav
16:55:35.430 [FXGL Background Thread 3 ] DEBUG Engine               - soundMenuPress: menu/press.wav
16:55:35.430 [FXGL Background Thread 3 ] DEBUG Engine               - soundMenuSelect: menu/select.wav
16:55:35.431 [FXGL Background Thread 3 ] DEBUG Engine               - soundNotification: core/notification.wav
16:55:35.431 [FXGL Background Thread 3 ] DEBUG Engine               - stageStyle: DECORATED
16:55:35.431 [FXGL Background Thread 3 ] DEBUG Engine               - supportedLanguages: [ENGLISH, FRENCH, GERMAN, HUNGARIAN, RUSSIAN]
16:55:35.431 [FXGL Background Thread 3 ] DEBUG Engine               - ticksPerSecond: -1
16:55:35.431 [FXGL Background Thread 3 ] DEBUG Engine               - title: Untitled
16:55:35.431 [FXGL Background Thread 3 ] DEBUG Engine               - urlGithub: https://github.com/AlmasB/FXGL
16:55:35.431 [FXGL Background Thread 3 ] DEBUG Engine               - urlLeaderboard: http://fxgl-top.herokuapp.com/
16:55:35.431 [FXGL Background Thread 3 ] DEBUG Engine               - urlPOM: https://raw.githubusercontent.com/AlmasB/FXGL/release/README.md
16:55:35.431 [FXGL Background Thread 3 ] DEBUG Engine               - userAppClass: class org.platformer.PlatformerApp
16:55:35.431 [FXGL Background Thread 3 ] DEBUG Engine               - version: 0.0
16:55:35.432 [FXGL Background Thread 3 ] DEBUG Engine               - versionCheckDays: 7
16:55:35.432 [FXGL Background Thread 3 ] DEBUG Engine               - width: 800
16:55:35.432 [FXGL Background Thread 3 ] DEBUG Engine               - Logging services
16:55:35.432 [FXGL Background Thread 3 ] DEBUG Engine               - class com.almasb.fxgl.app.services.FXGLAssetLoaderService
16:55:35.432 [FXGL Background Thread 3 ] DEBUG Engine               - class com.almasb.fxgl.app.FXGLApplication$GameApplicationService
16:55:35.432 [FXGL Background Thread 3 ] DEBUG Engine               - class com.almasb.fxgl.app.services.FXGLDialogService
16:55:35.432 [FXGL Background Thread 3 ] DEBUG Engine               - class com.almasb.fxgl.app.services.IOTaskExecutorService
16:55:35.432 [FXGL Background Thread 3 ] DEBUG Engine               - class com.almasb.fxgl.io.FileSystemService
16:55:35.432 [FXGL Background Thread 3 ] DEBUG Engine               - class com.almasb.fxgl.localization.LocalizationService
16:55:35.432 [FXGL Background Thread 3 ] DEBUG Engine               - class com.almasb.fxgl.app.services.SystemBundleService
16:55:35.432 [FXGL Background Thread 3 ] DEBUG Engine               - class com.almasb.fxgl.profile.SaveLoadService
16:55:35.433 [FXGL Background Thread 3 ] DEBUG Engine               - class com.almasb.fxgl.ui.FXGLUIFactoryServiceProvider
16:55:35.433 [FXGL Background Thread 3 ] DEBUG Engine               - class com.almasb.fxgl.ui.FXGLDialogFactoryServiceProvider
16:55:35.433 [FXGL Background Thread 3 ] DEBUG Engine               - class com.almasb.fxgl.audio.AudioPlayer
16:55:35.433 [FXGL Background Thread 3 ] DEBUG Engine               - class com.almasb.fxgl.notification.impl.NotificationServiceProvider
16:55:35.433 [FXGL Background Thread 3 ] DEBUG Engine               - class com.almasb.fxgl.achievement.AchievementService
16:55:35.433 [FXGL Background Thread 3 ] DEBUG Engine               - class com.almasb.fxgl.cutscene.CutsceneService
16:55:35.433 [FXGL Background Thread 3 ] DEBUG Engine               - class com.almasb.fxgl.minigames.MiniGameService
16:55:35.433 [FXGL Background Thread 3 ] DEBUG Engine               - class com.almasb.fxgl.net.NetService
16:55:35.433 [FXGL Background Thread 3 ] DEBUG Engine               - class com.almasb.fxgl.app.services.UpdaterService
16:55:35.433 [FXGL Background Thread 3 ] DEBUG Engine               - class com.almasb.fxgl.dev.DevService
16:55:39.102 [JavaFX Application Thread] DEBUG FXGLApplication      - Exiting FXGL
16:55:39.102 [JavaFX Application Thread] DEBUG LoopRunner           - Stopping loop
16:55:39.103 [JavaFX Application Thread] DEBUG SystemBundleService  - Saving FXGL system data
16:55:39.106 [JavaFX Application Thread] DEBUG FileSystemAccess     - Writing to: C:\Users\sande\IdeaProjects\Java Advanced\ShortburstProject\Short_platformer_game\system\fxgl.bundle
16:55:39.109 [JavaFX Application Thread] DEBUG Async                - Shutting down background threads
16:55:39.110 [JavaFX Application Thread] DEBUG PrimaryStageWindow   - Closing main window
16:55:39.133 [JavaFX Application Thread] DEBUG Logger               - Closing Logger
