16:52:20.069 [main                     ] DEBUG Logger               - Configured Logger
16:52:20.090 [main                     ] DEBUG GameApplication      - Logging settings
Title: Untitled
Version: 0.0
Width: 800
Height: 600
Fullscreen: false
Intro: false
Profiling: false
Single step:false
App Mode: DEVELOPER
Menu Key: ESCAPE
Stage Style: DECORATED
Scene Factory: class com.almasb.fxgl.app.scene.SceneFactory

16:52:20.390 [JavaFX Application Thread] DEBUG FXGLApplication      - Initializing FXGL
16:52:20.396 [JavaFX Application Thread] INFO  Engine               - FXGL-17.1 (24.03.2022 17.34) on WINDOWS (J:19.0.1 FX:18)
16:52:20.397 [JavaFX Application Thread] DEBUG Engine               - JRE Vendor Name: Oracle Corporation
16:52:20.397 [JavaFX Application Thread] DEBUG Engine               - Running on OS: Windows 10 version 10.0
16:52:20.397 [JavaFX Application Thread] DEBUG Engine               - Architecture: amd64
16:52:20.397 [JavaFX Application Thread] INFO  Engine               - Source code and latest versions at: https://github.com/AlmasB/FXGL
16:52:20.398 [JavaFX Application Thread] INFO  Engine               -       Ask questions and discuss at: https://github.com/AlmasB/FXGL/discussions
16:52:20.398 [JavaFX Application Thread] INFO  Engine               -              Join the FXGL chat at: https://gitter.im/AlmasB/FXGL
16:52:20.488 [JavaFX Application Thread] DEBUG PrimaryStageWindow   - Creating a JavaFX scene
16:52:20.534 [JavaFX Application Thread] DEBUG PrimaryStageWindow   - Target settings size: 800.0 x 600.0
16:52:20.534 [JavaFX Application Thread] DEBUG PrimaryStageWindow   - Scaled scene size:    800.0 x 600.0
16:52:20.534 [JavaFX Application Thread] DEBUG PrimaryStageWindow   - Scaled ratio: (1.0, 1.0)
16:52:20.535 [JavaFX Application Thread] DEBUG PrimaryStageWindow   - Set initial scene to FXGLStartupScene
16:52:20.540 [JavaFX Application Thread] DEBUG PrimaryStageWindow   - Opening main window
16:52:20.611 [JavaFX Application Thread] DEBUG PrimaryStageWindow   - Window border size: (14.4000244140625, 37.5999755859375)
16:52:20.612 [JavaFX Application Thread] DEBUG PrimaryStageWindow   - Scaled size: 800.0 x 600.0
16:52:20.612 [JavaFX Application Thread] DEBUG PrimaryStageWindow   - Scaled ratio: (1.0, 1.0)
16:52:20.613 [JavaFX Application Thread] DEBUG PrimaryStageWindow   - Scene size: 800.0 x 600.0
16:52:20.613 [JavaFX Application Thread] DEBUG PrimaryStageWindow   - Stage size: 814.4000244140625 x 637.5999755859375
16:52:20.627 [FXGL Background Thread 1 ] DEBUG Engine               - Initializing environment variables
16:52:20.692 [FXGL Background Thread 1 ] DEBUG FXGLAssetLoaderServi - User app class for loading assets: class org.platformer.PlatformerApp
16:52:20.693 [FXGL Background Thread 1 ] DEBUG GameApplicationServi - Applying CSS: fxgl_dark.css
16:52:20.693 [FXGL Background Thread 1 ] DEBUG FXGLAssetLoaderServi - Loading from file system: jar:file:///C:/Users/sande/.m2/repository/com/github/almasb/fxgl/17.1/fxgl-17.1.jar!/fxglassets/ui/css/fxgl_dark.css
16:52:20.745 [FXGL Background Thread 1 ] DEBUG GameApplicationServi - Initializing application scenes
16:52:20.795 [FXGL Background Thread 1 ] DEBUG GameWorld            - Game world initialized
16:52:20.882 [FXGL Background Thread 1 ] DEBUG PhysicsWorld         - Physics world initialized: appHeight=600, physics.ppm=50.0
16:52:20.883 [FXGL Background Thread 1 ] DEBUG PhysicsWorld         - Using strategy: BRUTE_FORCE
16:52:20.889 [FXGL Background Thread 1 ] DEBUG GameScene            - Game scene initialized: 800x600
16:52:20.902 [FXGL Background Thread 1 ] DEBUG FXGL.DefaultMenu     - createMenuBodyGameMenu()
16:52:20.920 [FXGL Background Thread 1 ] DEBUG FXGL.DefaultMenu     - createOptionsMenu()
16:52:20.952 [FXGL Background Thread 1 ] DEBUG FXGLAssetLoaderServi - Loading from file system: jar:file:///C:/Users/sande/.m2/repository/com/github/almasb/fxgl/17.1/fxgl-17.1.jar!/fxglassets/textures/particles/smoke.png
16:52:21.060 [FXGL Background Thread 1 ] DEBUG FXGLAssetLoaderServi - Loading from file system: jar:file:///C:/Users/sande/.m2/repository/com/github/almasb/fxgl/17.1/fxgl-17.1.jar!/fxglassets/textures/particles/trace_horizontal.png
16:52:21.098 [FXGL Background Thread 1 ] DEBUG GameApplicationServi - Application scenes initialized
16:52:21.111 [FXGL Background Thread 1 ] DEBUG SystemBundleService  - Loading FXGL system data
16:52:21.122 [FXGL Background Thread 1 ] DEBUG FileSystemAccess     - Reading from: C:\Users\sande\IdeaProjects\Java Advanced\ShortburstProject\Short_platformer_game\system\fxgl.bundle
16:52:21.133 [FXGL Background Thread 1 ] DEBUG SystemBundleService  - Bundle FXGL: {}
16:52:21.133 [FXGL Background Thread 1 ] DEBUG UpdaterService       - Checking for updates
16:52:21.159 [FXGL Background Thread 4 ] DEBUG FXGLApplication      - Loading fonts
16:52:21.160 [FXGL Background Thread 1 ] DEBUG FXGLApplication      - Loading default localization
16:52:21.160 [FXGL Background Thread 4 ] DEBUG FXGLAssetLoaderServi - Loading from file system: jar:file:///C:/Users/sande/.m2/repository/com/github/almasb/fxgl/17.1/fxgl-17.1.jar!/fxglassets/ui/fonts/VarelaRound-Regular.ttf
16:52:21.160 [FXGL Background Thread 1 ] DEBUG FXGLAssetLoaderServi - Loading from file system: jar:file:///C:/Users/sande/.m2/repository/com/github/almasb/fxgl/17.1/fxgl-17.1.jar!/fxglassets/languages/english.lang
16:52:21.191 [FXGL Background Thread 1 ] INFO  FXGLApplication      - FXGL initialization took: 0.563 sec
16:52:21.203 [JavaFX Application Thread] DEBUG Input                - Registered new binding: Left - Left
16:52:21.204 [JavaFX Application Thread] DEBUG Input                - Registered new binding: Right - Right
16:52:21.204 [JavaFX Application Thread] DEBUG Input                - Registered new binding: Jump - Up
16:52:21.204 [JavaFX Application Thread] DEBUG Input                - Registered new binding: Stomp - Down
16:52:21.204 [JavaFX Application Thread] DEBUG Input                - Registered new binding: Shoot - Z
16:52:21.204 [JavaFX Application Thread] DEBUG FXGLAssetLoaderServi - Loading from file system: jar:file:///C:/Users/sande/.m2/repository/com/github/almasb/fxgl/17.1/fxgl-17.1.jar!/fxglassets/textures/fxgl_icon.png
16:52:21.223 [JavaFX Application Thread] DEBUG FXGLAssetLoaderServi - Loading from file system: jar:file:///C:/Users/sande/.m2/repository/com/github/almasb/fxgl/17.1/fxgl-17.1.jar!/fxglassets/textures/fxgl_default_cursor.png
16:52:21.225 [JavaFX Application Thread] DEBUG Input                - Registered new binding: Screenshot - CTRL+8
16:52:21.225 [JavaFX Application Thread] DEBUG Input                - Registered new binding: Dev Options - 1
16:52:21.226 [JavaFX Application Thread] DEBUG Input                - Registered new binding: Dev Console - 2
16:52:21.227 [JavaFX Application Thread] DEBUG Input                - Registered new binding: System info dump - CTRL+9
16:52:21.227 [JavaFX Application Thread] DEBUG Input                - Registered new binding: Restart - CTRL+R
16:52:21.227 [JavaFX Application Thread] DEBUG Input                - Registered new binding: Toggle Debug Camera - CTRL+7
16:52:21.230 [JavaFX Application Thread] DEBUG LoopRunner           - Starting loop
16:52:21.244 [JavaFX Application Thread] DEBUG LoopRunner           - Initializing JavaFX AnimationTimerLoop
16:52:21.244 [JavaFX Application Thread] DEBUG GameApplicationServi - Starting new game
16:52:21.245 [JavaFX Application Thread] DEBUG Input                - Clearing active input actions
16:52:21.255 [JavaFX Application Thread] DEBUG GameApplicationServi - Removing overlay from FXGLStartupScene and adding to FXGLLoadingScene
16:52:21.258 [JavaFX Application Thread] DEBUG PrimaryStageWindow   - FXGLStartupScene -> FXGLLoadingScene
16:52:21.258 [JavaFX Application Thread] DEBUG GameApplicationServi - Clearing previous game
16:52:21.258 [JavaFX Application Thread] DEBUG GameScene            - Clearing game scene
16:52:21.258 [JavaFX Application Thread] DEBUG GameWorld            - Clearing game world
16:52:21.258 [JavaFX Application Thread] DEBUG PhysicsWorld         - Clearing physics world
16:52:21.260 [FXGL Background Thread 1 ] DEBUG FXGLApplication      - Initializing game
16:52:21.350 [FXGL Background Thread 1 ] DEBUG TMXLevelLoader       - Parsed TiledMap: file:/C:/Users/sande/IdeaProjects/Java%20Advanced/ShortburstProject/Short_platformer_game/target/classes/assets/levels/tmx/platformer.tmx
16:52:21.351 [FXGL Background Thread 1 ] DEBUG TMXLevelLoader       - Creating tile layer entities
16:52:21.353 [FXGL Background Thread 1 ] DEBUG TilesetLoader        - Loading view for layer Tile Layer 1
16:52:21.354 [FXGL Background Thread 1 ] DEBUG TilesetLoader        - Created buffer with size 800.0x608.0
16:52:21.372 [FXGL Background Thread 1 ] DEBUG TMXLevelLoader       - Creating object layer entities
16:52:21.400 [FXGL Background Thread 1 ] DEBUG FXGLAssetLoaderServi - Loading from file system: file:/C:/Users/sande/IdeaProjects/Java%20Advanced/ShortburstProject/Short_platformer_game/target/classes/assets/textures/Items/Boxes/Box1/Idle.png
16:52:21.409 [FXGL Background Thread 1 ] DEBUG FXGLAssetLoaderServi - Loading from file system: file:/C:/Users/sande/IdeaProjects/Java%20Advanced/ShortburstProject/Short_platformer_game/target/classes/assets/textures/Items/Checkpoints/End/End%20(Idle).png
16:52:21.412 [FXGL Background Thread 1 ] DEBUG GameWorld            - Clearing removable entities
16:52:21.412 [FXGL Background Thread 1 ] DEBUG GameWorld            - Setting level: com.almasb.fxgl.entity.level.Level@3d26dac0
16:52:21.424 [FXGL Background Thread 1 ] DEBUG FXGLAssetLoaderServi - Loading from file system: file:/C:/Users/sande/IdeaProjects/Java%20Advanced/ShortburstProject/Short_platformer_game/target/classes/assets/textures/Virtual%20Guy/Idle%20(32x32).png
16:52:21.431 [FXGL Background Thread 1 ] DEBUG FXGLAssetLoaderServi - Loading from file system: file:/C:/Users/sande/IdeaProjects/Java%20Advanced/ShortburstProject/Short_platformer_game/target/classes/assets/textures/Virtual%20Guy/Run%20(32x32).png
16:52:21.433 [FXGL Background Thread 1 ] DEBUG FXGLAssetLoaderServi - Loading from file system: file:/C:/Users/sande/IdeaProjects/Java%20Advanced/ShortburstProject/Short_platformer_game/target/classes/assets/textures/Virtual%20Guy/Jump%20(32x32).png
16:52:21.434 [FXGL Background Thread 1 ] DEBUG FXGLAssetLoaderServi - Loading from file system: file:/C:/Users/sande/IdeaProjects/Java%20Advanced/ShortburstProject/Short_platformer_game/target/classes/assets/textures/Virtual%20Guy/Double%20Jump%20(32x32).png
16:52:21.437 [FXGL Background Thread 1 ] DEBUG FXGLAssetLoaderServi - Loading from file system: file:/C:/Users/sande/IdeaProjects/Java%20Advanced/ShortburstProject/Short_platformer_game/target/classes/assets/textures/Virtual%20Guy/Fall%20(32x32).png
16:52:21.457 [FXGL Background Thread 1 ] INFO  FXGLApplication      - Game initialization took: 0.197 sec
16:52:21.491 [FXGL Background Thread 4 ] DEBUG FXGLAssetLoaderServi - Loading from file system: jar:file:///C:/Users/sande/.m2/repository/com/github/almasb/fxgl/17.1/fxgl-17.1.jar!/fxglassets/ui/fonts/Abel-Regular.ttf
16:52:21.504 [FXGL Background Thread 4 ] DEBUG FXGLAssetLoaderServi - Loading from file system: jar:file:///C:/Users/sande/.m2/repository/com/github/almasb/fxgl/17.1/fxgl-17.1.jar!/fxglassets/ui/fonts/TerminalLandMono-Regular.otf
16:52:21.515 [FXGL Background Thread 4 ] DEBUG FXGLAssetLoaderServi - Loading from file system: jar:file:///C:/Users/sande/.m2/repository/com/github/almasb/fxgl/17.1/fxgl-17.1.jar!/fxglassets/ui/fonts/Courier-Prime.ttf
16:52:21.526 [JavaFX Application Thread] DEBUG Input                - Clearing active input actions
16:52:21.536 [JavaFX Application Thread] DEBUG GameApplicationServi - Removing overlay from FXGLLoadingScene and adding to GameScene
16:52:21.540 [JavaFX Application Thread] DEBUG PrimaryStageWindow   - FXGLLoadingScene -> GameScene
16:52:21.647 [JavaFX Application Thread] DEBUG FXGLApplication      - Registering font factories with UI factory
16:52:21.957 [FXGL Background Thread 2 ] INFO  UpdaterService       - Your current version:  17.1
16:52:21.957 [FXGL Background Thread 2 ] INFO  UpdaterService       - Latest stable version: 17.2
16:52:24.159 [FXGL Background Thread 3 ] DEBUG Engine               - Logging environment variables
16:52:24.160 [FXGL Background Thread 3 ] DEBUG Engine               - achievements: []
16:52:24.161 [FXGL Background Thread 3 ] DEBUG Engine               - actualHeight: 600.0
16:52:24.161 [FXGL Background Thread 3 ] DEBUG Engine               - actualHeightProperty: ReadOnlyDoubleProperty [value: 600.0]
16:52:24.161 [FXGL Background Thread 3 ] DEBUG Engine               - actualWidth: 800.0
16:52:24.161 [FXGL Background Thread 3 ] DEBUG Engine               - actualWidthProperty: ReadOnlyDoubleProperty [value: 800.0]
16:52:24.161 [FXGL Background Thread 3 ] DEBUG Engine               - appIcon: fxgl_icon.png
16:52:24.161 [FXGL Background Thread 3 ] DEBUG Engine               - applicationMode: DEVELOPER
16:52:24.162 [FXGL Background Thread 3 ] DEBUG Engine               - cSSList: [fxgl_dark.css]
16:52:24.162 [FXGL Background Thread 3 ] DEBUG Engine               - collisionDetectionStrategy: BRUTE_FORCE
16:52:24.162 [FXGL Background Thread 3 ] DEBUG Engine               - configClass: Optional.empty
16:52:24.162 [FXGL Background Thread 3 ] DEBUG Engine               - credits: []
16:52:24.163 [FXGL Background Thread 3 ] DEBUG Engine               - defaultCursor: CursorInfo(imageName=fxgl_default_cursor.png, hotspotX=7.0, hotspotY=6.0)
16:52:24.163 [FXGL Background Thread 3 ] DEBUG Engine               - devBBoxColorProperty: ObjectProperty [value: 0xff0000ff]
16:52:24.163 [FXGL Background Thread 3 ] DEBUG Engine               - devEnableDebugCameraProperty: BooleanProperty [value: false]
16:52:24.164 [FXGL Background Thread 3 ] DEBUG Engine               - devSensorColorProperty: ObjectProperty [value: 0xffff00ff]
16:52:24.164 [FXGL Background Thread 3 ] DEBUG Engine               - devShowBBoxProperty: BooleanProperty [value: false]
16:52:24.164 [FXGL Background Thread 3 ] DEBUG Engine               - devShowPositionProperty: BooleanProperty [value: false]
16:52:24.164 [FXGL Background Thread 3 ] DEBUG Engine               - enabledMenuItems: []
16:52:24.164 [FXGL Background Thread 3 ] DEBUG Engine               - engineServices: [class com.almasb.fxgl.app.services.FXGLAssetLoaderService, class com.almasb.fxgl.app.FXGLApplication$GameApplicationService, class com.almasb.fxgl.app.services.FXGLDialogService, class com.almasb.fxgl.app.services.IOTaskExecutorService, class com.almasb.fxgl.io.FileSystemService, class com.almasb.fxgl.localization.LocalizationService, class com.almasb.fxgl.app.services.SystemBundleService, class com.almasb.fxgl.profile.SaveLoadService, class com.almasb.fxgl.ui.FXGLUIFactoryServiceProvider, class com.almasb.fxgl.ui.FXGLDialogFactoryServiceProvider, class com.almasb.fxgl.audio.AudioPlayer, class com.almasb.fxgl.notification.impl.NotificationServiceProvider, class com.almasb.fxgl.achievement.AchievementService, class com.almasb.fxgl.cutscene.CutsceneService, class com.almasb.fxgl.minigames.MiniGameService, class com.almasb.fxgl.net.NetService, class com.almasb.fxgl.app.services.UpdaterService, class com.almasb.fxgl.dev.DevService]
16:52:24.165 [FXGL Background Thread 3 ] DEBUG Engine               - fontGame: Abel-Regular.ttf
16:52:24.165 [FXGL Background Thread 3 ] DEBUG Engine               - fontMono: TerminalLandMono-Regular.otf
16:52:24.165 [FXGL Background Thread 3 ] DEBUG Engine               - fontText: Courier-Prime.ttf
16:52:24.165 [FXGL Background Thread 3 ] DEBUG Engine               - fontUI: VarelaRound-Regular.ttf
16:52:24.165 [FXGL Background Thread 3 ] DEBUG Engine               - fullScreen: BooleanProperty [value: false]
16:52:24.165 [FXGL Background Thread 3 ] DEBUG Engine               - gameDifficulty: MEDIUM
16:52:24.166 [FXGL Background Thread 3 ] DEBUG Engine               - gameDifficultyProperty: ObjectProperty [value: MEDIUM]
16:52:24.166 [FXGL Background Thread 3 ] DEBUG Engine               - globalMusicVolume: 0.5
16:52:24.166 [FXGL Background Thread 3 ] DEBUG Engine               - globalMusicVolumeProperty: DoubleProperty [value: 0.5]
16:52:24.166 [FXGL Background Thread 3 ] DEBUG Engine               - globalSoundVolume: 0.5
16:52:24.166 [FXGL Background Thread 3 ] DEBUG Engine               - globalSoundVolumeProperty: DoubleProperty [value: 0.5]
16:52:24.167 [FXGL Background Thread 3 ] DEBUG Engine               - height: 600
16:52:24.167 [FXGL Background Thread 3 ] DEBUG Engine               - is3D: false
16:52:24.167 [FXGL Background Thread 3 ] DEBUG Engine               - isAndroid: false
16:52:24.167 [FXGL Background Thread 3 ] DEBUG Engine               - isBrowser: false
16:52:24.167 [FXGL Background Thread 3 ] DEBUG Engine               - isClickFeedbackEnabled: false
16:52:24.168 [FXGL Background Thread 3 ] DEBUG Engine               - isCloseConfirmation: false
16:52:24.168 [FXGL Background Thread 3 ] DEBUG Engine               - isDesktop: true
16:52:24.168 [FXGL Background Thread 3 ] DEBUG Engine               - isDeveloperMenuEnabled: true
16:52:24.168 [FXGL Background Thread 3 ] DEBUG Engine               - isEmbedded: false
16:52:24.168 [FXGL Background Thread 3 ] DEBUG Engine               - isEntityPreloadEnabled: true
16:52:24.169 [FXGL Background Thread 3 ] DEBUG Engine               - isExperimentalTiledLargeMap: false
16:52:24.169 [FXGL Background Thread 3 ] DEBUG Engine               - isFileSystemWriteAllowed: true
16:52:24.169 [FXGL Background Thread 3 ] DEBUG Engine               - isFullScreenAllowed: false
16:52:24.169 [FXGL Background Thread 3 ] DEBUG Engine               - isFullScreenFromStart: false
16:52:24.169 [FXGL Background Thread 3 ] DEBUG Engine               - isGameMenuEnabled: true
16:52:24.169 [FXGL Background Thread 3 ] DEBUG Engine               - isIOS: false
16:52:24.170 [FXGL Background Thread 3 ] DEBUG Engine               - isIntroEnabled: false
16:52:24.170 [FXGL Background Thread 3 ] DEBUG Engine               - isLinux: false
16:52:24.170 [FXGL Background Thread 3 ] DEBUG Engine               - isMac: false
16:52:24.170 [FXGL Background Thread 3 ] DEBUG Engine               - isMainMenuEnabled: false
16:52:24.170 [FXGL Background Thread 3 ] DEBUG Engine               - isManualResizeEnabled: false
16:52:24.170 [FXGL Background Thread 3 ] DEBUG Engine               - isMobile: false
16:52:24.171 [FXGL Background Thread 3 ] DEBUG Engine               - isNative: false
16:52:24.171 [FXGL Background Thread 3 ] DEBUG Engine               - isPauseMusicWhenMinimized: true
16:52:24.171 [FXGL Background Thread 3 ] DEBUG Engine               - isPreserveResizeRatio: false
16:52:24.171 [FXGL Background Thread 3 ] DEBUG Engine               - isProfilingEnabled: false
16:52:24.171 [FXGL Background Thread 3 ] DEBUG Engine               - isScaleAffectedOnResize: true
16:52:24.171 [FXGL Background Thread 3 ] DEBUG Engine               - isSingleStep: false
16:52:24.172 [FXGL Background Thread 3 ] DEBUG Engine               - isUserProfileEnabled: false
16:52:24.172 [FXGL Background Thread 3 ] DEBUG Engine               - isWindows: true
16:52:24.172 [FXGL Background Thread 3 ] DEBUG Engine               - language: ObjectProperty [value: ENGLISH]
16:52:24.172 [FXGL Background Thread 3 ] DEBUG Engine               - menuKey: ESCAPE
16:52:24.172 [FXGL Background Thread 3 ] DEBUG Engine               - mouseSensitivity: 0.2
16:52:24.172 [FXGL Background Thread 3 ] DEBUG Engine               - notificationViewClass: class com.almasb.fxgl.notification.view.XboxNotificationView
16:52:24.173 [FXGL Background Thread 3 ] DEBUG Engine               - pixelsPerMeter: 50.0
16:52:24.173 [FXGL Background Thread 3 ] DEBUG Engine               - platform: WINDOWS
16:52:24.173 [FXGL Background Thread 3 ] DEBUG Engine               - prefHeightProperty: ReadOnlyDoubleProperty [value: 600.0]
16:52:24.173 [FXGL Background Thread 3 ] DEBUG Engine               - prefWidthProperty: ReadOnlyDoubleProperty [value: 800.0]
16:52:24.173 [FXGL Background Thread 3 ] DEBUG Engine               - profileDir: profiles/
16:52:24.174 [FXGL Background Thread 3 ] DEBUG Engine               - profileName: StringProperty [value: DEFAULT]
16:52:24.174 [FXGL Background Thread 3 ] DEBUG Engine               - randomSeed: -1
16:52:24.175 [FXGL Background Thread 3 ] DEBUG Engine               - runtimeInfo: RuntimeInfo(platform=WINDOWS, version=17.1, build=24.03.2022 17.34)
16:52:24.175 [FXGL Background Thread 3 ] DEBUG Engine               - saveFileExt: sav
16:52:24.175 [FXGL Background Thread 3 ] DEBUG Engine               - scaledHeightProp$fxgl: DoubleProperty [bound, value: 600.0]
16:52:24.175 [FXGL Background Thread 3 ] DEBUG Engine               - scaledWidthProp$fxgl: DoubleProperty [bound, value: 800.0]
16:52:24.176 [FXGL Background Thread 3 ] DEBUG Engine               - sceneFactory: com.almasb.fxgl.app.scene.SceneFactory@5d7a0e36
16:52:24.176 [FXGL Background Thread 3 ] DEBUG Engine               - secondsIn24h: 60
16:52:24.176 [FXGL Background Thread 3 ] DEBUG Engine               - soundMenuBack: menu/back.wav
16:52:24.176 [FXGL Background Thread 3 ] DEBUG Engine               - soundMenuPress: menu/press.wav
16:52:24.176 [FXGL Background Thread 3 ] DEBUG Engine               - soundMenuSelect: menu/select.wav
16:52:24.176 [FXGL Background Thread 3 ] DEBUG Engine               - soundNotification: core/notification.wav
16:52:24.177 [FXGL Background Thread 3 ] DEBUG Engine               - stageStyle: DECORATED
16:52:24.177 [FXGL Background Thread 3 ] DEBUG Engine               - supportedLanguages: [ENGLISH, FRENCH, GERMAN, HUNGARIAN, RUSSIAN]
16:52:24.177 [FXGL Background Thread 3 ] DEBUG Engine               - ticksPerSecond: -1
16:52:24.177 [FXGL Background Thread 3 ] DEBUG Engine               - title: Untitled
16:52:24.177 [FXGL Background Thread 3 ] DEBUG Engine               - urlGithub: https://github.com/AlmasB/FXGL
16:52:24.177 [FXGL Background Thread 3 ] DEBUG Engine               - urlLeaderboard: http://fxgl-top.herokuapp.com/
16:52:24.177 [FXGL Background Thread 3 ] DEBUG Engine               - urlPOM: https://raw.githubusercontent.com/AlmasB/FXGL/release/README.md
16:52:24.178 [FXGL Background Thread 3 ] DEBUG Engine               - userAppClass: class org.platformer.PlatformerApp
16:52:24.178 [FXGL Background Thread 3 ] DEBUG Engine               - version: 0.0
16:52:24.178 [FXGL Background Thread 3 ] DEBUG Engine               - versionCheckDays: 7
16:52:24.178 [FXGL Background Thread 3 ] DEBUG Engine               - width: 800
16:52:24.178 [FXGL Background Thread 3 ] DEBUG Engine               - Logging services
16:52:24.178 [FXGL Background Thread 3 ] DEBUG Engine               - class com.almasb.fxgl.app.services.FXGLAssetLoaderService
16:52:24.178 [FXGL Background Thread 3 ] DEBUG Engine               - class com.almasb.fxgl.app.FXGLApplication$GameApplicationService
16:52:24.179 [FXGL Background Thread 3 ] DEBUG Engine               - class com.almasb.fxgl.app.services.FXGLDialogService
16:52:24.179 [FXGL Background Thread 3 ] DEBUG Engine               - class com.almasb.fxgl.app.services.IOTaskExecutorService
16:52:24.179 [FXGL Background Thread 3 ] DEBUG Engine               - class com.almasb.fxgl.io.FileSystemService
16:52:24.179 [FXGL Background Thread 3 ] DEBUG Engine               - class com.almasb.fxgl.localization.LocalizationService
16:52:24.179 [FXGL Background Thread 3 ] DEBUG Engine               - class com.almasb.fxgl.app.services.SystemBundleService
16:52:24.179 [FXGL Background Thread 3 ] DEBUG Engine               - class com.almasb.fxgl.profile.SaveLoadService
16:52:24.179 [FXGL Background Thread 3 ] DEBUG Engine               - class com.almasb.fxgl.ui.FXGLUIFactoryServiceProvider
16:52:24.179 [FXGL Background Thread 3 ] DEBUG Engine               - class com.almasb.fxgl.ui.FXGLDialogFactoryServiceProvider
16:52:24.180 [FXGL Background Thread 3 ] DEBUG Engine               - class com.almasb.fxgl.audio.AudioPlayer
16:52:24.180 [FXGL Background Thread 3 ] DEBUG Engine               - class com.almasb.fxgl.notification.impl.NotificationServiceProvider
16:52:24.180 [FXGL Background Thread 3 ] DEBUG Engine               - class com.almasb.fxgl.achievement.AchievementService
16:52:24.180 [FXGL Background Thread 3 ] DEBUG Engine               - class com.almasb.fxgl.cutscene.CutsceneService
16:52:24.180 [FXGL Background Thread 3 ] DEBUG Engine               - class com.almasb.fxgl.minigames.MiniGameService
16:52:24.181 [FXGL Background Thread 3 ] DEBUG Engine               - class com.almasb.fxgl.net.NetService
16:52:24.181 [FXGL Background Thread 3 ] DEBUG Engine               - class com.almasb.fxgl.app.services.UpdaterService
16:52:24.181 [FXGL Background Thread 3 ] DEBUG Engine               - class com.almasb.fxgl.dev.DevService
16:52:52.345 [JavaFX Application Thread] DEBUG PrimaryStageWindow   - Push state: DialogSubScene
16:52:52.345 [JavaFX Application Thread] DEBUG Input                - Clearing active input actions
16:52:52.347 [JavaFX Application Thread] DEBUG GameApplicationServi - Removing overlay from GameScene and adding to DialogSubScene
16:52:52.351 [JavaFX Application Thread] DEBUG PrimaryStageWindow   - GameScene -> DialogSubScene
16:52:53.814 [JavaFX Application Thread] DEBUG PrimaryStageWindow   - Pop state: DialogSubScene
16:52:53.814 [JavaFX Application Thread] DEBUG Input                - Clearing active input actions
16:52:53.816 [JavaFX Application Thread] DEBUG GameApplicationServi - Removing overlay from DialogSubScene and adding to GameScene
16:52:53.817 [JavaFX Application Thread] DEBUG PrimaryStageWindow   - GameScene <- DialogSubScene
16:52:53.817 [JavaFX Application Thread] DEBUG FXGLApplication      - Exiting FXGL
16:52:53.817 [JavaFX Application Thread] DEBUG LoopRunner           - Stopping loop
16:52:53.817 [JavaFX Application Thread] DEBUG SystemBundleService  - Saving FXGL system data
16:52:53.820 [JavaFX Application Thread] DEBUG FileSystemAccess     - Writing to: C:\Users\sande\IdeaProjects\Java Advanced\ShortburstProject\Short_platformer_game\system\fxgl.bundle
16:52:53.824 [JavaFX Application Thread] DEBUG Async                - Shutting down background threads
16:52:53.825 [JavaFX Application Thread] DEBUG PrimaryStageWindow   - Closing main window
16:52:53.865 [JavaFX Application Thread] DEBUG Logger               - Closing Logger
