17:23:46.004 [main                     ] DEBUG Logger               - Configured Logger
17:23:46.035 [main                     ] DEBUG GameApplication      - Logging settings
Title: Untitled
Version: 0.0
Width: 800
Height: 600
Fullscreen: false
Intro: false
Profiling: false
Single step:false
App Mode: DEVELOPER
Menu Key: ESCAPE
Stage Style: DECORATED
Scene Factory: class com.almasb.fxgl.app.scene.SceneFactory

17:23:46.585 [JavaFX Application Thread] DEBUG FXGLApplication      - Initializing FXGL
17:23:46.593 [JavaFX Application Thread] INFO  Engine               - FXGL-17.1 (24.03.2022 17.34) on WINDOWS (J:19.0.1 FX:18)
17:23:46.594 [JavaFX Application Thread] DEBUG Engine               - JRE Vendor Name: Oracle Corporation
17:23:46.594 [JavaFX Application Thread] DEBUG Engine               - Running on OS: Windows 10 version 10.0
17:23:46.594 [JavaFX Application Thread] DEBUG Engine               - Architecture: amd64
17:23:46.595 [JavaFX Application Thread] INFO  Engine               - Source code and latest versions at: https://github.com/AlmasB/FXGL
17:23:46.595 [JavaFX Application Thread] INFO  Engine               -       Ask questions and discuss at: https://github.com/AlmasB/FXGL/discussions
17:23:46.595 [JavaFX Application Thread] INFO  Engine               -              Join the FXGL chat at: https://gitter.im/AlmasB/FXGL
17:23:46.697 [JavaFX Application Thread] DEBUG PrimaryStageWindow   - Creating a JavaFX scene
17:23:46.845 [JavaFX Application Thread] DEBUG PrimaryStageWindow   - Target settings size: 800.0 x 600.0
17:23:46.846 [JavaFX Application Thread] DEBUG PrimaryStageWindow   - Scaled scene size:    800.0 x 600.0
17:23:46.846 [JavaFX Application Thread] DEBUG PrimaryStageWindow   - Scaled ratio: (1.0, 1.0)
17:23:46.848 [JavaFX Application Thread] DEBUG PrimaryStageWindow   - Set initial scene to FXGLStartupScene
17:23:46.859 [JavaFX Application Thread] DEBUG PrimaryStageWindow   - Opening main window
17:23:47.050 [JavaFX Application Thread] DEBUG PrimaryStageWindow   - Window border size: (14.4000244140625, 37.5999755859375)
17:23:47.051 [JavaFX Application Thread] DEBUG PrimaryStageWindow   - Scaled size: 800.0 x 600.0
17:23:47.051 [JavaFX Application Thread] DEBUG PrimaryStageWindow   - Scaled ratio: (1.0, 1.0)
17:23:47.051 [JavaFX Application Thread] DEBUG PrimaryStageWindow   - Scene size: 800.0 x 600.0
17:23:47.053 [JavaFX Application Thread] DEBUG PrimaryStageWindow   - Stage size: 814.4000244140625 x 637.5999755859375
17:23:47.067 [FXGL Background Thread 1 ] DEBUG Engine               - Initializing environment variables
17:23:47.134 [FXGL Background Thread 1 ] DEBUG FXGLAssetLoaderServi - User app class for loading assets: class org.platformer.PlatformerApp
17:23:47.135 [FXGL Background Thread 1 ] DEBUG GameApplicationServi - Applying CSS: fxgl_dark.css
17:23:47.136 [FXGL Background Thread 1 ] DEBUG FXGLAssetLoaderServi - Loading from file system: jar:file:///C:/Users/sande/.m2/repository/com/github/almasb/fxgl/17.1/fxgl-17.1.jar!/fxglassets/ui/css/fxgl_dark.css
17:23:47.177 [FXGL Background Thread 1 ] DEBUG GameApplicationServi - Initializing application scenes
17:23:47.211 [FXGL Background Thread 1 ] DEBUG GameWorld            - Game world initialized
17:23:47.284 [FXGL Background Thread 1 ] DEBUG PhysicsWorld         - Physics world initialized: appHeight=600, physics.ppm=50.0
17:23:47.284 [FXGL Background Thread 1 ] DEBUG PhysicsWorld         - Using strategy: BRUTE_FORCE
17:23:47.289 [FXGL Background Thread 1 ] DEBUG GameScene            - Game scene initialized: 800x600
17:23:47.302 [FXGL Background Thread 1 ] DEBUG FXGL.DefaultMenu     - createMenuBodyGameMenu()
17:23:47.321 [FXGL Background Thread 1 ] DEBUG FXGL.DefaultMenu     - createOptionsMenu()
17:23:47.334 [FXGL Background Thread 1 ] DEBUG FXGLAssetLoaderServi - Loading from file system: jar:file:///C:/Users/sande/.m2/repository/com/github/almasb/fxgl/17.1/fxgl-17.1.jar!/fxglassets/textures/particles/smoke.png
17:23:47.423 [FXGL Background Thread 1 ] DEBUG FXGLAssetLoaderServi - Loading from file system: jar:file:///C:/Users/sande/.m2/repository/com/github/almasb/fxgl/17.1/fxgl-17.1.jar!/fxglassets/textures/particles/trace_horizontal.png
17:23:47.458 [FXGL Background Thread 1 ] DEBUG GameApplicationServi - Application scenes initialized
17:23:47.470 [FXGL Background Thread 1 ] DEBUG SystemBundleService  - Loading FXGL system data
17:23:47.475 [FXGL Background Thread 1 ] DEBUG FileSystemAccess     - Reading from: C:\Users\sande\IdeaProjects\Java Advanced\ShortburstProject\Short_platformer_game\system\fxgl.bundle
17:23:47.484 [FXGL Background Thread 1 ] DEBUG SystemBundleService  - Bundle FXGL: {}
17:23:47.484 [FXGL Background Thread 1 ] DEBUG UpdaterService       - Checking for updates
17:23:47.510 [FXGL Background Thread 4 ] DEBUG FXGLApplication      - Loading fonts
17:23:47.510 [FXGL Background Thread 1 ] DEBUG FXGLApplication      - Loading default localization
17:23:47.511 [FXGL Background Thread 4 ] DEBUG FXGLAssetLoaderServi - Loading from file system: jar:file:///C:/Users/sande/.m2/repository/com/github/almasb/fxgl/17.1/fxgl-17.1.jar!/fxglassets/ui/fonts/VarelaRound-Regular.ttf
17:23:47.511 [FXGL Background Thread 1 ] DEBUG FXGLAssetLoaderServi - Loading from file system: jar:file:///C:/Users/sande/.m2/repository/com/github/almasb/fxgl/17.1/fxgl-17.1.jar!/fxglassets/languages/english.lang
17:23:47.534 [FXGL Background Thread 1 ] INFO  FXGLApplication      - FXGL initialization took: 0.466 sec
17:23:47.544 [JavaFX Application Thread] DEBUG Input                - Registered new binding: Left - Left
17:23:47.545 [JavaFX Application Thread] DEBUG Input                - Registered new binding: Right - Right
17:23:47.545 [JavaFX Application Thread] DEBUG Input                - Registered new binding: Jump - Up
17:23:47.545 [JavaFX Application Thread] DEBUG Input                - Registered new binding: Stomp - Down
17:23:47.545 [JavaFX Application Thread] DEBUG Input                - Registered new binding: Shoot - Z
17:23:47.545 [JavaFX Application Thread] DEBUG FXGLAssetLoaderServi - Loading from file system: jar:file:///C:/Users/sande/.m2/repository/com/github/almasb/fxgl/17.1/fxgl-17.1.jar!/fxglassets/textures/fxgl_icon.png
17:23:47.565 [JavaFX Application Thread] DEBUG FXGLAssetLoaderServi - Loading from file system: jar:file:///C:/Users/sande/.m2/repository/com/github/almasb/fxgl/17.1/fxgl-17.1.jar!/fxglassets/textures/fxgl_default_cursor.png
17:23:47.568 [JavaFX Application Thread] DEBUG Input                - Registered new binding: Screenshot - CTRL+8
17:23:47.568 [JavaFX Application Thread] DEBUG Input                - Registered new binding: Dev Options - 1
17:23:47.568 [JavaFX Application Thread] DEBUG Input                - Registered new binding: Dev Console - 2
17:23:47.569 [JavaFX Application Thread] DEBUG Input                - Registered new binding: System info dump - CTRL+9
17:23:47.569 [JavaFX Application Thread] DEBUG Input                - Registered new binding: Restart - CTRL+R
17:23:47.570 [JavaFX Application Thread] DEBUG Input                - Registered new binding: Toggle Debug Camera - CTRL+7
17:23:47.573 [JavaFX Application Thread] DEBUG LoopRunner           - Starting loop
17:23:47.579 [FXGL Background Thread 4 ] DEBUG FXGLAssetLoaderServi - Loading from file system: jar:file:///C:/Users/sande/.m2/repository/com/github/almasb/fxgl/17.1/fxgl-17.1.jar!/fxglassets/ui/fonts/Abel-Regular.ttf
17:23:47.587 [JavaFX Application Thread] DEBUG LoopRunner           - Initializing JavaFX AnimationTimerLoop
17:23:47.588 [JavaFX Application Thread] DEBUG GameApplicationServi - Starting new game
17:23:47.589 [JavaFX Application Thread] DEBUG Input                - Clearing active input actions
17:23:47.599 [FXGL Background Thread 4 ] DEBUG FXGLAssetLoaderServi - Loading from file system: jar:file:///C:/Users/sande/.m2/repository/com/github/almasb/fxgl/17.1/fxgl-17.1.jar!/fxglassets/ui/fonts/TerminalLandMono-Regular.otf
17:23:47.599 [JavaFX Application Thread] DEBUG GameApplicationServi - Removing overlay from FXGLStartupScene and adding to FXGLLoadingScene
17:23:47.602 [JavaFX Application Thread] DEBUG PrimaryStageWindow   - FXGLStartupScene -> FXGLLoadingScene
17:23:47.603 [JavaFX Application Thread] DEBUG GameApplicationServi - Clearing previous game
17:23:47.603 [JavaFX Application Thread] DEBUG GameScene            - Clearing game scene
17:23:47.603 [JavaFX Application Thread] DEBUG GameWorld            - Clearing game world
17:23:47.603 [JavaFX Application Thread] DEBUG PhysicsWorld         - Clearing physics world
17:23:47.604 [FXGL Background Thread 1 ] DEBUG FXGLApplication      - Initializing game
17:23:47.609 [FXGL Background Thread 4 ] DEBUG FXGLAssetLoaderServi - Loading from file system: jar:file:///C:/Users/sande/.m2/repository/com/github/almasb/fxgl/17.1/fxgl-17.1.jar!/fxglassets/ui/fonts/Courier-Prime.ttf
17:23:47.686 [FXGL Background Thread 1 ] DEBUG TMXLevelLoader       - Parsed TiledMap: file:/C:/Users/sande/IdeaProjects/Java%20Advanced/ShortburstProject/Short_platformer_game/target/classes/assets/levels/tmx/platformer.tmx
17:23:47.687 [FXGL Background Thread 1 ] DEBUG TMXLevelLoader       - Creating tile layer entities
17:23:47.689 [FXGL Background Thread 1 ] DEBUG TilesetLoader        - Loading view for layer Tile Layer 1
17:23:47.689 [FXGL Background Thread 1 ] DEBUG TilesetLoader        - Created buffer with size 800.0x608.0
17:23:47.704 [FXGL Background Thread 1 ] DEBUG TMXLevelLoader       - Creating object layer entities
17:23:47.734 [FXGL Background Thread 1 ] DEBUG FXGLAssetLoaderServi - Loading from file system: file:/C:/Users/sande/IdeaProjects/Java%20Advanced/ShortburstProject/Short_platformer_game/target/classes/assets/textures/Items/Boxes/Box1/Idle.png
17:23:47.739 [FXGL Background Thread 1 ] DEBUG FXGLAssetLoaderServi - Loading from file system: file:/C:/Users/sande/IdeaProjects/Java%20Advanced/ShortburstProject/Short_platformer_game/target/classes/assets/textures/Items/Checkpoints/End/End%20(Idle).png
17:23:47.741 [FXGL Background Thread 1 ] DEBUG GameWorld            - Clearing removable entities
17:23:47.742 [FXGL Background Thread 1 ] DEBUG GameWorld            - Setting level: com.almasb.fxgl.entity.level.Level@62e786c9
17:23:47.753 [FXGL Background Thread 1 ] DEBUG FXGLAssetLoaderServi - Loading from file system: file:/C:/Users/sande/IdeaProjects/Java%20Advanced/ShortburstProject/Short_platformer_game/target/classes/assets/textures/Virtual%20Guy/Idle%20(32x32).png
17:23:47.755 [FXGL Background Thread 1 ] DEBUG FXGLAssetLoaderServi - Loading from file system: file:/C:/Users/sande/IdeaProjects/Java%20Advanced/ShortburstProject/Short_platformer_game/target/classes/assets/textures/Virtual%20Guy/Run%20(32x32).png
17:23:47.757 [FXGL Background Thread 1 ] DEBUG FXGLAssetLoaderServi - Loading from file system: file:/C:/Users/sande/IdeaProjects/Java%20Advanced/ShortburstProject/Short_platformer_game/target/classes/assets/textures/Virtual%20Guy/Jump%20(32x32).png
17:23:47.758 [FXGL Background Thread 1 ] DEBUG FXGLAssetLoaderServi - Loading from file system: file:/C:/Users/sande/IdeaProjects/Java%20Advanced/ShortburstProject/Short_platformer_game/target/classes/assets/textures/Virtual%20Guy/Double%20Jump%20(32x32).png
17:23:47.760 [FXGL Background Thread 1 ] DEBUG FXGLAssetLoaderServi - Loading from file system: file:/C:/Users/sande/IdeaProjects/Java%20Advanced/ShortburstProject/Short_platformer_game/target/classes/assets/textures/Virtual%20Guy/Fall%20(32x32).png
17:23:47.777 [FXGL Background Thread 1 ] WARN  FXGLAssetLoaderServi - Asset "/assets/textures/Background/Blue.png" was not found!
17:23:47.778 [FXGL Background Thread 1 ] WARN  FXGLAssetLoaderServi - Failed to load IMAGE
17:23:47.834 [JavaFX Application Thread] DEBUG FXGLApplication      - Registering font factories with UI factory
17:23:47.986 [FXGL Background Thread 1 ] INFO  FXGLApplication      - Game initialization took: 0.381 sec
17:23:47.988 [JavaFX Application Thread] DEBUG Input                - Clearing active input actions
17:23:48.000 [JavaFX Application Thread] DEBUG GameApplicationServi - Removing overlay from FXGLLoadingScene and adding to GameScene
17:23:48.003 [JavaFX Application Thread] DEBUG PrimaryStageWindow   - FXGLLoadingScene -> GameScene
17:23:48.068 [FXGL Background Thread 2 ] INFO  UpdaterService       - Your current version:  17.1
17:23:48.068 [FXGL Background Thread 2 ] INFO  UpdaterService       - Latest stable version: 17.2
17:23:50.508 [FXGL Background Thread 3 ] DEBUG Engine               - Logging environment variables
17:23:50.509 [FXGL Background Thread 3 ] DEBUG Engine               - achievements: []
17:23:50.510 [FXGL Background Thread 3 ] DEBUG Engine               - actualHeight: 600.0
17:23:50.510 [FXGL Background Thread 3 ] DEBUG Engine               - actualHeightProperty: ReadOnlyDoubleProperty [value: 600.0]
17:23:50.510 [FXGL Background Thread 3 ] DEBUG Engine               - actualWidth: 800.0
17:23:50.510 [FXGL Background Thread 3 ] DEBUG Engine               - actualWidthProperty: ReadOnlyDoubleProperty [value: 800.0]
17:23:50.511 [FXGL Background Thread 3 ] DEBUG Engine               - appIcon: fxgl_icon.png
17:23:50.511 [FXGL Background Thread 3 ] DEBUG Engine               - applicationMode: DEVELOPER
17:23:50.511 [FXGL Background Thread 3 ] DEBUG Engine               - cSSList: [fxgl_dark.css]
17:23:50.511 [FXGL Background Thread 3 ] DEBUG Engine               - collisionDetectionStrategy: BRUTE_FORCE
17:23:50.511 [FXGL Background Thread 3 ] DEBUG Engine               - configClass: Optional.empty
17:23:50.512 [FXGL Background Thread 3 ] DEBUG Engine               - credits: []
17:23:50.513 [FXGL Background Thread 3 ] DEBUG Engine               - defaultCursor: CursorInfo(imageName=fxgl_default_cursor.png, hotspotX=7.0, hotspotY=6.0)
17:23:50.513 [FXGL Background Thread 3 ] DEBUG Engine               - devBBoxColorProperty: ObjectProperty [value: 0xff0000ff]
17:23:50.513 [FXGL Background Thread 3 ] DEBUG Engine               - devEnableDebugCameraProperty: BooleanProperty [value: false]
17:23:50.514 [FXGL Background Thread 3 ] DEBUG Engine               - devSensorColorProperty: ObjectProperty [value: 0xffff00ff]
17:23:50.514 [FXGL Background Thread 3 ] DEBUG Engine               - devShowBBoxProperty: BooleanProperty [value: false]
17:23:50.514 [FXGL Background Thread 3 ] DEBUG Engine               - devShowPositionProperty: BooleanProperty [value: false]
17:23:50.514 [FXGL Background Thread 3 ] DEBUG Engine               - enabledMenuItems: []
17:23:50.515 [FXGL Background Thread 3 ] DEBUG Engine               - engineServices: [class com.almasb.fxgl.app.services.FXGLAssetLoaderService, class com.almasb.fxgl.app.FXGLApplication$GameApplicationService, class com.almasb.fxgl.app.services.FXGLDialogService, class com.almasb.fxgl.app.services.IOTaskExecutorService, class com.almasb.fxgl.io.FileSystemService, class com.almasb.fxgl.localization.LocalizationService, class com.almasb.fxgl.app.services.SystemBundleService, class com.almasb.fxgl.profile.SaveLoadService, class com.almasb.fxgl.ui.FXGLUIFactoryServiceProvider, class com.almasb.fxgl.ui.FXGLDialogFactoryServiceProvider, class com.almasb.fxgl.audio.AudioPlayer, class com.almasb.fxgl.notification.impl.NotificationServiceProvider, class com.almasb.fxgl.achievement.AchievementService, class com.almasb.fxgl.cutscene.CutsceneService, class com.almasb.fxgl.minigames.MiniGameService, class com.almasb.fxgl.net.NetService, class com.almasb.fxgl.app.services.UpdaterService, class com.almasb.fxgl.dev.DevService]
17:23:50.515 [FXGL Background Thread 3 ] DEBUG Engine               - fontGame: Abel-Regular.ttf
17:23:50.515 [FXGL Background Thread 3 ] DEBUG Engine               - fontMono: TerminalLandMono-Regular.otf
17:23:50.515 [FXGL Background Thread 3 ] DEBUG Engine               - fontText: Courier-Prime.ttf
17:23:50.515 [FXGL Background Thread 3 ] DEBUG Engine               - fontUI: VarelaRound-Regular.ttf
17:23:50.516 [FXGL Background Thread 3 ] DEBUG Engine               - fullScreen: BooleanProperty [value: false]
17:23:50.516 [FXGL Background Thread 3 ] DEBUG Engine               - gameDifficulty: MEDIUM
17:23:50.516 [FXGL Background Thread 3 ] DEBUG Engine               - gameDifficultyProperty: ObjectProperty [value: MEDIUM]
17:23:50.516 [FXGL Background Thread 3 ] DEBUG Engine               - globalMusicVolume: 0.5
17:23:50.517 [FXGL Background Thread 3 ] DEBUG Engine               - globalMusicVolumeProperty: DoubleProperty [value: 0.5]
17:23:50.517 [FXGL Background Thread 3 ] DEBUG Engine               - globalSoundVolume: 0.5
17:23:50.517 [FXGL Background Thread 3 ] DEBUG Engine               - globalSoundVolumeProperty: DoubleProperty [value: 0.5]
17:23:50.517 [FXGL Background Thread 3 ] DEBUG Engine               - height: 600
17:23:50.518 [FXGL Background Thread 3 ] DEBUG Engine               - is3D: false
17:23:50.518 [FXGL Background Thread 3 ] DEBUG Engine               - isAndroid: false
17:23:50.518 [FXGL Background Thread 3 ] DEBUG Engine               - isBrowser: false
17:23:50.518 [FXGL Background Thread 3 ] DEBUG Engine               - isClickFeedbackEnabled: false
17:23:50.518 [FXGL Background Thread 3 ] DEBUG Engine               - isCloseConfirmation: false
17:23:50.518 [FXGL Background Thread 3 ] DEBUG Engine               - isDesktop: true
17:23:50.519 [FXGL Background Thread 3 ] DEBUG Engine               - isDeveloperMenuEnabled: true
17:23:50.520 [FXGL Background Thread 3 ] DEBUG Engine               - isEmbedded: false
17:23:50.520 [FXGL Background Thread 3 ] DEBUG Engine               - isEntityPreloadEnabled: true
17:23:50.520 [FXGL Background Thread 3 ] DEBUG Engine               - isExperimentalTiledLargeMap: false
17:23:50.520 [FXGL Background Thread 3 ] DEBUG Engine               - isFileSystemWriteAllowed: true
17:23:50.520 [FXGL Background Thread 3 ] DEBUG Engine               - isFullScreenAllowed: false
17:23:50.520 [FXGL Background Thread 3 ] DEBUG Engine               - isFullScreenFromStart: false
17:23:50.520 [FXGL Background Thread 3 ] DEBUG Engine               - isGameMenuEnabled: true
17:23:50.520 [FXGL Background Thread 3 ] DEBUG Engine               - isIOS: false
17:23:50.520 [FXGL Background Thread 3 ] DEBUG Engine               - isIntroEnabled: false
17:23:50.521 [FXGL Background Thread 3 ] DEBUG Engine               - isLinux: false
17:23:50.521 [FXGL Background Thread 3 ] DEBUG Engine               - isMac: false
17:23:50.521 [FXGL Background Thread 3 ] DEBUG Engine               - isMainMenuEnabled: false
17:23:50.521 [FXGL Background Thread 3 ] DEBUG Engine               - isManualResizeEnabled: false
17:23:50.521 [FXGL Background Thread 3 ] DEBUG Engine               - isMobile: false
17:23:50.521 [FXGL Background Thread 3 ] DEBUG Engine               - isNative: false
17:23:50.521 [FXGL Background Thread 3 ] DEBUG Engine               - isPauseMusicWhenMinimized: true
17:23:50.521 [FXGL Background Thread 3 ] DEBUG Engine               - isPreserveResizeRatio: false
17:23:50.521 [FXGL Background Thread 3 ] DEBUG Engine               - isProfilingEnabled: false
17:23:50.521 [FXGL Background Thread 3 ] DEBUG Engine               - isScaleAffectedOnResize: true
17:23:50.523 [FXGL Background Thread 3 ] DEBUG Engine               - isSingleStep: false
17:23:50.523 [FXGL Background Thread 3 ] DEBUG Engine               - isUserProfileEnabled: false
17:23:50.523 [FXGL Background Thread 3 ] DEBUG Engine               - isWindows: true
17:23:50.523 [FXGL Background Thread 3 ] DEBUG Engine               - language: ObjectProperty [value: ENGLISH]
17:23:50.523 [FXGL Background Thread 3 ] DEBUG Engine               - menuKey: ESCAPE
17:23:50.523 [FXGL Background Thread 3 ] DEBUG Engine               - mouseSensitivity: 0.2
17:23:50.524 [FXGL Background Thread 3 ] DEBUG Engine               - notificationViewClass: class com.almasb.fxgl.notification.view.XboxNotificationView
17:23:50.524 [FXGL Background Thread 3 ] DEBUG Engine               - pixelsPerMeter: 50.0
17:23:50.524 [FXGL Background Thread 3 ] DEBUG Engine               - platform: WINDOWS
17:23:50.524 [FXGL Background Thread 3 ] DEBUG Engine               - prefHeightProperty: ReadOnlyDoubleProperty [value: 600.0]
17:23:50.524 [FXGL Background Thread 3 ] DEBUG Engine               - prefWidthProperty: ReadOnlyDoubleProperty [value: 800.0]
17:23:50.524 [FXGL Background Thread 3 ] DEBUG Engine               - profileDir: profiles/
17:23:50.525 [FXGL Background Thread 3 ] DEBUG Engine               - profileName: StringProperty [value: DEFAULT]
17:23:50.525 [FXGL Background Thread 3 ] DEBUG Engine               - randomSeed: -1
17:23:50.526 [FXGL Background Thread 3 ] DEBUG Engine               - runtimeInfo: RuntimeInfo(platform=WINDOWS, version=17.1, build=24.03.2022 17.34)
17:23:50.526 [FXGL Background Thread 3 ] DEBUG Engine               - saveFileExt: sav
17:23:50.526 [FXGL Background Thread 3 ] DEBUG Engine               - scaledHeightProp$fxgl: DoubleProperty [bound, value: 600.0]
17:23:50.526 [FXGL Background Thread 3 ] DEBUG Engine               - scaledWidthProp$fxgl: DoubleProperty [bound, value: 800.0]
17:23:50.527 [FXGL Background Thread 3 ] DEBUG Engine               - sceneFactory: com.almasb.fxgl.app.scene.SceneFactory@2c6fd8fe
17:23:50.527 [FXGL Background Thread 3 ] DEBUG Engine               - secondsIn24h: 60
17:23:50.527 [FXGL Background Thread 3 ] DEBUG Engine               - soundMenuBack: menu/back.wav
17:23:50.527 [FXGL Background Thread 3 ] DEBUG Engine               - soundMenuPress: menu/press.wav
17:23:50.527 [FXGL Background Thread 3 ] DEBUG Engine               - soundMenuSelect: menu/select.wav
17:23:50.527 [FXGL Background Thread 3 ] DEBUG Engine               - soundNotification: core/notification.wav
17:23:50.527 [FXGL Background Thread 3 ] DEBUG Engine               - stageStyle: DECORATED
17:23:50.527 [FXGL Background Thread 3 ] DEBUG Engine               - supportedLanguages: [ENGLISH, FRENCH, GERMAN, HUNGARIAN, RUSSIAN]
17:23:50.528 [FXGL Background Thread 3 ] DEBUG Engine               - ticksPerSecond: -1
17:23:50.528 [FXGL Background Thread 3 ] DEBUG Engine               - title: Untitled
17:23:50.528 [FXGL Background Thread 3 ] DEBUG Engine               - urlGithub: https://github.com/AlmasB/FXGL
17:23:50.528 [FXGL Background Thread 3 ] DEBUG Engine               - urlLeaderboard: http://fxgl-top.herokuapp.com/
17:23:50.528 [FXGL Background Thread 3 ] DEBUG Engine               - urlPOM: https://raw.githubusercontent.com/AlmasB/FXGL/release/README.md
17:23:50.528 [FXGL Background Thread 3 ] DEBUG Engine               - userAppClass: class org.platformer.PlatformerApp
17:23:50.528 [FXGL Background Thread 3 ] DEBUG Engine               - version: 0.0
17:23:50.528 [FXGL Background Thread 3 ] DEBUG Engine               - versionCheckDays: 7
17:23:50.529 [FXGL Background Thread 3 ] DEBUG Engine               - width: 800
17:23:50.529 [FXGL Background Thread 3 ] DEBUG Engine               - Logging services
17:23:50.529 [FXGL Background Thread 3 ] DEBUG Engine               - class com.almasb.fxgl.app.services.FXGLAssetLoaderService
17:23:50.529 [FXGL Background Thread 3 ] DEBUG Engine               - class com.almasb.fxgl.app.FXGLApplication$GameApplicationService
17:23:50.529 [FXGL Background Thread 3 ] DEBUG Engine               - class com.almasb.fxgl.app.services.FXGLDialogService
17:23:50.529 [FXGL Background Thread 3 ] DEBUG Engine               - class com.almasb.fxgl.app.services.IOTaskExecutorService
17:23:50.530 [FXGL Background Thread 3 ] DEBUG Engine               - class com.almasb.fxgl.io.FileSystemService
17:23:50.530 [FXGL Background Thread 3 ] DEBUG Engine               - class com.almasb.fxgl.localization.LocalizationService
17:23:50.530 [FXGL Background Thread 3 ] DEBUG Engine               - class com.almasb.fxgl.app.services.SystemBundleService
17:23:50.530 [FXGL Background Thread 3 ] DEBUG Engine               - class com.almasb.fxgl.profile.SaveLoadService
17:23:50.530 [FXGL Background Thread 3 ] DEBUG Engine               - class com.almasb.fxgl.ui.FXGLUIFactoryServiceProvider
17:23:50.531 [FXGL Background Thread 3 ] DEBUG Engine               - class com.almasb.fxgl.ui.FXGLDialogFactoryServiceProvider
17:23:50.531 [FXGL Background Thread 3 ] DEBUG Engine               - class com.almasb.fxgl.audio.AudioPlayer
17:23:50.531 [FXGL Background Thread 3 ] DEBUG Engine               - class com.almasb.fxgl.notification.impl.NotificationServiceProvider
17:23:50.531 [FXGL Background Thread 3 ] DEBUG Engine               - class com.almasb.fxgl.achievement.AchievementService
17:23:50.531 [FXGL Background Thread 3 ] DEBUG Engine               - class com.almasb.fxgl.cutscene.CutsceneService
17:23:50.531 [FXGL Background Thread 3 ] DEBUG Engine               - class com.almasb.fxgl.minigames.MiniGameService
17:23:50.531 [FXGL Background Thread 3 ] DEBUG Engine               - class com.almasb.fxgl.net.NetService
17:23:50.532 [FXGL Background Thread 3 ] DEBUG Engine               - class com.almasb.fxgl.app.services.UpdaterService
17:23:50.532 [FXGL Background Thread 3 ] DEBUG Engine               - class com.almasb.fxgl.dev.DevService
17:23:53.794 [JavaFX Application Thread] DEBUG FXGLApplication      - Exiting FXGL
17:23:53.795 [JavaFX Application Thread] DEBUG LoopRunner           - Stopping loop
17:23:53.795 [JavaFX Application Thread] DEBUG SystemBundleService  - Saving FXGL system data
17:23:53.800 [JavaFX Application Thread] DEBUG FileSystemAccess     - Writing to: C:\Users\sande\IdeaProjects\Java Advanced\ShortburstProject\Short_platformer_game\system\fxgl.bundle
17:23:53.805 [JavaFX Application Thread] DEBUG Async                - Shutting down background threads
17:23:53.806 [JavaFX Application Thread] DEBUG PrimaryStageWindow   - Closing main window
17:23:53.841 [JavaFX Application Thread] DEBUG Logger               - Closing Logger
