00:30:56.242 [main                     ] DEBUG Logger               - Configured Logger
00:30:56.266 [main                     ] DEBUG GameApplication      - Logging settings
Title: Short platformer game
Version: 0.1
Width: 1024
Height: 640
Fullscreen: false
Intro: false
Profiling: false
Single step:false
App Mode: DEVELOPER
Menu Key: ESCAPE
Stage Style: DECORATED
Scene Factory: class com.almasb.fxgl.app.scene.SceneFactory

00:30:56.619 [JavaFX Application Thread] DEBUG FXGLApplication      - Initializing FXGL
00:30:56.625 [JavaFX Application Thread] INFO  Engine               - FXGL-17.1 (24.03.2022 17.34) on WINDOWS (J:19.0.1 FX:18)
00:30:56.626 [JavaFX Application Thread] DEBUG Engine               - JRE Vendor Name: Oracle Corporation
00:30:56.626 [JavaFX Application Thread] DEBUG Engine               - Running on OS: Windows 10 version 10.0
00:30:56.626 [JavaFX Application Thread] DEBUG Engine               - Architecture: amd64
00:30:56.626 [JavaFX Application Thread] INFO  Engine               - Source code and latest versions at: https://github.com/AlmasB/FXGL
00:30:56.626 [JavaFX Application Thread] INFO  Engine               -       Ask questions and discuss at: https://github.com/AlmasB/FXGL/discussions
00:30:56.626 [JavaFX Application Thread] INFO  Engine               -              Join the FXGL chat at: https://gitter.im/AlmasB/FXGL
00:30:56.750 [JavaFX Application Thread] DEBUG PrimaryStageWindow   - Creating a JavaFX scene
00:30:56.841 [JavaFX Application Thread] DEBUG PrimaryStageWindow   - Target settings size: 1024.0 x 640.0
00:30:56.842 [JavaFX Application Thread] DEBUG PrimaryStageWindow   - Scaled scene size:    1024.0 x 640.0
00:30:56.842 [JavaFX Application Thread] DEBUG PrimaryStageWindow   - Scaled ratio: (1.0, 1.0)
00:30:56.844 [JavaFX Application Thread] DEBUG PrimaryStageWindow   - Set initial scene to FXGLStartupScene
00:30:56.857 [JavaFX Application Thread] DEBUG PrimaryStageWindow   - Opening main window
00:30:56.999 [JavaFX Application Thread] DEBUG PrimaryStageWindow   - Window border size: (14.4000244140625, 37.5999755859375)
00:30:57.000 [JavaFX Application Thread] DEBUG PrimaryStageWindow   - Scaled size: 1024.0 x 640.0
00:30:57.000 [JavaFX Application Thread] DEBUG PrimaryStageWindow   - Scaled ratio: (1.0, 1.0)
00:30:57.001 [JavaFX Application Thread] DEBUG PrimaryStageWindow   - Scene size: 1024.0 x 640.0
00:30:57.001 [JavaFX Application Thread] DEBUG PrimaryStageWindow   - Stage size: 1038.4000244140625 x 677.5999755859375
00:30:57.009 [FXGL Background Thread 1 ] DEBUG Engine               - Initializing environment variables
00:30:57.062 [FXGL Background Thread 1 ] DEBUG FXGLAssetLoaderServi - User app class for loading assets: class org.platformer.PlatformerApp
00:30:57.062 [FXGL Background Thread 1 ] DEBUG GameApplicationServi - Applying CSS: fxgl_dark.css
00:30:57.063 [FXGL Background Thread 1 ] DEBUG FXGLAssetLoaderServi - Loading from file system: jar:file:///C:/Users/sande/.m2/repository/com/github/almasb/fxgl/17.1/fxgl-17.1.jar!/fxglassets/ui/css/fxgl_dark.css
00:30:57.107 [FXGL Background Thread 1 ] DEBUG GameApplicationServi - Initializing application scenes
00:30:57.140 [FXGL Background Thread 1 ] DEBUG GameWorld            - Game world initialized
00:30:57.212 [FXGL Background Thread 1 ] DEBUG PhysicsWorld         - Physics world initialized: appHeight=640, physics.ppm=50.0
00:30:57.212 [FXGL Background Thread 1 ] DEBUG PhysicsWorld         - Using strategy: BRUTE_FORCE
00:30:57.217 [FXGL Background Thread 1 ] DEBUG GameScene            - Game scene initialized: 1024x640
00:30:57.232 [FXGL Background Thread 1 ] DEBUG FXGL.DefaultMenu     - createMenuBodyGameMenu()
00:30:57.244 [FXGL Background Thread 1 ] DEBUG FXGL.DefaultMenu     - createOptionsMenu()
00:30:57.255 [FXGL Background Thread 1 ] DEBUG FXGLAssetLoaderServi - Loading from file system: jar:file:///C:/Users/sande/.m2/repository/com/github/almasb/fxgl/17.1/fxgl-17.1.jar!/fxglassets/textures/particles/smoke.png
00:30:57.358 [FXGL Background Thread 1 ] DEBUG FXGLAssetLoaderServi - Loading from file system: jar:file:///C:/Users/sande/.m2/repository/com/github/almasb/fxgl/17.1/fxgl-17.1.jar!/fxglassets/textures/particles/trace_horizontal.png
00:30:57.396 [FXGL Background Thread 1 ] DEBUG GameApplicationServi - Application scenes initialized
00:30:57.410 [FXGL Background Thread 1 ] DEBUG SystemBundleService  - Loading FXGL system data
00:30:57.415 [FXGL Background Thread 1 ] DEBUG FileSystemAccess     - Reading from: C:\Users\sande\IdeaProjects\Java Advanced\ShortburstProject\Short_platformer_game\system\fxgl.bundle
00:30:57.429 [FXGL Background Thread 1 ] DEBUG SystemBundleService  - Bundle FXGL: {}
00:30:57.429 [FXGL Background Thread 1 ] DEBUG UpdaterService       - Checking for updates
00:30:57.459 [FXGL Background Thread 1 ] DEBUG FXGLApplication      - Loading default localization
00:30:57.460 [FXGL Background Thread 1 ] DEBUG FXGLAssetLoaderServi - Loading from file system: jar:file:///C:/Users/sande/.m2/repository/com/github/almasb/fxgl/17.1/fxgl-17.1.jar!/fxglassets/languages/english.lang
00:30:57.462 [FXGL Background Thread 4 ] DEBUG FXGLApplication      - Loading fonts
00:30:57.463 [FXGL Background Thread 4 ] DEBUG FXGLAssetLoaderServi - Loading from file system: jar:file:///C:/Users/sande/.m2/repository/com/github/almasb/fxgl/17.1/fxgl-17.1.jar!/fxglassets/ui/fonts/VarelaRound-Regular.ttf
00:30:57.498 [FXGL Background Thread 1 ] INFO  FXGLApplication      - FXGL initialization took: 0.490 sec
00:30:57.516 [JavaFX Application Thread] DEBUG Input                - Registered new binding: Left - Left
00:30:57.516 [JavaFX Application Thread] DEBUG Input                - Registered new binding: Right - Right
00:30:57.516 [JavaFX Application Thread] DEBUG Input                - Registered new binding: Jump - Up
00:30:57.516 [JavaFX Application Thread] DEBUG Input                - Registered new binding: Stomp - Down
00:30:57.516 [JavaFX Application Thread] DEBUG Input                - Registered new binding: Shoot - Z
00:30:57.517 [JavaFX Application Thread] DEBUG Input                - Registered new binding: getCoordinates - C
00:30:57.517 [JavaFX Application Thread] DEBUG FXGLAssetLoaderServi - Loading from file system: jar:file:///C:/Users/sande/.m2/repository/com/github/almasb/fxgl/17.1/fxgl-17.1.jar!/fxglassets/textures/fxgl_icon.png
00:30:57.545 [FXGL Background Thread 4 ] DEBUG FXGLAssetLoaderServi - Loading from file system: jar:file:///C:/Users/sande/.m2/repository/com/github/almasb/fxgl/17.1/fxgl-17.1.jar!/fxglassets/ui/fonts/Abel-Regular.ttf
00:30:57.548 [JavaFX Application Thread] DEBUG FXGLAssetLoaderServi - Loading from file system: jar:file:///C:/Users/sande/.m2/repository/com/github/almasb/fxgl/17.1/fxgl-17.1.jar!/fxglassets/textures/fxgl_default_cursor.png
00:30:57.552 [JavaFX Application Thread] DEBUG Input                - Registered new binding: Screenshot - CTRL+8
00:30:57.552 [JavaFX Application Thread] DEBUG Input                - Registered new binding: Dev Options - 1
00:30:57.552 [JavaFX Application Thread] DEBUG Input                - Registered new binding: Dev Console - 2
00:30:57.556 [JavaFX Application Thread] DEBUG Input                - Registered new binding: System info dump - CTRL+9
00:30:57.557 [JavaFX Application Thread] DEBUG Input                - Registered new binding: Restart - CTRL+R
00:30:57.558 [FXGL Background Thread 4 ] DEBUG FXGLAssetLoaderServi - Loading from file system: jar:file:///C:/Users/sande/.m2/repository/com/github/almasb/fxgl/17.1/fxgl-17.1.jar!/fxglassets/ui/fonts/TerminalLandMono-Regular.otf
00:30:57.558 [JavaFX Application Thread] DEBUG Input                - Registered new binding: Toggle Debug Camera - CTRL+7
00:30:57.561 [JavaFX Application Thread] DEBUG LoopRunner           - Starting loop
00:30:57.569 [FXGL Background Thread 4 ] DEBUG FXGLAssetLoaderServi - Loading from file system: jar:file:///C:/Users/sande/.m2/repository/com/github/almasb/fxgl/17.1/fxgl-17.1.jar!/fxglassets/ui/fonts/Courier-Prime.ttf
00:30:57.572 [JavaFX Application Thread] DEBUG LoopRunner           - Initializing JavaFX AnimationTimerLoop
00:30:57.575 [JavaFX Application Thread] DEBUG GameApplicationServi - Starting new game
00:30:57.576 [JavaFX Application Thread] DEBUG Input                - Clearing active input actions
00:30:57.606 [JavaFX Application Thread] DEBUG GameApplicationServi - Removing overlay from FXGLStartupScene and adding to FXGLLoadingScene
00:30:57.610 [JavaFX Application Thread] DEBUG PrimaryStageWindow   - FXGLStartupScene -> FXGLLoadingScene
00:30:57.610 [JavaFX Application Thread] DEBUG GameApplicationServi - Clearing previous game
00:30:57.610 [JavaFX Application Thread] DEBUG GameScene            - Clearing game scene
00:30:57.610 [JavaFX Application Thread] DEBUG GameWorld            - Clearing game world
00:30:57.610 [JavaFX Application Thread] DEBUG PhysicsWorld         - Clearing physics world
00:30:57.612 [FXGL Background Thread 4 ] DEBUG FXGLApplication      - Initializing game
00:30:57.697 [FXGL Background Thread 4 ] DEBUG TMXLevelLoader       - Parsed TiledMap: file:/C:/Users/sande/IdeaProjects/Java%20Advanced/ShortburstProject/Short_platformer_game/target/classes/assets/levels/tmx/platformer.tmx
00:30:57.698 [FXGL Background Thread 4 ] DEBUG TMXLevelLoader       - Creating tile layer entities
00:30:57.699 [FXGL Background Thread 4 ] DEBUG TilesetLoader        - Loading view for layer Tile Layer 1
00:30:57.700 [FXGL Background Thread 4 ] DEBUG TilesetLoader        - Created buffer with size 1024.0x640.0
00:30:57.711 [FXGL Background Thread 4 ] DEBUG TMXLevelLoader       - Creating object layer entities
00:30:57.740 [FXGL Background Thread 4 ] DEBUG FXGLAssetLoaderServi - Loading from file system: file:/C:/Users/sande/IdeaProjects/Java%20Advanced/ShortburstProject/Short_platformer_game/target/classes/assets/textures/Items/Checkpoints/End/End%20(Idle).png
00:30:57.750 [FXGL Background Thread 4 ] DEBUG FXGLAssetLoaderServi - Loading from file system: file:/C:/Users/sande/IdeaProjects/Java%20Advanced/ShortburstProject/Short_platformer_game/target/classes/assets/textures/Items/Boxes/Box1/Idle.png
00:30:57.753 [FXGL Background Thread 4 ] DEBUG FXGLAssetLoaderServi - Loading from file system: file:/C:/Users/sande/IdeaProjects/Java%20Advanced/ShortburstProject/Short_platformer_game/target/classes/assets/textures/Items/Boxes/Box1/Hit%20(28x24).png
00:30:57.774 [FXGL Background Thread 4 ] DEBUG FXGLAssetLoaderServi - Loading from file system: file:/C:/Users/sande/IdeaProjects/Java%20Advanced/ShortburstProject/Short_platformer_game/target/classes/assets/textures/Items/Fruits/Orange.png
00:30:57.777 [FXGL Background Thread 4 ] DEBUG FXGLAssetLoaderServi - Loading from file system: file:/C:/Users/sande/IdeaProjects/Java%20Advanced/ShortburstProject/Short_platformer_game/target/classes/assets/textures/Items/Fruits/Pineapple.png
00:30:57.782 [FXGL Background Thread 4 ] DEBUG FXGLAssetLoaderServi - Loading from file system: file:/C:/Users/sande/IdeaProjects/Java%20Advanced/ShortburstProject/Short_platformer_game/target/classes/assets/textures/Items/Fruits/Strawberry.png
00:30:57.785 [FXGL Background Thread 4 ] DEBUG FXGLAssetLoaderServi - Loading from file system: file:/C:/Users/sande/IdeaProjects/Java%20Advanced/ShortburstProject/Short_platformer_game/target/classes/assets/textures/Items/Fruits/Kiwi.png
00:30:57.793 [FXGL Background Thread 4 ] DEBUG FXGLAssetLoaderServi - Loading from file system: file:/C:/Users/sande/IdeaProjects/Java%20Advanced/ShortburstProject/Short_platformer_game/target/classes/assets/textures/Items/Fruits/Bananas.png
00:30:57.799 [FXGL Background Thread 4 ] DEBUG FXGLAssetLoaderServi - Loading from file system: file:/C:/Users/sande/IdeaProjects/Java%20Advanced/ShortburstProject/Short_platformer_game/target/classes/assets/textures/Items/Fruits/Cherries.png
00:30:57.805 [FXGL Background Thread 4 ] DEBUG FXGLAssetLoaderServi - Loading from file system: file:/C:/Users/sande/IdeaProjects/Java%20Advanced/ShortburstProject/Short_platformer_game/target/classes/assets/textures/Enemies/Mushroom/Idle%20(32x32).png
00:30:57.807 [FXGL Background Thread 4 ] DEBUG FXGLAssetLoaderServi - Loading from file system: file:/C:/Users/sande/IdeaProjects/Java%20Advanced/ShortburstProject/Short_platformer_game/target/classes/assets/textures/Enemies/Mushroom/Run%20(32x32).png
00:30:57.809 [FXGL Background Thread 4 ] DEBUG FXGLAssetLoaderServi - Loading from file system: file:/C:/Users/sande/IdeaProjects/Java%20Advanced/ShortburstProject/Short_platformer_game/target/classes/assets/textures/Enemies/Mushroom/Hit.png
00:30:57.817 [FXGL Background Thread 2 ] INFO  UpdaterService       - Your current version:  17.1
00:30:57.817 [FXGL Background Thread 2 ] INFO  UpdaterService       - Latest stable version: 17.2
00:30:57.819 [FXGL Background Thread 4 ] DEBUG GameWorld            - Clearing removable entities
00:30:57.821 [FXGL Background Thread 4 ] DEBUG GameWorld            - Setting level: com.almasb.fxgl.entity.level.Level@64e1a058
00:30:57.837 [FXGL Background Thread 4 ] DEBUG FXGLAssetLoaderServi - Loading from file system: file:/C:/Users/sande/IdeaProjects/Java%20Advanced/ShortburstProject/Short_platformer_game/target/classes/assets/textures/Virtual%20Guy/Idle%20(32x32).png
00:30:57.839 [FXGL Background Thread 4 ] DEBUG FXGLAssetLoaderServi - Loading from file system: file:/C:/Users/sande/IdeaProjects/Java%20Advanced/ShortburstProject/Short_platformer_game/target/classes/assets/textures/Virtual%20Guy/Run%20(32x32).png
00:30:57.842 [FXGL Background Thread 4 ] DEBUG FXGLAssetLoaderServi - Loading from file system: file:/C:/Users/sande/IdeaProjects/Java%20Advanced/ShortburstProject/Short_platformer_game/target/classes/assets/textures/Virtual%20Guy/Jump%20(32x32).png
00:30:57.844 [FXGL Background Thread 4 ] DEBUG FXGLAssetLoaderServi - Loading from file system: file:/C:/Users/sande/IdeaProjects/Java%20Advanced/ShortburstProject/Short_platformer_game/target/classes/assets/textures/Virtual%20Guy/Double%20Jump%20(32x32).png
00:30:57.845 [FXGL Background Thread 4 ] DEBUG FXGLAssetLoaderServi - Loading from file system: file:/C:/Users/sande/IdeaProjects/Java%20Advanced/ShortburstProject/Short_platformer_game/target/classes/assets/textures/Virtual%20Guy/Fall%20(32x32).png
00:30:57.846 [FXGL Background Thread 4 ] DEBUG FXGLAssetLoaderServi - Loading from file system: file:/C:/Users/sande/IdeaProjects/Java%20Advanced/ShortburstProject/Short_platformer_game/target/classes/assets/textures/Virtual%20Guy/Disappearing%20(32x32).png
00:30:57.848 [FXGL Background Thread 4 ] DEBUG FXGLAssetLoaderServi - Loading from file system: file:/C:/Users/sande/IdeaProjects/Java%20Advanced/ShortburstProject/Short_platformer_game/target/classes/assets/textures/Virtual%20Guy/Appearing%20(32x32).png
00:30:57.851 [FXGL Background Thread 4 ] DEBUG FXGLAssetLoaderServi - Loading from file system: file:/C:/Users/sande/IdeaProjects/Java%20Advanced/ShortburstProject/Short_platformer_game/target/classes/assets/textures/Virtual%20Guy/Hit%20(32x32).png
00:30:57.856 [FXGL Background Thread 4 ] DEBUG FXGLAssetLoaderServi - Loading from file system: file:/C:/Users/sande/IdeaProjects/Java%20Advanced/ShortburstProject/Short_platformer_game/target/classes/assets/textures/Background/Blue.png
00:30:57.859 [JavaFX Application Thread] DEBUG FXGLApplication      - Registering font factories with UI factory
00:30:57.859 [FXGL Background Thread 4 ] DEBUG FXGLAssetLoaderServi - Loading from file system: file:/C:/Users/sande/IdeaProjects/Java%20Advanced/ShortburstProject/Short_platformer_game/target/classes/assets/textures/Items/Other/Heart%20(64x64).png
00:30:57.862 [FXGL Background Thread 4 ] DEBUG FXGLAssetLoaderServi - Loading from file system: file:/C:/Users/sande/IdeaProjects/Java%20Advanced/ShortburstProject/Short_platformer_game/target/classes/assets/textures/Items/Fruits/Apple%20(64x64).png
00:30:57.865 [FXGL Background Thread 4 ] INFO  FXGLApplication      - Game initialization took: 0.253 sec
00:30:57.945 [JavaFX Application Thread] DEBUG Input                - Clearing active input actions
00:30:57.958 [JavaFX Application Thread] DEBUG GameApplicationServi - Removing overlay from FXGLLoadingScene and adding to GameScene
00:30:57.972 [JavaFX Application Thread] DEBUG PrimaryStageWindow   - FXGLLoadingScene -> GameScene
00:31:00.456 [FXGL Background Thread 3 ] DEBUG Engine               - Logging environment variables
00:31:00.457 [FXGL Background Thread 3 ] DEBUG Engine               - achievements: []
00:31:00.457 [FXGL Background Thread 3 ] DEBUG Engine               - actualHeight: 640.0
00:31:00.457 [FXGL Background Thread 3 ] DEBUG Engine               - actualHeightProperty: ReadOnlyDoubleProperty [value: 640.0]
00:31:00.457 [FXGL Background Thread 3 ] DEBUG Engine               - actualWidth: 1024.0
00:31:00.457 [FXGL Background Thread 3 ] DEBUG Engine               - actualWidthProperty: ReadOnlyDoubleProperty [value: 1024.0]
00:31:00.458 [FXGL Background Thread 3 ] DEBUG Engine               - appIcon: fxgl_icon.png
00:31:00.458 [FXGL Background Thread 3 ] DEBUG Engine               - applicationMode: DEVELOPER
00:31:00.458 [FXGL Background Thread 3 ] DEBUG Engine               - cSSList: [fxgl_dark.css]
00:31:00.458 [FXGL Background Thread 3 ] DEBUG Engine               - collisionDetectionStrategy: BRUTE_FORCE
00:31:00.458 [FXGL Background Thread 3 ] DEBUG Engine               - configClass: Optional.empty
00:31:00.458 [FXGL Background Thread 3 ] DEBUG Engine               - credits: []
00:31:00.459 [FXGL Background Thread 3 ] DEBUG Engine               - defaultCursor: CursorInfo(imageName=fxgl_default_cursor.png, hotspotX=7.0, hotspotY=6.0)
00:31:00.459 [FXGL Background Thread 3 ] DEBUG Engine               - devBBoxColorProperty: ObjectProperty [value: 0xff0000ff]
00:31:00.459 [FXGL Background Thread 3 ] DEBUG Engine               - devEnableDebugCameraProperty: BooleanProperty [value: false]
00:31:00.459 [FXGL Background Thread 3 ] DEBUG Engine               - devSensorColorProperty: ObjectProperty [value: 0xffff00ff]
00:31:00.460 [FXGL Background Thread 3 ] DEBUG Engine               - devShowBBoxProperty: BooleanProperty [value: false]
00:31:00.460 [FXGL Background Thread 3 ] DEBUG Engine               - devShowPositionProperty: BooleanProperty [value: false]
00:31:00.460 [FXGL Background Thread 3 ] DEBUG Engine               - enabledMenuItems: []
00:31:00.460 [FXGL Background Thread 3 ] DEBUG Engine               - engineServices: [class com.almasb.fxgl.app.services.FXGLAssetLoaderService, class com.almasb.fxgl.app.FXGLApplication$GameApplicationService, class com.almasb.fxgl.app.services.FXGLDialogService, class com.almasb.fxgl.app.services.IOTaskExecutorService, class com.almasb.fxgl.io.FileSystemService, class com.almasb.fxgl.localization.LocalizationService, class com.almasb.fxgl.app.services.SystemBundleService, class com.almasb.fxgl.profile.SaveLoadService, class com.almasb.fxgl.ui.FXGLUIFactoryServiceProvider, class com.almasb.fxgl.ui.FXGLDialogFactoryServiceProvider, class com.almasb.fxgl.audio.AudioPlayer, class com.almasb.fxgl.notification.impl.NotificationServiceProvider, class com.almasb.fxgl.achievement.AchievementService, class com.almasb.fxgl.cutscene.CutsceneService, class com.almasb.fxgl.minigames.MiniGameService, class com.almasb.fxgl.net.NetService, class com.almasb.fxgl.app.services.UpdaterService, class com.almasb.fxgl.dev.DevService]
00:31:00.460 [FXGL Background Thread 3 ] DEBUG Engine               - fontGame: Abel-Regular.ttf
00:31:00.460 [FXGL Background Thread 3 ] DEBUG Engine               - fontMono: TerminalLandMono-Regular.otf
00:31:00.460 [FXGL Background Thread 3 ] DEBUG Engine               - fontText: Courier-Prime.ttf
00:31:00.460 [FXGL Background Thread 3 ] DEBUG Engine               - fontUI: VarelaRound-Regular.ttf
00:31:00.461 [FXGL Background Thread 3 ] DEBUG Engine               - fullScreen: BooleanProperty [value: false]
00:31:00.461 [FXGL Background Thread 3 ] DEBUG Engine               - gameDifficulty: MEDIUM
00:31:00.461 [FXGL Background Thread 3 ] DEBUG Engine               - gameDifficultyProperty: ObjectProperty [value: MEDIUM]
00:31:00.461 [FXGL Background Thread 3 ] DEBUG Engine               - globalMusicVolume: 0.5
00:31:00.461 [FXGL Background Thread 3 ] DEBUG Engine               - globalMusicVolumeProperty: DoubleProperty [value: 0.5]
00:31:00.461 [FXGL Background Thread 3 ] DEBUG Engine               - globalSoundVolume: 0.5
00:31:00.462 [FXGL Background Thread 3 ] DEBUG Engine               - globalSoundVolumeProperty: DoubleProperty [value: 0.5]
00:31:00.462 [FXGL Background Thread 3 ] DEBUG Engine               - height: 640
00:31:00.462 [FXGL Background Thread 3 ] DEBUG Engine               - is3D: false
00:31:00.462 [FXGL Background Thread 3 ] DEBUG Engine               - isAndroid: false
00:31:00.462 [FXGL Background Thread 3 ] DEBUG Engine               - isBrowser: false
00:31:00.462 [FXGL Background Thread 3 ] DEBUG Engine               - isClickFeedbackEnabled: false
00:31:00.462 [FXGL Background Thread 3 ] DEBUG Engine               - isCloseConfirmation: false
00:31:00.462 [FXGL Background Thread 3 ] DEBUG Engine               - isDesktop: true
00:31:00.462 [FXGL Background Thread 3 ] DEBUG Engine               - isDeveloperMenuEnabled: true
00:31:00.463 [FXGL Background Thread 3 ] DEBUG Engine               - isEmbedded: false
00:31:00.463 [FXGL Background Thread 3 ] DEBUG Engine               - isEntityPreloadEnabled: true
00:31:00.463 [FXGL Background Thread 3 ] DEBUG Engine               - isExperimentalTiledLargeMap: false
00:31:00.463 [FXGL Background Thread 3 ] DEBUG Engine               - isFileSystemWriteAllowed: true
00:31:00.463 [FXGL Background Thread 3 ] DEBUG Engine               - isFullScreenAllowed: false
00:31:00.463 [FXGL Background Thread 3 ] DEBUG Engine               - isFullScreenFromStart: false
00:31:00.463 [FXGL Background Thread 3 ] DEBUG Engine               - isGameMenuEnabled: true
00:31:00.463 [FXGL Background Thread 3 ] DEBUG Engine               - isIOS: false
00:31:00.463 [FXGL Background Thread 3 ] DEBUG Engine               - isIntroEnabled: false
00:31:00.464 [FXGL Background Thread 3 ] DEBUG Engine               - isLinux: false
00:31:00.464 [FXGL Background Thread 3 ] DEBUG Engine               - isMac: false
00:31:00.464 [FXGL Background Thread 3 ] DEBUG Engine               - isMainMenuEnabled: false
00:31:00.464 [FXGL Background Thread 3 ] DEBUG Engine               - isManualResizeEnabled: false
00:31:00.464 [FXGL Background Thread 3 ] DEBUG Engine               - isMobile: false
00:31:00.464 [FXGL Background Thread 3 ] DEBUG Engine               - isNative: false
00:31:00.464 [FXGL Background Thread 3 ] DEBUG Engine               - isPauseMusicWhenMinimized: true
00:31:00.464 [FXGL Background Thread 3 ] DEBUG Engine               - isPreserveResizeRatio: false
00:31:00.465 [FXGL Background Thread 3 ] DEBUG Engine               - isProfilingEnabled: false
00:31:00.465 [FXGL Background Thread 3 ] DEBUG Engine               - isScaleAffectedOnResize: true
00:31:00.465 [FXGL Background Thread 3 ] DEBUG Engine               - isSingleStep: false
00:31:00.465 [FXGL Background Thread 3 ] DEBUG Engine               - isUserProfileEnabled: false
00:31:00.465 [FXGL Background Thread 3 ] DEBUG Engine               - isWindows: true
00:31:00.465 [FXGL Background Thread 3 ] DEBUG Engine               - language: ObjectProperty [value: ENGLISH]
00:31:00.465 [FXGL Background Thread 3 ] DEBUG Engine               - menuKey: ESCAPE
00:31:00.466 [FXGL Background Thread 3 ] DEBUG Engine               - mouseSensitivity: 0.2
00:31:00.466 [FXGL Background Thread 3 ] DEBUG Engine               - notificationViewClass: class com.almasb.fxgl.notification.view.XboxNotificationView
00:31:00.466 [FXGL Background Thread 3 ] DEBUG Engine               - pixelsPerMeter: 50.0
00:31:00.466 [FXGL Background Thread 3 ] DEBUG Engine               - platform: WINDOWS
00:31:00.466 [FXGL Background Thread 3 ] DEBUG Engine               - prefHeightProperty: ReadOnlyDoubleProperty [value: 640.0]
00:31:00.466 [FXGL Background Thread 3 ] DEBUG Engine               - prefWidthProperty: ReadOnlyDoubleProperty [value: 1024.0]
00:31:00.466 [FXGL Background Thread 3 ] DEBUG Engine               - profileDir: profiles/
00:31:00.466 [FXGL Background Thread 3 ] DEBUG Engine               - profileName: StringProperty [value: DEFAULT]
00:31:00.466 [FXGL Background Thread 3 ] DEBUG Engine               - randomSeed: -1
00:31:00.467 [FXGL Background Thread 3 ] DEBUG Engine               - runtimeInfo: RuntimeInfo(platform=WINDOWS, version=17.1, build=24.03.2022 17.34)
00:31:00.468 [FXGL Background Thread 3 ] DEBUG Engine               - saveFileExt: sav
00:31:00.468 [FXGL Background Thread 3 ] DEBUG Engine               - scaledHeightProp$fxgl: DoubleProperty [bound, value: 640.0]
00:31:00.468 [FXGL Background Thread 3 ] DEBUG Engine               - scaledWidthProp$fxgl: DoubleProperty [bound, value: 1024.0]
00:31:00.468 [FXGL Background Thread 3 ] DEBUG Engine               - sceneFactory: com.almasb.fxgl.app.scene.SceneFactory@2b804fbb
00:31:00.468 [FXGL Background Thread 3 ] DEBUG Engine               - secondsIn24h: 60
00:31:00.468 [FXGL Background Thread 3 ] DEBUG Engine               - soundMenuBack: menu/back.wav
00:31:00.468 [FXGL Background Thread 3 ] DEBUG Engine               - soundMenuPress: menu/press.wav
00:31:00.469 [FXGL Background Thread 3 ] DEBUG Engine               - soundMenuSelect: menu/select.wav
00:31:00.469 [FXGL Background Thread 3 ] DEBUG Engine               - soundNotification: core/notification.wav
00:31:00.469 [FXGL Background Thread 3 ] DEBUG Engine               - stageStyle: DECORATED
00:31:00.469 [FXGL Background Thread 3 ] DEBUG Engine               - supportedLanguages: [ENGLISH, FRENCH, GERMAN, HUNGARIAN, RUSSIAN]
00:31:00.469 [FXGL Background Thread 3 ] DEBUG Engine               - ticksPerSecond: -1
00:31:00.469 [FXGL Background Thread 3 ] DEBUG Engine               - title: Short platformer game
00:31:00.469 [FXGL Background Thread 3 ] DEBUG Engine               - urlGithub: https://github.com/AlmasB/FXGL
00:31:00.469 [FXGL Background Thread 3 ] DEBUG Engine               - urlLeaderboard: http://fxgl-top.herokuapp.com/
00:31:00.469 [FXGL Background Thread 3 ] DEBUG Engine               - urlPOM: https://raw.githubusercontent.com/AlmasB/FXGL/release/README.md
00:31:00.470 [FXGL Background Thread 3 ] DEBUG Engine               - userAppClass: class org.platformer.PlatformerApp
00:31:00.470 [FXGL Background Thread 3 ] DEBUG Engine               - version: 0.1
00:31:00.470 [FXGL Background Thread 3 ] DEBUG Engine               - versionCheckDays: 7
00:31:00.470 [FXGL Background Thread 3 ] DEBUG Engine               - width: 1024
00:31:00.470 [FXGL Background Thread 3 ] DEBUG Engine               - Logging services
00:31:00.470 [FXGL Background Thread 3 ] DEBUG Engine               - class com.almasb.fxgl.app.services.FXGLAssetLoaderService
00:31:00.470 [FXGL Background Thread 3 ] DEBUG Engine               - class com.almasb.fxgl.app.FXGLApplication$GameApplicationService
00:31:00.470 [FXGL Background Thread 3 ] DEBUG Engine               - class com.almasb.fxgl.app.services.FXGLDialogService
00:31:00.470 [FXGL Background Thread 3 ] DEBUG Engine               - class com.almasb.fxgl.app.services.IOTaskExecutorService
00:31:00.471 [FXGL Background Thread 3 ] DEBUG Engine               - class com.almasb.fxgl.io.FileSystemService
00:31:00.471 [FXGL Background Thread 3 ] DEBUG Engine               - class com.almasb.fxgl.localization.LocalizationService
00:31:00.471 [FXGL Background Thread 3 ] DEBUG Engine               - class com.almasb.fxgl.app.services.SystemBundleService
00:31:00.471 [FXGL Background Thread 3 ] DEBUG Engine               - class com.almasb.fxgl.profile.SaveLoadService
00:31:00.471 [FXGL Background Thread 3 ] DEBUG Engine               - class com.almasb.fxgl.ui.FXGLUIFactoryServiceProvider
00:31:00.471 [FXGL Background Thread 3 ] DEBUG Engine               - class com.almasb.fxgl.ui.FXGLDialogFactoryServiceProvider
00:31:00.471 [FXGL Background Thread 3 ] DEBUG Engine               - class com.almasb.fxgl.audio.AudioPlayer
00:31:00.471 [FXGL Background Thread 3 ] DEBUG Engine               - class com.almasb.fxgl.notification.impl.NotificationServiceProvider
00:31:00.471 [FXGL Background Thread 3 ] DEBUG Engine               - class com.almasb.fxgl.achievement.AchievementService
00:31:00.471 [FXGL Background Thread 3 ] DEBUG Engine               - class com.almasb.fxgl.cutscene.CutsceneService
00:31:00.472 [FXGL Background Thread 3 ] DEBUG Engine               - class com.almasb.fxgl.minigames.MiniGameService
00:31:00.472 [FXGL Background Thread 3 ] DEBUG Engine               - class com.almasb.fxgl.net.NetService
00:31:00.472 [FXGL Background Thread 3 ] DEBUG Engine               - class com.almasb.fxgl.app.services.UpdaterService
00:31:00.472 [FXGL Background Thread 3 ] DEBUG Engine               - class com.almasb.fxgl.dev.DevService
00:31:04.411 [JavaFX Application Thread] DEBUG FXGLApplication      - Exiting FXGL
00:31:04.411 [JavaFX Application Thread] DEBUG LoopRunner           - Stopping loop
00:31:04.411 [JavaFX Application Thread] DEBUG SystemBundleService  - Saving FXGL system data
00:31:04.415 [JavaFX Application Thread] DEBUG FileSystemAccess     - Writing to: C:\Users\sande\IdeaProjects\Java Advanced\ShortburstProject\Short_platformer_game\system\fxgl.bundle
00:31:04.418 [JavaFX Application Thread] DEBUG Async                - Shutting down background threads
00:31:04.419 [JavaFX Application Thread] DEBUG PrimaryStageWindow   - Closing main window
00:31:04.457 [JavaFX Application Thread] DEBUG Logger               - Closing Logger
