22:06:33.815 [main                     ] DEBUG Logger               - Configured Logger
22:06:33.836 [main                     ] DEBUG GameApplication      - Logging settings
Title: Untitled
Version: 0.0
Width: 800
Height: 608
Fullscreen: false
Intro: false
Profiling: false
Single step:false
App Mode: DEVELOPER
Menu Key: ESCAPE
Stage Style: DECORATED
Scene Factory: class com.almasb.fxgl.app.scene.SceneFactory

22:06:34.157 [JavaFX Application Thread] DEBUG FXGLApplication      - Initializing FXGL
22:06:34.164 [JavaFX Application Thread] INFO  Engine               - FXGL-17.1 (24.03.2022 17.34) on WINDOWS (J:19.0.1 FX:18)
22:06:34.165 [JavaFX Application Thread] DEBUG Engine               - JRE Vendor Name: Oracle Corporation
22:06:34.166 [JavaFX Application Thread] DEBUG Engine               - Running on OS: Windows 10 version 10.0
22:06:34.166 [JavaFX Application Thread] DEBUG Engine               - Architecture: amd64
22:06:34.166 [JavaFX Application Thread] INFO  Engine               - Source code and latest versions at: https://github.com/AlmasB/FXGL
22:06:34.166 [JavaFX Application Thread] INFO  Engine               -       Ask questions and discuss at: https://github.com/AlmasB/FXGL/discussions
22:06:34.166 [JavaFX Application Thread] INFO  Engine               -              Join the FXGL chat at: https://gitter.im/AlmasB/FXGL
22:06:34.238 [JavaFX Application Thread] DEBUG PrimaryStageWindow   - Creating a JavaFX scene
22:06:34.275 [JavaFX Application Thread] DEBUG PrimaryStageWindow   - Target settings size: 800.0 x 608.0
22:06:34.276 [JavaFX Application Thread] DEBUG PrimaryStageWindow   - Scaled scene size:    800.0 x 608.0
22:06:34.276 [JavaFX Application Thread] DEBUG PrimaryStageWindow   - Scaled ratio: (1.0, 1.0)
22:06:34.277 [JavaFX Application Thread] DEBUG PrimaryStageWindow   - Set initial scene to FXGLStartupScene
22:06:34.282 [JavaFX Application Thread] DEBUG PrimaryStageWindow   - Opening main window
22:06:34.374 [JavaFX Application Thread] DEBUG PrimaryStageWindow   - Window border size: (14.4000244140625, 37.5999755859375)
22:06:34.374 [JavaFX Application Thread] DEBUG PrimaryStageWindow   - Scaled size: 800.0 x 608.0
22:06:34.374 [JavaFX Application Thread] DEBUG PrimaryStageWindow   - Scaled ratio: (1.0, 1.0)
22:06:34.375 [JavaFX Application Thread] DEBUG PrimaryStageWindow   - Scene size: 800.0 x 608.0
22:06:34.375 [JavaFX Application Thread] DEBUG PrimaryStageWindow   - Stage size: 814.4000244140625 x 645.5999755859375
22:06:34.387 [FXGL Background Thread 1 ] DEBUG Engine               - Initializing environment variables
22:06:34.440 [FXGL Background Thread 1 ] DEBUG FXGLAssetLoaderServi - User app class for loading assets: class org.platformer.PlatformerApp
22:06:34.440 [FXGL Background Thread 1 ] DEBUG GameApplicationServi - Applying CSS: fxgl_dark.css
22:06:34.442 [FXGL Background Thread 1 ] DEBUG FXGLAssetLoaderServi - Loading from file system: jar:file:///C:/Users/sande/.m2/repository/com/github/almasb/fxgl/17.1/fxgl-17.1.jar!/fxglassets/ui/css/fxgl_dark.css
22:06:34.486 [FXGL Background Thread 1 ] DEBUG GameApplicationServi - Initializing application scenes
22:06:34.520 [FXGL Background Thread 1 ] DEBUG GameWorld            - Game world initialized
22:06:34.596 [FXGL Background Thread 1 ] DEBUG PhysicsWorld         - Physics world initialized: appHeight=608, physics.ppm=50.0
22:06:34.598 [FXGL Background Thread 1 ] DEBUG PhysicsWorld         - Using strategy: BRUTE_FORCE
22:06:34.601 [FXGL Background Thread 1 ] DEBUG GameScene            - Game scene initialized: 800x608
22:06:34.616 [FXGL Background Thread 1 ] DEBUG FXGL.DefaultMenu     - createMenuBodyGameMenu()
22:06:34.629 [FXGL Background Thread 1 ] DEBUG FXGL.DefaultMenu     - createOptionsMenu()
22:06:34.639 [FXGL Background Thread 1 ] DEBUG FXGLAssetLoaderServi - Loading from file system: jar:file:///C:/Users/sande/.m2/repository/com/github/almasb/fxgl/17.1/fxgl-17.1.jar!/fxglassets/textures/particles/smoke.png
22:06:34.729 [FXGL Background Thread 1 ] DEBUG FXGLAssetLoaderServi - Loading from file system: jar:file:///C:/Users/sande/.m2/repository/com/github/almasb/fxgl/17.1/fxgl-17.1.jar!/fxglassets/textures/particles/trace_horizontal.png
22:06:34.760 [FXGL Background Thread 1 ] DEBUG GameApplicationServi - Application scenes initialized
22:06:34.771 [FXGL Background Thread 1 ] DEBUG SystemBundleService  - Loading FXGL system data
22:06:34.776 [FXGL Background Thread 1 ] DEBUG FileSystemAccess     - Reading from: C:\Users\sande\IdeaProjects\Java Advanced\ShortburstProject\Short_platformer_game\system\fxgl.bundle
22:06:34.784 [FXGL Background Thread 1 ] DEBUG SystemBundleService  - Bundle FXGL: {}
22:06:34.785 [FXGL Background Thread 1 ] DEBUG UpdaterService       - Checking for updates
22:06:34.809 [FXGL Background Thread 4 ] DEBUG FXGLApplication      - Loading fonts
22:06:34.809 [FXGL Background Thread 1 ] DEBUG FXGLApplication      - Loading default localization
22:06:34.809 [FXGL Background Thread 4 ] DEBUG FXGLAssetLoaderServi - Loading from file system: jar:file:///C:/Users/sande/.m2/repository/com/github/almasb/fxgl/17.1/fxgl-17.1.jar!/fxglassets/ui/fonts/VarelaRound-Regular.ttf
22:06:34.810 [FXGL Background Thread 1 ] DEBUG FXGLAssetLoaderServi - Loading from file system: jar:file:///C:/Users/sande/.m2/repository/com/github/almasb/fxgl/17.1/fxgl-17.1.jar!/fxglassets/languages/english.lang
22:06:34.827 [FXGL Background Thread 1 ] INFO  FXGLApplication      - FXGL initialization took: 0.440 sec
22:06:34.837 [JavaFX Application Thread] DEBUG Input                - Registered new binding: Left - Left
22:06:34.838 [JavaFX Application Thread] DEBUG Input                - Registered new binding: Right - Right
22:06:34.838 [JavaFX Application Thread] DEBUG Input                - Registered new binding: Jump - Up
22:06:34.838 [JavaFX Application Thread] DEBUG FXGLAssetLoaderServi - Loading from file system: jar:file:///C:/Users/sande/.m2/repository/com/github/almasb/fxgl/17.1/fxgl-17.1.jar!/fxglassets/textures/fxgl_icon.png
22:06:34.859 [JavaFX Application Thread] DEBUG FXGLAssetLoaderServi - Loading from file system: jar:file:///C:/Users/sande/.m2/repository/com/github/almasb/fxgl/17.1/fxgl-17.1.jar!/fxglassets/textures/fxgl_default_cursor.png
22:06:34.861 [JavaFX Application Thread] DEBUG Input                - Registered new binding: Screenshot - CTRL+8
22:06:34.862 [JavaFX Application Thread] DEBUG Input                - Registered new binding: Dev Options - 1
22:06:34.862 [JavaFX Application Thread] DEBUG Input                - Registered new binding: Dev Console - 2
22:06:34.862 [JavaFX Application Thread] DEBUG Input                - Registered new binding: System info dump - CTRL+9
22:06:34.863 [JavaFX Application Thread] DEBUG Input                - Registered new binding: Restart - CTRL+R
22:06:34.863 [JavaFX Application Thread] DEBUG Input                - Registered new binding: Toggle Debug Camera - CTRL+7
22:06:34.866 [JavaFX Application Thread] DEBUG LoopRunner           - Starting loop
22:06:34.869 [FXGL Background Thread 4 ] DEBUG FXGLAssetLoaderServi - Loading from file system: jar:file:///C:/Users/sande/.m2/repository/com/github/almasb/fxgl/17.1/fxgl-17.1.jar!/fxglassets/ui/fonts/Abel-Regular.ttf
22:06:34.877 [JavaFX Application Thread] DEBUG LoopRunner           - Initializing JavaFX AnimationTimerLoop
22:06:34.878 [JavaFX Application Thread] DEBUG GameApplicationServi - Starting new game
22:06:34.879 [JavaFX Application Thread] DEBUG Input                - Clearing active input actions
22:06:34.888 [FXGL Background Thread 4 ] DEBUG FXGLAssetLoaderServi - Loading from file system: jar:file:///C:/Users/sande/.m2/repository/com/github/almasb/fxgl/17.1/fxgl-17.1.jar!/fxglassets/ui/fonts/TerminalLandMono-Regular.otf
22:06:34.890 [JavaFX Application Thread] DEBUG GameApplicationServi - Removing overlay from FXGLStartupScene and adding to FXGLLoadingScene
22:06:34.892 [JavaFX Application Thread] DEBUG PrimaryStageWindow   - FXGLStartupScene -> FXGLLoadingScene
22:06:34.892 [JavaFX Application Thread] DEBUG GameApplicationServi - Clearing previous game
22:06:34.892 [JavaFX Application Thread] DEBUG GameScene            - Clearing game scene
22:06:34.892 [JavaFX Application Thread] DEBUG GameWorld            - Clearing game world
22:06:34.892 [JavaFX Application Thread] DEBUG PhysicsWorld         - Clearing physics world
22:06:34.894 [FXGL Background Thread 1 ] DEBUG FXGLApplication      - Initializing game
22:06:34.899 [FXGL Background Thread 4 ] DEBUG FXGLAssetLoaderServi - Loading from file system: jar:file:///C:/Users/sande/.m2/repository/com/github/almasb/fxgl/17.1/fxgl-17.1.jar!/fxglassets/ui/fonts/Courier-Prime.ttf
22:06:34.948 [FXGL Background Thread 1 ] DEBUG TMXLevelLoader       - Parsed TiledMap: file:/C:/Users/sande/IdeaProjects/Java%20Advanced/ShortburstProject/Short_platformer_game/target/classes/assets/levels/tmx/platformer.tmx
22:06:34.949 [FXGL Background Thread 1 ] DEBUG TMXLevelLoader       - Creating tile layer entities
22:06:34.951 [FXGL Background Thread 1 ] DEBUG TilesetLoader        - Loading view for layer Tile Layer 1
22:06:34.952 [FXGL Background Thread 1 ] DEBUG TilesetLoader        - Created buffer with size 800.0x608.0
22:06:34.972 [FXGL Background Thread 1 ] DEBUG TMXLevelLoader       - Creating object layer entities
22:06:35.002 [FXGL Background Thread 1 ] DEBUG GameWorld            - Clearing removable entities
22:06:35.003 [FXGL Background Thread 1 ] DEBUG GameWorld            - Setting level: com.almasb.fxgl.entity.level.Level@22896dea
22:06:35.014 [FXGL Background Thread 1 ] DEBUG FXGLAssetLoaderServi - Loading from file system: file:/C:/Users/sande/IdeaProjects/Java%20Advanced/ShortburstProject/Short_platformer_game/target/classes/assets/textures/Virtual%20Guy/Idle%20(32x32).png
22:06:35.037 [FXGL Background Thread 1 ] DEBUG FXGLAssetLoaderServi - Loading from file system: file:/C:/Users/sande/IdeaProjects/Java%20Advanced/ShortburstProject/Short_platformer_game/target/classes/assets/textures/Virtual%20Guy/Run%20(32x32).png
22:06:35.050 [FXGL Background Thread 1 ] INFO  FXGLApplication      - Game initialization took: 0.156 sec
22:06:35.176 [JavaFX Application Thread] DEBUG FXGLApplication      - Registering font factories with UI factory
22:06:35.187 [JavaFX Application Thread] DEBUG Input                - Clearing active input actions
22:06:35.199 [JavaFX Application Thread] DEBUG GameApplicationServi - Removing overlay from FXGLLoadingScene and adding to GameScene
22:06:35.203 [JavaFX Application Thread] DEBUG PrimaryStageWindow   - FXGLLoadingScene -> GameScene
22:06:35.214 [FXGL Background Thread 2 ] INFO  UpdaterService       - Your current version:  17.1
22:06:35.214 [FXGL Background Thread 2 ] INFO  UpdaterService       - Latest stable version: 17.2
22:06:37.808 [FXGL Background Thread 3 ] DEBUG Engine               - Logging environment variables
22:06:37.810 [FXGL Background Thread 3 ] DEBUG Engine               - achievements: []
22:06:37.810 [FXGL Background Thread 3 ] DEBUG Engine               - actualHeight: 608.0
22:06:37.810 [FXGL Background Thread 3 ] DEBUG Engine               - actualHeightProperty: ReadOnlyDoubleProperty [value: 608.0]
22:06:37.810 [FXGL Background Thread 3 ] DEBUG Engine               - actualWidth: 800.0
22:06:37.810 [FXGL Background Thread 3 ] DEBUG Engine               - actualWidthProperty: ReadOnlyDoubleProperty [value: 800.0]
22:06:37.811 [FXGL Background Thread 3 ] DEBUG Engine               - appIcon: fxgl_icon.png
22:06:37.811 [FXGL Background Thread 3 ] DEBUG Engine               - applicationMode: DEVELOPER
22:06:37.811 [FXGL Background Thread 3 ] DEBUG Engine               - cSSList: [fxgl_dark.css]
22:06:37.811 [FXGL Background Thread 3 ] DEBUG Engine               - collisionDetectionStrategy: BRUTE_FORCE
22:06:37.811 [FXGL Background Thread 3 ] DEBUG Engine               - configClass: Optional.empty
22:06:37.811 [FXGL Background Thread 3 ] DEBUG Engine               - credits: []
22:06:37.812 [FXGL Background Thread 3 ] DEBUG Engine               - defaultCursor: CursorInfo(imageName=fxgl_default_cursor.png, hotspotX=7.0, hotspotY=6.0)
22:06:37.812 [FXGL Background Thread 3 ] DEBUG Engine               - devBBoxColorProperty: ObjectProperty [value: 0xff0000ff]
22:06:37.813 [FXGL Background Thread 3 ] DEBUG Engine               - devEnableDebugCameraProperty: BooleanProperty [value: false]
22:06:37.813 [FXGL Background Thread 3 ] DEBUG Engine               - devSensorColorProperty: ObjectProperty [value: 0xffff00ff]
22:06:37.813 [FXGL Background Thread 3 ] DEBUG Engine               - devShowBBoxProperty: BooleanProperty [value: false]
22:06:37.813 [FXGL Background Thread 3 ] DEBUG Engine               - devShowPositionProperty: BooleanProperty [value: false]
22:06:37.813 [FXGL Background Thread 3 ] DEBUG Engine               - enabledMenuItems: []
22:06:37.814 [FXGL Background Thread 3 ] DEBUG Engine               - engineServices: [class com.almasb.fxgl.app.services.FXGLAssetLoaderService, class com.almasb.fxgl.app.FXGLApplication$GameApplicationService, class com.almasb.fxgl.app.services.FXGLDialogService, class com.almasb.fxgl.app.services.IOTaskExecutorService, class com.almasb.fxgl.io.FileSystemService, class com.almasb.fxgl.localization.LocalizationService, class com.almasb.fxgl.app.services.SystemBundleService, class com.almasb.fxgl.profile.SaveLoadService, class com.almasb.fxgl.ui.FXGLUIFactoryServiceProvider, class com.almasb.fxgl.ui.FXGLDialogFactoryServiceProvider, class com.almasb.fxgl.audio.AudioPlayer, class com.almasb.fxgl.notification.impl.NotificationServiceProvider, class com.almasb.fxgl.achievement.AchievementService, class com.almasb.fxgl.cutscene.CutsceneService, class com.almasb.fxgl.minigames.MiniGameService, class com.almasb.fxgl.net.NetService, class com.almasb.fxgl.app.services.UpdaterService, class com.almasb.fxgl.dev.DevService]
22:06:37.814 [FXGL Background Thread 3 ] DEBUG Engine               - fontGame: Abel-Regular.ttf
22:06:37.814 [FXGL Background Thread 3 ] DEBUG Engine               - fontMono: TerminalLandMono-Regular.otf
22:06:37.814 [FXGL Background Thread 3 ] DEBUG Engine               - fontText: Courier-Prime.ttf
22:06:37.814 [FXGL Background Thread 3 ] DEBUG Engine               - fontUI: VarelaRound-Regular.ttf
22:06:37.814 [FXGL Background Thread 3 ] DEBUG Engine               - fullScreen: BooleanProperty [value: false]
22:06:37.814 [FXGL Background Thread 3 ] DEBUG Engine               - gameDifficulty: MEDIUM
22:06:37.815 [FXGL Background Thread 3 ] DEBUG Engine               - gameDifficultyProperty: ObjectProperty [value: MEDIUM]
22:06:37.815 [FXGL Background Thread 3 ] DEBUG Engine               - globalMusicVolume: 0.5
22:06:37.815 [FXGL Background Thread 3 ] DEBUG Engine               - globalMusicVolumeProperty: DoubleProperty [value: 0.5]
22:06:37.815 [FXGL Background Thread 3 ] DEBUG Engine               - globalSoundVolume: 0.5
22:06:37.815 [FXGL Background Thread 3 ] DEBUG Engine               - globalSoundVolumeProperty: DoubleProperty [value: 0.5]
22:06:37.815 [FXGL Background Thread 3 ] DEBUG Engine               - height: 608
22:06:37.815 [FXGL Background Thread 3 ] DEBUG Engine               - is3D: false
22:06:37.816 [FXGL Background Thread 3 ] DEBUG Engine               - isAndroid: false
22:06:37.816 [FXGL Background Thread 3 ] DEBUG Engine               - isBrowser: false
22:06:37.816 [FXGL Background Thread 3 ] DEBUG Engine               - isClickFeedbackEnabled: false
22:06:37.816 [FXGL Background Thread 3 ] DEBUG Engine               - isCloseConfirmation: false
22:06:37.816 [FXGL Background Thread 3 ] DEBUG Engine               - isDesktop: true
22:06:37.817 [FXGL Background Thread 3 ] DEBUG Engine               - isDeveloperMenuEnabled: true
22:06:37.817 [FXGL Background Thread 3 ] DEBUG Engine               - isEmbedded: false
22:06:37.817 [FXGL Background Thread 3 ] DEBUG Engine               - isEntityPreloadEnabled: true
22:06:37.817 [FXGL Background Thread 3 ] DEBUG Engine               - isExperimentalTiledLargeMap: false
22:06:37.817 [FXGL Background Thread 3 ] DEBUG Engine               - isFileSystemWriteAllowed: true
22:06:37.817 [FXGL Background Thread 3 ] DEBUG Engine               - isFullScreenAllowed: false
22:06:37.817 [FXGL Background Thread 3 ] DEBUG Engine               - isFullScreenFromStart: false
22:06:37.818 [FXGL Background Thread 3 ] DEBUG Engine               - isGameMenuEnabled: true
22:06:37.818 [FXGL Background Thread 3 ] DEBUG Engine               - isIOS: false
22:06:37.818 [FXGL Background Thread 3 ] DEBUG Engine               - isIntroEnabled: false
22:06:37.818 [FXGL Background Thread 3 ] DEBUG Engine               - isLinux: false
22:06:37.818 [FXGL Background Thread 3 ] DEBUG Engine               - isMac: false
22:06:37.818 [FXGL Background Thread 3 ] DEBUG Engine               - isMainMenuEnabled: false
22:06:37.818 [FXGL Background Thread 3 ] DEBUG Engine               - isManualResizeEnabled: false
22:06:37.818 [FXGL Background Thread 3 ] DEBUG Engine               - isMobile: false
22:06:37.819 [FXGL Background Thread 3 ] DEBUG Engine               - isNative: false
22:06:37.819 [FXGL Background Thread 3 ] DEBUG Engine               - isPauseMusicWhenMinimized: true
22:06:37.819 [FXGL Background Thread 3 ] DEBUG Engine               - isPreserveResizeRatio: false
22:06:37.819 [FXGL Background Thread 3 ] DEBUG Engine               - isProfilingEnabled: false
22:06:37.819 [FXGL Background Thread 3 ] DEBUG Engine               - isScaleAffectedOnResize: true
22:06:37.820 [FXGL Background Thread 3 ] DEBUG Engine               - isSingleStep: false
22:06:37.820 [FXGL Background Thread 3 ] DEBUG Engine               - isUserProfileEnabled: false
22:06:37.820 [FXGL Background Thread 3 ] DEBUG Engine               - isWindows: true
22:06:37.820 [FXGL Background Thread 3 ] DEBUG Engine               - language: ObjectProperty [value: ENGLISH]
22:06:37.820 [FXGL Background Thread 3 ] DEBUG Engine               - menuKey: ESCAPE
22:06:37.821 [FXGL Background Thread 3 ] DEBUG Engine               - mouseSensitivity: 0.2
22:06:37.821 [FXGL Background Thread 3 ] DEBUG Engine               - notificationViewClass: class com.almasb.fxgl.notification.view.XboxNotificationView
22:06:37.828 [FXGL Background Thread 3 ] DEBUG Engine               - pixelsPerMeter: 50.0
22:06:37.828 [FXGL Background Thread 3 ] DEBUG Engine               - platform: WINDOWS
22:06:37.828 [FXGL Background Thread 3 ] DEBUG Engine               - prefHeightProperty: ReadOnlyDoubleProperty [value: 608.0]
22:06:37.829 [FXGL Background Thread 3 ] DEBUG Engine               - prefWidthProperty: ReadOnlyDoubleProperty [value: 800.0]
22:06:37.829 [FXGL Background Thread 3 ] DEBUG Engine               - profileDir: profiles/
22:06:37.829 [FXGL Background Thread 3 ] DEBUG Engine               - profileName: StringProperty [value: DEFAULT]
22:06:37.829 [FXGL Background Thread 3 ] DEBUG Engine               - randomSeed: -1
22:06:37.830 [FXGL Background Thread 3 ] DEBUG Engine               - runtimeInfo: RuntimeInfo(platform=WINDOWS, version=17.1, build=24.03.2022 17.34)
22:06:37.830 [FXGL Background Thread 3 ] DEBUG Engine               - saveFileExt: sav
22:06:37.830 [FXGL Background Thread 3 ] DEBUG Engine               - scaledHeightProp$fxgl: DoubleProperty [bound, value: 608.0]
22:06:37.830 [FXGL Background Thread 3 ] DEBUG Engine               - scaledWidthProp$fxgl: DoubleProperty [bound, value: 800.0]
22:06:37.830 [FXGL Background Thread 3 ] DEBUG Engine               - sceneFactory: com.almasb.fxgl.app.scene.SceneFactory@22fd9c29
22:06:37.830 [FXGL Background Thread 3 ] DEBUG Engine               - secondsIn24h: 60
22:06:37.831 [FXGL Background Thread 3 ] DEBUG Engine               - soundMenuBack: menu/back.wav
22:06:37.831 [FXGL Background Thread 3 ] DEBUG Engine               - soundMenuPress: menu/press.wav
22:06:37.831 [FXGL Background Thread 3 ] DEBUG Engine               - soundMenuSelect: menu/select.wav
22:06:37.831 [FXGL Background Thread 3 ] DEBUG Engine               - soundNotification: core/notification.wav
22:06:37.831 [FXGL Background Thread 3 ] DEBUG Engine               - stageStyle: DECORATED
22:06:37.832 [FXGL Background Thread 3 ] DEBUG Engine               - supportedLanguages: [ENGLISH, FRENCH, GERMAN, HUNGARIAN, RUSSIAN]
22:06:37.832 [FXGL Background Thread 3 ] DEBUG Engine               - ticksPerSecond: -1
22:06:37.832 [FXGL Background Thread 3 ] DEBUG Engine               - title: Untitled
22:06:37.832 [FXGL Background Thread 3 ] DEBUG Engine               - urlGithub: https://github.com/AlmasB/FXGL
22:06:37.832 [FXGL Background Thread 3 ] DEBUG Engine               - urlLeaderboard: http://fxgl-top.herokuapp.com/
22:06:37.832 [FXGL Background Thread 3 ] DEBUG Engine               - urlPOM: https://raw.githubusercontent.com/AlmasB/FXGL/release/README.md
22:06:37.833 [FXGL Background Thread 3 ] DEBUG Engine               - userAppClass: class org.platformer.PlatformerApp
22:06:37.833 [FXGL Background Thread 3 ] DEBUG Engine               - version: 0.0
22:06:37.833 [FXGL Background Thread 3 ] DEBUG Engine               - versionCheckDays: 7
22:06:37.833 [FXGL Background Thread 3 ] DEBUG Engine               - width: 800
22:06:37.833 [FXGL Background Thread 3 ] DEBUG Engine               - Logging services
22:06:37.833 [FXGL Background Thread 3 ] DEBUG Engine               - class com.almasb.fxgl.app.services.FXGLAssetLoaderService
22:06:37.834 [FXGL Background Thread 3 ] DEBUG Engine               - class com.almasb.fxgl.app.FXGLApplication$GameApplicationService
22:06:37.834 [FXGL Background Thread 3 ] DEBUG Engine               - class com.almasb.fxgl.app.services.FXGLDialogService
22:06:37.834 [FXGL Background Thread 3 ] DEBUG Engine               - class com.almasb.fxgl.app.services.IOTaskExecutorService
22:06:37.834 [FXGL Background Thread 3 ] DEBUG Engine               - class com.almasb.fxgl.io.FileSystemService
22:06:37.834 [FXGL Background Thread 3 ] DEBUG Engine               - class com.almasb.fxgl.localization.LocalizationService
22:06:37.834 [FXGL Background Thread 3 ] DEBUG Engine               - class com.almasb.fxgl.app.services.SystemBundleService
22:06:37.834 [FXGL Background Thread 3 ] DEBUG Engine               - class com.almasb.fxgl.profile.SaveLoadService
22:06:37.835 [FXGL Background Thread 3 ] DEBUG Engine               - class com.almasb.fxgl.ui.FXGLUIFactoryServiceProvider
22:06:37.835 [FXGL Background Thread 3 ] DEBUG Engine               - class com.almasb.fxgl.ui.FXGLDialogFactoryServiceProvider
22:06:37.835 [FXGL Background Thread 3 ] DEBUG Engine               - class com.almasb.fxgl.audio.AudioPlayer
22:06:37.835 [FXGL Background Thread 3 ] DEBUG Engine               - class com.almasb.fxgl.notification.impl.NotificationServiceProvider
22:06:37.835 [FXGL Background Thread 3 ] DEBUG Engine               - class com.almasb.fxgl.achievement.AchievementService
22:06:37.835 [FXGL Background Thread 3 ] DEBUG Engine               - class com.almasb.fxgl.cutscene.CutsceneService
22:06:37.835 [FXGL Background Thread 3 ] DEBUG Engine               - class com.almasb.fxgl.minigames.MiniGameService
22:06:37.835 [FXGL Background Thread 3 ] DEBUG Engine               - class com.almasb.fxgl.net.NetService
22:06:37.836 [FXGL Background Thread 3 ] DEBUG Engine               - class com.almasb.fxgl.app.services.UpdaterService
22:06:37.836 [FXGL Background Thread 3 ] DEBUG Engine               - class com.almasb.fxgl.dev.DevService
22:06:54.310 [JavaFX Application Thread] DEBUG FXGLApplication      - Exiting FXGL
22:06:54.310 [JavaFX Application Thread] DEBUG LoopRunner           - Stopping loop
22:06:54.310 [JavaFX Application Thread] DEBUG SystemBundleService  - Saving FXGL system data
22:06:54.314 [JavaFX Application Thread] DEBUG FileSystemAccess     - Writing to: C:\Users\sande\IdeaProjects\Java Advanced\ShortburstProject\Short_platformer_game\system\fxgl.bundle
22:06:54.317 [JavaFX Application Thread] DEBUG Async                - Shutting down background threads
22:06:54.318 [JavaFX Application Thread] DEBUG PrimaryStageWindow   - Closing main window
22:06:54.356 [JavaFX Application Thread] DEBUG Logger               - Closing Logger
