17:30:38.738 [main                     ] DEBUG Logger               - Configured Logger
17:30:38.763 [main                     ] DEBUG GameApplication      - Logging settings
Title: Untitled
Version: 0.0
Width: 800
Height: 600
Fullscreen: false
Intro: false
Profiling: false
Single step:false
App Mode: DEVELOPER
Menu Key: ESCAPE
Stage Style: DECORATED
Scene Factory: class com.almasb.fxgl.app.scene.SceneFactory

17:30:39.123 [JavaFX Application Thread] DEBUG FXGLApplication      - Initializing FXGL
17:30:39.131 [JavaFX Application Thread] INFO  Engine               - FXGL-17.1 (24.03.2022 17.34) on WINDOWS (J:19.0.1 FX:18)
17:30:39.132 [JavaFX Application Thread] DEBUG Engine               - JRE Vendor Name: Oracle Corporation
17:30:39.133 [JavaFX Application Thread] DEBUG Engine               - Running on OS: Windows 10 version 10.0
17:30:39.133 [JavaFX Application Thread] DEBUG Engine               - Architecture: amd64
17:30:39.134 [JavaFX Application Thread] INFO  Engine               - Source code and latest versions at: https://github.com/AlmasB/FXGL
17:30:39.134 [JavaFX Application Thread] INFO  Engine               -       Ask questions and discuss at: https://github.com/AlmasB/FXGL/discussions
17:30:39.134 [JavaFX Application Thread] INFO  Engine               -              Join the FXGL chat at: https://gitter.im/AlmasB/FXGL
17:30:39.281 [JavaFX Application Thread] DEBUG PrimaryStageWindow   - Creating a JavaFX scene
17:30:39.352 [JavaFX Application Thread] DEBUG PrimaryStageWindow   - Target settings size: 800.0 x 600.0
17:30:39.353 [JavaFX Application Thread] DEBUG PrimaryStageWindow   - Scaled scene size:    800.0 x 600.0
17:30:39.353 [JavaFX Application Thread] DEBUG PrimaryStageWindow   - Scaled ratio: (1.0, 1.0)
17:30:39.355 [JavaFX Application Thread] DEBUG PrimaryStageWindow   - Set initial scene to FXGLStartupScene
17:30:39.367 [JavaFX Application Thread] DEBUG PrimaryStageWindow   - Opening main window
17:30:39.515 [JavaFX Application Thread] DEBUG PrimaryStageWindow   - Window border size: (14.4000244140625, 37.5999755859375)
17:30:39.515 [JavaFX Application Thread] DEBUG PrimaryStageWindow   - Scaled size: 800.0 x 600.0
17:30:39.517 [JavaFX Application Thread] DEBUG PrimaryStageWindow   - Scaled ratio: (1.0, 1.0)
17:30:39.518 [JavaFX Application Thread] DEBUG PrimaryStageWindow   - Scene size: 800.0 x 600.0
17:30:39.518 [JavaFX Application Thread] DEBUG PrimaryStageWindow   - Stage size: 814.4000244140625 x 637.5999755859375
17:30:39.540 [FXGL Background Thread 1 ] DEBUG Engine               - Initializing environment variables
17:30:39.590 [FXGL Background Thread 1 ] DEBUG FXGLAssetLoaderServi - User app class for loading assets: class org.platformer.PlatformerApp
17:30:39.590 [FXGL Background Thread 1 ] DEBUG GameApplicationServi - Applying CSS: fxgl_dark.css
17:30:39.591 [FXGL Background Thread 1 ] DEBUG FXGLAssetLoaderServi - Loading from file system: jar:file:///C:/Users/sande/.m2/repository/com/github/almasb/fxgl/17.1/fxgl-17.1.jar!/fxglassets/ui/css/fxgl_dark.css
17:30:39.635 [FXGL Background Thread 1 ] DEBUG GameApplicationServi - Initializing application scenes
17:30:39.669 [FXGL Background Thread 1 ] DEBUG GameWorld            - Game world initialized
17:30:39.740 [FXGL Background Thread 1 ] DEBUG PhysicsWorld         - Physics world initialized: appHeight=600, physics.ppm=50.0
17:30:39.741 [FXGL Background Thread 1 ] DEBUG PhysicsWorld         - Using strategy: BRUTE_FORCE
17:30:39.744 [FXGL Background Thread 1 ] DEBUG GameScene            - Game scene initialized: 800x600
17:30:39.761 [FXGL Background Thread 1 ] DEBUG FXGL.DefaultMenu     - createMenuBodyGameMenu()
17:30:39.774 [FXGL Background Thread 1 ] DEBUG FXGL.DefaultMenu     - createOptionsMenu()
17:30:39.788 [FXGL Background Thread 1 ] DEBUG FXGLAssetLoaderServi - Loading from file system: jar:file:///C:/Users/sande/.m2/repository/com/github/almasb/fxgl/17.1/fxgl-17.1.jar!/fxglassets/textures/particles/smoke.png
17:30:39.887 [FXGL Background Thread 1 ] DEBUG FXGLAssetLoaderServi - Loading from file system: jar:file:///C:/Users/sande/.m2/repository/com/github/almasb/fxgl/17.1/fxgl-17.1.jar!/fxglassets/textures/particles/trace_horizontal.png
17:30:39.928 [FXGL Background Thread 1 ] DEBUG GameApplicationServi - Application scenes initialized
17:30:39.941 [FXGL Background Thread 1 ] DEBUG SystemBundleService  - Loading FXGL system data
17:30:39.946 [FXGL Background Thread 1 ] DEBUG FileSystemAccess     - Reading from: C:\Users\sande\IdeaProjects\Java Advanced\ShortburstProject\Short_platformer_game\system\fxgl.bundle
17:30:39.956 [FXGL Background Thread 1 ] DEBUG SystemBundleService  - Bundle FXGL: {}
17:30:39.957 [FXGL Background Thread 1 ] DEBUG UpdaterService       - Checking for updates
17:30:39.983 [FXGL Background Thread 4 ] DEBUG FXGLApplication      - Loading fonts
17:30:39.983 [FXGL Background Thread 1 ] DEBUG FXGLApplication      - Loading default localization
17:30:39.984 [FXGL Background Thread 4 ] DEBUG FXGLAssetLoaderServi - Loading from file system: jar:file:///C:/Users/sande/.m2/repository/com/github/almasb/fxgl/17.1/fxgl-17.1.jar!/fxglassets/ui/fonts/VarelaRound-Regular.ttf
17:30:39.984 [FXGL Background Thread 1 ] DEBUG FXGLAssetLoaderServi - Loading from file system: jar:file:///C:/Users/sande/.m2/repository/com/github/almasb/fxgl/17.1/fxgl-17.1.jar!/fxglassets/languages/english.lang
17:30:40.005 [FXGL Background Thread 1 ] INFO  FXGLApplication      - FXGL initialization took: 0.465 sec
17:30:40.015 [JavaFX Application Thread] DEBUG Input                - Registered new binding: Left - Left
17:30:40.015 [JavaFX Application Thread] DEBUG Input                - Registered new binding: Right - Right
17:30:40.016 [JavaFX Application Thread] DEBUG Input                - Registered new binding: Jump - Up
17:30:40.016 [JavaFX Application Thread] DEBUG Input                - Registered new binding: Stomp - Down
17:30:40.016 [JavaFX Application Thread] DEBUG Input                - Registered new binding: Shoot - Z
17:30:40.016 [JavaFX Application Thread] DEBUG FXGLAssetLoaderServi - Loading from file system: jar:file:///C:/Users/sande/.m2/repository/com/github/almasb/fxgl/17.1/fxgl-17.1.jar!/fxglassets/textures/fxgl_icon.png
17:30:40.038 [JavaFX Application Thread] DEBUG FXGLAssetLoaderServi - Loading from file system: jar:file:///C:/Users/sande/.m2/repository/com/github/almasb/fxgl/17.1/fxgl-17.1.jar!/fxglassets/textures/fxgl_default_cursor.png
17:30:40.040 [JavaFX Application Thread] DEBUG Input                - Registered new binding: Screenshot - CTRL+8
17:30:40.041 [JavaFX Application Thread] DEBUG Input                - Registered new binding: Dev Options - 1
17:30:40.041 [JavaFX Application Thread] DEBUG Input                - Registered new binding: Dev Console - 2
17:30:40.041 [JavaFX Application Thread] DEBUG Input                - Registered new binding: System info dump - CTRL+9
17:30:40.041 [JavaFX Application Thread] DEBUG Input                - Registered new binding: Restart - CTRL+R
17:30:40.042 [JavaFX Application Thread] DEBUG Input                - Registered new binding: Toggle Debug Camera - CTRL+7
17:30:40.045 [JavaFX Application Thread] DEBUG LoopRunner           - Starting loop
17:30:40.051 [FXGL Background Thread 4 ] DEBUG FXGLAssetLoaderServi - Loading from file system: jar:file:///C:/Users/sande/.m2/repository/com/github/almasb/fxgl/17.1/fxgl-17.1.jar!/fxglassets/ui/fonts/Abel-Regular.ttf
17:30:40.059 [JavaFX Application Thread] DEBUG LoopRunner           - Initializing JavaFX AnimationTimerLoop
17:30:40.061 [JavaFX Application Thread] DEBUG GameApplicationServi - Starting new game
17:30:40.062 [JavaFX Application Thread] DEBUG Input                - Clearing active input actions
17:30:40.071 [FXGL Background Thread 4 ] DEBUG FXGLAssetLoaderServi - Loading from file system: jar:file:///C:/Users/sande/.m2/repository/com/github/almasb/fxgl/17.1/fxgl-17.1.jar!/fxglassets/ui/fonts/TerminalLandMono-Regular.otf
17:30:40.072 [JavaFX Application Thread] DEBUG GameApplicationServi - Removing overlay from FXGLStartupScene and adding to FXGLLoadingScene
17:30:40.075 [JavaFX Application Thread] DEBUG PrimaryStageWindow   - FXGLStartupScene -> FXGLLoadingScene
17:30:40.076 [JavaFX Application Thread] DEBUG GameApplicationServi - Clearing previous game
17:30:40.076 [JavaFX Application Thread] DEBUG GameScene            - Clearing game scene
17:30:40.076 [JavaFX Application Thread] DEBUG GameWorld            - Clearing game world
17:30:40.076 [JavaFX Application Thread] DEBUG PhysicsWorld         - Clearing physics world
17:30:40.078 [FXGL Background Thread 1 ] DEBUG FXGLApplication      - Initializing game
17:30:40.083 [FXGL Background Thread 4 ] DEBUG FXGLAssetLoaderServi - Loading from file system: jar:file:///C:/Users/sande/.m2/repository/com/github/almasb/fxgl/17.1/fxgl-17.1.jar!/fxglassets/ui/fonts/Courier-Prime.ttf
17:30:40.179 [FXGL Background Thread 1 ] DEBUG TMXLevelLoader       - Parsed TiledMap: file:/C:/Users/sande/IdeaProjects/Java%20Advanced/ShortburstProject/Short_platformer_game/target/classes/assets/levels/tmx/platformer.tmx
17:30:40.180 [FXGL Background Thread 1 ] DEBUG TMXLevelLoader       - Creating tile layer entities
17:30:40.182 [FXGL Background Thread 1 ] DEBUG TilesetLoader        - Loading view for layer Tile Layer 1
17:30:40.183 [FXGL Background Thread 1 ] DEBUG TilesetLoader        - Created buffer with size 800.0x608.0
17:30:40.197 [FXGL Background Thread 1 ] DEBUG TMXLevelLoader       - Creating object layer entities
17:30:40.225 [FXGL Background Thread 1 ] DEBUG FXGLAssetLoaderServi - Loading from file system: file:/C:/Users/sande/IdeaProjects/Java%20Advanced/ShortburstProject/Short_platformer_game/target/classes/assets/textures/Items/Boxes/Box1/Idle.png
17:30:40.230 [FXGL Background Thread 1 ] DEBUG FXGLAssetLoaderServi - Loading from file system: file:/C:/Users/sande/IdeaProjects/Java%20Advanced/ShortburstProject/Short_platformer_game/target/classes/assets/textures/Items/Checkpoints/End/End%20(Idle).png
17:30:40.232 [FXGL Background Thread 1 ] DEBUG GameWorld            - Clearing removable entities
17:30:40.232 [FXGL Background Thread 1 ] DEBUG GameWorld            - Setting level: com.almasb.fxgl.entity.level.Level@1a47b747
17:30:40.253 [FXGL Background Thread 1 ] DEBUG FXGLAssetLoaderServi - Loading from file system: file:/C:/Users/sande/IdeaProjects/Java%20Advanced/ShortburstProject/Short_platformer_game/target/classes/assets/textures/Virtual%20Guy/Idle%20(32x32).png
17:30:40.255 [FXGL Background Thread 1 ] DEBUG FXGLAssetLoaderServi - Loading from file system: file:/C:/Users/sande/IdeaProjects/Java%20Advanced/ShortburstProject/Short_platformer_game/target/classes/assets/textures/Virtual%20Guy/Run%20(32x32).png
17:30:40.257 [FXGL Background Thread 1 ] DEBUG FXGLAssetLoaderServi - Loading from file system: file:/C:/Users/sande/IdeaProjects/Java%20Advanced/ShortburstProject/Short_platformer_game/target/classes/assets/textures/Virtual%20Guy/Jump%20(32x32).png
17:30:40.259 [FXGL Background Thread 1 ] DEBUG FXGLAssetLoaderServi - Loading from file system: file:/C:/Users/sande/IdeaProjects/Java%20Advanced/ShortburstProject/Short_platformer_game/target/classes/assets/textures/Virtual%20Guy/Double%20Jump%20(32x32).png
17:30:40.260 [FXGL Background Thread 1 ] DEBUG FXGLAssetLoaderServi - Loading from file system: file:/C:/Users/sande/IdeaProjects/Java%20Advanced/ShortburstProject/Short_platformer_game/target/classes/assets/textures/Virtual%20Guy/Fall%20(32x32).png
17:30:40.273 [FXGL Background Thread 1 ] DEBUG FXGLAssetLoaderServi - Loading from file system: file:/C:/Users/sande/IdeaProjects/Java%20Advanced/ShortburstProject/Short_platformer_game/target/classes/assets/textures/Background/forest.png
17:30:40.295 [FXGL Background Thread 1 ] INFO  FXGLApplication      - Game initialization took: 0.217 sec
17:30:40.368 [JavaFX Application Thread] DEBUG FXGLApplication      - Registering font factories with UI factory
17:30:40.384 [JavaFX Application Thread] DEBUG Input                - Clearing active input actions
17:30:40.425 [JavaFX Application Thread] DEBUG GameApplicationServi - Removing overlay from FXGLLoadingScene and adding to GameScene
17:30:40.442 [JavaFX Application Thread] DEBUG PrimaryStageWindow   - FXGLLoadingScene -> GameScene
17:30:40.443 [FXGL Background Thread 2 ] INFO  UpdaterService       - Your current version:  17.1
17:30:40.443 [FXGL Background Thread 2 ] INFO  UpdaterService       - Latest stable version: 17.2
17:30:42.983 [FXGL Background Thread 3 ] DEBUG Engine               - Logging environment variables
17:30:42.984 [FXGL Background Thread 3 ] DEBUG Engine               - achievements: []
17:30:42.985 [FXGL Background Thread 3 ] DEBUG Engine               - actualHeight: 600.0
17:30:42.985 [FXGL Background Thread 3 ] DEBUG Engine               - actualHeightProperty: ReadOnlyDoubleProperty [value: 600.0]
17:30:42.985 [FXGL Background Thread 3 ] DEBUG Engine               - actualWidth: 800.0
17:30:42.985 [FXGL Background Thread 3 ] DEBUG Engine               - actualWidthProperty: ReadOnlyDoubleProperty [value: 800.0]
17:30:42.985 [FXGL Background Thread 3 ] DEBUG Engine               - appIcon: fxgl_icon.png
17:30:42.985 [FXGL Background Thread 3 ] DEBUG Engine               - applicationMode: DEVELOPER
17:30:42.986 [FXGL Background Thread 3 ] DEBUG Engine               - cSSList: [fxgl_dark.css]
17:30:42.986 [FXGL Background Thread 3 ] DEBUG Engine               - collisionDetectionStrategy: BRUTE_FORCE
17:30:42.986 [FXGL Background Thread 3 ] DEBUG Engine               - configClass: Optional.empty
17:30:42.986 [FXGL Background Thread 3 ] DEBUG Engine               - credits: []
17:30:42.987 [FXGL Background Thread 3 ] DEBUG Engine               - defaultCursor: CursorInfo(imageName=fxgl_default_cursor.png, hotspotX=7.0, hotspotY=6.0)
17:30:42.988 [FXGL Background Thread 3 ] DEBUG Engine               - devBBoxColorProperty: ObjectProperty [value: 0xff0000ff]
17:30:42.988 [FXGL Background Thread 3 ] DEBUG Engine               - devEnableDebugCameraProperty: BooleanProperty [value: false]
17:30:42.988 [FXGL Background Thread 3 ] DEBUG Engine               - devSensorColorProperty: ObjectProperty [value: 0xffff00ff]
17:30:42.988 [FXGL Background Thread 3 ] DEBUG Engine               - devShowBBoxProperty: BooleanProperty [value: false]
17:30:42.989 [FXGL Background Thread 3 ] DEBUG Engine               - devShowPositionProperty: BooleanProperty [value: false]
17:30:42.989 [FXGL Background Thread 3 ] DEBUG Engine               - enabledMenuItems: []
17:30:42.989 [FXGL Background Thread 3 ] DEBUG Engine               - engineServices: [class com.almasb.fxgl.app.services.FXGLAssetLoaderService, class com.almasb.fxgl.app.FXGLApplication$GameApplicationService, class com.almasb.fxgl.app.services.FXGLDialogService, class com.almasb.fxgl.app.services.IOTaskExecutorService, class com.almasb.fxgl.io.FileSystemService, class com.almasb.fxgl.localization.LocalizationService, class com.almasb.fxgl.app.services.SystemBundleService, class com.almasb.fxgl.profile.SaveLoadService, class com.almasb.fxgl.ui.FXGLUIFactoryServiceProvider, class com.almasb.fxgl.ui.FXGLDialogFactoryServiceProvider, class com.almasb.fxgl.audio.AudioPlayer, class com.almasb.fxgl.notification.impl.NotificationServiceProvider, class com.almasb.fxgl.achievement.AchievementService, class com.almasb.fxgl.cutscene.CutsceneService, class com.almasb.fxgl.minigames.MiniGameService, class com.almasb.fxgl.net.NetService, class com.almasb.fxgl.app.services.UpdaterService, class com.almasb.fxgl.dev.DevService]
17:30:42.989 [FXGL Background Thread 3 ] DEBUG Engine               - fontGame: Abel-Regular.ttf
17:30:42.989 [FXGL Background Thread 3 ] DEBUG Engine               - fontMono: TerminalLandMono-Regular.otf
17:30:42.990 [FXGL Background Thread 3 ] DEBUG Engine               - fontText: Courier-Prime.ttf
17:30:42.990 [FXGL Background Thread 3 ] DEBUG Engine               - fontUI: VarelaRound-Regular.ttf
17:30:42.990 [FXGL Background Thread 3 ] DEBUG Engine               - fullScreen: BooleanProperty [value: false]
17:30:42.990 [FXGL Background Thread 3 ] DEBUG Engine               - gameDifficulty: MEDIUM
17:30:42.990 [FXGL Background Thread 3 ] DEBUG Engine               - gameDifficultyProperty: ObjectProperty [value: MEDIUM]
17:30:42.990 [FXGL Background Thread 3 ] DEBUG Engine               - globalMusicVolume: 0.5
17:30:42.990 [FXGL Background Thread 3 ] DEBUG Engine               - globalMusicVolumeProperty: DoubleProperty [value: 0.5]
17:30:42.991 [FXGL Background Thread 3 ] DEBUG Engine               - globalSoundVolume: 0.5
17:30:42.991 [FXGL Background Thread 3 ] DEBUG Engine               - globalSoundVolumeProperty: DoubleProperty [value: 0.5]
17:30:42.991 [FXGL Background Thread 3 ] DEBUG Engine               - height: 600
17:30:42.991 [FXGL Background Thread 3 ] DEBUG Engine               - is3D: false
17:30:42.991 [FXGL Background Thread 3 ] DEBUG Engine               - isAndroid: false
17:30:42.991 [FXGL Background Thread 3 ] DEBUG Engine               - isBrowser: false
17:30:42.992 [FXGL Background Thread 3 ] DEBUG Engine               - isClickFeedbackEnabled: false
17:30:42.992 [FXGL Background Thread 3 ] DEBUG Engine               - isCloseConfirmation: false
17:30:42.992 [FXGL Background Thread 3 ] DEBUG Engine               - isDesktop: true
17:30:42.992 [FXGL Background Thread 3 ] DEBUG Engine               - isDeveloperMenuEnabled: true
17:30:42.992 [FXGL Background Thread 3 ] DEBUG Engine               - isEmbedded: false
17:30:42.992 [FXGL Background Thread 3 ] DEBUG Engine               - isEntityPreloadEnabled: true
17:30:42.992 [FXGL Background Thread 3 ] DEBUG Engine               - isExperimentalTiledLargeMap: false
17:30:42.992 [FXGL Background Thread 3 ] DEBUG Engine               - isFileSystemWriteAllowed: true
17:30:42.993 [FXGL Background Thread 3 ] DEBUG Engine               - isFullScreenAllowed: false
17:30:42.993 [FXGL Background Thread 3 ] DEBUG Engine               - isFullScreenFromStart: false
17:30:42.993 [FXGL Background Thread 3 ] DEBUG Engine               - isGameMenuEnabled: true
17:30:42.993 [FXGL Background Thread 3 ] DEBUG Engine               - isIOS: false
17:30:42.993 [FXGL Background Thread 3 ] DEBUG Engine               - isIntroEnabled: false
17:30:42.993 [FXGL Background Thread 3 ] DEBUG Engine               - isLinux: false
17:30:42.993 [FXGL Background Thread 3 ] DEBUG Engine               - isMac: false
17:30:42.993 [FXGL Background Thread 3 ] DEBUG Engine               - isMainMenuEnabled: false
17:30:42.994 [FXGL Background Thread 3 ] DEBUG Engine               - isManualResizeEnabled: false
17:30:42.994 [FXGL Background Thread 3 ] DEBUG Engine               - isMobile: false
17:30:42.994 [FXGL Background Thread 3 ] DEBUG Engine               - isNative: false
17:30:42.994 [FXGL Background Thread 3 ] DEBUG Engine               - isPauseMusicWhenMinimized: true
17:30:42.994 [FXGL Background Thread 3 ] DEBUG Engine               - isPreserveResizeRatio: false
17:30:42.994 [FXGL Background Thread 3 ] DEBUG Engine               - isProfilingEnabled: false
17:30:42.994 [FXGL Background Thread 3 ] DEBUG Engine               - isScaleAffectedOnResize: true
17:30:42.994 [FXGL Background Thread 3 ] DEBUG Engine               - isSingleStep: false
17:30:42.995 [FXGL Background Thread 3 ] DEBUG Engine               - isUserProfileEnabled: false
17:30:42.995 [FXGL Background Thread 3 ] DEBUG Engine               - isWindows: true
17:30:42.995 [FXGL Background Thread 3 ] DEBUG Engine               - language: ObjectProperty [value: ENGLISH]
17:30:42.995 [FXGL Background Thread 3 ] DEBUG Engine               - menuKey: ESCAPE
17:30:42.995 [FXGL Background Thread 3 ] DEBUG Engine               - mouseSensitivity: 0.2
17:30:42.995 [FXGL Background Thread 3 ] DEBUG Engine               - notificationViewClass: class com.almasb.fxgl.notification.view.XboxNotificationView
17:30:42.995 [FXGL Background Thread 3 ] DEBUG Engine               - pixelsPerMeter: 50.0
17:30:42.995 [FXGL Background Thread 3 ] DEBUG Engine               - platform: WINDOWS
17:30:42.996 [FXGL Background Thread 3 ] DEBUG Engine               - prefHeightProperty: ReadOnlyDoubleProperty [value: 600.0]
17:30:42.996 [FXGL Background Thread 3 ] DEBUG Engine               - prefWidthProperty: ReadOnlyDoubleProperty [value: 800.0]
17:30:42.996 [FXGL Background Thread 3 ] DEBUG Engine               - profileDir: profiles/
17:30:42.996 [FXGL Background Thread 3 ] DEBUG Engine               - profileName: StringProperty [value: DEFAULT]
17:30:42.996 [FXGL Background Thread 3 ] DEBUG Engine               - randomSeed: -1
17:30:42.997 [FXGL Background Thread 3 ] DEBUG Engine               - runtimeInfo: RuntimeInfo(platform=WINDOWS, version=17.1, build=24.03.2022 17.34)
17:30:42.997 [FXGL Background Thread 3 ] DEBUG Engine               - saveFileExt: sav
17:30:42.997 [FXGL Background Thread 3 ] DEBUG Engine               - scaledHeightProp$fxgl: DoubleProperty [bound, value: 600.0]
17:30:42.997 [FXGL Background Thread 3 ] DEBUG Engine               - scaledWidthProp$fxgl: DoubleProperty [bound, value: 800.0]
17:30:42.998 [FXGL Background Thread 3 ] DEBUG Engine               - sceneFactory: com.almasb.fxgl.app.scene.SceneFactory@409770f1
17:30:42.998 [FXGL Background Thread 3 ] DEBUG Engine               - secondsIn24h: 60
17:30:42.998 [FXGL Background Thread 3 ] DEBUG Engine               - soundMenuBack: menu/back.wav
17:30:42.998 [FXGL Background Thread 3 ] DEBUG Engine               - soundMenuPress: menu/press.wav
17:30:42.998 [FXGL Background Thread 3 ] DEBUG Engine               - soundMenuSelect: menu/select.wav
17:30:42.998 [FXGL Background Thread 3 ] DEBUG Engine               - soundNotification: core/notification.wav
17:30:42.998 [FXGL Background Thread 3 ] DEBUG Engine               - stageStyle: DECORATED
17:30:42.998 [FXGL Background Thread 3 ] DEBUG Engine               - supportedLanguages: [ENGLISH, FRENCH, GERMAN, HUNGARIAN, RUSSIAN]
17:30:42.999 [FXGL Background Thread 3 ] DEBUG Engine               - ticksPerSecond: -1
17:30:42.999 [FXGL Background Thread 3 ] DEBUG Engine               - title: Untitled
17:30:42.999 [FXGL Background Thread 3 ] DEBUG Engine               - urlGithub: https://github.com/AlmasB/FXGL
17:30:42.999 [FXGL Background Thread 3 ] DEBUG Engine               - urlLeaderboard: http://fxgl-top.herokuapp.com/
17:30:42.999 [FXGL Background Thread 3 ] DEBUG Engine               - urlPOM: https://raw.githubusercontent.com/AlmasB/FXGL/release/README.md
17:30:42.999 [FXGL Background Thread 3 ] DEBUG Engine               - userAppClass: class org.platformer.PlatformerApp
17:30:42.999 [FXGL Background Thread 3 ] DEBUG Engine               - version: 0.0
17:30:42.999 [FXGL Background Thread 3 ] DEBUG Engine               - versionCheckDays: 7
17:30:43.000 [FXGL Background Thread 3 ] DEBUG Engine               - width: 800
17:30:43.000 [FXGL Background Thread 3 ] DEBUG Engine               - Logging services
17:30:43.000 [FXGL Background Thread 3 ] DEBUG Engine               - class com.almasb.fxgl.app.services.FXGLAssetLoaderService
17:30:43.000 [FXGL Background Thread 3 ] DEBUG Engine               - class com.almasb.fxgl.app.FXGLApplication$GameApplicationService
17:30:43.000 [FXGL Background Thread 3 ] DEBUG Engine               - class com.almasb.fxgl.app.services.FXGLDialogService
17:30:43.000 [FXGL Background Thread 3 ] DEBUG Engine               - class com.almasb.fxgl.app.services.IOTaskExecutorService
17:30:43.000 [FXGL Background Thread 3 ] DEBUG Engine               - class com.almasb.fxgl.io.FileSystemService
17:30:43.000 [FXGL Background Thread 3 ] DEBUG Engine               - class com.almasb.fxgl.localization.LocalizationService
17:30:43.001 [FXGL Background Thread 3 ] DEBUG Engine               - class com.almasb.fxgl.app.services.SystemBundleService
17:30:43.001 [FXGL Background Thread 3 ] DEBUG Engine               - class com.almasb.fxgl.profile.SaveLoadService
17:30:43.001 [FXGL Background Thread 3 ] DEBUG Engine               - class com.almasb.fxgl.ui.FXGLUIFactoryServiceProvider
17:30:43.001 [FXGL Background Thread 3 ] DEBUG Engine               - class com.almasb.fxgl.ui.FXGLDialogFactoryServiceProvider
17:30:43.001 [FXGL Background Thread 3 ] DEBUG Engine               - class com.almasb.fxgl.audio.AudioPlayer
17:30:43.001 [FXGL Background Thread 3 ] DEBUG Engine               - class com.almasb.fxgl.notification.impl.NotificationServiceProvider
17:30:43.001 [FXGL Background Thread 3 ] DEBUG Engine               - class com.almasb.fxgl.achievement.AchievementService
17:30:43.001 [FXGL Background Thread 3 ] DEBUG Engine               - class com.almasb.fxgl.cutscene.CutsceneService
17:30:43.002 [FXGL Background Thread 3 ] DEBUG Engine               - class com.almasb.fxgl.minigames.MiniGameService
17:30:43.002 [FXGL Background Thread 3 ] DEBUG Engine               - class com.almasb.fxgl.net.NetService
17:30:43.002 [FXGL Background Thread 3 ] DEBUG Engine               - class com.almasb.fxgl.app.services.UpdaterService
17:30:43.002 [FXGL Background Thread 3 ] DEBUG Engine               - class com.almasb.fxgl.dev.DevService
17:31:02.178 [JavaFX Application Thread] DEBUG PrimaryStageWindow   - Push state: DialogSubScene
17:31:02.179 [JavaFX Application Thread] DEBUG Input                - Clearing active input actions
17:31:02.180 [JavaFX Application Thread] DEBUG GameApplicationServi - Removing overlay from GameScene and adding to DialogSubScene
17:31:02.183 [JavaFX Application Thread] DEBUG PrimaryStageWindow   - GameScene -> DialogSubScene
17:31:04.176 [JavaFX Application Thread] DEBUG PrimaryStageWindow   - Pop state: DialogSubScene
17:31:04.177 [JavaFX Application Thread] DEBUG Input                - Clearing active input actions
17:31:04.179 [JavaFX Application Thread] DEBUG GameApplicationServi - Removing overlay from DialogSubScene and adding to GameScene
17:31:04.180 [JavaFX Application Thread] DEBUG PrimaryStageWindow   - GameScene <- DialogSubScene
17:31:04.180 [JavaFX Application Thread] DEBUG FXGLApplication      - Exiting FXGL
17:31:04.180 [JavaFX Application Thread] DEBUG LoopRunner           - Stopping loop
17:31:04.180 [JavaFX Application Thread] DEBUG SystemBundleService  - Saving FXGL system data
17:31:04.184 [JavaFX Application Thread] DEBUG FileSystemAccess     - Writing to: C:\Users\sande\IdeaProjects\Java Advanced\ShortburstProject\Short_platformer_game\system\fxgl.bundle
17:31:04.187 [JavaFX Application Thread] DEBUG Async                - Shutting down background threads
17:31:04.188 [JavaFX Application Thread] DEBUG PrimaryStageWindow   - Closing main window
17:31:04.226 [JavaFX Application Thread] DEBUG Logger               - Closing Logger
