19:12:08.561 [main                     ] DEBUG Logger               - Configured Logger
19:12:08.579 [main                     ] DEBUG GameApplication      - Logging settings
Title: Untitled
Version: 0.0
Width: 1000
Height: 800
Fullscreen: false
Intro: false
Profiling: false
Single step:false
App Mode: DEVELOPER
Menu Key: ESCAPE
Stage Style: DECORATED
Scene Factory: class com.almasb.fxgl.app.scene.SceneFactory

19:12:08.780 [JavaFX Application Thread] DEBUG FXGLApplication      - Initializing FXGL
19:12:08.784 [JavaFX Application Thread] INFO  Engine               - FXGL-17.1 (24.03.2022 17.34) on WINDOWS (J:19.0.1 FX:18)
19:12:08.784 [JavaFX Application Thread] DEBUG Engine               - JRE Vendor Name: Oracle Corporation
19:12:08.785 [JavaFX Application Thread] DEBUG Engine               - Running on OS: Windows 10 version 10.0
19:12:08.785 [JavaFX Application Thread] DEBUG Engine               - Architecture: amd64
19:12:08.785 [JavaFX Application Thread] INFO  Engine               - Source code and latest versions at: https://github.com/AlmasB/FXGL
19:12:08.785 [JavaFX Application Thread] INFO  Engine               -       Ask questions and discuss at: https://github.com/AlmasB/FXGL/discussions
19:12:08.786 [JavaFX Application Thread] INFO  Engine               -              Join the FXGL chat at: https://gitter.im/AlmasB/FXGL
19:12:08.843 [JavaFX Application Thread] DEBUG PrimaryStageWindow   - Creating a JavaFX scene
19:12:08.874 [JavaFX Application Thread] DEBUG PrimaryStageWindow   - Target settings size: 1000.0 x 800.0
19:12:08.875 [JavaFX Application Thread] DEBUG PrimaryStageWindow   - Scaled scene size:    1000.0 x 800.0
19:12:08.875 [JavaFX Application Thread] DEBUG PrimaryStageWindow   - Scaled ratio: (1.0, 1.0)
19:12:08.875 [JavaFX Application Thread] DEBUG PrimaryStageWindow   - Set initial scene to FXGLStartupScene
19:12:08.881 [JavaFX Application Thread] DEBUG PrimaryStageWindow   - Opening main window
19:12:08.940 [JavaFX Application Thread] DEBUG PrimaryStageWindow   - Window border size: (14.4000244140625, 37.5999755859375)
19:12:08.940 [JavaFX Application Thread] DEBUG PrimaryStageWindow   - Scaled size: 1000.0 x 800.0
19:12:08.940 [JavaFX Application Thread] DEBUG PrimaryStageWindow   - Scaled ratio: (1.0, 1.0)
19:12:08.941 [JavaFX Application Thread] DEBUG PrimaryStageWindow   - Scene size: 1000.0 x 800.0
19:12:08.941 [JavaFX Application Thread] DEBUG PrimaryStageWindow   - Stage size: 1014.4000244140625 x 837.5999755859375
19:12:08.948 [FXGL Background Thread 1 ] DEBUG Engine               - Initializing environment variables
19:12:08.997 [FXGL Background Thread 1 ] DEBUG FXGLAssetLoaderServi - User app class for loading assets: class org.platformer.PlatformerApp
19:12:08.997 [FXGL Background Thread 1 ] DEBUG GameApplicationServi - Applying CSS: fxgl_dark.css
19:12:08.998 [FXGL Background Thread 1 ] DEBUG FXGLAssetLoaderServi - Loading from file system: jar:file:///C:/Users/sande/.m2/repository/com/github/almasb/fxgl/17.1/fxgl-17.1.jar!/fxglassets/ui/css/fxgl_dark.css
19:12:09.036 [FXGL Background Thread 1 ] DEBUG GameApplicationServi - Initializing application scenes
19:12:09.065 [FXGL Background Thread 1 ] DEBUG GameWorld            - Game world initialized
19:12:09.123 [FXGL Background Thread 1 ] DEBUG PhysicsWorld         - Physics world initialized: appHeight=800, physics.ppm=50.0
19:12:09.123 [FXGL Background Thread 1 ] DEBUG PhysicsWorld         - Using strategy: BRUTE_FORCE
19:12:09.126 [FXGL Background Thread 1 ] DEBUG GameScene            - Game scene initialized: 1000x800
19:12:09.134 [FXGL Background Thread 1 ] DEBUG FXGL.DefaultMenu     - createMenuBodyGameMenu()
19:12:09.145 [FXGL Background Thread 1 ] DEBUG FXGL.DefaultMenu     - createOptionsMenu()
19:12:09.153 [FXGL Background Thread 1 ] DEBUG FXGLAssetLoaderServi - Loading from file system: jar:file:///C:/Users/sande/.m2/repository/com/github/almasb/fxgl/17.1/fxgl-17.1.jar!/fxglassets/textures/particles/smoke.png
19:12:09.220 [FXGL Background Thread 1 ] DEBUG FXGLAssetLoaderServi - Loading from file system: jar:file:///C:/Users/sande/.m2/repository/com/github/almasb/fxgl/17.1/fxgl-17.1.jar!/fxglassets/textures/particles/trace_horizontal.png
19:12:09.253 [FXGL Background Thread 1 ] DEBUG GameApplicationServi - Application scenes initialized
19:12:09.262 [FXGL Background Thread 1 ] DEBUG SystemBundleService  - Loading FXGL system data
19:12:09.265 [FXGL Background Thread 1 ] DEBUG FileSystemAccess     - Reading from: C:\Users\sande\IdeaProjects\Java Advanced\ShortburstProject\Short_platformer_game\system\fxgl.bundle
19:12:09.272 [FXGL Background Thread 1 ] DEBUG SystemBundleService  - Bundle FXGL: {}
19:12:09.272 [FXGL Background Thread 1 ] DEBUG UpdaterService       - Checking for updates
19:12:09.296 [FXGL Background Thread 4 ] DEBUG FXGLApplication      - Loading fonts
19:12:09.296 [FXGL Background Thread 4 ] DEBUG FXGLAssetLoaderServi - Loading from file system: jar:file:///C:/Users/sande/.m2/repository/com/github/almasb/fxgl/17.1/fxgl-17.1.jar!/fxglassets/ui/fonts/VarelaRound-Regular.ttf
19:12:09.298 [FXGL Background Thread 1 ] DEBUG FXGLApplication      - Loading default localization
19:12:09.299 [FXGL Background Thread 1 ] DEBUG FXGLAssetLoaderServi - Loading from file system: jar:file:///C:/Users/sande/.m2/repository/com/github/almasb/fxgl/17.1/fxgl-17.1.jar!/fxglassets/languages/english.lang
19:12:09.321 [FXGL Background Thread 1 ] INFO  FXGLApplication      - FXGL initialization took: 0.373 sec
19:12:09.331 [JavaFX Application Thread] DEBUG Input                - Registered new binding: Left - Left
19:12:09.331 [JavaFX Application Thread] DEBUG Input                - Registered new binding: Right - Right
19:12:09.331 [JavaFX Application Thread] DEBUG Input                - Registered new binding: Jump - Up
19:12:09.331 [JavaFX Application Thread] DEBUG Input                - Registered new binding: Stomp - Down
19:12:09.331 [JavaFX Application Thread] DEBUG Input                - Registered new binding: Shoot - Z
19:12:09.332 [JavaFX Application Thread] DEBUG FXGLAssetLoaderServi - Loading from file system: jar:file:///C:/Users/sande/.m2/repository/com/github/almasb/fxgl/17.1/fxgl-17.1.jar!/fxglassets/textures/fxgl_icon.png
19:12:09.354 [JavaFX Application Thread] DEBUG FXGLAssetLoaderServi - Loading from file system: jar:file:///C:/Users/sande/.m2/repository/com/github/almasb/fxgl/17.1/fxgl-17.1.jar!/fxglassets/textures/fxgl_default_cursor.png
19:12:09.356 [JavaFX Application Thread] DEBUG Input                - Registered new binding: Screenshot - CTRL+8
19:12:09.356 [JavaFX Application Thread] DEBUG Input                - Registered new binding: Dev Options - 1
19:12:09.356 [JavaFX Application Thread] DEBUG Input                - Registered new binding: Dev Console - 2
19:12:09.356 [JavaFX Application Thread] DEBUG Input                - Registered new binding: System info dump - CTRL+9
19:12:09.357 [JavaFX Application Thread] DEBUG Input                - Registered new binding: Restart - CTRL+R
19:12:09.357 [JavaFX Application Thread] DEBUG Input                - Registered new binding: Toggle Debug Camera - CTRL+7
19:12:09.359 [JavaFX Application Thread] DEBUG LoopRunner           - Starting loop
19:12:09.361 [FXGL Background Thread 4 ] DEBUG FXGLAssetLoaderServi - Loading from file system: jar:file:///C:/Users/sande/.m2/repository/com/github/almasb/fxgl/17.1/fxgl-17.1.jar!/fxglassets/ui/fonts/Abel-Regular.ttf
19:12:09.375 [JavaFX Application Thread] DEBUG LoopRunner           - Initializing JavaFX AnimationTimerLoop
19:12:09.377 [JavaFX Application Thread] DEBUG GameApplicationServi - Starting new game
19:12:09.378 [JavaFX Application Thread] DEBUG Input                - Clearing active input actions
19:12:09.384 [FXGL Background Thread 4 ] DEBUG FXGLAssetLoaderServi - Loading from file system: jar:file:///C:/Users/sande/.m2/repository/com/github/almasb/fxgl/17.1/fxgl-17.1.jar!/fxglassets/ui/fonts/TerminalLandMono-Regular.otf
19:12:09.390 [JavaFX Application Thread] DEBUG GameApplicationServi - Removing overlay from FXGLStartupScene and adding to FXGLLoadingScene
19:12:09.392 [JavaFX Application Thread] DEBUG PrimaryStageWindow   - FXGLStartupScene -> FXGLLoadingScene
19:12:09.392 [JavaFX Application Thread] DEBUG GameApplicationServi - Clearing previous game
19:12:09.392 [JavaFX Application Thread] DEBUG GameScene            - Clearing game scene
19:12:09.392 [JavaFX Application Thread] DEBUG GameWorld            - Clearing game world
19:12:09.393 [JavaFX Application Thread] DEBUG PhysicsWorld         - Clearing physics world
19:12:09.394 [FXGL Background Thread 4 ] DEBUG FXGLAssetLoaderServi - Loading from file system: jar:file:///C:/Users/sande/.m2/repository/com/github/almasb/fxgl/17.1/fxgl-17.1.jar!/fxglassets/ui/fonts/Courier-Prime.ttf
19:12:09.395 [FXGL Background Thread 1 ] DEBUG FXGLApplication      - Initializing game
19:12:09.458 [FXGL Background Thread 1 ] DEBUG TMXLevelLoader       - Parsed TiledMap: file:/C:/Users/sande/IdeaProjects/Java%20Advanced/ShortburstProject/Short_platformer_game/target/classes/assets/levels/tmx/platformer.tmx
19:12:09.459 [FXGL Background Thread 1 ] DEBUG TMXLevelLoader       - Creating tile layer entities
19:12:09.460 [FXGL Background Thread 1 ] DEBUG TilesetLoader        - Loading view for layer Tile Layer 1
19:12:09.461 [FXGL Background Thread 1 ] DEBUG TilesetLoader        - Created buffer with size 800.0x608.0
19:12:09.473 [FXGL Background Thread 1 ] DEBUG TMXLevelLoader       - Creating object layer entities
19:12:09.494 [FXGL Background Thread 1 ] DEBUG FXGLAssetLoaderServi - Loading from file system: file:/C:/Users/sande/IdeaProjects/Java%20Advanced/ShortburstProject/Short_platformer_game/target/classes/assets/textures/Items/Boxes/Box1/Idle.png
19:12:09.498 [FXGL Background Thread 1 ] DEBUG FXGLAssetLoaderServi - Loading from file system: file:/C:/Users/sande/IdeaProjects/Java%20Advanced/ShortburstProject/Short_platformer_game/target/classes/assets/textures/Items/Checkpoints/End/End%20(Idle).png
19:12:09.500 [FXGL Background Thread 1 ] DEBUG GameWorld            - Clearing removable entities
19:12:09.500 [FXGL Background Thread 1 ] DEBUG GameWorld            - Setting level: com.almasb.fxgl.entity.level.Level@2353172b
19:12:09.508 [FXGL Background Thread 1 ] DEBUG FXGLAssetLoaderServi - Loading from file system: file:/C:/Users/sande/IdeaProjects/Java%20Advanced/ShortburstProject/Short_platformer_game/target/classes/assets/textures/Virtual%20Guy/Idle%20(32x32).png
19:12:09.511 [FXGL Background Thread 1 ] DEBUG FXGLAssetLoaderServi - Loading from file system: file:/C:/Users/sande/IdeaProjects/Java%20Advanced/ShortburstProject/Short_platformer_game/target/classes/assets/textures/Virtual%20Guy/Run%20(32x32).png
19:12:09.513 [FXGL Background Thread 1 ] DEBUG FXGLAssetLoaderServi - Loading from file system: file:/C:/Users/sande/IdeaProjects/Java%20Advanced/ShortburstProject/Short_platformer_game/target/classes/assets/textures/Virtual%20Guy/Jump%20(32x32).png
19:12:09.515 [FXGL Background Thread 1 ] DEBUG FXGLAssetLoaderServi - Loading from file system: file:/C:/Users/sande/IdeaProjects/Java%20Advanced/ShortburstProject/Short_platformer_game/target/classes/assets/textures/Virtual%20Guy/Double%20Jump%20(32x32).png
19:12:09.516 [FXGL Background Thread 1 ] DEBUG FXGLAssetLoaderServi - Loading from file system: file:/C:/Users/sande/IdeaProjects/Java%20Advanced/ShortburstProject/Short_platformer_game/target/classes/assets/textures/Virtual%20Guy/Fall%20(32x32).png
19:12:09.555 [FXGL Background Thread 1 ] DEBUG FXGLAssetLoaderServi - Loading from file system: file:/C:/Users/sande/IdeaProjects/Java%20Advanced/ShortburstProject/Short_platformer_game/target/classes/assets/textures/Background/Blue.png
19:12:09.570 [FXGL Background Thread 1 ] INFO  FXGLApplication      - Game initialization took: 0.175 sec
19:12:09.615 [JavaFX Application Thread] DEBUG FXGLApplication      - Registering font factories with UI factory
19:12:09.627 [JavaFX Application Thread] DEBUG Input                - Clearing active input actions
19:12:09.645 [JavaFX Application Thread] DEBUG GameApplicationServi - Removing overlay from FXGLLoadingScene and adding to GameScene
19:12:09.648 [JavaFX Application Thread] DEBUG PrimaryStageWindow   - FXGLLoadingScene -> GameScene
19:12:09.972 [FXGL Background Thread 2 ] INFO  UpdaterService       - Your current version:  17.1
19:12:09.972 [FXGL Background Thread 2 ] INFO  UpdaterService       - Latest stable version: 17.2
19:12:12.295 [FXGL Background Thread 3 ] DEBUG Engine               - Logging environment variables
19:12:12.295 [FXGL Background Thread 3 ] DEBUG Engine               - achievements: []
19:12:12.295 [FXGL Background Thread 3 ] DEBUG Engine               - actualHeight: 800.0
19:12:12.296 [FXGL Background Thread 3 ] DEBUG Engine               - actualHeightProperty: ReadOnlyDoubleProperty [value: 800.0]
19:12:12.296 [FXGL Background Thread 3 ] DEBUG Engine               - actualWidth: 1000.0
19:12:12.296 [FXGL Background Thread 3 ] DEBUG Engine               - actualWidthProperty: ReadOnlyDoubleProperty [value: 1000.0]
19:12:12.296 [FXGL Background Thread 3 ] DEBUG Engine               - appIcon: fxgl_icon.png
19:12:12.296 [FXGL Background Thread 3 ] DEBUG Engine               - applicationMode: DEVELOPER
19:12:12.296 [FXGL Background Thread 3 ] DEBUG Engine               - cSSList: [fxgl_dark.css]
19:12:12.296 [FXGL Background Thread 3 ] DEBUG Engine               - collisionDetectionStrategy: BRUTE_FORCE
19:12:12.296 [FXGL Background Thread 3 ] DEBUG Engine               - configClass: Optional.empty
19:12:12.296 [FXGL Background Thread 3 ] DEBUG Engine               - credits: []
19:12:12.297 [FXGL Background Thread 3 ] DEBUG Engine               - defaultCursor: CursorInfo(imageName=fxgl_default_cursor.png, hotspotX=7.0, hotspotY=6.0)
19:12:12.297 [FXGL Background Thread 3 ] DEBUG Engine               - devBBoxColorProperty: ObjectProperty [value: 0xff0000ff]
19:12:12.297 [FXGL Background Thread 3 ] DEBUG Engine               - devEnableDebugCameraProperty: BooleanProperty [value: false]
19:12:12.297 [FXGL Background Thread 3 ] DEBUG Engine               - devSensorColorProperty: ObjectProperty [value: 0xffff00ff]
19:12:12.297 [FXGL Background Thread 3 ] DEBUG Engine               - devShowBBoxProperty: BooleanProperty [value: false]
19:12:12.297 [FXGL Background Thread 3 ] DEBUG Engine               - devShowPositionProperty: BooleanProperty [value: false]
19:12:12.297 [FXGL Background Thread 3 ] DEBUG Engine               - enabledMenuItems: []
19:12:12.297 [FXGL Background Thread 3 ] DEBUG Engine               - engineServices: [class com.almasb.fxgl.app.services.FXGLAssetLoaderService, class com.almasb.fxgl.app.FXGLApplication$GameApplicationService, class com.almasb.fxgl.app.services.FXGLDialogService, class com.almasb.fxgl.app.services.IOTaskExecutorService, class com.almasb.fxgl.io.FileSystemService, class com.almasb.fxgl.localization.LocalizationService, class com.almasb.fxgl.app.services.SystemBundleService, class com.almasb.fxgl.profile.SaveLoadService, class com.almasb.fxgl.ui.FXGLUIFactoryServiceProvider, class com.almasb.fxgl.ui.FXGLDialogFactoryServiceProvider, class com.almasb.fxgl.audio.AudioPlayer, class com.almasb.fxgl.notification.impl.NotificationServiceProvider, class com.almasb.fxgl.achievement.AchievementService, class com.almasb.fxgl.cutscene.CutsceneService, class com.almasb.fxgl.minigames.MiniGameService, class com.almasb.fxgl.net.NetService, class com.almasb.fxgl.app.services.UpdaterService, class com.almasb.fxgl.dev.DevService]
19:12:12.297 [FXGL Background Thread 3 ] DEBUG Engine               - fontGame: Abel-Regular.ttf
19:12:12.297 [FXGL Background Thread 3 ] DEBUG Engine               - fontMono: TerminalLandMono-Regular.otf
19:12:12.297 [FXGL Background Thread 3 ] DEBUG Engine               - fontText: Courier-Prime.ttf
19:12:12.297 [FXGL Background Thread 3 ] DEBUG Engine               - fontUI: VarelaRound-Regular.ttf
19:12:12.297 [FXGL Background Thread 3 ] DEBUG Engine               - fullScreen: BooleanProperty [value: false]
19:12:12.297 [FXGL Background Thread 3 ] DEBUG Engine               - gameDifficulty: MEDIUM
19:12:12.297 [FXGL Background Thread 3 ] DEBUG Engine               - gameDifficultyProperty: ObjectProperty [value: MEDIUM]
19:12:12.297 [FXGL Background Thread 3 ] DEBUG Engine               - globalMusicVolume: 0.5
19:12:12.298 [FXGL Background Thread 3 ] DEBUG Engine               - globalMusicVolumeProperty: DoubleProperty [value: 0.5]
19:12:12.298 [FXGL Background Thread 3 ] DEBUG Engine               - globalSoundVolume: 0.5
19:12:12.298 [FXGL Background Thread 3 ] DEBUG Engine               - globalSoundVolumeProperty: DoubleProperty [value: 0.5]
19:12:12.298 [FXGL Background Thread 3 ] DEBUG Engine               - height: 800
19:12:12.298 [FXGL Background Thread 3 ] DEBUG Engine               - is3D: false
19:12:12.298 [FXGL Background Thread 3 ] DEBUG Engine               - isAndroid: false
19:12:12.298 [FXGL Background Thread 3 ] DEBUG Engine               - isBrowser: false
19:12:12.298 [FXGL Background Thread 3 ] DEBUG Engine               - isClickFeedbackEnabled: false
19:12:12.299 [FXGL Background Thread 3 ] DEBUG Engine               - isCloseConfirmation: false
19:12:12.299 [FXGL Background Thread 3 ] DEBUG Engine               - isDesktop: true
19:12:12.299 [FXGL Background Thread 3 ] DEBUG Engine               - isDeveloperMenuEnabled: true
19:12:12.299 [FXGL Background Thread 3 ] DEBUG Engine               - isEmbedded: false
19:12:12.299 [FXGL Background Thread 3 ] DEBUG Engine               - isEntityPreloadEnabled: true
19:12:12.299 [FXGL Background Thread 3 ] DEBUG Engine               - isExperimentalTiledLargeMap: false
19:12:12.299 [FXGL Background Thread 3 ] DEBUG Engine               - isFileSystemWriteAllowed: true
19:12:12.299 [FXGL Background Thread 3 ] DEBUG Engine               - isFullScreenAllowed: false
19:12:12.300 [FXGL Background Thread 3 ] DEBUG Engine               - isFullScreenFromStart: false
19:12:12.300 [FXGL Background Thread 3 ] DEBUG Engine               - isGameMenuEnabled: true
19:12:12.300 [FXGL Background Thread 3 ] DEBUG Engine               - isIOS: false
19:12:12.300 [FXGL Background Thread 3 ] DEBUG Engine               - isIntroEnabled: false
19:12:12.300 [FXGL Background Thread 3 ] DEBUG Engine               - isLinux: false
19:12:12.300 [FXGL Background Thread 3 ] DEBUG Engine               - isMac: false
19:12:12.300 [FXGL Background Thread 3 ] DEBUG Engine               - isMainMenuEnabled: false
19:12:12.300 [FXGL Background Thread 3 ] DEBUG Engine               - isManualResizeEnabled: false
19:12:12.300 [FXGL Background Thread 3 ] DEBUG Engine               - isMobile: false
19:12:12.300 [FXGL Background Thread 3 ] DEBUG Engine               - isNative: false
19:12:12.300 [FXGL Background Thread 3 ] DEBUG Engine               - isPauseMusicWhenMinimized: true
19:12:12.300 [FXGL Background Thread 3 ] DEBUG Engine               - isPreserveResizeRatio: false
19:12:12.300 [FXGL Background Thread 3 ] DEBUG Engine               - isProfilingEnabled: false
19:12:12.300 [FXGL Background Thread 3 ] DEBUG Engine               - isScaleAffectedOnResize: true
19:12:12.300 [FXGL Background Thread 3 ] DEBUG Engine               - isSingleStep: false
19:12:12.300 [FXGL Background Thread 3 ] DEBUG Engine               - isUserProfileEnabled: false
19:12:12.300 [FXGL Background Thread 3 ] DEBUG Engine               - isWindows: true
19:12:12.300 [FXGL Background Thread 3 ] DEBUG Engine               - language: ObjectProperty [value: ENGLISH]
19:12:12.300 [FXGL Background Thread 3 ] DEBUG Engine               - menuKey: ESCAPE
19:12:12.300 [FXGL Background Thread 3 ] DEBUG Engine               - mouseSensitivity: 0.2
19:12:12.300 [FXGL Background Thread 3 ] DEBUG Engine               - notificationViewClass: class com.almasb.fxgl.notification.view.XboxNotificationView
19:12:12.300 [FXGL Background Thread 3 ] DEBUG Engine               - pixelsPerMeter: 50.0
19:12:12.300 [FXGL Background Thread 3 ] DEBUG Engine               - platform: WINDOWS
19:12:12.300 [FXGL Background Thread 3 ] DEBUG Engine               - prefHeightProperty: ReadOnlyDoubleProperty [value: 800.0]
19:12:12.300 [FXGL Background Thread 3 ] DEBUG Engine               - prefWidthProperty: ReadOnlyDoubleProperty [value: 1000.0]
19:12:12.300 [FXGL Background Thread 3 ] DEBUG Engine               - profileDir: profiles/
19:12:12.300 [FXGL Background Thread 3 ] DEBUG Engine               - profileName: StringProperty [value: DEFAULT]
19:12:12.301 [FXGL Background Thread 3 ] DEBUG Engine               - randomSeed: -1
19:12:12.301 [FXGL Background Thread 3 ] DEBUG Engine               - runtimeInfo: RuntimeInfo(platform=WINDOWS, version=17.1, build=24.03.2022 17.34)
19:12:12.301 [FXGL Background Thread 3 ] DEBUG Engine               - saveFileExt: sav
19:12:12.301 [FXGL Background Thread 3 ] DEBUG Engine               - scaledHeightProp$fxgl: DoubleProperty [bound, value: 800.0]
19:12:12.301 [FXGL Background Thread 3 ] DEBUG Engine               - scaledWidthProp$fxgl: DoubleProperty [bound, value: 1000.0]
19:12:12.301 [FXGL Background Thread 3 ] DEBUG Engine               - sceneFactory: com.almasb.fxgl.app.scene.SceneFactory@64bb4916
19:12:12.301 [FXGL Background Thread 3 ] DEBUG Engine               - secondsIn24h: 60
19:12:12.301 [FXGL Background Thread 3 ] DEBUG Engine               - soundMenuBack: menu/back.wav
19:12:12.301 [FXGL Background Thread 3 ] DEBUG Engine               - soundMenuPress: menu/press.wav
19:12:12.301 [FXGL Background Thread 3 ] DEBUG Engine               - soundMenuSelect: menu/select.wav
19:12:12.301 [FXGL Background Thread 3 ] DEBUG Engine               - soundNotification: core/notification.wav
19:12:12.302 [FXGL Background Thread 3 ] DEBUG Engine               - stageStyle: DECORATED
19:12:12.302 [FXGL Background Thread 3 ] DEBUG Engine               - supportedLanguages: [ENGLISH, FRENCH, GERMAN, HUNGARIAN, RUSSIAN]
19:12:12.302 [FXGL Background Thread 3 ] DEBUG Engine               - ticksPerSecond: -1
19:12:12.302 [FXGL Background Thread 3 ] DEBUG Engine               - title: Untitled
19:12:12.302 [FXGL Background Thread 3 ] DEBUG Engine               - urlGithub: https://github.com/AlmasB/FXGL
19:12:12.302 [FXGL Background Thread 3 ] DEBUG Engine               - urlLeaderboard: http://fxgl-top.herokuapp.com/
19:12:12.302 [FXGL Background Thread 3 ] DEBUG Engine               - urlPOM: https://raw.githubusercontent.com/AlmasB/FXGL/release/README.md
19:12:12.302 [FXGL Background Thread 3 ] DEBUG Engine               - userAppClass: class org.platformer.PlatformerApp
19:12:12.302 [FXGL Background Thread 3 ] DEBUG Engine               - version: 0.0
19:12:12.302 [FXGL Background Thread 3 ] DEBUG Engine               - versionCheckDays: 7
19:12:12.302 [FXGL Background Thread 3 ] DEBUG Engine               - width: 1000
19:12:12.302 [FXGL Background Thread 3 ] DEBUG Engine               - Logging services
19:12:12.302 [FXGL Background Thread 3 ] DEBUG Engine               - class com.almasb.fxgl.app.services.FXGLAssetLoaderService
19:12:12.302 [FXGL Background Thread 3 ] DEBUG Engine               - class com.almasb.fxgl.app.FXGLApplication$GameApplicationService
19:12:12.302 [FXGL Background Thread 3 ] DEBUG Engine               - class com.almasb.fxgl.app.services.FXGLDialogService
19:12:12.302 [FXGL Background Thread 3 ] DEBUG Engine               - class com.almasb.fxgl.app.services.IOTaskExecutorService
19:12:12.302 [FXGL Background Thread 3 ] DEBUG Engine               - class com.almasb.fxgl.io.FileSystemService
19:12:12.302 [FXGL Background Thread 3 ] DEBUG Engine               - class com.almasb.fxgl.localization.LocalizationService
19:12:12.302 [FXGL Background Thread 3 ] DEBUG Engine               - class com.almasb.fxgl.app.services.SystemBundleService
19:12:12.302 [FXGL Background Thread 3 ] DEBUG Engine               - class com.almasb.fxgl.profile.SaveLoadService
19:12:12.302 [FXGL Background Thread 3 ] DEBUG Engine               - class com.almasb.fxgl.ui.FXGLUIFactoryServiceProvider
19:12:12.302 [FXGL Background Thread 3 ] DEBUG Engine               - class com.almasb.fxgl.ui.FXGLDialogFactoryServiceProvider
19:12:12.302 [FXGL Background Thread 3 ] DEBUG Engine               - class com.almasb.fxgl.audio.AudioPlayer
19:12:12.302 [FXGL Background Thread 3 ] DEBUG Engine               - class com.almasb.fxgl.notification.impl.NotificationServiceProvider
19:12:12.302 [FXGL Background Thread 3 ] DEBUG Engine               - class com.almasb.fxgl.achievement.AchievementService
19:12:12.302 [FXGL Background Thread 3 ] DEBUG Engine               - class com.almasb.fxgl.cutscene.CutsceneService
19:12:12.303 [FXGL Background Thread 3 ] DEBUG Engine               - class com.almasb.fxgl.minigames.MiniGameService
19:12:12.303 [FXGL Background Thread 3 ] DEBUG Engine               - class com.almasb.fxgl.net.NetService
19:12:12.303 [FXGL Background Thread 3 ] DEBUG Engine               - class com.almasb.fxgl.app.services.UpdaterService
19:12:12.303 [FXGL Background Thread 3 ] DEBUG Engine               - class com.almasb.fxgl.dev.DevService
19:12:17.838 [JavaFX Application Thread] DEBUG PrimaryStageWindow   - Push state: MiniGameSubScene
19:12:17.838 [JavaFX Application Thread] DEBUG Input                - Clearing active input actions
19:12:17.839 [JavaFX Application Thread] DEBUG GameApplicationServi - Removing overlay from GameScene and adding to MiniGameSubScene
19:12:17.841 [JavaFX Application Thread] DEBUG PrimaryStageWindow   - GameScene -> MiniGameSubScene
19:12:24.981 [JavaFX Application Thread] DEBUG PrimaryStageWindow   - Pop state: MiniGameSubScene
19:12:24.981 [JavaFX Application Thread] DEBUG Input                - Clearing active input actions
19:12:24.982 [JavaFX Application Thread] DEBUG GameApplicationServi - Removing overlay from MiniGameSubScene and adding to GameScene
19:12:24.983 [JavaFX Application Thread] DEBUG PrimaryStageWindow   - GameScene <- MiniGameSubScene
19:12:51.493 [JavaFX Application Thread] DEBUG FXGLApplication      - Exiting FXGL
19:12:51.493 [JavaFX Application Thread] DEBUG LoopRunner           - Stopping loop
19:12:51.494 [JavaFX Application Thread] DEBUG SystemBundleService  - Saving FXGL system data
19:12:51.497 [JavaFX Application Thread] DEBUG FileSystemAccess     - Writing to: C:\Users\sande\IdeaProjects\Java Advanced\ShortburstProject\Short_platformer_game\system\fxgl.bundle
19:12:51.499 [JavaFX Application Thread] DEBUG Async                - Shutting down background threads
19:12:51.499 [JavaFX Application Thread] DEBUG PrimaryStageWindow   - Closing main window
19:12:51.513 [JavaFX Application Thread] DEBUG Logger               - Closing Logger
