18:50:23.526 [main                     ] DEBUG Logger               - Configured Logger
18:50:23.557 [main                     ] DEBUG GameApplication      - Logging settings
Title: Untitled
Version: 0.0
Width: 800
Height: 600
Fullscreen: false
Intro: false
Profiling: false
Single step:false
App Mode: DEVELOPER
Menu Key: ESCAPE
Stage Style: DECORATED
Scene Factory: class com.almasb.fxgl.app.scene.SceneFactory

18:50:23.847 [JavaFX Application Thread] DEBUG FXGLApplication      - Initializing FXGL
18:50:23.855 [JavaFX Application Thread] INFO  Engine               - FXGL-17.1 (24.03.2022 17.34) on WINDOWS (J:19.0.1 FX:18)
18:50:23.857 [JavaFX Application Thread] DEBUG Engine               - JRE Vendor Name: Oracle Corporation
18:50:23.857 [JavaFX Application Thread] DEBUG Engine               - Running on OS: Windows 10 version 10.0
18:50:23.857 [JavaFX Application Thread] DEBUG Engine               - Architecture: amd64
18:50:23.858 [JavaFX Application Thread] INFO  Engine               - Source code and latest versions at: https://github.com/AlmasB/FXGL
18:50:23.858 [JavaFX Application Thread] INFO  Engine               -       Ask questions and discuss at: https://github.com/AlmasB/FXGL/discussions
18:50:23.858 [JavaFX Application Thread] INFO  Engine               -              Join the FXGL chat at: https://gitter.im/AlmasB/FXGL
18:50:23.985 [JavaFX Application Thread] DEBUG PrimaryStageWindow   - Creating a JavaFX scene
18:50:24.062 [JavaFX Application Thread] DEBUG PrimaryStageWindow   - Target settings size: 800.0 x 600.0
18:50:24.062 [JavaFX Application Thread] DEBUG PrimaryStageWindow   - Scaled scene size:    800.0 x 600.0
18:50:24.063 [JavaFX Application Thread] DEBUG PrimaryStageWindow   - Scaled ratio: (1.0, 1.0)
18:50:24.065 [JavaFX Application Thread] DEBUG PrimaryStageWindow   - Set initial scene to FXGLStartupScene
18:50:24.076 [JavaFX Application Thread] DEBUG PrimaryStageWindow   - Opening main window
18:50:24.184 [JavaFX Application Thread] DEBUG PrimaryStageWindow   - Window border size: (14.4000244140625, 37.5999755859375)
18:50:24.185 [JavaFX Application Thread] DEBUG PrimaryStageWindow   - Scaled size: 800.0 x 600.0
18:50:24.185 [JavaFX Application Thread] DEBUG PrimaryStageWindow   - Scaled ratio: (1.0, 1.0)
18:50:24.186 [JavaFX Application Thread] DEBUG PrimaryStageWindow   - Scene size: 800.0 x 600.0
18:50:24.186 [JavaFX Application Thread] DEBUG PrimaryStageWindow   - Stage size: 814.4000244140625 x 637.5999755859375
18:50:24.196 [FXGL Background Thread 1 ] DEBUG Engine               - Initializing environment variables
18:50:24.251 [FXGL Background Thread 1 ] DEBUG FXGLAssetLoaderServi - User app class for loading assets: class org.platformer.PlatformerApp
18:50:24.251 [FXGL Background Thread 1 ] DEBUG GameApplicationServi - Applying CSS: fxgl_dark.css
18:50:24.252 [FXGL Background Thread 1 ] DEBUG FXGLAssetLoaderServi - Loading from file system: jar:file:///C:/Users/sande/.m2/repository/com/github/almasb/fxgl/17.1/fxgl-17.1.jar!/fxglassets/ui/css/fxgl_dark.css
18:50:24.296 [FXGL Background Thread 1 ] DEBUG GameApplicationServi - Initializing application scenes
18:50:24.332 [FXGL Background Thread 1 ] DEBUG GameWorld            - Game world initialized
18:50:24.407 [FXGL Background Thread 1 ] DEBUG PhysicsWorld         - Physics world initialized: appHeight=600, physics.ppm=50.0
18:50:24.408 [FXGL Background Thread 1 ] DEBUG PhysicsWorld         - Using strategy: BRUTE_FORCE
18:50:24.412 [FXGL Background Thread 1 ] DEBUG GameScene            - Game scene initialized: 800x600
18:50:24.425 [FXGL Background Thread 1 ] DEBUG FXGL.DefaultMenu     - createMenuBodyGameMenu()
18:50:24.439 [FXGL Background Thread 1 ] DEBUG FXGL.DefaultMenu     - createOptionsMenu()
18:50:24.451 [FXGL Background Thread 1 ] DEBUG FXGLAssetLoaderServi - Loading from file system: jar:file:///C:/Users/sande/.m2/repository/com/github/almasb/fxgl/17.1/fxgl-17.1.jar!/fxglassets/textures/particles/smoke.png
18:50:24.544 [FXGL Background Thread 1 ] DEBUG FXGLAssetLoaderServi - Loading from file system: jar:file:///C:/Users/sande/.m2/repository/com/github/almasb/fxgl/17.1/fxgl-17.1.jar!/fxglassets/textures/particles/trace_horizontal.png
18:50:24.579 [FXGL Background Thread 1 ] DEBUG GameApplicationServi - Application scenes initialized
18:50:24.589 [FXGL Background Thread 1 ] DEBUG SystemBundleService  - Loading FXGL system data
18:50:24.594 [FXGL Background Thread 1 ] DEBUG FileSystemAccess     - Reading from: C:\Users\sande\IdeaProjects\Java Advanced\ShortburstProject\Short_platformer_game\system\fxgl.bundle
18:50:24.601 [FXGL Background Thread 1 ] DEBUG SystemBundleService  - Bundle FXGL: {}
18:50:24.601 [FXGL Background Thread 1 ] DEBUG UpdaterService       - Checking for updates
18:50:24.624 [FXGL Background Thread 4 ] DEBUG FXGLApplication      - Loading fonts
18:50:24.624 [FXGL Background Thread 1 ] DEBUG FXGLApplication      - Loading default localization
18:50:24.625 [FXGL Background Thread 4 ] DEBUG FXGLAssetLoaderServi - Loading from file system: jar:file:///C:/Users/sande/.m2/repository/com/github/almasb/fxgl/17.1/fxgl-17.1.jar!/fxglassets/ui/fonts/VarelaRound-Regular.ttf
18:50:24.625 [FXGL Background Thread 1 ] DEBUG FXGLAssetLoaderServi - Loading from file system: jar:file:///C:/Users/sande/.m2/repository/com/github/almasb/fxgl/17.1/fxgl-17.1.jar!/fxglassets/languages/english.lang
18:50:24.646 [FXGL Background Thread 1 ] INFO  FXGLApplication      - FXGL initialization took: 0.449 sec
18:50:24.657 [JavaFX Application Thread] DEBUG Input                - Registered new binding: Left - Left
18:50:24.657 [JavaFX Application Thread] DEBUG Input                - Registered new binding: Right - Right
18:50:24.657 [JavaFX Application Thread] DEBUG Input                - Registered new binding: Jump - Up
18:50:24.658 [JavaFX Application Thread] DEBUG Input                - Registered new binding: Stomp - Down
18:50:24.658 [JavaFX Application Thread] DEBUG Input                - Registered new binding: Shoot - Z
18:50:24.658 [JavaFX Application Thread] DEBUG FXGLAssetLoaderServi - Loading from file system: jar:file:///C:/Users/sande/.m2/repository/com/github/almasb/fxgl/17.1/fxgl-17.1.jar!/fxglassets/textures/fxgl_icon.png
18:50:24.686 [JavaFX Application Thread] DEBUG FXGLAssetLoaderServi - Loading from file system: jar:file:///C:/Users/sande/.m2/repository/com/github/almasb/fxgl/17.1/fxgl-17.1.jar!/fxglassets/textures/fxgl_default_cursor.png
18:50:24.689 [JavaFX Application Thread] DEBUG Input                - Registered new binding: Screenshot - CTRL+8
18:50:24.689 [JavaFX Application Thread] DEBUG Input                - Registered new binding: Dev Options - 1
18:50:24.690 [JavaFX Application Thread] DEBUG Input                - Registered new binding: Dev Console - 2
18:50:24.690 [JavaFX Application Thread] DEBUG Input                - Registered new binding: System info dump - CTRL+9
18:50:24.690 [JavaFX Application Thread] DEBUG Input                - Registered new binding: Restart - CTRL+R
18:50:24.691 [JavaFX Application Thread] DEBUG Input                - Registered new binding: Toggle Debug Camera - CTRL+7
18:50:24.693 [JavaFX Application Thread] DEBUG LoopRunner           - Starting loop
18:50:24.695 [FXGL Background Thread 4 ] DEBUG FXGLAssetLoaderServi - Loading from file system: jar:file:///C:/Users/sande/.m2/repository/com/github/almasb/fxgl/17.1/fxgl-17.1.jar!/fxglassets/ui/fonts/Abel-Regular.ttf
18:50:24.706 [JavaFX Application Thread] DEBUG LoopRunner           - Initializing JavaFX AnimationTimerLoop
18:50:24.707 [JavaFX Application Thread] DEBUG GameApplicationServi - Starting new game
18:50:24.707 [JavaFX Application Thread] DEBUG Input                - Clearing active input actions
18:50:24.717 [JavaFX Application Thread] DEBUG GameApplicationServi - Removing overlay from FXGLStartupScene and adding to FXGLLoadingScene
18:50:24.720 [FXGL Background Thread 4 ] DEBUG FXGLAssetLoaderServi - Loading from file system: jar:file:///C:/Users/sande/.m2/repository/com/github/almasb/fxgl/17.1/fxgl-17.1.jar!/fxglassets/ui/fonts/TerminalLandMono-Regular.otf
18:50:24.720 [JavaFX Application Thread] DEBUG PrimaryStageWindow   - FXGLStartupScene -> FXGLLoadingScene
18:50:24.720 [JavaFX Application Thread] DEBUG GameApplicationServi - Clearing previous game
18:50:24.721 [JavaFX Application Thread] DEBUG GameScene            - Clearing game scene
18:50:24.721 [JavaFX Application Thread] DEBUG GameWorld            - Clearing game world
18:50:24.721 [JavaFX Application Thread] DEBUG PhysicsWorld         - Clearing physics world
18:50:24.723 [FXGL Background Thread 1 ] DEBUG FXGLApplication      - Initializing game
18:50:24.733 [FXGL Background Thread 4 ] DEBUG FXGLAssetLoaderServi - Loading from file system: jar:file:///C:/Users/sande/.m2/repository/com/github/almasb/fxgl/17.1/fxgl-17.1.jar!/fxglassets/ui/fonts/Courier-Prime.ttf
18:50:24.787 [FXGL Background Thread 1 ] DEBUG TMXLevelLoader       - Parsed TiledMap: file:/C:/Users/sande/IdeaProjects/Java%20Advanced/ShortburstProject/Short_platformer_game/target/classes/assets/levels/tmx/platformer.tmx
18:50:24.787 [FXGL Background Thread 1 ] DEBUG TMXLevelLoader       - Creating tile layer entities
18:50:24.789 [FXGL Background Thread 1 ] DEBUG TilesetLoader        - Loading view for layer Tile Layer 1
18:50:24.790 [FXGL Background Thread 1 ] DEBUG TilesetLoader        - Created buffer with size 800.0x608.0
18:50:24.804 [FXGL Background Thread 1 ] DEBUG TMXLevelLoader       - Creating object layer entities
18:50:24.842 [FXGL Background Thread 1 ] DEBUG FXGLAssetLoaderServi - Loading from file system: file:/C:/Users/sande/IdeaProjects/Java%20Advanced/ShortburstProject/Short_platformer_game/target/classes/assets/textures/Items/Boxes/Box1/Idle.png
18:50:24.854 [FXGL Background Thread 1 ] DEBUG FXGLAssetLoaderServi - Loading from file system: file:/C:/Users/sande/IdeaProjects/Java%20Advanced/ShortburstProject/Short_platformer_game/target/classes/assets/textures/Items/Checkpoints/End/End%20(Idle).png
18:50:24.859 [FXGL Background Thread 1 ] DEBUG GameWorld            - Clearing removable entities
18:50:24.860 [FXGL Background Thread 1 ] DEBUG GameWorld            - Setting level: com.almasb.fxgl.entity.level.Level@78fb8a71
18:50:24.889 [FXGL Background Thread 1 ] DEBUG FXGLAssetLoaderServi - Loading from file system: file:/C:/Users/sande/IdeaProjects/Java%20Advanced/ShortburstProject/Short_platformer_game/target/classes/assets/textures/Virtual%20Guy/Idle%20(32x32).png
18:50:24.894 [FXGL Background Thread 1 ] DEBUG FXGLAssetLoaderServi - Loading from file system: file:/C:/Users/sande/IdeaProjects/Java%20Advanced/ShortburstProject/Short_platformer_game/target/classes/assets/textures/Virtual%20Guy/Run%20(32x32).png
18:50:24.899 [FXGL Background Thread 1 ] DEBUG FXGLAssetLoaderServi - Loading from file system: file:/C:/Users/sande/IdeaProjects/Java%20Advanced/ShortburstProject/Short_platformer_game/target/classes/assets/textures/Virtual%20Guy/Jump%20(32x32).png
18:50:24.900 [FXGL Background Thread 1 ] DEBUG FXGLAssetLoaderServi - Loading from file system: file:/C:/Users/sande/IdeaProjects/Java%20Advanced/ShortburstProject/Short_platformer_game/target/classes/assets/textures/Virtual%20Guy/Double%20Jump%20(32x32).png
18:50:24.901 [FXGL Background Thread 1 ] DEBUG FXGLAssetLoaderServi - Loading from file system: file:/C:/Users/sande/IdeaProjects/Java%20Advanced/ShortburstProject/Short_platformer_game/target/classes/assets/textures/Virtual%20Guy/Fall%20(32x32).png
18:50:24.909 [FXGL Background Thread 1 ] DEBUG FXGLAssetLoaderServi - Loading from file system: file:/C:/Users/sande/IdeaProjects/Java%20Advanced/ShortburstProject/Short_platformer_game/target/classes/assets/textures/Background/Blue.png
18:50:24.912 [FXGL Background Thread 1 ] INFO  FXGLApplication      - Game initialization took: 0.190 sec
18:50:24.963 [JavaFX Application Thread] DEBUG FXGLApplication      - Registering font factories with UI factory
18:50:25.010 [JavaFX Application Thread] DEBUG Input                - Clearing active input actions
18:50:25.020 [JavaFX Application Thread] DEBUG GameApplicationServi - Removing overlay from FXGLLoadingScene and adding to GameScene
18:50:25.025 [JavaFX Application Thread] DEBUG PrimaryStageWindow   - FXGLLoadingScene -> GameScene
18:50:25.295 [FXGL Background Thread 2 ] INFO  UpdaterService       - Your current version:  17.1
18:50:25.296 [FXGL Background Thread 2 ] INFO  UpdaterService       - Latest stable version: 17.2
18:50:26.196 [JavaFX Application Thread] DEBUG LoopRunner           - Stopping loop
18:50:26.199 [JavaFX Application Thread] FATAL FXGLApplication      - Uncaught Exception:
java.lang.UnsupportedOperationException
	at java.base/java.util.AbstractList.add(AbstractList.java:155)
	at java.base/java.util.AbstractList.add(AbstractList.java:113)
	at Short.platformer.game/org.platformer.PlatformerApp.lambda$initPhysics$1(PlatformerApp.java:115)
	at com.almasb.fxgl.all@17.1/com.almasb.fxgl.dsl.FXGL$Companion$onCollision$1.onCollision(FXGL.kt:663)
	at com.almasb.fxgl.entity@17.1/com.almasb.fxgl.physics.CollisionPair.collision(CollisionPair.java:41)
	at com.almasb.fxgl.entity@17.1/com.almasb.fxgl.physics.PhysicsWorld.notifyCollisions(PhysicsWorld.java:486)
	at com.almasb.fxgl.entity@17.1/com.almasb.fxgl.physics.PhysicsWorld.onUpdate(PhysicsWorld.java:180)
	at com.almasb.fxgl.all@17.1/com.almasb.fxgl.app.scene.GameScene.step(GameScene.kt:225)
	at com.almasb.fxgl.all@17.1/com.almasb.fxgl.app.scene.GameScene.onUpdate(GameScene.kt:220)
	at com.almasb.fxgl.scene@17.1/com.almasb.fxgl.scene.Scene.update(Scene.kt:105)
	at com.almasb.fxgl.all@17.1/com.almasb.fxgl.app.MainWindow$update$1.invoke(MainWindow.kt:115)
	at com.almasb.fxgl.all@17.1/com.almasb.fxgl.app.MainWindow$update$1.invoke(MainWindow.kt:115)
	at com.almasb.fxgl.core@17.1/com.almasb.fxgl.core.fsm.StateMachine.runOnActiveStates(StateMachine.kt:69)
	at com.almasb.fxgl.all@17.1/com.almasb.fxgl.app.MainWindow.update(MainWindow.kt:115)
	at com.almasb.fxgl.all@17.1/com.almasb.fxgl.app.FXGLApplication$GameApplicationService.onUpdate(FXGLApplication.kt:426)
	at com.almasb.fxgl.all@17.1/com.almasb.fxgl.app.Engine.loop(Engine.kt:134)
	at com.almasb.fxgl.all@17.1/com.almasb.fxgl.app.Engine.access$loop(Engine.kt:24)
	at com.almasb.fxgl.all@17.1/com.almasb.fxgl.app.Engine$loop$1.invoke(Engine.kt:28)
	at com.almasb.fxgl.all@17.1/com.almasb.fxgl.app.Engine$loop$1.invoke(Engine.kt:28)
	at com.almasb.fxgl.all@17.1/com.almasb.fxgl.app.LoopRunner.frame(LoopRunner.kt:103)
	at com.almasb.fxgl.all@17.1/com.almasb.fxgl.app.LoopRunner.access$frame(LoopRunner.kt:23)
	at com.almasb.fxgl.all@17.1/com.almasb.fxgl.app.LoopRunner$impl$2$1.onTick(LoopRunner.kt:57)
	at com.almasb.fxgl.all@17.1/com.almasb.fxgl.app.AnimationTimerLoop$timer$1.handle(LoopRunner.kt:137)
	at javafx.graphics@18/javafx.animation.AnimationTimer$AnimationTimerReceiver.lambda$handle$0(AnimationTimer.java:58)
	at java.base/java.security.AccessController.doPrivileged(AccessController.java:399)
	at javafx.graphics@18/javafx.animation.AnimationTimer$AnimationTimerReceiver.handle(AnimationTimer.java:57)
	at javafx.graphics@18/com.sun.scenario.animation.AbstractPrimaryTimer.timePulseImpl(AbstractPrimaryTimer.java:356)
	at javafx.graphics@18/com.sun.scenario.animation.AbstractPrimaryTimer$MainLoop.run(AbstractPrimaryTimer.java:266)
	at javafx.graphics@18/com.sun.javafx.tk.quantum.QuantumToolkit.pulse(QuantumToolkit.java:571)
	at javafx.graphics@18/com.sun.javafx.tk.quantum.QuantumToolkit.pulse(QuantumToolkit.java:555)
	at javafx.graphics@18/com.sun.javafx.tk.quantum.QuantumToolkit.pulseFromQueue(QuantumToolkit.java:548)
	at javafx.graphics@18/com.sun.javafx.tk.quantum.QuantumToolkit.lambda$runToolkit$11(QuantumToolkit.java:352)
	at javafx.graphics@18/com.sun.glass.ui.InvokeLaterDispatcher$Future.run(InvokeLaterDispatcher.java:96)
	at javafx.graphics@18/com.sun.glass.ui.win.WinApplication._runLoop(Native Method)
	at javafx.graphics@18/com.sun.glass.ui.win.WinApplication.lambda$runLoop$3(WinApplication.java:184)
	at java.base/java.lang.Thread.run(Thread.java:1589)

18:50:26.199 [JavaFX Application Thread] FATAL FXGLApplication      - Application will now exit
18:50:26.206 [JavaFX Application Thread] DEBUG PrimaryStageWindow   - Push state: ErrorSubScene
18:50:26.207 [JavaFX Application Thread] DEBUG Input                - Clearing active input actions
18:50:26.207 [JavaFX Application Thread] DEBUG GameApplicationServi - Removing overlay from GameScene and adding to ErrorSubScene
18:50:26.209 [JavaFX Application Thread] DEBUG PrimaryStageWindow   - GameScene -> ErrorSubScene
18:50:27.623 [FXGL Background Thread 3 ] DEBUG Engine               - Logging environment variables
18:50:27.624 [FXGL Background Thread 3 ] DEBUG Engine               - achievements: []
18:50:27.625 [FXGL Background Thread 3 ] DEBUG Engine               - actualHeight: 600.0
18:50:27.625 [FXGL Background Thread 3 ] DEBUG Engine               - actualHeightProperty: ReadOnlyDoubleProperty [value: 600.0]
18:50:27.625 [FXGL Background Thread 3 ] DEBUG Engine               - actualWidth: 800.0
18:50:27.625 [FXGL Background Thread 3 ] DEBUG Engine               - actualWidthProperty: ReadOnlyDoubleProperty [value: 800.0]
18:50:27.625 [FXGL Background Thread 3 ] DEBUG Engine               - appIcon: fxgl_icon.png
18:50:27.625 [FXGL Background Thread 3 ] DEBUG Engine               - applicationMode: DEVELOPER
18:50:27.625 [FXGL Background Thread 3 ] DEBUG Engine               - cSSList: [fxgl_dark.css]
18:50:27.626 [FXGL Background Thread 3 ] DEBUG Engine               - collisionDetectionStrategy: BRUTE_FORCE
18:50:27.626 [FXGL Background Thread 3 ] DEBUG Engine               - configClass: Optional.empty
18:50:27.626 [FXGL Background Thread 3 ] DEBUG Engine               - credits: []
18:50:27.627 [FXGL Background Thread 3 ] DEBUG Engine               - defaultCursor: CursorInfo(imageName=fxgl_default_cursor.png, hotspotX=7.0, hotspotY=6.0)
18:50:27.627 [FXGL Background Thread 3 ] DEBUG Engine               - devBBoxColorProperty: ObjectProperty [value: 0xff0000ff]
18:50:27.628 [FXGL Background Thread 3 ] DEBUG Engine               - devEnableDebugCameraProperty: BooleanProperty [value: false]
18:50:27.628 [FXGL Background Thread 3 ] DEBUG Engine               - devSensorColorProperty: ObjectProperty [value: 0xffff00ff]
18:50:27.628 [FXGL Background Thread 3 ] DEBUG Engine               - devShowBBoxProperty: BooleanProperty [value: false]
18:50:27.629 [FXGL Background Thread 3 ] DEBUG Engine               - devShowPositionProperty: BooleanProperty [value: false]
18:50:27.629 [FXGL Background Thread 3 ] DEBUG Engine               - enabledMenuItems: []
18:50:27.629 [FXGL Background Thread 3 ] DEBUG Engine               - engineServices: [class com.almasb.fxgl.app.services.FXGLAssetLoaderService, class com.almasb.fxgl.app.FXGLApplication$GameApplicationService, class com.almasb.fxgl.app.services.FXGLDialogService, class com.almasb.fxgl.app.services.IOTaskExecutorService, class com.almasb.fxgl.io.FileSystemService, class com.almasb.fxgl.localization.LocalizationService, class com.almasb.fxgl.app.services.SystemBundleService, class com.almasb.fxgl.profile.SaveLoadService, class com.almasb.fxgl.ui.FXGLUIFactoryServiceProvider, class com.almasb.fxgl.ui.FXGLDialogFactoryServiceProvider, class com.almasb.fxgl.audio.AudioPlayer, class com.almasb.fxgl.notification.impl.NotificationServiceProvider, class com.almasb.fxgl.achievement.AchievementService, class com.almasb.fxgl.cutscene.CutsceneService, class com.almasb.fxgl.minigames.MiniGameService, class com.almasb.fxgl.net.NetService, class com.almasb.fxgl.app.services.UpdaterService, class com.almasb.fxgl.dev.DevService]
18:50:27.629 [FXGL Background Thread 3 ] DEBUG Engine               - fontGame: Abel-Regular.ttf
18:50:27.629 [FXGL Background Thread 3 ] DEBUG Engine               - fontMono: TerminalLandMono-Regular.otf
18:50:27.630 [FXGL Background Thread 3 ] DEBUG Engine               - fontText: Courier-Prime.ttf
18:50:27.630 [FXGL Background Thread 3 ] DEBUG Engine               - fontUI: VarelaRound-Regular.ttf
18:50:27.630 [FXGL Background Thread 3 ] DEBUG Engine               - fullScreen: BooleanProperty [value: false]
18:50:27.630 [FXGL Background Thread 3 ] DEBUG Engine               - gameDifficulty: MEDIUM
18:50:27.630 [FXGL Background Thread 3 ] DEBUG Engine               - gameDifficultyProperty: ObjectProperty [value: MEDIUM]
18:50:27.631 [FXGL Background Thread 3 ] DEBUG Engine               - globalMusicVolume: 0.5
18:50:27.631 [FXGL Background Thread 3 ] DEBUG Engine               - globalMusicVolumeProperty: DoubleProperty [value: 0.5]
18:50:27.632 [FXGL Background Thread 3 ] DEBUG Engine               - globalSoundVolume: 0.5
18:50:27.632 [FXGL Background Thread 3 ] DEBUG Engine               - globalSoundVolumeProperty: DoubleProperty [value: 0.5]
18:50:27.632 [FXGL Background Thread 3 ] DEBUG Engine               - height: 600
18:50:27.632 [FXGL Background Thread 3 ] DEBUG Engine               - is3D: false
18:50:27.632 [FXGL Background Thread 3 ] DEBUG Engine               - isAndroid: false
18:50:27.633 [FXGL Background Thread 3 ] DEBUG Engine               - isBrowser: false
18:50:27.633 [FXGL Background Thread 3 ] DEBUG Engine               - isClickFeedbackEnabled: false
18:50:27.633 [FXGL Background Thread 3 ] DEBUG Engine               - isCloseConfirmation: false
18:50:27.633 [FXGL Background Thread 3 ] DEBUG Engine               - isDesktop: true
18:50:27.633 [FXGL Background Thread 3 ] DEBUG Engine               - isDeveloperMenuEnabled: true
18:50:27.633 [FXGL Background Thread 3 ] DEBUG Engine               - isEmbedded: false
18:50:27.634 [FXGL Background Thread 3 ] DEBUG Engine               - isEntityPreloadEnabled: true
18:50:27.634 [FXGL Background Thread 3 ] DEBUG Engine               - isExperimentalTiledLargeMap: false
18:50:27.634 [FXGL Background Thread 3 ] DEBUG Engine               - isFileSystemWriteAllowed: true
18:50:27.634 [FXGL Background Thread 3 ] DEBUG Engine               - isFullScreenAllowed: false
18:50:27.635 [FXGL Background Thread 3 ] DEBUG Engine               - isFullScreenFromStart: false
18:50:27.635 [FXGL Background Thread 3 ] DEBUG Engine               - isGameMenuEnabled: true
18:50:27.635 [FXGL Background Thread 3 ] DEBUG Engine               - isIOS: false
18:50:27.635 [FXGL Background Thread 3 ] DEBUG Engine               - isIntroEnabled: false
18:50:27.635 [FXGL Background Thread 3 ] DEBUG Engine               - isLinux: false
18:50:27.635 [FXGL Background Thread 3 ] DEBUG Engine               - isMac: false
18:50:27.635 [FXGL Background Thread 3 ] DEBUG Engine               - isMainMenuEnabled: false
18:50:27.636 [FXGL Background Thread 3 ] DEBUG Engine               - isManualResizeEnabled: false
18:50:27.636 [FXGL Background Thread 3 ] DEBUG Engine               - isMobile: false
18:50:27.636 [FXGL Background Thread 3 ] DEBUG Engine               - isNative: false
18:50:27.636 [FXGL Background Thread 3 ] DEBUG Engine               - isPauseMusicWhenMinimized: true
18:50:27.636 [FXGL Background Thread 3 ] DEBUG Engine               - isPreserveResizeRatio: false
18:50:27.636 [FXGL Background Thread 3 ] DEBUG Engine               - isProfilingEnabled: false
18:50:27.636 [FXGL Background Thread 3 ] DEBUG Engine               - isScaleAffectedOnResize: true
18:50:27.637 [FXGL Background Thread 3 ] DEBUG Engine               - isSingleStep: false
18:50:27.637 [FXGL Background Thread 3 ] DEBUG Engine               - isUserProfileEnabled: false
18:50:27.637 [FXGL Background Thread 3 ] DEBUG Engine               - isWindows: true
18:50:27.637 [FXGL Background Thread 3 ] DEBUG Engine               - language: ObjectProperty [value: ENGLISH]
18:50:27.637 [FXGL Background Thread 3 ] DEBUG Engine               - menuKey: ESCAPE
18:50:27.637 [FXGL Background Thread 3 ] DEBUG Engine               - mouseSensitivity: 0.2
18:50:27.637 [FXGL Background Thread 3 ] DEBUG Engine               - notificationViewClass: class com.almasb.fxgl.notification.view.XboxNotificationView
18:50:27.637 [FXGL Background Thread 3 ] DEBUG Engine               - pixelsPerMeter: 50.0
18:50:27.638 [FXGL Background Thread 3 ] DEBUG Engine               - platform: WINDOWS
18:50:27.638 [FXGL Background Thread 3 ] DEBUG Engine               - prefHeightProperty: ReadOnlyDoubleProperty [value: 600.0]
18:50:27.638 [FXGL Background Thread 3 ] DEBUG Engine               - prefWidthProperty: ReadOnlyDoubleProperty [value: 800.0]
18:50:27.638 [FXGL Background Thread 3 ] DEBUG Engine               - profileDir: profiles/
18:50:27.638 [FXGL Background Thread 3 ] DEBUG Engine               - profileName: StringProperty [value: DEFAULT]
18:50:27.638 [FXGL Background Thread 3 ] DEBUG Engine               - randomSeed: -1
18:50:27.639 [FXGL Background Thread 3 ] DEBUG Engine               - runtimeInfo: RuntimeInfo(platform=WINDOWS, version=17.1, build=24.03.2022 17.34)
18:50:27.639 [FXGL Background Thread 3 ] DEBUG Engine               - saveFileExt: sav
18:50:27.639 [FXGL Background Thread 3 ] DEBUG Engine               - scaledHeightProp$fxgl: DoubleProperty [bound, value: 600.0]
18:50:27.639 [FXGL Background Thread 3 ] DEBUG Engine               - scaledWidthProp$fxgl: DoubleProperty [bound, value: 800.0]
18:50:27.640 [FXGL Background Thread 3 ] DEBUG Engine               - sceneFactory: com.almasb.fxgl.app.scene.SceneFactory@429d01b2
18:50:27.640 [FXGL Background Thread 3 ] DEBUG Engine               - secondsIn24h: 60
18:50:27.640 [FXGL Background Thread 3 ] DEBUG Engine               - soundMenuBack: menu/back.wav
18:50:27.640 [FXGL Background Thread 3 ] DEBUG Engine               - soundMenuPress: menu/press.wav
18:50:27.640 [FXGL Background Thread 3 ] DEBUG Engine               - soundMenuSelect: menu/select.wav
18:50:27.640 [FXGL Background Thread 3 ] DEBUG Engine               - soundNotification: core/notification.wav
18:50:27.640 [FXGL Background Thread 3 ] DEBUG Engine               - stageStyle: DECORATED
18:50:27.641 [FXGL Background Thread 3 ] DEBUG Engine               - supportedLanguages: [ENGLISH, FRENCH, GERMAN, HUNGARIAN, RUSSIAN]
18:50:27.641 [FXGL Background Thread 3 ] DEBUG Engine               - ticksPerSecond: -1
18:50:27.641 [FXGL Background Thread 3 ] DEBUG Engine               - title: Untitled
18:50:27.641 [FXGL Background Thread 3 ] DEBUG Engine               - urlGithub: https://github.com/AlmasB/FXGL
18:50:27.641 [FXGL Background Thread 3 ] DEBUG Engine               - urlLeaderboard: http://fxgl-top.herokuapp.com/
18:50:27.641 [FXGL Background Thread 3 ] DEBUG Engine               - urlPOM: https://raw.githubusercontent.com/AlmasB/FXGL/release/README.md
18:50:27.642 [FXGL Background Thread 3 ] DEBUG Engine               - userAppClass: class org.platformer.PlatformerApp
18:50:27.642 [FXGL Background Thread 3 ] DEBUG Engine               - version: 0.0
18:50:27.642 [FXGL Background Thread 3 ] DEBUG Engine               - versionCheckDays: 7
18:50:27.642 [FXGL Background Thread 3 ] DEBUG Engine               - width: 800
18:50:27.642 [FXGL Background Thread 3 ] DEBUG Engine               - Logging services
18:50:27.642 [FXGL Background Thread 3 ] DEBUG Engine               - class com.almasb.fxgl.app.services.FXGLAssetLoaderService
18:50:27.642 [FXGL Background Thread 3 ] DEBUG Engine               - class com.almasb.fxgl.app.FXGLApplication$GameApplicationService
18:50:27.643 [FXGL Background Thread 3 ] DEBUG Engine               - class com.almasb.fxgl.app.services.FXGLDialogService
18:50:27.643 [FXGL Background Thread 3 ] DEBUG Engine               - class com.almasb.fxgl.app.services.IOTaskExecutorService
18:50:27.643 [FXGL Background Thread 3 ] DEBUG Engine               - class com.almasb.fxgl.io.FileSystemService
18:50:27.643 [FXGL Background Thread 3 ] DEBUG Engine               - class com.almasb.fxgl.localization.LocalizationService
18:50:27.643 [FXGL Background Thread 3 ] DEBUG Engine               - class com.almasb.fxgl.app.services.SystemBundleService
18:50:27.643 [FXGL Background Thread 3 ] DEBUG Engine               - class com.almasb.fxgl.profile.SaveLoadService
18:50:27.643 [FXGL Background Thread 3 ] DEBUG Engine               - class com.almasb.fxgl.ui.FXGLUIFactoryServiceProvider
18:50:27.643 [FXGL Background Thread 3 ] DEBUG Engine               - class com.almasb.fxgl.ui.FXGLDialogFactoryServiceProvider
18:50:27.644 [FXGL Background Thread 3 ] DEBUG Engine               - class com.almasb.fxgl.audio.AudioPlayer
18:50:27.644 [FXGL Background Thread 3 ] DEBUG Engine               - class com.almasb.fxgl.notification.impl.NotificationServiceProvider
18:50:27.644 [FXGL Background Thread 3 ] DEBUG Engine               - class com.almasb.fxgl.achievement.AchievementService
18:50:27.644 [FXGL Background Thread 3 ] DEBUG Engine               - class com.almasb.fxgl.cutscene.CutsceneService
18:50:27.644 [FXGL Background Thread 3 ] DEBUG Engine               - class com.almasb.fxgl.minigames.MiniGameService
18:50:27.644 [FXGL Background Thread 3 ] DEBUG Engine               - class com.almasb.fxgl.net.NetService
18:50:27.645 [FXGL Background Thread 3 ] DEBUG Engine               - class com.almasb.fxgl.app.services.UpdaterService
18:50:27.645 [FXGL Background Thread 3 ] DEBUG Engine               - class com.almasb.fxgl.dev.DevService
18:50:41.548 [JavaFX Application Thread] DEBUG FXGLApplication      - Exiting FXGL
18:50:41.548 [JavaFX Application Thread] DEBUG Async                - Shutting down background threads
18:50:41.548 [JavaFX Application Thread] DEBUG PrimaryStageWindow   - Closing main window
18:50:41.586 [JavaFX Application Thread] DEBUG Logger               - Closing Logger
