01:37:04.912 [main                     ] DEBUG Logger               - Configured Logger
01:37:04.938 [main                     ] DEBUG GameApplication      - Logging settings
Title: Short platformer game
Version: 0.1
Width: 1024
Height: 640
Fullscreen: false
Intro: false
Profiling: false
Single step:false
App Mode: DEVELOPER
Menu Key: ESCAPE
Stage Style: DECORATED
Scene Factory: class com.almasb.fxgl.app.scene.SceneFactory

01:37:05.228 [JavaFX Application Thread] DEBUG FXGLApplication      - Initializing FXGL
01:37:05.232 [JavaFX Application Thread] INFO  Engine               - FXGL-17.1 (24.03.2022 17.34) on WINDOWS (J:19.0.1 FX:18)
01:37:05.232 [JavaFX Application Thread] DEBUG Engine               - JRE Vendor Name: Oracle Corporation
01:37:05.233 [JavaFX Application Thread] DEBUG Engine               - Running on OS: Windows 10 version 10.0
01:37:05.233 [JavaFX Application Thread] DEBUG Engine               - Architecture: amd64
01:37:05.233 [JavaFX Application Thread] INFO  Engine               - Source code and latest versions at: https://github.com/AlmasB/FXGL
01:37:05.233 [JavaFX Application Thread] INFO  Engine               -       Ask questions and discuss at: https://github.com/AlmasB/FXGL/discussions
01:37:05.233 [JavaFX Application Thread] INFO  Engine               -              Join the FXGL chat at: https://gitter.im/AlmasB/FXGL
01:37:05.343 [JavaFX Application Thread] DEBUG PrimaryStageWindow   - Creating a JavaFX scene
01:37:05.414 [JavaFX Application Thread] DEBUG PrimaryStageWindow   - Target settings size: 1024.0 x 640.0
01:37:05.414 [JavaFX Application Thread] DEBUG PrimaryStageWindow   - Scaled scene size:    1024.0 x 640.0
01:37:05.415 [JavaFX Application Thread] DEBUG PrimaryStageWindow   - Scaled ratio: (1.0, 1.0)
01:37:05.417 [JavaFX Application Thread] DEBUG PrimaryStageWindow   - Set initial scene to FXGLStartupScene
01:37:05.430 [JavaFX Application Thread] DEBUG PrimaryStageWindow   - Opening main window
01:37:05.570 [JavaFX Application Thread] DEBUG PrimaryStageWindow   - Window border size: (14.4000244140625, 37.5999755859375)
01:37:05.571 [JavaFX Application Thread] DEBUG PrimaryStageWindow   - Scaled size: 1024.0 x 640.0
01:37:05.571 [JavaFX Application Thread] DEBUG PrimaryStageWindow   - Scaled ratio: (1.0, 1.0)
01:37:05.572 [JavaFX Application Thread] DEBUG PrimaryStageWindow   - Scene size: 1024.0 x 640.0
01:37:05.573 [JavaFX Application Thread] DEBUG PrimaryStageWindow   - Stage size: 1038.4000244140625 x 677.5999755859375
01:37:05.583 [FXGL Background Thread 1 ] DEBUG Engine               - Initializing environment variables
01:37:05.642 [FXGL Background Thread 1 ] DEBUG FXGLAssetLoaderServi - User app class for loading assets: class org.platformer.PlatformerApp
01:37:05.643 [FXGL Background Thread 1 ] DEBUG GameApplicationServi - Applying CSS: fxgl_dark.css
01:37:05.644 [FXGL Background Thread 1 ] DEBUG FXGLAssetLoaderServi - Loading from file system: jar:file:///C:/Users/sande/.m2/repository/com/github/almasb/fxgl/17.1/fxgl-17.1.jar!/fxglassets/ui/css/fxgl_dark.css
01:37:05.694 [FXGL Background Thread 1 ] DEBUG GameApplicationServi - Initializing application scenes
01:37:05.748 [FXGL Background Thread 1 ] DEBUG GameWorld            - Game world initialized
01:37:05.811 [FXGL Background Thread 1 ] DEBUG PhysicsWorld         - Physics world initialized: appHeight=640, physics.ppm=50.0
01:37:05.811 [FXGL Background Thread 1 ] DEBUG PhysicsWorld         - Using strategy: BRUTE_FORCE
01:37:05.815 [FXGL Background Thread 1 ] DEBUG GameScene            - Game scene initialized: 1024x640
01:37:05.827 [FXGL Background Thread 1 ] DEBUG FXGL.DefaultMenu     - createMenuBodyGameMenu()
01:37:05.838 [FXGL Background Thread 1 ] DEBUG FXGL.DefaultMenu     - createOptionsMenu()
01:37:05.849 [FXGL Background Thread 1 ] DEBUG FXGLAssetLoaderServi - Loading from file system: jar:file:///C:/Users/sande/.m2/repository/com/github/almasb/fxgl/17.1/fxgl-17.1.jar!/fxglassets/textures/particles/smoke.png
01:37:05.950 [FXGL Background Thread 1 ] DEBUG FXGLAssetLoaderServi - Loading from file system: jar:file:///C:/Users/sande/.m2/repository/com/github/almasb/fxgl/17.1/fxgl-17.1.jar!/fxglassets/textures/particles/trace_horizontal.png
01:37:06.008 [FXGL Background Thread 1 ] DEBUG GameApplicationServi - Application scenes initialized
01:37:06.019 [FXGL Background Thread 1 ] DEBUG SystemBundleService  - Loading FXGL system data
01:37:06.022 [FXGL Background Thread 1 ] DEBUG FileSystemAccess     - Reading from: C:\Users\sande\IdeaProjects\Java Advanced\ShortburstProject\Short_platformer_game\system\fxgl.bundle
01:37:06.031 [FXGL Background Thread 1 ] DEBUG SystemBundleService  - Bundle FXGL: {}
01:37:06.031 [FXGL Background Thread 1 ] DEBUG UpdaterService       - Checking for updates
01:37:06.059 [FXGL Background Thread 4 ] DEBUG FXGLApplication      - Loading fonts
01:37:06.060 [FXGL Background Thread 1 ] DEBUG FXGLApplication      - Loading default localization
01:37:06.060 [FXGL Background Thread 4 ] DEBUG FXGLAssetLoaderServi - Loading from file system: jar:file:///C:/Users/sande/.m2/repository/com/github/almasb/fxgl/17.1/fxgl-17.1.jar!/fxglassets/ui/fonts/VarelaRound-Regular.ttf
01:37:06.060 [FXGL Background Thread 1 ] DEBUG FXGLAssetLoaderServi - Loading from file system: jar:file:///C:/Users/sande/.m2/repository/com/github/almasb/fxgl/17.1/fxgl-17.1.jar!/fxglassets/languages/english.lang
01:37:06.083 [FXGL Background Thread 1 ] INFO  FXGLApplication      - FXGL initialization took: 0.500 sec
01:37:06.095 [JavaFX Application Thread] DEBUG Input                - Registered new binding: Left - Left
01:37:06.095 [JavaFX Application Thread] DEBUG Input                - Registered new binding: Right - Right
01:37:06.096 [JavaFX Application Thread] DEBUG Input                - Registered new binding: Jump - Up
01:37:06.096 [JavaFX Application Thread] DEBUG Input                - Registered new binding: Stomp - Down
01:37:06.096 [JavaFX Application Thread] DEBUG Input                - Registered new binding: Shoot - Z
01:37:06.096 [JavaFX Application Thread] DEBUG Input                - Registered new binding: getCoordinates - C
01:37:06.096 [JavaFX Application Thread] DEBUG FXGLAssetLoaderServi - Loading from file system: jar:file:///C:/Users/sande/.m2/repository/com/github/almasb/fxgl/17.1/fxgl-17.1.jar!/fxglassets/textures/fxgl_icon.png
01:37:06.118 [JavaFX Application Thread] DEBUG FXGLAssetLoaderServi - Loading from file system: jar:file:///C:/Users/sande/.m2/repository/com/github/almasb/fxgl/17.1/fxgl-17.1.jar!/fxglassets/textures/fxgl_default_cursor.png
01:37:06.120 [FXGL Background Thread 4 ] DEBUG FXGLAssetLoaderServi - Loading from file system: jar:file:///C:/Users/sande/.m2/repository/com/github/almasb/fxgl/17.1/fxgl-17.1.jar!/fxglassets/ui/fonts/Abel-Regular.ttf
01:37:06.122 [JavaFX Application Thread] DEBUG Input                - Registered new binding: Screenshot - CTRL+8
01:37:06.123 [JavaFX Application Thread] DEBUG Input                - Registered new binding: Dev Options - 1
01:37:06.123 [JavaFX Application Thread] DEBUG Input                - Registered new binding: Dev Console - 2
01:37:06.124 [JavaFX Application Thread] DEBUG Input                - Registered new binding: System info dump - CTRL+9
01:37:06.124 [JavaFX Application Thread] DEBUG Input                - Registered new binding: Restart - CTRL+R
01:37:06.125 [JavaFX Application Thread] DEBUG Input                - Registered new binding: Toggle Debug Camera - CTRL+7
01:37:06.128 [JavaFX Application Thread] DEBUG LoopRunner           - Starting loop
01:37:06.130 [FXGL Background Thread 4 ] DEBUG FXGLAssetLoaderServi - Loading from file system: jar:file:///C:/Users/sande/.m2/repository/com/github/almasb/fxgl/17.1/fxgl-17.1.jar!/fxglassets/ui/fonts/TerminalLandMono-Regular.otf
01:37:06.139 [JavaFX Application Thread] DEBUG LoopRunner           - Initializing JavaFX AnimationTimerLoop
01:37:06.140 [JavaFX Application Thread] DEBUG GameApplicationServi - Starting new game
01:37:06.141 [JavaFX Application Thread] DEBUG Input                - Clearing active input actions
01:37:06.151 [FXGL Background Thread 4 ] DEBUG FXGLAssetLoaderServi - Loading from file system: jar:file:///C:/Users/sande/.m2/repository/com/github/almasb/fxgl/17.1/fxgl-17.1.jar!/fxglassets/ui/fonts/Courier-Prime.ttf
01:37:06.155 [JavaFX Application Thread] DEBUG GameApplicationServi - Removing overlay from FXGLStartupScene and adding to FXGLLoadingScene
01:37:06.162 [JavaFX Application Thread] DEBUG PrimaryStageWindow   - FXGLStartupScene -> FXGLLoadingScene
01:37:06.162 [JavaFX Application Thread] DEBUG GameApplicationServi - Clearing previous game
01:37:06.162 [JavaFX Application Thread] DEBUG GameScene            - Clearing game scene
01:37:06.162 [JavaFX Application Thread] DEBUG GameWorld            - Clearing game world
01:37:06.163 [JavaFX Application Thread] DEBUG PhysicsWorld         - Clearing physics world
01:37:06.164 [FXGL Background Thread 1 ] DEBUG FXGLApplication      - Initializing game
01:37:06.240 [FXGL Background Thread 1 ] DEBUG TMXLevelLoader       - Parsed TiledMap: file:/C:/Users/sande/IdeaProjects/Java%20Advanced/ShortburstProject/Short_platformer_game/target/classes/assets/levels/tmx/platformer.tmx
01:37:06.241 [FXGL Background Thread 1 ] DEBUG TMXLevelLoader       - Creating tile layer entities
01:37:06.243 [FXGL Background Thread 1 ] DEBUG TilesetLoader        - Loading view for layer Tile Layer 1
01:37:06.244 [FXGL Background Thread 1 ] DEBUG TilesetLoader        - Created buffer with size 1024.0x640.0
01:37:06.264 [FXGL Background Thread 1 ] DEBUG TMXLevelLoader       - Creating object layer entities
01:37:06.292 [FXGL Background Thread 1 ] DEBUG FXGLAssetLoaderServi - Loading from file system: file:/C:/Users/sande/IdeaProjects/Java%20Advanced/ShortburstProject/Short_platformer_game/target/classes/assets/textures/Items/Checkpoints/End/End%20(Idle).png
01:37:06.298 [FXGL Background Thread 1 ] DEBUG FXGLAssetLoaderServi - Loading from file system: file:/C:/Users/sande/IdeaProjects/Java%20Advanced/ShortburstProject/Short_platformer_game/target/classes/assets/textures/Items/Boxes/Box1/Idle.png
01:37:06.313 [FXGL Background Thread 1 ] DEBUG GameWorld            - Clearing removable entities
01:37:06.313 [FXGL Background Thread 1 ] DEBUG GameWorld            - Setting level: com.almasb.fxgl.entity.level.Level@141f4044
01:37:06.324 [FXGL Background Thread 1 ] DEBUG FXGLAssetLoaderServi - Loading from file system: file:/C:/Users/sande/IdeaProjects/Java%20Advanced/ShortburstProject/Short_platformer_game/target/classes/assets/textures/Virtual%20Guy/Idle%20(32x32).png
01:37:06.327 [FXGL Background Thread 1 ] DEBUG FXGLAssetLoaderServi - Loading from file system: file:/C:/Users/sande/IdeaProjects/Java%20Advanced/ShortburstProject/Short_platformer_game/target/classes/assets/textures/Virtual%20Guy/Run%20(32x32).png
01:37:06.333 [FXGL Background Thread 1 ] DEBUG FXGLAssetLoaderServi - Loading from file system: file:/C:/Users/sande/IdeaProjects/Java%20Advanced/ShortburstProject/Short_platformer_game/target/classes/assets/textures/Virtual%20Guy/Jump%20(32x32).png
01:37:06.335 [FXGL Background Thread 1 ] DEBUG FXGLAssetLoaderServi - Loading from file system: file:/C:/Users/sande/IdeaProjects/Java%20Advanced/ShortburstProject/Short_platformer_game/target/classes/assets/textures/Virtual%20Guy/Double%20Jump%20(32x32).png
01:37:06.340 [FXGL Background Thread 1 ] DEBUG FXGLAssetLoaderServi - Loading from file system: file:/C:/Users/sande/IdeaProjects/Java%20Advanced/ShortburstProject/Short_platformer_game/target/classes/assets/textures/Virtual%20Guy/Fall%20(32x32).png
01:37:06.371 [FXGL Background Thread 1 ] DEBUG FXGLAssetLoaderServi - Loading from file system: file:/C:/Users/sande/IdeaProjects/Java%20Advanced/ShortburstProject/Short_platformer_game/target/classes/assets/textures/Background/Blue.png
01:37:06.379 [FXGL Background Thread 1 ] DEBUG FXGLAssetLoaderServi - Loading from file system: file:/C:/Users/sande/IdeaProjects/Java%20Advanced/ShortburstProject/Short_platformer_game/target/classes/assets/textures/Items/Fruits/Apple%20(64x64).png
01:37:06.382 [FXGL Background Thread 1 ] DEBUG FXGLAssetLoaderServi - Loading from file system: file:/C:/Users/sande/IdeaProjects/Java%20Advanced/ShortburstProject/Short_platformer_game/target/classes/assets/textures/Items/Other/Heart%20(64x64).png
01:37:06.390 [FXGL Background Thread 1 ] INFO  FXGLApplication      - Game initialization took: 0.225 sec
01:37:06.446 [JavaFX Application Thread] DEBUG FXGLApplication      - Registering font factories with UI factory
01:37:06.460 [JavaFX Application Thread] DEBUG Input                - Clearing active input actions
01:37:06.478 [JavaFX Application Thread] DEBUG GameApplicationServi - Removing overlay from FXGLLoadingScene and adding to GameScene
01:37:06.494 [JavaFX Application Thread] DEBUG PrimaryStageWindow   - FXGLLoadingScene -> GameScene
01:37:06.891 [FXGL Background Thread 2 ] INFO  UpdaterService       - Your current version:  17.1
01:37:06.892 [FXGL Background Thread 2 ] INFO  UpdaterService       - Latest stable version: 17.2
01:37:07.934 [JavaFX Application Thread] DEBUG FXGLAssetLoaderServi - Loading from file system: file:/C:/Users/sande/IdeaProjects/Java%20Advanced/ShortburstProject/Short_platformer_game/target/classes/assets/textures/Items/Other/Heart%20Empty%20(64x64).png
01:37:09.059 [FXGL Background Thread 3 ] DEBUG Engine               - Logging environment variables
01:37:09.060 [FXGL Background Thread 3 ] DEBUG Engine               - achievements: []
01:37:09.060 [FXGL Background Thread 3 ] DEBUG Engine               - actualHeight: 640.0
01:37:09.061 [FXGL Background Thread 3 ] DEBUG Engine               - actualHeightProperty: ReadOnlyDoubleProperty [value: 640.0]
01:37:09.061 [FXGL Background Thread 3 ] DEBUG Engine               - actualWidth: 1024.0
01:37:09.061 [FXGL Background Thread 3 ] DEBUG Engine               - actualWidthProperty: ReadOnlyDoubleProperty [value: 1024.0]
01:37:09.061 [FXGL Background Thread 3 ] DEBUG Engine               - appIcon: fxgl_icon.png
01:37:09.061 [FXGL Background Thread 3 ] DEBUG Engine               - applicationMode: DEVELOPER
01:37:09.062 [FXGL Background Thread 3 ] DEBUG Engine               - cSSList: [fxgl_dark.css]
01:37:09.062 [FXGL Background Thread 3 ] DEBUG Engine               - collisionDetectionStrategy: BRUTE_FORCE
01:37:09.062 [FXGL Background Thread 3 ] DEBUG Engine               - configClass: Optional.empty
01:37:09.062 [FXGL Background Thread 3 ] DEBUG Engine               - credits: []
01:37:09.063 [FXGL Background Thread 3 ] DEBUG Engine               - defaultCursor: CursorInfo(imageName=fxgl_default_cursor.png, hotspotX=7.0, hotspotY=6.0)
01:37:09.064 [FXGL Background Thread 3 ] DEBUG Engine               - devBBoxColorProperty: ObjectProperty [value: 0xff0000ff]
01:37:09.064 [FXGL Background Thread 3 ] DEBUG Engine               - devEnableDebugCameraProperty: BooleanProperty [value: false]
01:37:09.064 [FXGL Background Thread 3 ] DEBUG Engine               - devSensorColorProperty: ObjectProperty [value: 0xffff00ff]
01:37:09.064 [FXGL Background Thread 3 ] DEBUG Engine               - devShowBBoxProperty: BooleanProperty [value: false]
01:37:09.064 [FXGL Background Thread 3 ] DEBUG Engine               - devShowPositionProperty: BooleanProperty [value: false]
01:37:09.065 [FXGL Background Thread 3 ] DEBUG Engine               - enabledMenuItems: []
01:37:09.065 [FXGL Background Thread 3 ] DEBUG Engine               - engineServices: [class com.almasb.fxgl.app.services.FXGLAssetLoaderService, class com.almasb.fxgl.app.FXGLApplication$GameApplicationService, class com.almasb.fxgl.app.services.FXGLDialogService, class com.almasb.fxgl.app.services.IOTaskExecutorService, class com.almasb.fxgl.io.FileSystemService, class com.almasb.fxgl.localization.LocalizationService, class com.almasb.fxgl.app.services.SystemBundleService, class com.almasb.fxgl.profile.SaveLoadService, class com.almasb.fxgl.ui.FXGLUIFactoryServiceProvider, class com.almasb.fxgl.ui.FXGLDialogFactoryServiceProvider, class com.almasb.fxgl.audio.AudioPlayer, class com.almasb.fxgl.notification.impl.NotificationServiceProvider, class com.almasb.fxgl.achievement.AchievementService, class com.almasb.fxgl.cutscene.CutsceneService, class com.almasb.fxgl.minigames.MiniGameService, class com.almasb.fxgl.net.NetService, class com.almasb.fxgl.app.services.UpdaterService, class com.almasb.fxgl.dev.DevService]
01:37:09.065 [FXGL Background Thread 3 ] DEBUG Engine               - fontGame: Abel-Regular.ttf
01:37:09.065 [FXGL Background Thread 3 ] DEBUG Engine               - fontMono: TerminalLandMono-Regular.otf
01:37:09.065 [FXGL Background Thread 3 ] DEBUG Engine               - fontText: Courier-Prime.ttf
01:37:09.065 [FXGL Background Thread 3 ] DEBUG Engine               - fontUI: VarelaRound-Regular.ttf
01:37:09.066 [FXGL Background Thread 3 ] DEBUG Engine               - fullScreen: BooleanProperty [value: false]
01:37:09.066 [FXGL Background Thread 3 ] DEBUG Engine               - gameDifficulty: MEDIUM
01:37:09.066 [FXGL Background Thread 3 ] DEBUG Engine               - gameDifficultyProperty: ObjectProperty [value: MEDIUM]
01:37:09.066 [FXGL Background Thread 3 ] DEBUG Engine               - globalMusicVolume: 0.5
01:37:09.066 [FXGL Background Thread 3 ] DEBUG Engine               - globalMusicVolumeProperty: DoubleProperty [value: 0.5]
01:37:09.067 [FXGL Background Thread 3 ] DEBUG Engine               - globalSoundVolume: 0.5
01:37:09.067 [FXGL Background Thread 3 ] DEBUG Engine               - globalSoundVolumeProperty: DoubleProperty [value: 0.5]
01:37:09.067 [FXGL Background Thread 3 ] DEBUG Engine               - height: 640
01:37:09.067 [FXGL Background Thread 3 ] DEBUG Engine               - is3D: false
01:37:09.067 [FXGL Background Thread 3 ] DEBUG Engine               - isAndroid: false
01:37:09.068 [FXGL Background Thread 3 ] DEBUG Engine               - isBrowser: false
01:37:09.068 [FXGL Background Thread 3 ] DEBUG Engine               - isClickFeedbackEnabled: false
01:37:09.068 [FXGL Background Thread 3 ] DEBUG Engine               - isCloseConfirmation: false
01:37:09.068 [FXGL Background Thread 3 ] DEBUG Engine               - isDesktop: true
01:37:09.068 [FXGL Background Thread 3 ] DEBUG Engine               - isDeveloperMenuEnabled: true
01:37:09.068 [FXGL Background Thread 3 ] DEBUG Engine               - isEmbedded: false
01:37:09.068 [FXGL Background Thread 3 ] DEBUG Engine               - isEntityPreloadEnabled: true
01:37:09.069 [FXGL Background Thread 3 ] DEBUG Engine               - isExperimentalTiledLargeMap: false
01:37:09.069 [FXGL Background Thread 3 ] DEBUG Engine               - isFileSystemWriteAllowed: true
01:37:09.069 [FXGL Background Thread 3 ] DEBUG Engine               - isFullScreenAllowed: false
01:37:09.069 [FXGL Background Thread 3 ] DEBUG Engine               - isFullScreenFromStart: false
01:37:09.069 [FXGL Background Thread 3 ] DEBUG Engine               - isGameMenuEnabled: true
01:37:09.069 [FXGL Background Thread 3 ] DEBUG Engine               - isIOS: false
01:37:09.069 [FXGL Background Thread 3 ] DEBUG Engine               - isIntroEnabled: false
01:37:09.070 [FXGL Background Thread 3 ] DEBUG Engine               - isLinux: false
01:37:09.070 [FXGL Background Thread 3 ] DEBUG Engine               - isMac: false
01:37:09.070 [FXGL Background Thread 3 ] DEBUG Engine               - isMainMenuEnabled: false
01:37:09.071 [FXGL Background Thread 3 ] DEBUG Engine               - isManualResizeEnabled: false
01:37:09.071 [FXGL Background Thread 3 ] DEBUG Engine               - isMobile: false
01:37:09.071 [FXGL Background Thread 3 ] DEBUG Engine               - isNative: false
01:37:09.071 [FXGL Background Thread 3 ] DEBUG Engine               - isPauseMusicWhenMinimized: true
01:37:09.071 [FXGL Background Thread 3 ] DEBUG Engine               - isPreserveResizeRatio: false
01:37:09.071 [FXGL Background Thread 3 ] DEBUG Engine               - isProfilingEnabled: false
01:37:09.072 [FXGL Background Thread 3 ] DEBUG Engine               - isScaleAffectedOnResize: true
01:37:09.072 [FXGL Background Thread 3 ] DEBUG Engine               - isSingleStep: false
01:37:09.072 [FXGL Background Thread 3 ] DEBUG Engine               - isUserProfileEnabled: false
01:37:09.072 [FXGL Background Thread 3 ] DEBUG Engine               - isWindows: true
01:37:09.072 [FXGL Background Thread 3 ] DEBUG Engine               - language: ObjectProperty [value: ENGLISH]
01:37:09.072 [FXGL Background Thread 3 ] DEBUG Engine               - menuKey: ESCAPE
01:37:09.072 [FXGL Background Thread 3 ] DEBUG Engine               - mouseSensitivity: 0.2
01:37:09.073 [FXGL Background Thread 3 ] DEBUG Engine               - notificationViewClass: class com.almasb.fxgl.notification.view.XboxNotificationView
01:37:09.073 [FXGL Background Thread 3 ] DEBUG Engine               - pixelsPerMeter: 50.0
01:37:09.073 [FXGL Background Thread 3 ] DEBUG Engine               - platform: WINDOWS
01:37:09.073 [FXGL Background Thread 3 ] DEBUG Engine               - prefHeightProperty: ReadOnlyDoubleProperty [value: 640.0]
01:37:09.073 [FXGL Background Thread 3 ] DEBUG Engine               - prefWidthProperty: ReadOnlyDoubleProperty [value: 1024.0]
01:37:09.073 [FXGL Background Thread 3 ] DEBUG Engine               - profileDir: profiles/
01:37:09.074 [FXGL Background Thread 3 ] DEBUG Engine               - profileName: StringProperty [value: DEFAULT]
01:37:09.074 [FXGL Background Thread 3 ] DEBUG Engine               - randomSeed: -1
01:37:09.074 [FXGL Background Thread 3 ] DEBUG Engine               - runtimeInfo: RuntimeInfo(platform=WINDOWS, version=17.1, build=24.03.2022 17.34)
01:37:09.075 [FXGL Background Thread 3 ] DEBUG Engine               - saveFileExt: sav
01:37:09.075 [FXGL Background Thread 3 ] DEBUG Engine               - scaledHeightProp$fxgl: DoubleProperty [bound, value: 640.0]
01:37:09.075 [FXGL Background Thread 3 ] DEBUG Engine               - scaledWidthProp$fxgl: DoubleProperty [bound, value: 1024.0]
01:37:09.075 [FXGL Background Thread 3 ] DEBUG Engine               - sceneFactory: com.almasb.fxgl.app.scene.SceneFactory@6c26c887
01:37:09.075 [FXGL Background Thread 3 ] DEBUG Engine               - secondsIn24h: 60
01:37:09.075 [FXGL Background Thread 3 ] DEBUG Engine               - soundMenuBack: menu/back.wav
01:37:09.075 [FXGL Background Thread 3 ] DEBUG Engine               - soundMenuPress: menu/press.wav
01:37:09.075 [FXGL Background Thread 3 ] DEBUG Engine               - soundMenuSelect: menu/select.wav
01:37:09.075 [FXGL Background Thread 3 ] DEBUG Engine               - soundNotification: core/notification.wav
01:37:09.075 [FXGL Background Thread 3 ] DEBUG Engine               - stageStyle: DECORATED
01:37:09.076 [FXGL Background Thread 3 ] DEBUG Engine               - supportedLanguages: [ENGLISH, FRENCH, GERMAN, HUNGARIAN, RUSSIAN]
01:37:09.076 [FXGL Background Thread 3 ] DEBUG Engine               - ticksPerSecond: -1
01:37:09.077 [FXGL Background Thread 3 ] DEBUG Engine               - title: Short platformer game
01:37:09.077 [FXGL Background Thread 3 ] DEBUG Engine               - urlGithub: https://github.com/AlmasB/FXGL
01:37:09.077 [FXGL Background Thread 3 ] DEBUG Engine               - urlLeaderboard: http://fxgl-top.herokuapp.com/
01:37:09.077 [FXGL Background Thread 3 ] DEBUG Engine               - urlPOM: https://raw.githubusercontent.com/AlmasB/FXGL/release/README.md
01:37:09.077 [FXGL Background Thread 3 ] DEBUG Engine               - userAppClass: class org.platformer.PlatformerApp
01:37:09.077 [FXGL Background Thread 3 ] DEBUG Engine               - version: 0.1
01:37:09.077 [FXGL Background Thread 3 ] DEBUG Engine               - versionCheckDays: 7
01:37:09.077 [FXGL Background Thread 3 ] DEBUG Engine               - width: 1024
01:37:09.077 [FXGL Background Thread 3 ] DEBUG Engine               - Logging services
01:37:09.077 [FXGL Background Thread 3 ] DEBUG Engine               - class com.almasb.fxgl.app.services.FXGLAssetLoaderService
01:37:09.078 [FXGL Background Thread 3 ] DEBUG Engine               - class com.almasb.fxgl.app.FXGLApplication$GameApplicationService
01:37:09.078 [FXGL Background Thread 3 ] DEBUG Engine               - class com.almasb.fxgl.app.services.FXGLDialogService
01:37:09.078 [FXGL Background Thread 3 ] DEBUG Engine               - class com.almasb.fxgl.app.services.IOTaskExecutorService
01:37:09.078 [FXGL Background Thread 3 ] DEBUG Engine               - class com.almasb.fxgl.io.FileSystemService
01:37:09.078 [FXGL Background Thread 3 ] DEBUG Engine               - class com.almasb.fxgl.localization.LocalizationService
01:37:09.078 [FXGL Background Thread 3 ] DEBUG Engine               - class com.almasb.fxgl.app.services.SystemBundleService
01:37:09.078 [FXGL Background Thread 3 ] DEBUG Engine               - class com.almasb.fxgl.profile.SaveLoadService
01:37:09.079 [FXGL Background Thread 3 ] DEBUG Engine               - class com.almasb.fxgl.ui.FXGLUIFactoryServiceProvider
01:37:09.079 [FXGL Background Thread 3 ] DEBUG Engine               - class com.almasb.fxgl.ui.FXGLDialogFactoryServiceProvider
01:37:09.079 [FXGL Background Thread 3 ] DEBUG Engine               - class com.almasb.fxgl.audio.AudioPlayer
01:37:09.079 [FXGL Background Thread 3 ] DEBUG Engine               - class com.almasb.fxgl.notification.impl.NotificationServiceProvider
01:37:09.079 [FXGL Background Thread 3 ] DEBUG Engine               - class com.almasb.fxgl.achievement.AchievementService
01:37:09.079 [FXGL Background Thread 3 ] DEBUG Engine               - class com.almasb.fxgl.cutscene.CutsceneService
01:37:09.079 [FXGL Background Thread 3 ] DEBUG Engine               - class com.almasb.fxgl.minigames.MiniGameService
01:37:09.080 [FXGL Background Thread 3 ] DEBUG Engine               - class com.almasb.fxgl.net.NetService
01:37:09.080 [FXGL Background Thread 3 ] DEBUG Engine               - class com.almasb.fxgl.app.services.UpdaterService
01:37:09.080 [FXGL Background Thread 3 ] DEBUG Engine               - class com.almasb.fxgl.dev.DevService
01:37:11.411 [JavaFX Application Thread] DEBUG PrimaryStageWindow   - Push state: DialogSubScene
01:37:11.411 [JavaFX Application Thread] DEBUG Input                - Clearing active input actions
01:37:11.412 [JavaFX Application Thread] DEBUG GameApplicationServi - Removing overlay from GameScene and adding to DialogSubScene
01:37:11.417 [JavaFX Application Thread] DEBUG PrimaryStageWindow   - GameScene -> DialogSubScene
01:37:13.325 [JavaFX Application Thread] DEBUG PrimaryStageWindow   - Pop state: DialogSubScene
01:37:13.326 [JavaFX Application Thread] DEBUG Input                - Clearing active input actions
01:37:13.327 [JavaFX Application Thread] DEBUG GameApplicationServi - Removing overlay from DialogSubScene and adding to GameScene
01:37:13.329 [JavaFX Application Thread] DEBUG PrimaryStageWindow   - GameScene <- DialogSubScene
01:37:13.330 [JavaFX Application Thread] DEBUG FXGLApplication      - Exiting FXGL
01:37:13.330 [JavaFX Application Thread] DEBUG LoopRunner           - Stopping loop
01:37:13.330 [JavaFX Application Thread] DEBUG SystemBundleService  - Saving FXGL system data
01:37:13.334 [JavaFX Application Thread] DEBUG FileSystemAccess     - Writing to: C:\Users\sande\IdeaProjects\Java Advanced\ShortburstProject\Short_platformer_game\system\fxgl.bundle
01:37:13.338 [JavaFX Application Thread] DEBUG Async                - Shutting down background threads
01:37:13.338 [JavaFX Application Thread] DEBUG PrimaryStageWindow   - Closing main window
01:37:13.378 [JavaFX Application Thread] DEBUG Logger               - Closing Logger
